=====================================
Time    Queue length    Rate    Drops
-------------------------------------
0.1	0		2.0	0
0.2	0		241.2	0
0.3	0		557.6	0
0.4	0		1146.8	0
0.5	0		2190.4	0
0.6	0		4079.3	0
0.7	10		6780.4	0
0.8	47		7658.6	0
0.9	58		12511.2	1
1.0	108		12495.0	475
1.1	115		12495.0	288
1.2	104		12501.3	88
1.3	0		12495.0	2
1.4	0		4845.8	0
1.5	0		287.0	0
1.6	0		448.8	0
1.7	0		641.5	0
1.8	0		936.8	0
1.9	0		1453.4	0
2.0	3		2120.8	0
2.1	3		2686.2	0
2.2	11		4463.8	0
2.3	9		6235.8	0
2.4	9		7315.2	0
2.5	10		8086.1	0
2.6	5		9769.7	0
2.7	3		11476.2	0
2.8	0		11898.5	0
2.9	0		11950.8	0
3.0	0		11970.8	0
3.1	0		12045.0	0
3.2	0		12105.0	0
3.3	0		12165.0	0
3.4	0		12225.0	0
3.5	0		12270.4	0
3.6	0		12345.0	0
3.7	0		12413.3	0
3.8	1		12480.8	0
3.9	1		12495.8	0
4.0	1		12494.3	0
4.1	2		12500.5	0
4.2	2		12511.2	0
4.3	3		12496.2	0
4.4	3		12501.4	0
4.5	3		12488.1	0
4.6	4		12512.1	0
4.7	4		12495.4	0
4.8	5		12495.4	0
4.9	6		12510.4	0
5.0	7		12495.0	1
5.1	0		12495.0	1
5.2	0		11246.8	0
5.3	0		11274.1	0
5.4	0		11310.8	0
5.5	0		11360.7	0
5.6	0		11434.5	0
5.7	0		11565.8	0
5.8	0		11730.0	0
5.9	0		11618.1	0
6.0	0		11667.6	0
6.1	0		11745.0	0
6.2	0		11925.0	0
6.3	0		11839.5	0
6.4	0		11910.0	0
6.5	0		11970.8	0
6.6	0		12106.2	0
6.7	1		12322.7	0
6.8	1		12434.8	0
6.9	2		12510.4	0
7.0	2		12498.2	0
7.1	0		12347.9	0
7.2	1		12391.2	0
7.3	0		12480.0	0
7.4	1		12498.7	0
7.5	1		12497.5	0
7.6	2		12510.0	0
7.7	2		12497.9	0
7.8	2		12495.0	0
7.9	3		12499.2	0
8.0	3		12510.0	0
8.1	4		12496.5	0
8.2	4		12495.4	0
8.3	5		12495.0	0
8.4	5		12510.4	0
8.5	6		12495.4	1
8.6	0		12496.9	1
8.7	0		11416.6	0
8.8	0		10234.2	0
8.9	0		10335.5	0
9.0	0		10282.1	0
9.1	0		10338.6	0
9.2	0		10451.1	0
9.3	0		10477.0	0
9.4	0		10501.6	0
9.5	0		10578.0	0
9.6	0		10635.4	0
9.7	0		10695.0	0
9.8	0		10740.4	0
9.9	0		10816.2	0
10.0	0		10885.9	0
10.1	0		10971.5	0
10.2	0		11024.0	0
10.3	0		11040.8	0
10.4	0		11145.0	0
10.5	0		11178.6	0
10.6	0		11250.8	0
10.7	0		11305.1	0
10.8	0		11298.8	0
10.9	0		11355.4	0
11.0	0		11415.0	0
11.1	0		11475.4	0
11.2	0		11521.2	0
11.3	0		11598.5	0
11.4	0		11660.2	0
11.5	0		11715.8	0
11.6	0		11776.8	0
11.7	0		11821.8	0
11.8	0		11895.0	0
11.9	0		11955.4	0
12.0	0		12016.8	0
12.1	0		12075.0	0
12.2	0		12121.8	0
12.3	0		12195.4	0
12.4	0		12255.0	0
12.5	0		12315.0	0
12.6	0		12360.4	0
12.7	0		12441.2	0
12.8	1		12495.8	0
12.9	1		12491.5	0
13.0	1		12510.4	0
13.1	2		12497.8	0
13.2	3		12498.2	0
13.3	5		12506.4	0
13.4	5		12496.4	0
13.5	4		12491.9	0
13.6	5		12510.0	0
13.7	5		12501.7	0
13.8	5		12487.5	0
13.9	6		12508.6	1
14.0	0		12410.0	1
14.1	0		11955.0	0
14.2	0		12015.0	0
14.3	0		12090.0	0
14.4	0		12142.8	0
14.5	0		12180.4	0
14.6	0		12270.0	0
14.7	0		12329.2	0
14.8	0		12360.0	0
14.9	0		12465.0	0
15.0	0		12465.9	0
15.1	1		12510.4	0
15.2	1		12495.0	0
15.3	1		12495.0	0
15.4	2		12510.0	0
15.5	2		12495.0	0
15.6	3		12495.0	0
15.7	4		12510.8	0
15.8	4		12495.0	0
15.9	4		12498.4	0
16.0	5		12499.0	0
16.1	5		12510.4	0
16.2	6		12500.7	1
16.3	0		11460.4	1
16.4	0		11475.4	0
16.5	0		11510.1	0
16.6	0		11595.8	0
16.7	0		11621.0	0
16.8	0		11685.4	0
16.9	0		11745.4	0
17.0	0		11792.3	0
17.1	0		11880.4	0
17.2	0		11927.3	0
17.3	0		11985.4	0
17.4	0		12045.4	0
17.5	0		12150.0	0
17.6	0		12285.4	0
17.7	0		12497.8	0
17.8	1		12362.9	0
17.9	1		12451.1	0
18.0	1		12499.3	0
18.1	0		12462.2	0
18.2	0		12497.6	0
18.3	1		12512.2	0
18.4	2		12496.2	0
18.5	2		12498.8	0
18.6	2		12502.1	0
18.7	3		12490.5	0
18.8	3		12510.4	0
18.9	4		12500.0	0
19.0	4		12495.4	0
19.1	5		12495.0	0
19.2	5		12510.0	0
19.3	5		12495.0	0
19.4	6		12495.0	1
19.5	0		11775.0	1
19.6	0		11835.0	0
19.7	0		11880.0	0
19.8	0		11925.0	0
19.9	0		12000.0	0
20.0	0		12060.0	0
20.1	0		12120.0	0
20.2	0		12180.0	0
20.3	0		12225.4	0
20.4	0		12303.1	0
20.5	1		12361.6	0
20.6	0		12487.9	0
20.7	1		12479.1	0
20.8	1		12496.2	0
20.9	2		12495.4	0
21.0	2		12496.1	0
21.1	2		12511.2	0
21.2	2		12498.1	0
21.3	3		12496.2	0
21.4	4		12495.4	0
21.5	4		12509.4	0
21.6	5		12496.6	0
21.7	5		12493.8	0
21.8	5		12512.0	0
21.9	6		12487.7	1
22.0	5		12505.0	1
22.1	0		12061.3	0
22.2	0		12030.0	0
22.3	0		12175.1	0
22.4	0		12212.8	0
22.5	1		12249.1	0
22.6	1		12327.2	0
22.7	0		12438.0	0
22.8	0		12442.2	0
22.9	0		12439.0	0
23.0	1		12473.9	0
23.1	1		12506.9	0
23.2	2		12494.6	0
23.3	2		12493.7	0
23.4	2		12504.4	0
23.5	3		12507.2	0
23.6	3		12495.0	0
23.7	4		12495.8	0
23.8	4		12506.9	0
23.9	4		12497.3	0
24.0	5		12495.8	0
24.1	6		12510.0	0
24.2	6		12495.0	1
24.3	5		12502.3	1
24.4	0		11895.4	0
24.5	0		11955.0	0
24.6	0		12000.0	0
24.7	0		12045.0	0
24.8	0		12120.4	0
24.9	0		12182.7	0
25.0	0		12240.4	0
25.1	0		12285.0	0
25.2	0		12360.4	0
25.3	0		12422.7	0
25.4	0		12480.8	0
25.5	1		12495.4	0
25.6	1		12498.2	0
25.7	2		12503.6	0
25.8	3		12501.7	0
25.9	3		12496.2	0
26.0	3		12504.8	0
26.1	4		12501.2	0
26.2	5		12493.0	0
26.3	5		12498.9	0
26.4	5		12510.0	0
26.5	5		12495.4	0
26.6	5		12496.6	1
26.7	0		11431.7	1
26.8	0		9675.0	0
26.9	0		9705.4	0
27.0	0		9781.7	0
27.1	0		9842.5	0
27.2	0		9922.2	0
27.3	0		9948.3	0
27.4	0		10018.4	0
27.5	0		10111.6	0
27.6	0		10150.5	0
27.7	0		10202.7	0
27.8	0		10249.8	0
27.9	0		10321.1	0
28.0	0		10380.4	0
28.1	0		10440.0	0
28.2	0		10485.0	0
28.3	0		10560.0	0
28.4	0		10620.0	0
28.5	0		10680.0	0
28.6	0		10725.0	0
28.7	0		10800.0	0
28.8	0		10860.4	0
28.9	0		10920.0	0
29.0	0		10968.3	0
29.1	0		11040.4	0
29.2	0		11100.0	0
29.3	0		11160.0	0
29.4	0		11220.4	0
29.5	0		11266.4	0
29.6	0		11340.4	0
29.7	0		11400.0	0
29.8	0		11460.4	0
29.9	0		11505.0	0
30.0	0		11593.4	0
30.1	0		11640.0	0
30.2	0		11745.0	0
30.3	0		11751.4	0
30.4	0		11820.4	0
30.5	0		11880.0	0
30.6	0		11940.0	0
30.7	0		12000.0	0
30.8	0		12045.0	0
30.9	1		12120.4	0
31.0	0		12240.0	0
31.1	0		12248.5	0
31.2	0		12288.2	0
31.3	0		12360.8	0
31.4	0		12422.0	0
31.5	0		12480.4	0
31.6	1		12495.0	0
31.7	1		12495.0	0
31.8	1		12510.0	0
31.9	2		12495.4	0
32.0	3		12501.5	0
32.1	3		12495.4	0
32.2	3		12510.0	0
32.3	4		12495.8	0
32.4	5		12495.0	0
32.5	5		12497.3	0
32.6	5		12510.8	0
32.7	6		12495.0	1
32.8	0		12495.0	1
32.9	0		11955.0	0
33.0	0		12015.0	0
33.1	0		12060.4	0
33.2	0		12105.0	0
33.3	0		12240.4	0
33.4	0		12300.0	0
33.5	0		12311.3	0
33.6	0		12345.4	0
33.7	0		12420.0	0
33.8	1		12480.4	0
33.9	2		12495.0	0
34.0	3		12510.4	0
34.1	2		12499.8	0
34.2	2		12500.7	0
34.3	2		12499.2	0
34.4	3		12495.8	0
34.5	3		12495.4	0
34.6	4		12510.4	0
34.7	4		12490.0	0
34.8	5		12495.8	0
34.9	5		12510.0	0
35.0	6		12495.0	1
35.1	0		12495.4	1
35.2	0		11475.0	0
35.3	0		11505.0	0
35.4	0		11534.4	0
35.5	0		11582.3	0
35.6	0		11625.4	0
35.7	0		11700.8	0
35.8	0		11850.0	0
35.9	0		11867.7	0
36.0	0		11865.8	0
36.1	0		11940.8	0
36.2	0		12000.0	0
36.3	0		12063.0	0
36.4	0		12105.4	0
36.5	0		12180.0	0
36.6	0		12240.8	0
36.7	0		12312.0	0
36.8	0		12346.2	0
36.9	0		12422.1	0
37.0	0		12451.5	0
37.1	1		12495.0	0
37.2	1		12496.5	0
37.3	1		12495.4	0
37.4	2		12510.0	0
37.5	2		12495.0	0
37.6	3		12495.4	0
37.7	3		12512.5	0
37.8	4		12495.8	0
37.9	4		12497.3	0
38.0	5		12497.6	0
38.1	5		12497.3	0
38.2	6		12499.3	1
38.3	0		12510.8	1
38.4	0		11595.0	0
38.5	0		11460.0	0
38.6	0		11505.0	0
38.7	0		11565.0	0
38.8	0		11610.8	0
38.9	0		11685.8	0
39.0	0		11808.0	0
39.1	0		11911.2	0
39.2	0		11912.6	0
39.3	0		11926.2	0
39.4	0		11985.0	0
39.5	0		12045.4	0
39.6	0		12105.0	0
39.7	0		12210.0	0
39.8	0		12345.4	0
39.9	0		12495.0	0
40.0	0		12405.0	0
40.1	0		12442.0	0
40.2	0		12491.3	0
40.3	1		12498.0	0
40.4	1		12500.0	0
40.5	3		12505.3	0
40.6	3		12495.7	0
40.7	3		12493.4	0
40.8	3		12501.2	0
40.9	4		12495.8	0
41.0	4		12511.8	0
41.1	4		12495.8	0
41.2	5		12495.0	0
41.3	5		12510.0	0
41.4	6		12495.8	1
41.5	0		11865.8	1
41.6	0		11922.8	0
41.7	0		11956.2	0
41.8	0		12015.4	0
41.9	0		12135.0	0
42.0	0		12240.0	0
42.1	0		12181.5	0
42.2	0		12255.4	0
42.3	0		12315.0	0
42.4	0		12375.8	0
42.5	0		12481.5	0
42.6	1		12501.5	0
42.7	3		12510.8	0
42.8	2		12499.1	0
42.9	2		12493.4	0
43.0	3		12506.8	0
43.1	3		12499.3	0
43.2	4		12501.3	0
43.3	3		12500.8	0
43.4	4		12498.6	0
43.5	4		12495.4	0
43.6	5		12495.0	0
43.7	5		12510.0	0
43.8	6		12495.4	1
43.9	0		11925.4	1
44.0	0		10277.1	0
44.1	0		10324.6	0
44.2	0		10380.8	0
44.3	0		10440.4	0
44.4	0		10560.4	0
44.5	0		10685.9	0
44.6	0		10920.4	0
44.7	0		10890.0	0
44.8	0		10758.2	0
44.9	0		10800.8	0
45.0	0		10800.4	0
45.1	0		10830.0	0
45.2	0		10967.0	0
45.3	0		11088.7	0
45.4	0		11317.5	0
45.5	0		11136.7	0
45.6	0		11199.8	0
45.7	0		11250.8	0
45.8	0		11310.0	0
45.9	0		11355.4	0
46.0	0		11445.4	0
46.1	0		11463.4	0
46.2	0		11505.4	0
46.3	0		11565.0	0
46.4	0		11625.8	0
46.5	0		11688.8	0
46.6	0		11730.8	0
46.7	0		11865.8	0
46.8	0		11899.0	0
46.9	0		12016.2	0
47.0	0		12120.4	0
47.1	0		12110.5	0
47.2	0		12220.4	0
47.3	0		12404.4	0
47.4	0		12221.5	0
47.5	0		12349.5	0
47.6	0		12388.1	0
47.7	0		12418.2	0
47.8	0		12496.6	0
47.9	1		12501.7	0
48.0	1		12505.7	0
48.1	2		12486.4	0
48.2	3		12514.5	0
48.3	4		12487.3	0
48.4	5		12510.3	0
48.5	4		12490.3	0
48.6	4		12499.8	0
48.7	4		12498.3	0
48.8	5		12509.3	0
48.9	5		12497.5	0
49.0	6		12498.3	1
49.1	1		12507.4	1
49.2	1		12024.9	0
49.3	1		12152.0	0
49.4	1		12267.2	0
49.5	0		12452.2	0
49.6	1		12287.0	0
49.7	1		12296.9	0
49.8	0		12391.2	0
49.9	0		12484.4	0
50.0	0		12473.5	0
50.1	90		5745.8	0
50.2	179		1260.0	1
50.3	269		1245.0	2
50.4	359		1245.0	2
50.5	449		1260.0	2
50.6	538		1245.0	3
50.7	628		1245.0	4
50.8	718		1260.0	4
50.9	807		1245.0	4
51.0	876		1245.4	5
51.1	717		1260.0	5
51.2	509		1253.6	6
51.3	1		1239.8	4
51.4	0		390.4	0
51.5	0		403.9	0
51.6	0		395.3	0
51.7	3		390.4	0
51.8	4		405.0	0
51.9	6		435.0	0
52.0	10		480.0	0
52.1	5		555.0	0
52.2	0		600.0	0
52.3	2		615.0	0
52.4	2		675.0	0
52.5	1		705.0	0
52.6	2		720.0	0
52.7	2		765.0	0
52.8	5		795.0	0
52.9	4		855.0	0
53.0	4		915.0	0
53.1	4		975.0	0
53.2	4		1035.4	0
53.3	4		1096.9	0
53.4	1		1155.4	0
53.5	2		1200.0	0
53.6	3		1245.0	0
53.7	7		1245.0	0
53.8	10		1260.4	1
53.9	4		1245.0	1
54.0	6		1245.4	0
54.1	2		1131.7	0
54.2	4		1161.5	0
54.3	4		1200.4	0
54.4	3		1260.0	0
54.5	8		1245.0	0
54.6	10		1245.0	1
54.7	12		1260.0	1
54.8	4		1170.0	1
54.9	0		1230.0	0
55.0	2		1095.0	0
55.1	4		1155.4	0
55.2	4		1200.8	0
55.3	5		1245.4	0
55.4	8		1245.4	1
55.5	10		1260.4	1
55.6	2		1140.0	0
55.7	2		1035.0	0
55.8	1		1080.0	0
55.9	2		1140.0	0
56.0	1		1200.0	0
56.1	2		1245.0	0
56.2	7		1260.0	0
56.3	10		1245.0	1
56.4	12		1245.0	2
56.5	1		1200.0	1
56.6	0		1095.0	0
56.7	1		990.0	0
56.8	0		1020.0	0
56.9	0		1050.0	0
57.0	0		1125.4	0
57.1	1		1185.4	0
57.2	5		1254.6	0
57.3	6		1246.2	1
57.4	9		1248.1	2
57.5	0		1256.4	1
57.6	2		840.8	0
57.7	1		885.4	0
57.8	2		948.6	0
57.9	1		1015.0	0
58.0	1		1068.8	0
58.1	1		1100.9	0
58.2	1		1136.3	0
58.3	3		1201.5	0
58.4	5		1249.8	0
58.5	8		1245.4	0
58.6	11		1249.3	3
58.7	0		1216.2	0
58.8	1		840.8	0
58.9	1		885.4	0
59.0	6		1020.0	0
59.1	5		1165.7	0
59.2	5		1193.9	0
59.3	10		1243.7	0
59.4	13		1260.0	3
59.5	0		1140.0	1
59.6	1		790.9	0
59.7	0		795.4	0
59.8	0		900.4	0
59.9	0		921.3	0
60.0	0		975.8	0
60.1	5		1039.0	0
60.2	3		1125.8	0
60.3	1		1185.4	0
60.4	6		1231.4	0
60.5	9		1249.1	0
60.6	19		1260.0	2
60.7	6		1245.8	3
60.8	0		1118.4	1
60.9	0		676.3	0
61.0	0		693.4	0
61.1	1		742.5	0
61.2	1		830.5	0
61.3	0		907.5	0
61.4	0		947.2	0
61.5	0		1082.4	0
61.6	11		1165.8	0
61.7	20		1200.4	1
61.8	24		1239.0	4
61.9	0		1217.0	2
62.0	0		791.9	0
62.1	0		652.3	0
62.2	1		690.8	0
62.3	1		711.6	0
62.4	5		780.8	0
62.5	6		930.0	0
62.6	10		1050.0	0
62.7	7		1245.0	0
62.8	25		1245.0	1
62.9	60		1260.0	4
63.0	9		1245.8	5
63.1	0		1189.6	3
63.2	0		704.4	0
63.3	1		577.6	0
63.4	0		585.8	0
63.5	0		569.2	0
63.6	2		653.7	0
63.7	0		720.4	0
63.8	0		709.2	0
63.9	4		752.5	0
64.0	3		810.8	0
64.1	2		885.3	0
64.2	2		917.0	0
64.3	3		975.0	0
64.4	2		1029.0	0
64.5	2		1090.4	0
64.6	1		1160.4	0
64.7	9		1204.6	0
64.8	4		1261.2	1
64.9	9		1250.9	0
65.0	10		1235.5	1
65.1	13		1261.1	1
65.2	0		1242.2	1
65.3	2		1231.2	0
65.4	1		1140.4	0
65.5	6		1150.6	0
65.6	1		1230.8	0
65.7	3		1238.1	0
65.8	8		1245.8	0
65.9	10		1255.3	1
66.0	6		1253.1	1
66.1	3		1245.8	0
66.2	3		1076.1	0
66.3	4		1093.5	0
66.4	4		1140.4	0
66.5	4		1205.4	0
66.6	3		1245.4	0
66.7	8		1245.0	0
66.8	12		1250.3	1
66.9	0		1249.3	1
67.0	0		1217.1	0
67.1	0		1084.0	0
67.2	0		1127.4	0
67.3	1		1170.4	0
67.4	2		1215.0	0
67.5	6		1260.0	0
67.6	9		1246.2	1
67.7	12		1247.4	1
67.8	1		1170.4	0
67.9	1		1057.3	0
68.0	1		1083.1	0
68.1	0		1141.2	0
68.2	3		1187.4	0
68.3	5		1256.7	0
68.4	7		1245.8	1
68.5	8		1245.0	1
68.6	0		1260.0	2
68.7	1		900.4	0
68.8	1		885.0	0
68.9	1		945.4	0
69.0	1		1024.8	0
69.1	0		1065.4	0
69.2	0		1140.0	0
69.3	0		1168.7	0
69.4	1		1215.8	0
69.5	7		1260.0	0
69.6	8		1245.4	1
69.7	0		1251.2	2
69.8	0		1185.8	0
69.9	1		1095.0	0
70.0	2		1059.0	0
70.1	2		1140.4	0
70.2	2		1018.4	0
70.3	2		1065.8	0
70.4	4		1125.0	0
70.5	4		1185.0	0
70.6	2		1245.0	0
70.7	4		1245.0	0
70.8	9		1245.0	0
70.9	10		1245.4	3
71.0	4		1245.0	0
71.1	0		909.9	0
71.2	2		900.4	0
71.3	4		960.4	0
71.4	3		1022.3	0
71.5	2		1082.3	0
71.6	2		1152.2	0
71.7	2		1200.4	0
71.8	3		1245.0	0
71.9	7		1260.4	0
72.0	14		1246.2	2
72.1	7		1249.6	3
72.2	0		1245.8	1
72.3	0		900.0	0
72.4	0		743.4	0
72.5	0		855.8	0
72.6	0		890.2	0
72.7	0		953.6	0
72.8	1		991.9	0
72.9	1		1018.6	0
73.0	1		1065.8	0
73.1	1		1125.0	0
73.2	1		1170.0	0
73.3	1		1200.0	0
73.4	4		1245.0	0
73.5	13		1247.3	0
73.6	10		1245.0	3
73.7	0		1146.8	1
73.8	0		855.4	0
73.9	0		756.3	0
74.0	7		824.5	0
74.1	4		960.4	0
74.2	2		1065.4	0
74.3	1		1101.0	0
74.4	1		1001.2	0
74.5	0		1052.5	0
74.6	2		1110.4	0
74.7	4		1170.0	0
74.8	4		1230.0	0
74.9	7		1245.4	0
75.0	13		1260.0	1
75.1	0		1245.0	4
75.2	0		1017.0	0
75.3	1		704.0	0
75.4	0		781.2	0
75.5	1		816.1	0
75.6	1		850.4	0
75.7	1		905.2	0
75.8	1		964.7	0
75.9	0		1025.0	0
76.0	0		1140.8	0
76.1	7		1247.2	0
76.2	0		1245.8	1
76.3	0		1198.0	0
76.4	0		1081.6	0
76.5	0		1140.9	0
76.6	9		1247.6	0
76.7	5		1245.1	2
76.8	0		1256.3	0
76.9	0		947.3	0
77.0	1		990.0	0
77.1	2		1049.1	0
77.2	10		1096.6	0
77.3	11		1230.8	0
77.4	16		1262.5	1
77.5	17		1250.4	4
77.6	0		1200.0	0
77.7	0		960.8	0
77.8	2		1006.6	0
77.9	1		1125.4	0
78.0	2		1159.0	0
78.1	2		1037.8	0
78.2	3		1065.1	0
78.3	1		1125.8	0
78.4	1		1206.2	0
78.5	6		1247.7	0
78.6	6		1260.0	0
78.7	8		1245.4	1
78.8	7		1244.5	4
78.9	0		990.8	0
79.0	1		885.4	0
79.1	1		733.1	0
79.2	0		780.0	0
79.3	1		855.4	0
79.4	1		935.1	0
79.5	0		963.1	0
79.6	0		1024.7	0
79.7	0		1081.6	0
79.8	4		1175.6	0
79.9	9		1200.4	0
80.0	3		1260.0	3
80.1	1		1145.3	0
80.2	6		945.8	0
80.3	2		1035.4	0
80.4	0		1065.8	0
80.5	12		1193.6	0
80.6	3		1201.9	0
80.7	4		1213.3	0
80.8	4		1246.6	0
80.9	9		1242.1	0
81.0	7		1260.8	4
81.1	0		1110.0	2
81.2	0		855.4	0
81.3	1		696.6	0
81.4	0		810.4	0
81.5	0		795.0	0
81.6	1		750.0	0
81.7	1		795.0	0
81.8	1		855.0	0
81.9	1		900.0	0
82.0	1		945.0	0
82.1	0		990.4	0
82.2	0		1080.0	0
82.3	0		1082.0	0
82.4	0		1140.4	0
82.5	1		1187.6	0
82.6	10		1245.4	0
82.7	8		1247.5	2
82.8	3		1253.9	1
82.9	2		1019.0	0
83.0	1		1065.8	0
83.1	3		1110.0	0
83.2	2		1172.0	0
83.3	2		1232.0	0
83.4	6		1245.4	0
83.5	8		1260.0	1
83.6	7		1245.4	5
83.7	0		915.8	0
83.8	0		810.0	0
83.9	0		716.6	0
84.0	0		766.2	0
84.1	1		838.2	0
84.2	1		960.8	0
84.3	1		959.5	0
84.4	0		1010.4	0
84.5	0		1020.8	0
84.6	0		1080.4	0
84.7	0		1149.6	0
84.8	2		1203.1	0
84.9	3		1260.4	0
85.0	8		1245.0	0
85.1	7		1245.0	4
85.2	0		1185.0	2
85.3	0		705.0	0
85.4	0		735.0	0
85.5	0		735.0	0
85.6	0		795.0	0
85.7	0		855.0	0
85.8	0		915.0	0
85.9	0		975.8	0
86.0	0		1021.4	0
86.1	1		1097.7	0
86.2	6		1187.1	0
86.3	4		1250.2	0
86.4	8		1245.8	0
86.5	9		1255.2	0
86.6	7		1246.9	5
86.7	0		1260.8	4
86.8	1		615.0	0
86.9	0		677.4	0
87.0	0		735.4	0
87.1	0		855.0	0
87.2	0		750.0	0
87.3	0		810.0	0
87.4	2		855.0	0
87.5	1		885.0	0
87.6	1		945.0	0
87.7	1		1005.4	0
87.8	6		1050.0	0
87.9	2		1140.0	0
88.0	2		1177.1	0
88.1	2		1217.0	0
88.2	4		1230.8	0
88.3	8		1245.0	0
88.4	14		1255.9	1
88.5	3		1216.6	1
88.6	1		1245.4	0
88.7	3		1140.0	0
88.8	5		1185.0	0
88.9	5		1245.0	0
89.0	8		1245.4	0
89.1	12		1260.0	1
89.2	7		1247.4	1
89.3	4		1202.4	0
89.4	4		1140.4	0
89.5	2		1200.0	0
89.6	2		1245.0	0
89.7	7		1245.0	0
89.8	10		1260.0	1
89.9	8		1245.0	1
90.0	3		1246.6	1
90.1	8		1020.4	0
90.2	3		1134.7	0
90.3	2		1186.2	0
90.4	2		1189.3	0
90.5	1		1185.8	0
90.6	9		1245.4	0
90.7	8		1251.2	1
90.8	8		1246.2	1
90.9	6		1114.7	0
91.0	12		1250.1	0
91.1	23		1250.5	1
91.2	15		1245.8	1
91.3	0		1079.2	0
91.4	1		966.8	0
91.5	1		1005.4	0
91.6	1		1080.0	0
91.7	1		1081.9	0
91.8	0		1140.4	0
91.9	1		1200.0	0
92.0	3		1245.0	0
92.1	8		1260.0	0
92.2	12		1245.0	1
92.3	1		1245.0	1
92.4	1		1035.4	0
92.5	2		1050.4	0
92.6	1		1125.0	0
92.7	1		1177.7	0
92.8	2		1215.8	0
92.9	6		1260.0	0
93.0	8		1242.6	1
93.1	10		1245.4	1
93.2	0		1260.0	2
93.3	0		960.4	0
93.4	0		753.2	0
93.5	0		795.4	0
93.6	0		855.8	0
93.7	3		960.0	0
93.8	2		1082.3	0
93.9	3		1081.2	0
94.0	2		1095.9	0
94.1	1		1110.9	0
94.2	1		1140.8	0
94.3	1		1171.7	0
94.4	4		1230.4	0
94.5	8		1245.4	0
94.6	10		1246.6	2
94.7	0		1245.4	1
94.8	1		960.4	0
94.9	1		934.8	0
95.0	0		990.4	0
95.1	0		1050.0	0
95.2	0		1110.4	0
95.3	0		1156.3	0
95.4	2		1215.4	0
95.5	4		1245.0	0
95.6	8		1260.0	0
95.7	9		1245.4	2
95.8	2		1245.0	1
95.9	2		846.6	0
96.0	4		885.4	0
96.1	4		945.0	0
96.2	2		1005.0	0
96.3	2		1065.4	0
96.4	4		1110.0	0
96.5	1		1171.8	0
96.6	2		1215.0	0
96.7	4		1245.4	0
96.8	9		1260.0	0
96.9	10		1245.0	3
97.0	1		1215.0	0
97.1	1		870.0	0
97.2	2		900.0	0
97.3	1		960.0	0
97.4	2		1005.0	0
97.5	2		1065.0	0
97.6	2		1125.0	0
97.7	1		1185.0	0
97.8	2		1230.0	0
97.9	6		1245.0	0
98.0	8		1245.0	1
98.1	10		1260.0	2
98.2	1		1005.0	1
98.3	0		915.4	0
98.4	0		840.0	0
98.5	0		885.0	0
98.6	0		876.1	0
98.7	0		930.8	0
98.8	6		1020.0	0
98.9	10		1110.0	0
99.0	0		1260.0	0
99.1	0		1107.6	0
99.2	0		1155.4	0
99.3	4		1215.0	0
99.4	6		1245.0	0
99.5	8		1245.0	1
99.6	9		1260.4	3
99.7	0		1110.0	0
99.8	0		885.8	0
99.9	1		758.0	0
100.0	1		780.8	0
100.1	88		450.0	0
100.2	164		135.0	3
100.3	231		120.0	4
100.4	314		120.0	4
100.5	395		135.0	5
100.6	368		120.4	5
100.7	296		120.0	6
100.8	45		135.4	7
100.9	33		121.6	6
101.0	21		121.8	2
101.1	80		120.0	1
101.2	44		135.0	7
101.3	20		120.0	3
101.4	0		120.0	0
101.5	12		45.0	0
101.6	12		30.0	0
101.7	21		60.8	0
101.8	0		122.4	0
101.9	0		61.2	0
102.0	0		76.7	0
102.1	12		120.8	0
102.2	33		120.0	0
102.3	26		128.5	4
102.4	8		120.8	2
102.5	0		120.0	0
102.6	12		90.0	0
102.7	0		105.0	0
102.8	24		105.0	0
102.9	8		120.0	0
103.0	32		135.0	0
103.1	20		120.0	4
103.2	20		120.0	0
103.3	0		135.4	0
103.4	12		90.0	0
103.5	1		105.8	0
103.6	21		122.2	0
103.7	44		120.4	0
103.8	20		135.0	3
103.9	32		120.0	0
104.0	32		120.0	2
104.1	12		105.4	0
104.2	0		135.0	0
104.3	8		121.6	0
104.4	32		120.4	0
104.5	32		120.4	3
104.6	34		122.3	2
104.7	20		135.0	1
104.8	8		120.4	0
104.9	20		120.0	0
105.0	32		135.0	0
105.1	44		120.0	1
105.2	44		120.0	3
105.3	32		135.0	2
105.4	0		105.0	0
105.5	20		120.8	0
105.6	35		122.8	0
105.7	21		121.7	4
105.8	32		135.4	1
105.9	20		120.0	2
106.0	0		105.4	0
106.1	10		105.4	0
106.2	0		104.0	0
106.3	18		105.0	0
106.4	44		135.0	0
106.5	12		123.3	3
106.6	20		120.0	0
106.7	8		120.4	1
106.8	32		135.0	0
106.9	20		120.0	2
107.0	32		120.0	0
107.1	20		135.4	0
107.2	20		120.0	0
107.3	56		120.4	0
107.4	20		135.0	5
107.5	19		119.1	0
107.6	20		120.8	0
107.7	22		123.1	0
107.8	32		135.0	0
107.9	32		120.4	4
108.0	32		120.0	1
108.1	32		135.4	0
108.2	35		120.8	3
108.3	69		120.0	3
108.4	12		121.8	2
108.5	0		120.4	0
108.6	10		102.1	0
108.7	27		124.6	0
108.8	59		120.4	3
108.9	10		120.0	7
109.0	9		123.2	0
109.1	34		137.1	0
109.2	21		120.8	0
109.3	38		116.8	1
109.4	13		125.7	7
109.5	33		136.2	0
109.6	19		120.4	3
109.7	15		122.2	0
109.8	33		128.0	0
109.9	24		120.8	0
110.0	38		123.3	0
110.1	10		120.4	4
110.2	22		123.0	0
110.3	39		135.4	1
110.4	44		120.4	2
110.5	56		120.0	5
110.6	44		135.0	3
110.7	0		120.4	0
110.8	8		91.7	0
110.9	0		120.8	0
111.0	22		122.9	0
111.1	27		128.3	1
111.2	32		120.4	0
111.3	32		135.4	3
111.4	20		120.0	2
111.5	0		120.0	0
111.6	25		120.0	0
111.7	44		120.8	0
111.8	22		138.0	4
111.9	0		120.0	0
112.0	24		120.4	0
112.1	32		120.0	0
112.2	20		135.0	2
112.3	32		120.0	0
112.4	14		120.0	3
112.5	38		128.5	0
112.6	20		120.8	8
112.7	20		135.4	0
112.8	10		123.5	0
112.9	11		90.0	0
113.0	24		92.2	0
113.1	32		120.4	0
113.2	20		120.0	3
113.3	0		135.0	0
113.4	24		120.4	0
113.5	13		120.4	0
113.6	47		121.8	0
113.7	22		122.3	3
113.8	32		120.4	0
113.9	44		135.0	0
114.0	32		120.0	0
114.1	8		120.0	6
114.2	12		120.8	0
114.3	31		134.1	0
114.4	0		122.4	0
114.5	11		123.2	0
114.6	44		120.0	0
114.7	20		135.4	1
114.8	44		120.4	1
114.9	44		120.4	2
115.0	20		120.4	5
115.1	84		134.3	0
115.2	18		120.4	4
115.3	45		102.9	0
115.4	11		124.2	0
115.5	47		135.4	0
115.6	16		126.9	3
115.7	35		123.5	0
115.8	32		120.8	3
115.9	20		120.0	2
116.0	0		135.0	0
116.1	0		112.7	0
116.2	37		105.4	0
116.3	20		120.8	5
116.4	44		120.0	1
116.5	32		120.4	0
116.6	16		130.1	3
116.7	20		120.4	0
116.8	32		135.0	0
116.9	20		120.4	0
117.0	57		120.4	1
117.1	21		136.6	4
117.2	32		120.4	1
117.3	20		120.4	3
117.4	24		120.0	0
117.5	44		135.4	1
117.6	44		120.0	4
117.7	20		120.0	3
117.8	41		135.0	0
117.9	29		116.5	2
118.0	20		120.8	2
118.1	32		135.0	0
118.2	21		122.0	3
118.3	56		120.0	0
118.4	20		135.4	5
118.5	0		120.4	0
118.6	12		92.8	0
118.7	0		120.4	0
118.8	24		107.8	0
118.9	32		120.4	1
119.0	20		120.4	4
119.1	50		135.8	0
119.2	10		122.9	10
119.3	0		111.7	0
119.4	0		107.9	0
119.5	13		106.2	0
119.6	57		122.2	0
119.7	21		121.9	8
119.8	13		105.4	1
119.9	17		105.4	0
120.0	24		86.3	0
120.1	22		121.2	1
120.2	46		122.3	3
120.3	0		133.9	1
120.4	58		120.8	0
120.5	27		121.2	7
120.6	77		120.0	1
120.7	25		135.4	5
120.8	25		126.4	1
120.9	0		80.0	0
121.0	12		113.1	0
121.1	57		102.2	0
121.2	32		120.4	12
121.3	12		135.2	3
121.4	8		120.8	0
121.5	0		120.8	0
121.6	36		120.4	0
121.7	34		122.9	0
121.8	38		127.4	0
121.9	20		120.4	9
122.0	20		120.8	0
122.1	80		135.8	0
122.2	20		120.0	11
122.3	16		130.0	0
122.4	41		121.2	0
122.5	69		120.4	0
122.6	31		118.7	6
122.7	36		135.8	4
122.8	17		113.1	5
122.9	15		129.0	4
123.0	13		127.0	0
123.1	32		120.0	0
123.2	0		135.0	0
123.3	8		105.0	0
123.4	12		103.0	0
123.5	34		123.4	0
123.6	27		120.0	5
123.7	28		130.1	2
123.8	20		120.4	0
123.9	56		120.4	1
124.0	12		135.0	3
124.1	0		122.0	0
124.2	9		105.0	0
124.3	20		120.0	0
124.4	44		120.0	1
124.5	21		135.6	3
124.6	17		117.0	2
124.7	66		121.6	2
124.8	45		135.4	4
124.9	15		114.5	4
125.0	45		101.1	0
125.1	37		124.2	4
125.2	22		132.9	0
125.3	39		126.9	0
125.4	0		121.7	4
125.5	12		105.4	0
125.6	0		121.7	0
125.7	32		90.4	0
125.8	32		120.4	0
125.9	11		123.8	6
126.0	20		135.4	0
126.1	58		122.7	0
126.2	20		120.4	3
126.3	44		135.8	0
126.4	19		120.0	3
126.5	38		122.1	1
126.6	22		122.7	2
126.7	44		120.4	0
126.8	34		122.8	5
126.9	33		136.8	0
127.0	0		121.2	0
127.1	0		118.3	0
127.2	31		105.4	0
127.3	56		120.4	0
127.4	0		135.0	6
127.5	12		120.4	0
127.6	46		122.9	0
127.7	23		123.7	8
127.8	78		120.0	0
127.9	8		135.0	10
128.0	56		120.0	0
128.1	8		120.4	3
128.2	8		120.4	0
128.3	0		60.0	0
128.4	24		90.0	0
128.5	32		135.0	0
128.6	25		120.0	4
128.7	20		120.0	1
128.8	45		135.4	1
128.9	29		120.8	0
129.0	0		131.4	6
129.1	0		106.2	0
129.2	0		105.4	0
129.3	19		94.3	0
129.4	51		129.4	0
129.5	18		117.7	1
129.6	40		121.6	0
129.7	40		135.8	7
129.8	26		127.0	10
129.9	3		116.2	0
130.0	10		110.4	0
130.1	16		121.4	0
130.2	12		127.7	4
130.3	67		132.9	0
130.4	14		114.1	4
130.5	11		134.6	0
130.6	0		125.1	0
130.7	23		120.4	0
130.8	20		120.4	0
130.9	44		120.4	3
131.0	20		135.4	4
131.1	60		121.6	1
131.2	0		122.3	7
131.3	0		82.5	0
131.4	13		91.6	0
131.5	32		76.6	0
131.6	54		120.0	4
131.7	35		123.5	7
131.8	10		121.2	1
131.9	28		136.8	0
132.0	36		117.6	0
132.1	18		117.8	3
132.2	48		124.0	0
132.3	20		120.4	15
132.4	20		135.4	2
132.5	7		95.0	0
132.6	8		90.8	0
132.7	0		90.8	0
132.8	72		105.0	0
132.9	20		135.4	8
133.0	44		120.4	0
133.1	11		124.1	5
133.2	37		91.0	0
133.3	32		135.8	5
133.4	16		115.1	0
133.5	25		127.1	0
133.6	18		120.4	2
133.7	31		135.4	1
133.8	2		125.3	2
133.9	15		113.5	0
134.0	12		113.1	0
134.1	72		135.8	0
134.2	20		120.4	5
134.3	27		120.0	0
134.4	24		108.3	0
134.5	35		135.4	0
134.6	0		124.0	2
134.7	0		98.1	0
134.8	44		109.7	0
134.9	20		120.8	5
135.0	72		120.8	0
135.1	0		123.1	5
135.2	44		85.6	0
135.3	8		120.4	7
135.4	14		113.8	0
135.5	0		124.6	0
135.6	9		119.3	0
135.7	10		106.1	0
135.8	41		118.8	1
135.9	18		133.3	2
136.0	12		121.6	0
136.1	33		122.2	0
136.2	33		120.4	7
136.3	33		122.2	0
136.4	33		135.0	3
136.5	35		122.2	0
136.6	33		122.3	3
136.7	30		120.4	0
136.8	20		134.4	3
136.9	22		123.1	2
137.0	56		120.0	1
137.1	0		120.0	4
137.2	25		120.4	0
137.3	12		124.7	0
137.4	52		123.2	0
137.5	22		124.3	5
137.6	46		135.8	0
137.7	32		120.0	5
137.8	20		120.8	4
137.9	0		120.0	0
138.0	26		121.9	0
138.1	6		120.4	0
138.2	27		111.9	0
138.3	8		135.0	7
138.4	44		120.8	0
138.5	20		120.0	3
138.6	0		120.0	0
138.7	16		93.5	0
138.8	0		106.2	0
138.9	2		94.3	0
139.0	22		123.5	0
139.1	32		135.4	1
139.2	43		118.1	2
139.3	30		120.4	3
139.4	0		135.6	1
139.5	40		105.8	0
139.6	20		120.0	4
139.7	44		120.0	3
139.8	44		135.0	4
139.9	20		120.8	5
140.0	0		112.1	0
140.1	0		77.2	0
140.2	29		72.0	0
140.3	24		105.8	0
140.4	32		135.4	0
140.5	20		120.8	8
140.6	61		120.0	0
140.7	12		125.4	5
140.8	12		94.6	0
140.9	32		120.4	2
141.0	50		134.5	5
141.1	32		120.4	5
141.2	5		132.2	0
141.3	30		119.2	0
141.4	0		112.9	0
141.5	6		124.8	0
141.6	47		127.2	2
141.7	32		131.4	3
141.8	31		118.9	3
141.9	20		120.4	4
142.0	28		130.0	0
142.1	26		120.8	0
142.2	20		135.4	3
142.3	21		121.6	2
142.4	21		120.4	1
142.5	9		125.5	0
142.6	24		125.5	0
142.7	32		120.0	3
142.8	20		135.0	2
142.9	12		122.7	0
143.0	33		120.4	0
143.1	20		120.8	10
143.2	44		135.0	0
143.3	0		120.0	5
143.4	7		90.4	0
143.5	26		105.4	0
143.6	23		122.8	2
143.7	68		120.8	3
143.8	23		135.0	9
143.9	30		123.8	1
144.0	8		114.5	0
144.1	44		135.0	0
144.2	8		120.4	5
144.3	64		130.1	0
144.4	12		124.8	4
144.5	11		124.4	0
144.6	29		124.8	0
144.7	33		116.1	3
144.8	21		136.2	3
144.9	0		121.2	0
145.0	38		120.4	0
145.1	24		122.8	6
145.2	48		125.6	2
145.3	10		122.5	8
145.4	0		86.3	0
145.5	11		91.2	0
145.6	24		90.8	0
145.7	1		120.4	0
145.8	35		120.0	0
145.9	19		133.9	1
146.0	35		120.0	0
146.1	9		124.2	5
146.2	43		113.7	0
146.3	29		131.6	3
146.4	12		69.7	0
146.5	0		75.8	0
146.6	19		90.4	0
146.7	17		128.5	0
146.8	46		120.4	0
146.9	24		125.5	11
147.0	20		120.8	2
147.1	15		135.0	0
147.2	0		114.2	0
147.3	22		113.8	0
147.4	51		120.4	0
147.5	32		135.0	3
147.6	20		120.0	4
147.7	18		120.0	0
147.8	30		132.5	0
147.9	37		126.1	0
148.0	32		120.0	3
148.1	14		128.2	5
148.2	0		121.7	0
148.3	12		106.2	0
148.4	10		107.9	0
148.5	20		120.4	0
148.6	58		136.2	1
148.7	22		121.6	8
148.8	13		127.6	0
148.9	26		120.8	0
149.0	3		123.9	0
149.1	8		120.8	0
149.2	44		135.0	0
149.3	32		120.0	3
149.4	20		120.0	4
149.5	24		120.4	0
149.6	20		135.0	0
149.7	14		128.1	0
149.8	20		120.4	1
149.9	45		121.2	3
150.0	12		121.6	6
150.1	0		145.7	0
150.2	0		169.8	0
150.3	0		285.8	0
150.4	0		219.8	0
150.5	0		255.4	0
150.6	0		330.4	0
150.7	0		349.9	0
150.8	0		409.8	0
150.9	0		452.0	0
151.0	0		495.8	0
151.1	0		570.0	0
151.2	0		626.2	0
151.3	0		675.4	0
151.4	0		735.0	0
151.5	0		795.0	0
151.6	0		855.4	0
151.7	0		917.9	0
151.8	0		1038.5	0
151.9	0		1140.8	0
152.0	0		1110.0	0
152.1	0		1147.1	0
152.2	0		1200.8	0
152.3	0		1305.4	0
152.4	0		1342.4	0
152.5	0		1413.8	0
152.6	0		1410.8	0
152.7	0		1458.1	0
152.8	0		1515.8	0
152.9	0		1575.0	0
153.0	0		1635.0	0
153.1	0		1680.0	0
153.2	0		1740.4	0
153.3	0		1804.7	0
153.4	0		1860.4	0
153.5	0		1905.4	0
153.6	0		1980.4	0
153.7	0		2021.0	0
153.8	0		2085.4	0
153.9	0		2160.0	0
154.0	0		2220.0	0
154.1	0		2280.0	0
154.2	0		2340.0	0
154.3	0		2400.0	0
154.4	0		2460.0	0
154.5	0		2520.0	0
154.6	0		2580.0	0
154.7	0		2640.0	0
154.8	0		2700.0	0
154.9	1		2760.8	0
155.0	1		2885.5	0
155.1	0		3003.4	0
155.2	0		2955.4	0
155.3	0		3068.2	0
155.4	0		3105.4	0
155.5	0		3199.8	0
155.6	0		3271.2	0
155.7	0		3251.3	0
155.8	0		3300.8	0
155.9	0		3331.9	0
156.0	0		3390.0	0
156.1	0		3450.4	0
156.2	0		3510.0	0
156.3	0		3571.9	0
156.4	0		3630.4	0
156.5	0		3677.7	0
156.6	0		3780.4	0
156.7	0		3820.7	0
156.8	0		3871.6	0
156.9	0		3931.9	0
157.0	0		3994.9	0
157.1	0		4052.3	0
157.2	0		4065.4	0
157.3	0		4140.0	0
157.4	0		4201.9	0
157.5	0		4260.0	0
157.6	0		4320.0	0
157.7	0		4380.8	0
157.8	0		4442.3	0
157.9	0		4566.6	0
158.0	0		4590.8	0
158.1	0		4647.3	0
158.2	0		4682.3	0
158.3	0		4790.4	0
158.4	0		4832.0	0
158.5	0		4876.2	0
158.6	0		4935.4	0
158.7	0		5064.9	0
158.8	0		5175.4	0
158.9	0		5280.0	0
159.0	0		5187.3	0
159.1	0		5235.8	0
159.2	0		5355.0	0
159.3	0		5385.0	0
159.4	0		5419.7	0
159.5	0		5445.0	0
159.6	0		5460.4	0
159.7	0		5520.0	0
159.8	0		5580.0	0
159.9	0		5640.0	0
160.0	0		5685.0	0
160.1	0		5760.0	0
160.2	0		5820.0	0
160.3	0		5880.0	0
160.4	1		5940.4	0
160.5	0		6000.0	0
160.6	0		6120.0	0
160.7	0		6134.0	0
160.8	0		6240.4	0
160.9	2		6240.4	0
161.0	2		6250.1	0
161.1	3		6252.8	0
161.2	4		6255.4	0
161.3	4		6255.0	0
161.4	5		6240.0	0
161.5	6		6255.0	1
161.6	0		5835.0	1
161.7	0		5895.0	0
161.8	0		5940.0	0
161.9	0		5985.0	0
162.0	0		6060.0	0
162.1	0		6120.0	0
162.2	0		6180.0	0
162.3	0		6240.0	0
162.4	1		6255.0	0
162.5	2		6240.0	0
162.6	3		6255.0	0
162.7	4		6255.0	0
162.8	5		6240.0	0
162.9	6		6255.0	0
163.0	6		6255.0	1
163.1	0		6105.0	1
163.2	0		5130.4	0
163.3	1		4860.4	0
163.4	0		4945.2	0
163.5	0		4980.8	0
163.6	0		5040.0	0
163.7	0		5100.0	0
163.8	0		5160.0	0
163.9	0		5220.0	0
164.0	0		5280.0	0
164.1	0		5340.0	0
164.2	0		5400.0	0
164.3	0		5460.0	0
164.4	1		5520.4	0
164.5	0		5590.8	0
164.6	0		5640.4	0
164.7	0		5685.0	0
164.8	0		5685.0	0
164.9	0		5745.0	0
165.0	0		5805.0	0
165.1	0		5865.0	0
165.2	0		5925.0	0
165.3	0		5970.0	0
165.4	0		6045.0	0
165.5	0		6105.0	0
165.6	0		6165.0	0
165.7	1		6225.4	0
165.8	1		6240.0	0
165.9	3		6255.4	0
166.0	5		6255.0	0
166.1	7		6240.0	1
166.2	0		6255.0	1
166.3	0		5894.6	0
166.4	0		5940.4	0
166.5	0		6000.0	0
166.6	0		6060.0	0
166.7	0		6105.4	0
166.8	0		6180.0	0
166.9	2		6255.0	0
167.0	5		6255.0	0
167.1	2		6240.0	0
167.2	3		6253.1	0
167.3	4		6255.0	0
167.4	5		6240.0	0
167.5	6		6255.4	0
167.6	6		6258.1	1
167.7	0		5851.6	1
167.8	0		5628.8	0
167.9	0		4712.3	0
168.0	0		4759.7	0
168.1	1		4803.8	0
168.2	0		4920.8	0
168.3	0		4965.0	0
168.4	0		4973.8	0
168.5	0		5010.4	0
168.6	0		5100.0	0
168.7	0		5155.6	0
168.8	0		5206.9	0
168.9	0		5265.4	0
169.0	0		5325.8	0
169.1	0		5392.3	0
169.2	0		5432.2	0
169.3	0		5505.4	0
169.4	0		5565.4	0
169.5	0		5625.8	0
169.6	1		5723.5	0
169.7	0		5768.8	0
169.8	0		5803.2	0
169.9	0		5847.0	0
170.0	0		5914.4	0
170.1	0		5955.4	0
170.2	0		6001.8	0
170.3	0		6056.8	0
170.4	0		6105.4	0
170.5	1		6165.8	0
170.6	3		6255.4	0
170.7	2		6253.8	0
170.8	3		6239.0	0
170.9	3		6255.4	0
171.0	4		6255.4	0
171.1	5		6244.6	0
171.2	6		6255.4	1
171.3	5		6240.0	1
171.4	0		5790.0	0
171.5	0		5160.4	0
171.6	1		5205.4	0
171.7	0		5272.6	0
171.8	0		5385.8	0
171.9	2		5460.4	0
172.0	0		5611.8	0
172.1	0		5747.9	0
172.2	0		5588.4	0
172.3	0		5625.8	0
172.4	0		5685.0	0
172.5	0		5747.9	0
172.6	1		5805.4	0
172.7	0		5861.3	0
172.8	0		5912.9	0
172.9	0		5970.0	0
173.0	1		6030.8	0
173.1	0		6152.5	0
173.2	0		6153.7	0
173.3	0		6210.4	0
173.4	1		6240.0	0
173.5	2		6255.0	0
173.6	3		6255.0	0
173.7	4		6240.4	0
173.8	4		6260.0	0
173.9	6		6241.2	0
174.0	6		6253.6	1
174.1	0		5374.5	1
174.2	0		5415.8	0
174.3	0		5460.4	0
174.4	0		5520.8	0
174.5	0		5612.2	0
174.6	0		5649.9	0
174.7	0		5701.6	0
174.8	0		5762.6	0
174.9	0		5821.2	0
175.0	1		5895.8	0
175.1	0		5952.4	0
175.2	0		6000.8	0
175.3	0		6030.0	0
175.4	0		6045.0	0
175.5	0		6106.2	0
175.6	1		6166.7	0
175.7	1		6249.7	0
175.8	2		6241.2	0
175.9	3		6259.1	0
176.0	4		6249.7	0
176.1	5		6248.8	0
176.2	7		6240.0	0
176.3	7		6253.3	1
176.4	2		6243.6	1
176.5	1		6007.9	0
176.6	1		6039.0	0
176.7	1		6150.8	0
176.8	1		6156.6	0
176.9	2		6221.8	0
177.0	4		6241.2	0
177.1	4		6255.0	0
177.2	5		6244.8	0
177.3	8		6250.1	1
177.4	5		6256.2	0
177.5	2		5435.1	0
177.6	2		5561.3	0
177.7	3		5671.2	0
177.8	1		5727.4	0
177.9	0		5683.5	0
178.0	1		5717.4	0
178.1	1		5775.8	0
178.2	1		5895.4	0
178.3	1		5933.9	0
178.4	0		5966.2	0
178.5	1		6020.5	0
178.6	1		6090.4	0
178.7	1		6148.6	0
178.8	1		6195.4	0
178.9	1		6249.1	0
179.0	2		6244.8	0
179.1	2		6255.0	0
179.2	4		6247.7	0
179.3	4		6255.0	0
179.4	5		6240.0	0
179.5	6		6255.0	1
179.6	7		6242.5	1
179.7	0		5775.0	0
179.8	0		5685.0	0
179.9	0		5739.1	0
180.0	0		5805.4	0
180.1	0		5850.0	0
180.2	1		5910.0	0
180.3	1		5955.0	0
180.4	1		6030.0	0
180.5	1		6090.0	0
180.6	1		6150.0	0
180.7	1		6210.0	0
180.8	1		6255.0	0
180.9	2		6240.0	0
181.0	3		6255.0	0
181.1	4		6255.0	0
181.2	5		6240.0	0
181.3	6		6255.0	0
181.4	6		6255.4	1
181.5	0		5941.6	1
181.6	0		5985.4	0
181.7	0		5430.0	0
181.8	0		5475.0	0
181.9	0		5535.0	0
182.0	0		5595.0	0
182.1	0		5655.0	0
182.2	0		5715.0	0
182.3	0		5760.0	0
182.4	1		5835.8	0
182.5	0		5906.2	0
182.6	0		5956.6	0
182.7	1		6060.0	0
182.8	1		6138.6	0
182.9	0		6213.0	0
183.0	1		6240.0	0
183.1	1		6255.8	0
183.2	2		6256.3	0
183.3	3		6242.3	0
183.4	5		6255.4	0
183.5	4		6243.0	0
183.6	5		6255.4	0
183.7	6		6240.4	1
183.8	0		6255.0	1
183.9	0		6245.0	0
184.0	0		6195.0	0
184.1	1		6255.0	0
184.2	2		6255.0	0
184.3	3		6240.0	0
184.4	4		6255.0	0
184.5	5		6255.0	0
184.6	6		6240.0	0
184.7	6		6255.0	1
184.8	0		6255.0	1
184.9	0		5280.0	0
185.0	0		5325.0	0
185.1	0		5385.0	0
185.2	0		5445.0	0
185.3	0		5505.0	0
185.4	0		5565.0	0
185.5	0		5625.0	0
185.6	0		5685.4	0
185.7	0		5731.6	0
185.8	0		5805.4	0
185.9	0		5865.4	0
186.0	0		5985.4	0
186.1	0		6075.4	0
186.2	0		6052.6	0
186.3	0		6106.2	0
186.4	0		6166.7	0
186.5	0		6210.4	0
186.6	1		6255.0	0
186.7	2		6255.0	0
186.8	3		6240.0	0
186.9	3		6255.0	0
187.0	4		6255.0	0
187.1	5		6240.0	0
187.2	6		6255.0	1
187.3	0		6255.0	1
187.4	0		5445.0	0
187.5	0		5505.0	0
187.6	0		5550.4	0
187.7	0		5685.0	0
187.8	0		5710.7	0
187.9	0		5759.0	0
188.0	0		5805.4	0
188.1	0		5865.0	0
188.2	0		5925.0	0
188.3	0		5985.0	0
188.4	0		6015.0	0
188.5	0		6045.0	0
188.6	0		6105.0	0
188.7	0		6165.0	0
188.8	1		6225.0	0
188.9	1		6255.0	0
189.0	2		6240.0	0
189.1	3		6255.0	0
189.2	4		6255.0	0
189.3	6		6240.4	0
189.4	7		6255.0	1
189.5	0		6240.0	1
189.6	0		6021.3	0
189.7	0		5220.4	0
189.8	0		5265.0	0
189.9	0		5325.0	0
190.0	0		5385.0	0
190.1	0		5445.0	0
190.2	0		5490.0	0
190.3	0		5535.4	0
190.4	0		5612.2	0
190.5	0		5745.4	0
190.6	0		5865.0	0
190.7	0		5850.0	0
190.8	0		5864.0	0
190.9	0		5865.4	0
191.0	0		5925.4	0
191.1	0		5974.9	0
191.2	0		6045.4	0
191.3	1		6105.0	0
191.4	1		6165.0	0
191.5	1		6225.0	0
191.6	1		6255.4	0
191.7	3		6248.1	0
191.8	3		6240.8	0
191.9	5		6258.1	0
192.0	6		6240.4	1
192.1	4		6255.0	1
192.2	1		5961.9	0
192.3	0		5505.8	0
192.4	0		5540.6	0
192.5	0		5646.1	0
192.6	0		5655.4	0
192.7	0		5687.3	0
192.8	0		5700.8	0
192.9	0		5762.8	0
193.0	0		5820.4	0
193.1	0		5940.0	0
193.2	0		6000.0	0
193.3	0		6001.0	0
193.4	0		6060.4	0
193.5	0		6120.0	0
193.6	0		6165.4	0
193.7	1		6240.4	0
193.8	2		6251.3	0
193.9	3		6258.5	0
194.0	4		6240.8	0
194.1	5		6255.4	0
194.2	6		6242.3	0
194.3	6		6251.4	1
194.4	0		5895.4	1
194.5	0		5895.0	0
194.6	0		5205.4	0
194.7	0		5253.1	0
194.8	0		5325.4	0
194.9	0		5385.0	0
195.0	0		5445.0	0
195.1	0		5505.0	0
195.2	1		5550.8	0
195.3	0		5673.4	0
195.4	0		5790.4	0
195.5	0		5880.0	0
195.6	1		5804.7	0
195.7	0		5852.8	0
195.8	1		5895.8	0
195.9	1		5941.5	0
196.0	1		6000.4	0
196.1	1		6045.0	0
196.2	2		6120.8	0
196.3	2		6241.3	0
196.4	3		6255.8	0
196.5	2		6241.6	0
196.6	3		6259.3	0
196.7	4		6240.4	0
196.8	4		6255.0	0
196.9	5		6255.0	0
197.0	6		6240.4	1
197.1	0		6259.2	1
197.2	0		6075.8	0
197.3	0		5599.3	0
197.4	0		5655.4	0
197.5	0		5694.4	0
197.6	0		5770.0	0
197.7	0		5820.4	0
197.8	0		5880.4	0
197.9	0		6000.0	0
198.0	0		6060.0	0
198.1	0		6064.9	0
198.2	0		6135.8	0
198.3	0		6138.9	0
198.4	1		6192.0	0
198.5	2		6256.6	0
198.6	3		6241.8	0
198.7	5		6255.0	0
198.8	5		6256.2	0
198.9	5		6239.3	0
199.0	6		6261.8	1
199.1	0		5909.6	1
199.2	0		5235.8	0
199.3	0		5280.0	0
199.4	0		5340.0	0
199.5	0		5400.0	0
199.6	0		5445.0	0
199.7	0		5430.0	0
199.8	0		5505.0	0
199.9	1		5550.4	0
200.0	0		5610.4	0
200.1	94		2022.4	0
200.2	188		135.0	1
200.3	282		120.0	1
200.4	388		120.0	2
200.5	481		135.0	3
200.6	575		120.0	2
200.7	679		120.0	4
200.8	773		135.0	4
200.9	866		120.0	4
201.0	970		120.0	5
201.1	1063		135.0	5
201.2	1156		120.0	6
201.3	1260		120.0	7
201.4	1353		135.0	6
201.5	1445		120.0	7
201.6	1549		120.0	9
201.7	1640		135.0	8
201.8	1727		120.0	8
201.9	1829		120.0	10
202.0	1919		135.0	10
202.1	2010		120.0	10
202.2	2111		120.0	11
202.3	2201		135.0	11
202.4	2291		120.0	12
202.5	2382		120.0	12
202.6	2461		126.7	14
202.7	2219		135.0	13
202.8	966		119.1	13
202.9	22		120.7	13
203.0	10		132.7	0
203.1	0		118.2	0
203.2	12		88.0	0
203.3	24		122.0	0
203.4	48		122.6	0
203.5	56		121.3	9
203.6	20		120.0	12
203.7	0		61.2	0
203.8	0		15.0	0
203.9	12		18.2	0
204.0	0		75.8	0
204.1	2		75.4	0
204.2	0		57.2	0
204.3	0		45.8	0
204.4	0		36.1	0
204.5	21		60.4	0
204.6	12		105.4	0
204.7	12		77.8	0
204.8	8		108.0	0
204.9	26		121.2	0
205.0	24		124.9	2
205.1	52		135.8	0
205.2	12		120.0	1
205.3	24		100.8	0
205.4	0		105.0	0
205.5	19		115.4	0
205.6	20		120.8	0
205.7	33		136.4	0
205.8	32		120.0	1
205.9	20		120.4	4
206.0	24		120.0	0
206.1	8		135.0	0
206.2	0		120.0	0
206.3	8		120.0	0
206.4	20		120.0	0
206.5	32		135.0	1
206.6	32		120.0	1
206.7	0		120.0	1
206.8	12		90.0	0
206.9	0		105.0	0
207.0	0		105.0	0
207.1	24		105.4	0
207.2	20		120.0	0
207.3	33		120.4	0
207.4	33		121.5	2
207.5	21		136.2	1
207.6	0		90.0	0
207.7	14		92.3	0
207.8	0		108.8	0
207.9	40		109.9	0
208.0	32		120.0	4
208.1	32		120.4	4
208.2	11		135.0	0
208.3	0		90.0	0
208.4	12		90.0	0
208.5	24		120.0	0
208.6	20		120.0	4
208.7	32		120.0	2
208.8	29		135.4	3
208.9	20		120.0	1
209.0	68		120.8	1
209.1	0		135.0	8
209.2	0		39.8	0
209.3	12		75.4	0
209.4	23		60.0	0
209.5	8		120.0	0
209.6	0		120.0	0
209.7	12		113.2	0
209.8	9		121.2	0
209.9	28		121.1	0
210.0	34		123.1	0
210.1	19		133.9	2
210.2	20		120.4	1
210.3	23		120.4	0
210.4	16		130.1	3
210.5	32		120.0	0
210.6	12		105.4	0
210.7	12		105.0	0
210.8	10		110.9	0
210.9	16		105.4	0
211.0	27		128.3	0
211.1	32		120.4	2
211.2	22		135.8	2
211.3	10		113.9	0
211.4	13		105.8	0
211.5	37		125.6	0
211.6	40		120.0	2
211.7	30		117.8	3
211.8	8		135.4	1
211.9	12		60.0	0
212.0	0		90.0	0
212.1	12		120.4	0
212.2	12		105.4	0
212.3	72		120.0	0
212.4	8		120.0	4
212.5	7		135.0	0
212.6	0		103.9	0
212.7	15		90.4	0
212.8	56		135.0	0
212.9	21		120.0	6
213.0	0		90.0	0
213.1	0		75.0	0
213.2	12		45.0	0
213.3	0		90.0	0
213.4	0		90.4	0
213.5	0		120.4	0
213.6	56		113.0	0
213.7	44		135.4	7
213.8	0		120.4	0
213.9	0		78.6	0
214.0	5		60.4	0
214.1	12		90.0	0
214.2	0		90.0	0
214.3	36		105.0	0
214.4	32		120.0	0
214.5	0		116.1	0
214.6	8		120.0	0
214.7	32		120.8	0
214.8	20		135.0	1
214.9	44		120.0	0
215.0	32		120.0	2
215.1	6		120.0	0
215.2	0		120.4	0
215.3	18		120.0	0
215.4	42		118.5	2
215.5	32		120.4	2
215.6	32		135.0	2
215.7	32		120.0	1
215.8	32		120.0	2
215.9	20		135.0	0
216.0	44		120.0	0
216.1	8		120.0	6
216.2	32		135.0	0
216.3	32		120.0	2
216.4	24		120.0	0
216.5	32		120.0	0
216.6	20		135.0	3
216.7	44		120.0	0
216.8	20		120.0	2
216.9	32		135.4	0
217.0	20		120.0	3
217.1	32		120.4	0
217.2	12		125.5	4
217.3	8		135.4	0
217.4	0		75.0	0
217.5	0		30.0	0
217.6	12		30.0	0
217.7	12		45.4	0
217.8	0		75.0	0
217.9	12		105.8	0
218.0	1		67.7	0
218.1	8		110.1	0
218.2	30		120.8	0
218.3	28		127.6	5
218.4	11		92.7	2
218.5	4		119.5	0
218.6	0		94.9	0
218.7	0		96.0	0
218.8	12		90.4	0
218.9	0		90.0	0
219.0	7		93.4	0
219.1	51		123.3	0
219.2	32		135.0	2
219.3	12		109.9	0
219.4	0		120.4	0
219.5	12		90.0	0
219.6	24		105.0	0
219.7	25		120.4	0
219.8	13		127.2	2
219.9	32		135.4	0
220.0	20		120.0	1
220.1	8		120.0	0
220.2	12		120.0	0
220.3	0		90.0	0
220.4	20		90.4	0
220.5	23		120.4	0
220.6	31		133.7	0
220.7	32		120.8	1
220.8	16		130.5	3
220.9	6		120.4	0
221.0	12		90.4	0
221.1	0		102.8	0
221.2	10		90.4	0
221.3	33		120.4	0
221.4	0		107.2	0
221.5	8		120.4	0
221.6	20		120.0	0
221.7	32		120.0	0
221.8	32		135.0	2
221.9	0		120.0	1
222.0	0		75.4	0
222.1	24		120.0	0
222.2	44		120.0	0
222.3	20		135.0	7
222.4	0		105.0	0
222.5	0		91.2	0
222.6	0		111.0	0
222.7	0		79.7	0
222.8	10		91.2	0
222.9	27		110.6	0
223.0	40		117.3	0
223.1	4		133.0	4
223.2	21		121.8	0
223.3	21		118.9	0
223.4	43		120.1	0
223.5	1		128.2	7
223.6	36		120.4	0
223.7	0		121.6	0
223.8	0		98.6	0
223.9	24		85.5	0
224.0	12		120.8	0
224.1	32		120.0	0
224.2	20		135.8	2
224.3	44		120.0	1
224.4	12		124.9	4
224.5	12		123.3	0
224.6	12		95.0	0
224.7	0		106.4	0
224.8	6		105.0	0
224.9	18		132.7	0
225.0	20		120.4	0
225.1	56		120.0	0
225.2	32		135.4	3
225.3	44		120.0	5
225.4	0		105.4	2
225.5	20		90.8	0
225.6	48		114.5	0
225.7	33		122.2	7
225.8	20		120.4	11
225.9	12		90.0	0
226.0	0		75.8	0
226.1	0		75.0	0
226.2	36		60.8	0
226.3	32		135.4	0
226.4	17		124.3	0
226.5	32		120.0	0
226.6	20		120.6	8
226.7	8		135.0	0
226.8	0		105.4	0
226.9	24		90.0	0
227.0	31		105.0	0
227.1	20		120.0	1
227.2	27		135.4	0
227.3	25		117.1	1
227.4	0		130.2	0
227.5	23		120.4	0
227.6	44		120.0	0
227.7	32		120.0	1
227.8	20		135.4	2
227.9	8		120.8	0
228.0	73		120.0	0
228.1	17		125.9	5
228.2	17		120.4	0
228.3	0		116.1	0
228.4	17		83.9	0
228.5	24		90.0	0
228.6	32		120.4	0
228.7	0		135.0	5
228.8	12		125.9	0
228.9	2		100.6	0
229.0	57		126.8	0
229.1	15		129.3	11
229.2	92		119.9	0
229.3	37		127.3	2
229.4	22		120.0	5
229.5	70		137.6	1
229.6	32		120.0	6
229.7	44		120.0	0
229.8	20		135.8	4
229.9	44		120.4	0
230.0	9		119.7	3
230.1	41		136.2	0
230.2	48		120.0	6
230.3	40		116.9	2
230.4	28		130.2	9
230.5	0		129.3	3
230.6	0		75.0	0
230.7	4		77.1	0
230.8	0		97.8	0
230.9	31		105.4	0
231.0	0		120.4	5
231.1	0		118.5	0
231.2	0		108.8	0
231.3	0		83.5	0
231.4	0		127.2	0
231.5	6		105.8	0
231.6	36		94.7	0
231.7	33		121.2	0
231.8	34		121.6	0
231.9	22		121.5	7
232.0	33		136.2	5
232.1	20		120.0	4
232.2	8		120.0	0
232.3	1		90.4	0
232.4	54		120.4	0
232.5	20		135.4	7
232.6	20		120.0	0
232.7	11		119.6	0
232.8	3		98.8	0
232.9	9		60.7	0
233.0	0		81.5	0
233.1	20		75.0	0
233.2	12		120.8	0
233.3	44		105.0	0
233.4	20		120.4	5
233.5	20		120.4	0
233.6	2		120.0	0
233.7	8		75.0	0
233.8	12		72.3	0
233.9	0		90.8	0
234.0	41		90.4	0
234.1	32		120.0	0
234.2	17		131.8	0
234.3	11		88.9	0
234.4	0		105.4	0
234.5	12		120.0	0
234.6	24		120.0	0
234.7	32		120.4	0
234.8	11		120.0	3
234.9	23		138.6	0
235.0	32		120.8	0
235.1	43		105.0	0
235.2	20		135.0	7
235.3	32		120.0	0
235.4	10		120.4	0
235.5	12		75.4	0
235.6	28		130.6	0
235.7	0		120.0	0
235.8	40		109.7	0
235.9	21		121.4	0
236.0	68		120.0	0
236.1	12		135.0	5
236.2	6		123.3	0
236.3	0		73.5	0
236.4	0		75.8	0
236.5	18		86.3	0
236.6	30		120.4	0
236.7	13		120.4	5
236.8	37		126.1	3
236.9	9		121.2	4
237.0	63		135.4	0
237.1	32		120.4	3
237.2	6		116.8	0
237.3	0		108.1	0
237.4	39		75.0	0
237.5	24		90.8	0
237.6	27		108.6	0
237.7	20		135.0	1
237.8	44		120.4	0
237.9	20		120.0	3
238.0	0		104.4	0
238.1	2		57.0	0
238.2	24		75.4	0
238.3	0		120.4	0
238.4	12		125.2	0
238.5	48		120.4	0
238.6	0		120.8	3
238.7	25		118.0	0
238.8	0		120.0	0
238.9	12		75.8	0
239.0	14		90.7	0
239.1	0		120.4	0
239.2	0		93.8	0
239.3	12		120.4	0
239.4	32		135.0	0
239.5	20		120.8	2
239.6	45		119.7	0
239.7	71		121.6	2
239.8	42		132.8	1
239.9	0		111.3	0
240.0	57		69.1	0
240.1	28		106.6	0
240.2	0		125.6	2
240.3	12		121.2	0
240.4	16		125.3	0
240.5	28		120.0	0
240.6	16		130.6	3
240.7	8		120.8	0
240.8	0		105.0	0
240.9	0		75.0	0
241.0	0		75.0	0
241.1	12		105.4	0
241.2	60		120.4	0
241.3	20		135.0	9
241.4	32		120.0	0
241.5	20		120.0	0
241.6	0		105.4	0
241.7	23		120.0	0
241.8	24		123.3	0
241.9	44		135.0	0
242.0	32		120.8	4
242.1	11		120.0	0
242.2	0		124.0	0
242.3	19		90.4	0
242.4	24		91.8	0
242.5	32		120.8	0
242.6	0		135.4	3
242.7	12		92.1	0
242.8	0		86.4	0
242.9	9		106.2	0
243.0	0		105.0	0
243.1	8		105.8	0
243.2	44		135.0	0
243.3	6		120.4	7
243.4	66		117.9	0
243.5	34		123.0	3
243.6	19		120.8	0
243.7	45		115.3	0
243.8	32		120.0	4
243.9	0		110.0	0
244.0	0		46.2	0
244.1	0		45.4	0
244.2	12		39.0	0
244.3	0		60.8	0
244.4	17		121.6	0
244.5	59		105.0	0
244.6	35		124.2	3
244.7	20		135.8	2
244.8	32		120.0	0
244.9	20		120.4	3
245.0	3		129.6	0
245.1	36		94.9	0
245.2	15		120.8	0
245.3	51		122.9	1
245.4	20		120.0	16
245.5	12		120.0	0
245.6	0		105.8	0
245.7	0		98.6	0
245.8	13		93.7	0
245.9	12		120.4	0
246.0	16		120.4	0
246.1	22		120.0	0
246.2	40		116.0	0
246.3	20		135.0	5
246.4	44		120.0	0
246.5	28		120.4	3
246.6	7		121.2	0
246.7	12		117.7	0
246.8	26		121.2	0
246.9	35		122.8	3
247.0	8		121.4	3
247.1	12		135.4	0
247.2	14		90.8	0
247.3	13		120.8	0
247.4	44		123.1	0
247.5	32		120.4	6
247.6	0		120.0	1
247.7	1		119.0	0
247.8	8		96.2	0
247.9	0		109.3	0
248.0	36		120.4	0
248.1	20		120.0	0
248.2	33		135.8	1
248.3	9		120.8	12
248.4	18		121.2	0
248.5	5		118.3	0
248.6	9		106.6	0
248.7	24		81.2	0
248.8	20		135.4	0
248.9	56		120.0	0
249.0	32		120.0	5
249.1	10		135.4	0
249.2	11		122.4	0
249.3	41		121.0	1
249.4	18		117.6	2
249.5	58		120.8	3
249.6	57		136.2	5
249.7	28		120.0	8
249.8	1		107.9	0
249.9	0		116.9	0
250.0	29		94.1	0
250.1	0		272.7	0
250.2	0		431.5	0
250.3	0		476.1	0
250.4	0		288.8	0
250.5	0		331.6	0
250.6	0		392.5	0
250.7	0		427.7	0
250.8	0		491.3	0
250.9	0		615.4	0
251.0	0		611.4	0
251.1	0		642.3	0
251.2	0		706.2	0
251.3	0		667.9	0
251.4	0		571.1	0
251.5	0		455.8	0
251.6	0		682.5	0
251.7	0		799.3	0
251.8	0		998.5	0
251.9	0		781.9	0
252.0	0		772.2	0
252.1	0		644.8	0
252.2	0		667.5	0
252.3	0		660.4	0
252.4	0		705.0	0
252.5	0		721.7	0
252.6	0		750.0	0
252.7	0		795.4	0
252.8	0		815.8	0
252.9	0		960.8	0
253.0	0		933.5	0
253.1	0		974.6	0
253.2	0		996.4	0
253.3	0		965.5	0
253.4	0		1050.4	0
253.5	0		1200.0	0
253.6	0		1305.4	0
253.7	0		1413.9	0
253.8	0		1120.4	0
253.9	0		1143.7	0
254.0	0		1246.6	0
254.1	0		1224.4	0
254.2	0		1238.2	0
254.3	0		1269.0	0
254.4	0		1293.1	0
254.5	0		1325.7	0
254.6	0		1350.4	0
254.7	0		1380.0	0
254.8	0		1410.0	0
254.9	0		1440.0	0
255.0	0		1470.0	0
255.1	0		1500.4	0
255.2	0		1532.9	0
255.3	0		1560.8	0
255.4	0		1710.8	0
255.5	0		1770.0	0
255.6	0		1684.4	0
255.7	0		1696.2	0
255.8	0		1740.8	0
255.9	0		1789.1	0
256.0	0		1890.4	0
256.1	0		1935.0	0
256.2	0		1930.6	0
256.3	0		1980.4	0
256.4	0		2100.4	0
256.5	0		2130.0	0
256.6	0		2147.1	0
256.7	0		2176.2	0
256.8	0		2268.1	0
256.9	0		2277.3	0
257.0	0		2325.8	0
257.1	0		2399.6	0
257.2	0		2445.4	0
257.3	0		2490.4	0
257.4	0		2551.2	0
257.5	0		2662.3	0
257.6	0		2671.5	0
257.7	0		2730.4	0
257.8	0		2775.0	0
257.9	0		2835.8	0
258.0	0		2955.4	0
258.1	0		2990.9	0
258.2	0		3052.7	0
258.3	0		3088.7	0
258.4	0		3139.7	0
258.5	0		3195.4	0
258.6	0		3255.4	0
258.7	0		3315.0	0
258.8	0		3377.9	0
258.9	0		3435.4	0
259.0	0		3495.4	0
259.1	0		3570.0	0
259.2	0		3622.4	0
259.3	0		3683.3	0
259.4	0		3735.4	0
259.5	0		3795.0	0
259.6	0		3855.4	0
259.7	0		3975.0	0
259.8	0		4065.0	0
259.9	0		4035.0	0
260.0	0		4093.3	0
260.1	0		4155.4	0
260.2	0		4188.5	0
260.3	0		4245.4	0
260.4	0		4305.0	0
260.5	0		4365.0	0
260.6	0		4425.0	0
260.7	0		4470.0	0
260.8	0		4530.0	0
260.9	0		4590.0	0
261.0	0		4650.0	0
261.1	0		4710.0	0
261.2	0		4755.0	0
261.3	0		4830.0	0
261.4	0		4890.0	0
261.5	0		4950.4	0
261.6	0		5013.1	0
261.7	0		5055.8	0
261.8	0		5133.2	0
261.9	0		5190.4	0
262.0	0		5250.8	0
262.1	1		5313.9	0
262.2	1		5491.8	0
262.3	0		5640.8	0
262.4	0		5541.6	0
262.5	1		5566.2	0
262.6	0		5670.4	0
262.7	0		5681.6	0
262.8	0		5730.8	0
262.9	0		5854.4	0
263.0	0		5908.6	0
263.1	0		5940.4	0
263.2	0		5992.7	0
263.3	0		6030.4	0
263.4	0		6090.0	0
263.5	0		6150.0	0
263.6	0		6210.4	0
263.7	0		6330.0	0
263.8	0		6450.4	0
263.9	0		6543.3	0
264.0	0		6432.4	0
264.1	0		6480.8	0
264.2	0		6525.0	0
264.3	0		6600.0	0
264.4	0		6660.4	0
264.5	0		6722.5	0
264.6	0		6780.4	0
264.7	0		6825.4	0
264.8	0		6900.0	0
264.9	0		6961.8	0
265.0	0		7022.2	0
265.1	0		7068.5	0
265.2	0		7141.2	0
265.3	0		7203.6	0
265.4	0		7260.8	0
265.5	0		7305.0	0
265.6	0		7380.0	0
265.7	0		7440.0	0
265.8	0		7500.0	0
265.9	0		7560.0	0
266.0	0		7605.0	0
266.1	0		7680.0	0
266.2	0		7740.4	0
266.3	0		7815.4	0
266.4	0		7913.9	0
266.5	0		7980.8	0
266.6	0		7991.5	0
266.7	0		8044.0	0
266.8	0		8175.0	0
266.9	0		8229.0	0
267.0	0		8352.5	0
267.1	0		8370.4	0
267.2	0		8352.9	0
267.3	0		8396.8	0
267.4	0		8460.4	0
267.5	0		8520.0	0
267.6	0		8580.4	0
267.7	0		8625.0	0
267.8	0		8704.8	0
267.9	0		8763.6	0
268.0	0		8820.4	0
268.1	0		8865.0	0
268.2	0		8940.4	0
268.3	0		9015.4	0
268.4	0		9066.4	0
268.5	0		9105.4	0
268.6	0		9180.4	0
268.7	0		9244.9	0
268.8	0		9300.8	0
268.9	0		9420.0	0
269.0	0		9450.0	0
269.1	0		9483.3	0
269.2	0		9540.4	0
269.3	0		9600.0	0
269.4	0		9645.0	0
269.5	0		9720.0	0
269.6	0		9765.0	0
269.7	0		9825.0	0
269.8	0		9870.0	0
269.9	0		9930.0	0
270.0	0		9990.0	0
270.1	0		10050.0	0
270.2	0		10110.4	0
270.3	0		10155.4	0
270.4	0		10232.3	0
270.5	0		10275.4	0
270.6	0		10320.0	0
270.7	0		10365.0	0
270.8	0		10440.0	0
270.9	0		10500.0	0
271.0	0		10560.4	0
271.1	0		10609.8	0
271.2	0		10680.4	0
271.3	0		10740.0	0
271.4	0		10800.4	0
271.5	0		10864.2	0
271.6	0		10905.4	0
271.7	0		10980.4	0
271.8	0		11041.9	0
271.9	0		11100.4	0
272.0	0		11145.8	0
272.1	0		11295.8	0
272.2	0		11301.8	0
272.3	0		11344.4	0
272.4	0		11386.6	0
272.5	0		11520.4	0
272.6	0		11610.4	0
272.7	0		11653.6	0
272.8	0		11650.0	0
272.9	0		11688.5	0
273.0	0		11760.8	0
273.1	0		11829.0	0
273.2	0		11885.5	0
273.3	0		11925.8	0
273.4	0		12000.0	0
273.5	0		12060.0	0
273.6	0		12120.0	0
273.7	0		12165.0	0
273.8	0		12240.4	0
273.9	0		12312.2	0
274.0	0		12405.4	0
274.1	0		12423.1	0
274.2	0		12466.2	0
274.3	1		12510.5	0
274.4	1		12487.6	0
274.5	2		12511.2	0
274.6	2		12500.7	0
274.7	3		12495.4	0
274.8	3		12492.7	0
274.9	3		12513.3	0
275.0	5		12498.7	0
275.1	5		12487.3	0
275.2	6		12511.1	1
275.3	0		11246.8	1
275.4	0		11023.8	0
275.5	0		9901.6	0
275.6	0		9956.2	0
275.7	0		10007.0	0
275.8	0		10068.5	0
275.9	0		10129.8	0
276.0	0		10299.6	0
276.1	0		10358.1	0
276.2	0		10366.6	0
276.3	0		10400.4	0
276.4	0		10426.2	0
276.5	0		10497.9	0
276.6	0		10545.8	0
276.7	0		10605.4	0
276.8	0		10665.0	0
276.9	0		10770.0	0
277.0	0		10905.0	0
277.1	0		10856.0	0
277.2	0		10905.4	0
277.3	0		10950.0	0
277.4	0		11025.0	0
277.5	0		11085.0	0
277.6	0		11147.0	0
277.7	0		11204.6	0
277.8	0		11268.5	0
277.9	1		11327.9	0
278.0	0		11454.2	0
278.1	0		11511.1	0
278.2	0		11520.1	0
278.3	0		11576.0	0
278.4	0		11625.4	0
278.5	0		11670.4	0
278.6	0		11750.0	0
278.7	0		11879.5	0
278.8	0		11880.0	0
278.9	0		11965.1	0
279.0	0		11980.8	0
279.1	0		12045.8	0
279.2	1		12105.4	0
279.3	1		12225.0	0
279.4	0		12330.0	0
279.5	0		12297.2	0
279.6	0		12330.4	0
279.7	0		12390.0	0
279.8	0		12435.0	0
279.9	0		12510.0	0
280.0	1		12495.0	0
280.1	1		12495.0	0
280.2	2		12510.0	0
280.3	2		12495.0	0
280.4	3		12495.4	0
280.5	3		12500.8	0
280.6	4		12510.4	0
280.7	4		12495.0	0
280.8	4		12495.0	0
280.9	5		12510.0	0
281.0	5		12495.4	0
281.1	6		12495.4	1
281.2	1		11463.3	1
281.3	1		11520.4	0
281.4	1		11625.4	0
281.5	0		11552.8	0
281.6	1		11636.7	0
281.7	1		11745.4	0
281.8	0		11865.4	0
281.9	0		11929.1	0
282.0	0		11878.3	0
282.1	0		11929.1	0
282.2	1		11970.4	0
282.3	0		12120.4	0
282.4	0		12180.2	0
282.5	0		12172.8	0
282.6	0		12210.8	0
282.7	0		12286.9	0
282.8	0		12345.4	0
282.9	0		12405.0	0
283.0	0		12450.0	0
283.1	0		12510.4	0
283.2	1		12501.6	0
283.3	1		12495.4	0
283.4	2		12495.0	0
283.5	2		12510.0	0
283.6	3		12495.4	0
283.7	3		12495.4	0
283.8	4		12510.0	0
283.9	4		12495.0	0
284.0	5		12505.5	0
284.1	5		12495.0	0
284.2	5		12495.4	1
284.3	6		12510.4	1
284.4	0		11865.8	0
284.5	0		9429.6	0
284.6	0		9462.8	0
284.7	0		9511.2	0
284.8	0		9618.1	0
284.9	0		9735.4	0
285.0	0		9711.1	0
285.1	0		9751.2	0
285.2	0		9801.1	0
285.3	0		9872.0	0
285.4	0		9930.4	0
285.5	0		9990.4	0
285.6	0		10080.0	0
285.7	0		10117.5	0
285.8	0		10170.4	0
285.9	0		10230.4	0
286.0	1		10290.4	0
286.1	0		10395.0	0
286.2	0		10416.3	0
286.3	0		10470.4	0
286.4	1		10538.2	0
286.5	1		10635.4	0
286.6	0		10755.0	0
286.7	0		10755.0	0
286.8	0		10756.2	0
286.9	0		10801.8	0
287.0	0		10875.4	0
287.1	0		10935.0	0
287.2	0		10995.0	0
287.3	0		11055.0	0
287.4	0		11100.0	0
287.5	0		11175.0	0
287.6	0		11235.0	0
287.7	0		11295.0	0
287.8	0		11340.4	0
287.9	0		11421.4	0
288.0	0		11478.9	0
288.1	0		11535.4	0
288.2	0		11580.4	0
288.3	0		11659.2	0
288.4	0		11715.8	0
288.5	0		11775.4	0
288.6	0		11838.8	0
288.7	0		11881.2	0
288.8	0		11962.2	0
288.9	1		12024.1	0
289.0	0		12188.1	0
289.1	0		12128.0	0
289.2	0		12316.2	0
289.3	0		12333.0	0
289.4	0		12339.6	0
289.5	0		12375.4	0
289.6	1		12495.4	0
289.7	0		12494.9	0
289.8	1		12503.0	0
289.9	1		12495.4	0
290.0	2		12508.1	0
290.1	2		12493.0	0
290.2	2		12495.4	0
290.3	3		12510.0	0
290.4	3		12495.4	0
290.5	4		12495.0	0
290.6	5		12510.8	0
290.7	6		12496.7	0
290.8	7		12495.4	1
290.9	0		12480.0	1
291.0	1		12080.7	0
291.1	0		12165.0	0
291.2	0		12129.1	0
291.3	0		12186.1	0
291.4	0		12234.4	0
291.5	0		12285.0	0
291.6	0		12349.5	0
291.7	0		12405.4	0
291.8	1		12450.4	0
291.9	1		12510.0	0
292.0	1		12495.0	0
292.1	2		12507.9	0
292.2	2		12495.4	0
292.3	3		12495.0	0
292.4	3		12495.4	0
292.5	3		12512.3	0
292.6	4		12495.4	0
292.7	4		12502.1	0
292.8	5		12495.8	0
292.9	5		12495.0	0
293.0	6		12510.4	1
293.1	6		12497.2	1
293.2	0		11010.8	1
293.3	1		10354.3	0
293.4	1		10426.9	0
293.5	0		10545.4	0
293.6	0		10605.0	0
293.7	0		10557.0	0
293.8	0		10590.4	0
293.9	0		10665.0	0
294.0	0		10725.0	0
294.1	0		10785.0	0
294.2	0		10830.0	0
294.3	0		10905.0	0
294.4	0		10965.0	0
294.5	0		11025.0	0
294.6	0		11070.0	0
294.7	0		11145.0	0
294.8	0		11205.0	0
294.9	0		11265.0	0
295.0	0		11325.0	0
295.1	0		11370.0	0
295.2	0		11445.0	0
295.3	0		11505.0	0
295.4	0		11565.0	0
295.5	0		11610.0	0
295.6	0		11685.0	0
295.7	0		11745.0	0
295.8	0		11805.0	0
295.9	0		11850.0	0
296.0	0		11925.0	0
296.1	0		11986.6	0
296.2	1		12052.4	0
296.3	1		12174.3	0
296.4	1		12270.4	0
296.5	1		12465.0	0
296.6	0		12303.3	0
296.7	0		12360.4	0
296.8	0		12405.0	0
296.9	0		12480.0	0
297.0	1		12495.0	0
297.1	1		12510.0	0
297.2	1		12495.0	0
297.3	2		12495.0	0
297.4	2		12510.0	0
297.5	3		12495.0	0
297.6	3		12495.0	0
297.7	4		12510.0	0
297.8	4		12495.0	0
297.9	5		12495.0	0
298.0	5		12510.0	0
298.1	5		12495.0	1
298.2	0		12495.0	1
298.3	0		11745.4	0
298.4	0		11805.4	0
298.5	0		11925.0	0
298.6	0		11928.8	0
298.7	0		11955.8	0
298.8	0		12030.0	0
298.9	0		12090.0	0
299.0	0		12150.0	0
299.1	0		12195.0	0
299.2	0		12270.0	0
299.3	0		12330.0	0
299.4	0		12390.0	0
299.5	0		12435.0	0
299.6	1		12510.0	0
299.7	1		12495.0	0
299.8	2		12495.0	0
299.9	2		12510.0	0
-------------------------------------
Max queue length: 2472 ms
Average queue length: 23 ms
Average throughput: 4505.6 KB/s
-------------------------------------
