=====================================
Time    Queue length    Rate    Drops
-------------------------------------
0.1	0		2.0	0
0.2	0		241.2	0
0.3	0		557.6	0
0.4	0		1146.8	0
0.5	0		2190.4	0
0.6	0		4079.3	0
0.7	10		6780.4	0
0.8	47		7658.6	97
0.9	50		12510.8	461
1.0	12		12495.0	95
1.1	0		9771.3	0
1.2	0		6247.2	0
1.3	0		6300.8	0
1.4	0		3451.6	0
1.5	1		449.5	0
1.6	0		525.4	0
1.7	0		716.1	0
1.8	0		1080.4	0
1.9	0		1603.0	0
2.0	3		2465.8	0
2.1	9		3106.2	0
2.2	13		4748.8	0
2.3	15		8680.8	0
2.4	0		12504.8	0
2.5	0		7681.5	0
2.6	0		7999.7	0
2.7	0		8041.2	0
2.8	0		8148.5	0
2.9	0		8185.8	0
3.0	0		8235.8	0
3.1	0		8280.0	0
3.2	0		8355.0	0
3.3	0		8415.0	0
3.4	0		8475.0	0
3.5	0		8520.4	0
3.6	0		8610.0	0
3.7	0		8663.3	0
3.8	0		8775.8	0
3.9	0		8805.8	0
4.0	0		8834.3	0
4.1	0		8960.5	0
4.2	0		9016.2	0
4.3	0		9091.2	0
4.4	0		9126.4	0
4.5	0		9143.1	0
4.6	0		9197.1	0
4.7	0		9255.4	0
4.8	0		9300.4	0
4.9	1		9375.4	0
5.0	1		9555.0	0
5.1	0		9660.0	0
5.2	0		9596.8	0
5.3	0		9609.1	0
5.4	0		9675.8	0
5.5	0		9740.7	0
5.6	1		9799.5	0
5.7	1		9975.8	0
5.8	0		10095.0	0
5.9	0		9998.1	0
6.0	0		10047.6	0
6.1	0		10080.0	0
6.2	0		10290.0	0
6.3	0		10219.5	0
6.4	0		10275.0	0
6.5	0		10380.8	0
6.6	1		10531.2	0
6.7	0		10852.7	0
6.8	1		10769.8	0
6.9	1		11055.4	0
7.0	0		10983.2	0
7.1	0		10712.9	0
7.2	0		10771.2	0
7.3	0		10860.0	0
7.4	0		10893.7	0
7.5	0		10952.5	0
7.6	0		11010.0	0
7.7	0		11072.9	0
7.8	0		11134.2	0
7.9	0		11190.0	0
8.0	0		11250.0	0
8.1	0		11311.5	0
8.2	0		11370.4	0
8.3	0		11430.0	0
8.4	0		11490.4	0
8.5	0		11550.4	0
8.6	0		11626.9	0
8.7	0		11671.6	0
8.8	0		11794.2	0
8.9	0		11910.5	0
9.0	0		11872.1	0
9.1	0		11868.6	0
9.2	0		11981.1	0
9.3	0		12006.6	0
9.4	0		12046.6	0
9.5	0		12093.0	0
9.6	0		12135.4	0
9.7	0		12195.0	0
9.8	0		12255.4	0
9.9	0		12301.2	0
10.0	0		12370.9	0
10.1	0		12501.5	0
10.2	1		12501.8	0
10.3	1		12502.7	0
10.4	2		12495.4	0
10.5	2		12513.6	0
10.6	2		12495.8	0
10.7	3		12490.1	0
10.8	3		12513.4	0
10.9	4		12495.4	0
11.0	4		12495.0	0
11.1	5		12495.4	0
11.2	5		12511.2	0
11.3	6		12500.2	0
11.4	6		12498.5	0
11.5	7		12495.8	0
11.6	7		12496.8	0
11.7	7		12511.8	0
11.8	8		12495.0	0
11.9	8		12495.0	0
12.0	9		12496.8	0
12.1	9		12510.0	0
12.2	10		12496.8	0
12.3	10		12495.0	0
12.4	10		12510.4	0
12.5	11		12495.0	0
12.6	11		12495.4	0
12.7	12		12501.6	0
12.8	12		12495.4	0
12.9	13		12510.4	0
13.0	13		12491.9	0
13.1	13		12511.2	0
13.2	14		12499.0	0
13.3	16		12492.2	0
13.4	16		12496.2	0
13.5	16		12510.6	0
13.6	16		12491.5	0
13.7	16		12500.2	0
13.8	17		12510.8	0
13.9	17		12489.5	0
14.0	17		12507.3	0
14.1	17		12499.6	0
14.2	18		12495.0	0
14.3	18		12495.0	0
14.4	19		12510.0	0
14.5	19		12502.8	0
14.6	19		12495.0	0
14.7	20		12495.0	0
14.8	20		12509.2	0
14.9	21		12495.0	0
15.0	21		12495.0	0
15.1	21		12510.0	0
15.2	22		12495.9	0
15.3	22		12495.4	0
15.4	22		12510.0	0
15.5	23		12495.0	0
15.6	23		12495.0	0
15.7	24		12495.8	0
15.8	25		12510.0	0
15.9	25		12498.4	0
16.0	25		12495.8	0
16.1	25		12498.2	0
16.2	26		12499.2	0
16.3	27		12511.9	0
16.4	26		12495.8	0
16.5	27		12497.2	0
16.6	27		12497.9	0
16.7	28		12495.8	0
16.8	28		12506.0	0
16.9	28		12495.4	0
17.0	29		12510.8	0
17.1	29		12496.9	0
17.2	29		12495.4	0
17.3	30		12497.3	0
17.4	30		12510.8	0
17.5	31		12495.0	0
17.6	31		12495.4	0
17.7	33		12511.2	0
17.8	34		12490.1	0
17.9	33		12506.8	0
18.0	34		12502.1	0
18.1	35		12489.8	0
18.2	34		12497.0	0
18.3	33		12508.2	0
18.4	35		12496.2	0
18.5	35		12496.2	0
18.6	35		12509.1	0
18.7	35		12490.9	0
18.8	35		12507.4	0
18.9	35		12495.4	0
19.0	36		12500.0	0
19.1	36		12510.4	0
19.2	37		12495.0	0
19.3	37		12495.0	0
19.4	37		12510.0	0
19.5	37		12495.0	0
19.6	38		12495.0	0
19.7	38		12510.0	0
19.8	39		12495.0	0
19.9	39		12495.0	0
20.0	39		12510.0	0
20.1	40		12495.0	0
20.2	40		12495.0	0
20.3	40		12510.4	0
20.4	41		12495.0	0
20.5	41		12499.3	0
20.6	42		12495.4	0
20.7	42		12503.3	0
20.8	43		12493.7	0
20.9	43		12511.2	0
21.0	44		12495.8	0
21.1	44		12496.5	0
21.2	44		12495.4	0
21.3	44		12513.9	0
21.4	44		12495.4	0
21.5	44		12495.8	0
21.6	45		12495.2	0
21.7	45		12510.4	0
21.8	46		12495.0	0
21.9	46		12495.8	0
22.0	46		12501.3	0
22.1	47		12506.4	0
22.2	47		12495.0	0
22.3	47		12496.8	0
22.4	48		12512.0	0
22.5	49		12490.5	0
22.6	49		12505.2	0
22.7	49		12498.6	0
22.8	49		12505.4	2
22.9	50		12501.4	5
23.0	20		12497.1	1
23.1	1		9302.9	0
23.2	0		9419.2	0
23.3	0		9398.2	0
23.4	0		9475.7	0
23.5	0		9537.6	0
23.6	0		9588.6	0
23.7	0		9661.3	0
23.8	0		9700.6	0
23.9	0		9750.8	0
24.0	0		9796.9	0
24.1	0		9930.4	0
24.2	0		9975.0	0
24.3	0		9997.3	0
24.4	0		10035.4	0
24.5	0		10110.0	0
24.6	0		10170.0	0
24.7	0		10230.0	0
24.8	0		10290.4	0
24.9	0		10337.7	0
25.0	0		10410.4	0
25.1	0		10470.0	0
25.2	0		10530.4	0
25.3	0		10577.7	0
25.4	0		10650.8	0
25.5	0		10711.6	0
25.6	0		10772.0	0
25.7	0		10923.8	0
25.8	0		10931.1	0
25.9	0		10959.6	0
26.0	1		11017.6	0
26.1	0		11259.3	0
26.2	0		11260.9	0
26.3	0		11299.3	0
26.4	0		11297.9	0
26.5	0		11322.8	0
26.6	0		11370.8	0
26.7	0		11431.7	0
26.8	0		11490.0	0
26.9	0		11550.4	0
27.0	0		11611.7	0
27.1	0		11672.5	0
27.2	0		11752.2	0
27.3	0		11793.3	0
27.4	0		11863.4	0
27.5	0		11926.6	0
27.6	0		11980.5	0
27.7	0		12002.7	0
27.8	0		12064.8	0
27.9	0		12121.1	0
28.0	0		12165.4	0
28.1	0		12150.0	0
28.2	0		12225.0	0
28.3	0		12285.0	0
28.4	0		12345.0	0
28.5	0		12405.0	0
28.6	0		12450.0	0
28.7	1		12510.0	0
28.8	1		12495.4	0
28.9	2		12495.0	0
29.0	2		12498.3	0
29.1	3		12510.4	0
29.2	3		12495.0	0
29.3	4		12495.0	0
29.4	4		12510.4	0
29.5	5		12496.4	0
29.6	5		12495.0	0
29.7	5		12510.4	0
29.8	6		12495.4	0
29.9	7		12495.0	0
30.0	7		12508.4	0
30.1	8		12495.0	0
30.2	8		12495.0	0
30.3	8		12501.4	0
30.4	9		12510.4	0
30.5	9		12495.0	0
30.6	9		12495.0	0
30.7	10		12510.0	0
30.8	10		12495.0	0
30.9	11		12495.4	0
31.0	11		12495.0	0
31.1	12		12503.5	0
31.2	12		12498.2	0
31.3	13		12510.8	0
31.4	13		12497.0	0
31.5	13		12495.4	0
31.6	14		12495.0	0
31.7	14		12510.0	0
31.8	15		12495.0	0
31.9	15		12495.4	0
32.0	15		12501.1	0
32.1	16		12510.4	0
32.2	16		12495.0	0
32.3	17		12495.4	0
32.4	17		12510.4	0
32.5	18		12488.4	0
32.6	18		12504.2	0
32.7	18		12495.4	0
32.8	19		12510.0	0
32.9	19		12495.0	0
33.0	19		12495.0	0
33.1	20		12510.4	0
33.2	20		12495.0	0
33.3	21		12495.4	0
33.4	22		12510.0	0
33.5	22		12495.0	0
33.6	22		12506.3	0
33.7	22		12495.4	0
33.8	23		12495.4	0
33.9	24		12510.0	0
34.0	24		12495.4	0
34.1	24		12499.5	0
34.2	25		12505.3	0
34.3	25		12496.2	0
34.4	26		12498.8	0
34.5	25		12505.7	0
34.6	26		12495.4	0
34.7	26		12495.4	0
34.8	27		12505.0	0
34.9	27		12495.8	0
35.0	27		12495.0	0
35.1	28		12510.4	0
35.2	28		12495.0	0
35.3	29		12495.0	0
35.4	29		12510.4	0
35.5	29		12494.0	0
35.6	29		12496.9	0
35.7	30		12511.2	0
35.8	30		12495.4	0
35.9	31		12495.0	0
36.0	31		12497.7	0
36.1	31		12510.4	0
36.2	32		12495.8	0
36.3	32		12498.4	0
36.4	32		12495.0	0
36.5	33		12510.4	0
36.6	33		12495.8	0
36.7	34		12497.1	0
36.8	34		12505.3	0
36.9	34		12496.2	0
37.0	35		12496.7	0
37.1	35		12496.5	0
37.2	35		12510.0	0
37.3	36		12496.5	0
37.4	36		12495.0	0
37.5	36		12510.4	0
37.6	37		12495.4	0
37.7	37		12495.4	0
37.8	37		12497.5	0
37.9	38		12510.8	0
38.0	38		12497.3	0
38.1	38		12498.0	0
38.2	39		12498.1	0
38.3	39		12497.3	0
38.4	39		12510.8	0
38.5	40		12495.0	0
38.6	40		12495.0	0
38.7	40		12510.0	0
38.8	41		12495.0	0
38.9	41		12496.2	0
39.0	42		12497.9	0
39.1	43		12510.9	0
39.2	43		12493.1	0
39.3	43		12502.3	0
39.4	43		12493.4	0
39.5	43		12511.2	0
39.6	43		12495.0	0
39.7	44		12495.4	0
39.8	45		12510.4	0
39.9	45		12495.0	0
40.0	47		12495.0	0
40.1	46		12510.0	0
40.2	46		12495.4	0
40.3	46		12502.4	0
40.4	46		12493.9	0
40.5	47		12500.4	0
40.6	48		12500.1	0
40.7	48		12499.7	0
40.8	48		12501.5	0
40.9	48		12507.3	0
41.0	49		12496.2	0
41.1	48		12498.5	0
41.2	49		12494.1	0
41.3	49		12510.4	0
41.4	49		12495.8	0
41.5	50		12495.0	1
41.6	50		12504.3	5
41.7	49		12498.9	0
41.8	0		11581.6	0
41.9	0		9450.0	0
42.0	0		9540.0	0
42.1	0		9496.5	0
42.2	0		9540.4	0
42.3	0		9600.0	0
42.4	0		9630.8	0
42.5	0		9766.5	0
42.6	0		9891.5	0
42.7	0		10020.8	0
42.8	0		9934.1	0
42.9	0		10093.8	0
43.0	0		10108.7	0
43.1	0		10069.8	0
43.2	0		10174.3	0
43.3	0		10265.4	0
43.4	0		10248.6	0
43.5	0		10305.4	0
43.6	0		10365.0	0
43.7	0		10410.0	0
43.8	0		10485.4	0
43.9	0		10575.4	0
44.0	0		10607.1	0
44.1	0		10654.6	0
44.2	0		10725.8	0
44.3	0		10800.4	0
44.4	0		10920.4	0
44.5	0		11045.9	0
44.6	0		11280.4	0
44.7	0		11250.0	0
44.8	0		11118.2	0
44.9	0		11160.8	0
45.0	0		11220.4	0
45.1	0		11250.0	0
45.2	0		11342.0	0
45.3	0		11463.7	0
45.4	0		11677.5	0
45.5	0		11511.7	0
45.6	0		11559.8	0
45.7	0		11595.8	0
45.8	0		11670.0	0
45.9	0		11730.4	0
46.0	0		11805.4	0
46.1	0		11838.4	0
46.2	0		11865.4	0
46.3	0		11925.0	0
46.4	0		11985.8	0
46.5	0		12033.8	0
46.6	0		12105.8	0
46.7	0		12225.8	0
46.8	0		12244.0	0
46.9	0		12346.2	0
47.0	0		12480.4	0
47.1	1		12470.5	0
47.2	2		12505.4	0
47.3	1		12508.6	0
47.4	2		12492.3	0
47.5	3		12499.5	0
47.6	2		12508.1	0
47.7	3		12493.2	0
47.8	3		12496.6	0
47.9	4		12501.7	0
48.0	4		12496.8	0
48.1	4		12501.8	0
48.2	5		12499.1	0
48.3	7		12505.5	0
48.4	8		12497.1	0
48.5	7		12499.6	0
48.6	7		12508.7	0
48.7	7		12499.1	0
48.8	8		12494.3	0
48.9	8		12497.5	0
49.0	9		12498.3	0
49.1	9		12507.4	0
49.2	10		12489.9	0
49.3	11		12512.0	0
49.4	12		12492.2	0
49.5	13		12496.8	0
49.6	11		12512.0	0
49.7	12		12491.9	0
49.8	13		12495.4	0
49.9	13		12500.2	0
50.0	13		12503.5	0
50.1	103		5745.4	446
50.2	192		1260.0	2
50.3	282		1245.0	9
50.4	373		1245.0	84
50.5	462		1260.0	28
50.6	498		1245.0	26
50.7	498		1245.4	35
50.8	498		1260.0	0
50.9	496		1245.4	0
51.0	496		1245.0	0
51.1	496		1253.6	0
51.2	149		1254.4	0
51.3	5		1095.4	0
51.4	0		840.0	0
51.5	31		669.9	0
51.6	1		1096.2	0
51.7	1		1140.0	0
51.8	1		1245.0	0
51.9	7		1245.0	0
52.0	21		1260.0	0
52.1	30		1245.0	0
52.2	32		1245.0	0
52.3	36		1260.0	0
52.4	39		1245.0	0
52.5	43		1245.0	0
52.6	45		1260.0	0
52.7	52		1245.0	0
52.8	62		1245.0	0
52.9	50		1260.0	0
53.0	54		1245.0	0
53.1	56		1245.0	0
53.2	58		1260.4	0
53.3	63		1245.0	0
53.4	66		1246.5	0
53.5	68		1260.0	0
53.6	69		1245.4	0
53.7	73		1245.0	0
53.8	74		1245.0	0
53.9	78		1260.4	0
54.0	82		1245.4	0
54.1	84		1245.4	0
54.2	86		1260.0	0
54.3	88		1251.7	0
54.4	91		1245.0	0
54.5	92		1245.8	0
54.6	94		1260.0	0
54.7	97		1245.0	0
54.8	99		1245.0	0
54.9	102		1260.0	0
55.0	104		1245.0	0
55.1	105		1245.0	0
55.2	109		1260.4	0
55.3	109		1245.4	0
55.4	113		1245.4	0
55.5	115		1246.6	0
55.6	118		1258.8	0
55.7	118		1245.4	0
55.8	121		1245.4	0
55.9	123		1260.0	0
56.0	126		1245.0	0
56.1	128		1245.0	0
56.2	128		1260.0	0
56.3	132		1245.0	0
56.4	133		1245.0	0
56.5	135		1260.0	0
56.6	138		1245.0	0
56.7	139		1245.0	0
56.8	140		1260.0	0
56.9	142		1245.0	0
57.0	144		1245.0	0
57.1	146		1260.0	0
57.2	148		1245.4	0
57.3	150		1245.4	0
57.4	153		1260.4	0
57.5	154		1245.8	0
57.6	158		1245.0	0
57.7	159		1257.7	0
57.8	161		1245.0	0
57.9	162		1254.4	0
58.0	165		1246.2	0
58.1	167		1245.0	0
58.2	167		1262.3	0
58.3	168		1249.2	0
58.4	171		1247.0	0
58.5	172		1245.4	0
58.6	174		1250.1	0
58.7	175		1245.4	0
58.8	178		1260.0	0
58.9	180		1253.0	0
59.0	181		1249.0	0
59.1	182		1247.2	0
59.2	189		1250.5	0
59.3	191		1245.4	0
59.4	198		1245.4	0
59.5	201		1260.0	0
59.6	204		1251.6	0
59.7	211		1245.0	0
59.8	213		1245.0	0
59.9	214		1260.4	0
60.0	226		1245.4	0
60.1	229		1245.4	0
60.2	222		1253.9	0
60.3	225		1248.1	0
60.4	227		1246.2	0
60.5	227		1249.3	0
60.6	211		1261.2	0
60.7	219		1240.2	0
60.8	220		1260.4	0
60.9	227		1245.4	0
61.0	228		1249.4	0
61.1	233		1245.8	0
61.2	239		1260.0	0
61.3	238		1243.0	0
61.4	240		1249.5	0
61.5	243		1251.6	0
61.6	242		1246.2	0
61.7	241		1250.1	0
61.8	241		1252.0	0
61.9	234		1256.2	0
62.0	232		1250.9	0
62.1	237		1239.7	0
62.2	242		1261.2	0
62.3	243		1246.2	0
62.4	244		1242.6	0
62.5	243		1250.5	0
62.6	258		1248.9	0
62.7	258		1260.0	0
62.8	259		1245.8	0
62.9	270		1246.6	0
63.0	284		1245.4	0
63.1	285		1260.0	0
63.2	288		1245.4	0
63.3	299		1245.8	0
63.4	328		1251.2	0
63.5	329		1260.4	0
63.6	336		1245.4	0
63.7	338		1248.8	0
63.8	272		1244.4	0
63.9	276		1257.2	0
64.0	279		1245.0	0
64.1	287		1246.2	0
64.2	303		1257.3	0
64.3	303		1246.2	0
64.4	299		1258.2	0
64.5	302		1247.5	0
64.6	337		1245.4	0
64.7	339		1248.4	0
64.8	339		1256.4	0
64.9	342		1245.4	0
65.0	286		1252.8	0
65.1	286		1246.2	0
65.2	288		1255.8	0
65.3	298		1247.4	0
65.4	280		1253.7	0
65.5	281		1248.8	0
65.6	282		1253.7	0
65.7	277		1239.1	0
65.8	276		1252.8	0
65.9	276		1252.4	0
66.0	284		1245.8	0
66.1	283		1258.9	0
66.2	283		1247.0	0
66.3	284		1245.8	0
66.4	282		1248.3	0
66.5	282		1256.5	0
66.6	283		1252.7	0
66.7	287		1245.4	0
66.8	288		1245.8	0
66.9	289		1246.8	0
67.0	289		1255.7	0
67.1	288		1245.4	0
67.2	290		1258.5	0
67.3	290		1245.8	0
67.4	291		1249.9	0
67.5	292		1245.0	0
67.6	296		1251.3	0
67.7	297		1260.4	0
67.8	298		1249.0	0
67.9	299		1246.2	0
68.0	299		1245.4	0
68.1	300		1247.0	0
68.2	300		1260.8	0
68.3	302		1247.4	0
68.4	303		1245.8	0
68.5	304		1249.7	0
68.6	304		1260.4	0
68.7	306		1249.9	0
68.8	309		1235.9	0
68.9	309		1262.1	0
69.0	310		1245.4	0
69.1	311		1245.8	0
69.2	313		1255.4	0
69.3	313		1245.4	0
69.4	314		1245.4	0
69.5	317		1260.4	0
69.6	318		1245.0	0
69.7	321		1245.4	0
69.8	322		1260.4	0
69.9	324		1245.4	0
70.0	323		1249.4	0
70.1	324		1245.4	0
70.2	326		1258.7	0
70.3	332		1245.4	0
70.4	333		1245.8	0
70.5	339		1260.0	0
70.6	336		1251.6	0
70.7	342		1245.0	0
70.8	343		1245.4	0
70.9	345		1246.5	0
71.0	350		1260.0	0
71.1	351		1245.4	0
71.2	353		1245.0	0
71.3	352		1260.8	0
71.4	360		1245.0	0
71.5	360		1245.0	0
71.6	352		1260.4	0
71.7	354		1239.4	0
71.8	355		1254.9	0
71.9	343		1256.5	0
72.0	344		1245.0	0
72.1	345		1247.3	0
72.2	344		1246.2	0
72.3	345		1260.4	0
72.4	345		1245.4	0
72.5	347		1245.0	0
72.6	349		1259.1	0
72.7	355		1245.4	0
72.8	356		1247.6	0
72.9	357		1260.0	0
73.0	357		1246.2	0
73.1	362		1245.4	0
73.2	368		1245.8	0
73.3	369		1260.0	0
73.4	375		1245.0	0
73.5	377		1246.7	0
73.6	385		1260.0	0
73.7	385		1249.0	0
73.8	385		1245.4	0
73.9	383		1245.0	0
74.0	384		1260.5	0
74.1	366		1238.8	0
74.2	367		1252.3	0
74.3	371		1260.8	0
74.4	371		1245.4	0
74.5	372		1247.8	0
74.6	372		1250.9	0
74.7	375		1245.4	0
74.8	382		1250.5	0
74.9	382		1260.0	0
75.0	387		1247.3	0
75.1	388		1245.4	0
75.2	387		1245.0	0
75.3	392		1248.3	0
75.4	392		1260.0	0
75.5	391		1245.4	0
75.6	392		1255.2	0
75.7	395		1245.4	0
75.8	396		1252.2	0
75.9	396		1245.0	0
76.0	396		1260.0	0
76.1	403		1243.6	0
76.2	400		1246.2	0
76.3	393		1252.2	0
76.4	393		1245.0	0
76.5	394		1260.4	0
76.6	392		1245.4	0
76.7	398		1250.4	0
76.8	399		1246.2	0
76.9	399		1248.0	0
77.0	400		1261.7	0
77.1	399		1245.0	0
77.2	406		1254.6	0
77.3	410		1238.5	0
77.4	416		1254.5	0
77.5	418		1258.8	0
77.6	419		1245.8	0
77.7	425		1248.5	0
77.8	425		1245.0	0
77.9	425		1246.4	0
78.0	426		1257.9	0
78.1	435		1245.0	0
78.2	438		1247.8	0
78.3	422		1258.0	0
78.4	419		1253.9	0
78.5	418		1249.2	0
78.6	428		1246.9	0
78.7	429		1247.7	0
78.8	429		1245.8	0
78.9	429		1260.8	0
79.0	430		1245.4	0
79.1	442		1251.5	0
79.2	434		1254.0	0
79.3	443		1245.8	0
79.4	443		1245.0	0
79.5	444		1260.0	0
79.6	443		1236.2	0
79.7	462		1255.6	0
79.8	464		1245.8	0
79.9	463		1261.9	0
80.0	464		1245.0	0
80.1	464		1245.0	0
80.2	472		1247.0	0
80.3	456		1262.4	0
80.4	454		1238.6	0
80.5	454		1260.4	0
80.6	455		1239.1	0
80.7	460		1260.0	0
80.8	437		1250.4	0
80.9	439		1245.8	0
81.0	441		1247.8	0
81.1	442		1245.0	0
81.2	447		1261.6	0
81.3	453		1245.0	0
81.4	457		1251.5	0
81.5	458		1250.6	0
81.6	457		1253.5	0
81.7	459		1245.4	0
81.8	459		1241.7	0
81.9	454		1254.9	0
82.0	453		1246.2	0
82.1	455		1260.4	0
82.2	457		1251.6	0
82.3	464		1245.4	0
82.4	459		1247.5	0
82.5	459		1252.1	0
82.6	459		1245.4	0
82.7	460		1260.0	0
82.8	461		1247.7	0
82.9	448		1243.8	0
83.0	447		1246.2	0
83.1	445		1263.5	0
83.2	448		1245.0	0
83.3	448		1247.6	0
83.4	449		1245.0	0
83.5	454		1248.3	0
83.6	453		1260.0	0
83.7	453		1252.2	0
83.8	456		1243.6	0
83.9	458		1245.4	0
84.0	455		1260.0	0
84.1	455		1247.8	0
84.2	455		1247.4	0
84.3	456		1245.4	0
84.4	456		1260.4	0
84.5	459		1245.8	0
84.6	458		1253.9	0
84.7	459		1245.4	0
84.8	459		1246.6	0
84.9	461		1260.0	0
85.0	462		1245.4	0
85.1	471		1242.8	0
85.2	470		1247.7	0
85.3	470		1256.2	0
85.4	471		1248.1	0
85.5	472		1260.0	0
85.6	470		1239.6	0
85.7	470		1246.4	0
85.8	470		1260.4	0
85.9	469		1246.2	0
86.0	471		1245.0	0
86.1	470		1260.0	0
86.2	470		1245.8	0
86.3	471		1246.2	0
86.4	471		1245.8	0
86.5	471		1260.0	0
86.6	474		1245.8	0
86.7	474		1245.0	0
86.8	476		1260.0	0
86.9	476		1246.4	0
87.0	478		1246.9	0
87.1	481		1260.4	0
87.2	488		1245.4	0
87.3	488		1245.0	0
87.4	491		1245.0	0
87.5	491		1261.5	0
87.6	490		1247.8	0
87.7	486		1250.2	0
87.8	489		1245.0	0
87.9	489		1260.0	1
88.0	491		1245.0	0
88.1	491		1245.8	0
88.2	491		1245.8	0
88.3	491		1260.8	0
88.4	488		1240.3	0
88.5	488		1260.4	0
88.6	490		1245.0	0
88.7	490		1245.4	0
88.8	492		1260.0	0
88.9	492		1245.8	0
89.0	487		1245.4	0
89.1	488		1246.6	0
89.2	489		1260.0	0
89.3	489		1245.0	0
89.4	434		1248.3	0
89.5	436		1246.6	0
89.6	436		1260.4	0
89.7	438		1245.0	0
89.8	438		1245.0	0
89.9	438		1259.3	0
90.0	439		1246.2	0
90.1	440		1247.4	0
90.2	441		1260.0	0
90.3	443		1245.0	0
90.4	442		1245.8	0
90.5	443		1246.2	0
90.6	444		1262.4	0
90.7	444		1245.0	0
90.8	446		1245.0	0
90.9	446		1260.4	0
91.0	452		1238.8	0
91.1	453		1261.6	0
91.2	454		1246.2	0
91.3	455		1245.4	0
91.4	457		1246.2	0
91.5	461		1260.0	0
91.6	462		1245.8	0
91.7	469		1245.8	0
91.8	470		1248.9	0
91.9	478		1249.3	0
92.0	477		1254.9	0
92.1	470		1250.4	0
92.2	472		1249.7	0
92.3	477		1244.9	0
92.4	476		1260.0	0
92.5	476		1240.7	0
92.6	477		1260.4	0
92.7	478		1246.2	0
92.8	478		1245.8	0
92.9	488		1260.0	0
93.0	488		1245.0	3
93.1	484		1247.2	0
93.2	486		1245.4	0
93.3	486		1260.4	0
93.4	488		1245.0	0
93.5	488		1245.0	0
93.6	488		1260.0	0
93.7	490		1245.4	0
93.8	491		1245.4	0
93.9	491		1251.0	0
94.0	493		1253.1	0
94.1	475		1245.8	0
94.2	476		1260.0	0
94.3	477		1245.8	0
94.4	478		1248.2	0
94.5	479		1245.4	0
94.6	483		1258.0	0
94.7	483		1246.9	1
94.8	485		1245.0	2
94.9	488		1260.4	0
95.0	488		1245.8	0
95.1	487		1248.6	0
95.2	492		1245.4	2
95.3	492		1260.0	3
95.4	493		1245.0	0
95.5	493		1256.7	0
95.6	495		1248.7	0
95.7	494		1247.1	0
95.8	488		1245.0	0
95.9	488		1245.0	0
96.0	489		1260.0	0
96.1	489		1245.8	0
96.2	492		1245.8	0
96.3	396		1260.4	0
96.4	396		1245.0	0
96.5	397		1245.0	0
96.6	398		1260.0	0
96.7	389		1245.8	0
96.8	374		1242.0	0
96.9	374		1260.0	0
97.0	376		1245.0	0
97.1	377		1245.0	0
97.2	376		1253.5	0
97.3	377		1260.0	0
97.4	377		1245.0	0
97.5	381		1245.0	0
97.6	380		1260.0	0
97.7	381		1245.8	0
97.8	382		1245.0	0
97.9	382		1260.0	0
98.0	384		1245.0	0
98.1	384		1245.0	0
98.2	386		1245.4	0
98.3	386		1260.0	0
98.4	386		1245.0	0
98.5	387		1245.5	0
98.6	388		1260.4	0
98.7	390		1250.6	0
98.8	390		1245.0	0
98.9	391		1245.0	0
99.0	392		1260.4	0
99.1	397		1245.8	0
99.2	399		1247.1	0
99.3	399		1260.0	0
99.4	401		1245.0	0
99.5	407		1245.0	0
99.6	406		1260.0	0
99.7	409		1245.4	0
99.8	409		1245.0	0
99.9	409		1245.0	0
100.0	416		1260.4	0
100.1	502		570.0	14
100.2	589		135.0	4
100.3	675		120.0	1
100.4	772		120.0	0
100.5	859		135.0	1
100.6	945		120.0	2
100.7	1042		120.0	0
100.8	1129		135.0	2
100.9	1216		120.4	0
101.0	1313		120.0	3
101.1	1399		126.1	9
101.2	1486		135.0	9
101.3	1572		120.0	8
101.4	1669		120.0	8
101.5	1756		135.0	1
101.6	1842		120.0	2
101.7	1940		120.0	3
101.8	2027		135.0	1
101.9	2113		120.0	2
102.0	2210		120.0	8
102.1	2298		135.0	11
102.2	2384		120.0	0
102.3	2482		120.0	0
102.4	2568		135.0	4
102.5	2654		120.0	2
102.6	2752		120.0	1
102.7	2838		135.0	1
102.8	2924		120.0	1
102.9	3022		120.0	1
103.0	3108		135.0	2
103.1	3194		120.0	1
103.2	3292		120.0	2
103.3	3378		135.0	1
103.4	3464		120.0	3
103.5	3562		120.0	1
103.6	3648		135.0	1
103.7	3734		120.0	1
103.8	3832		120.0	1
103.9	3918		135.0	1
104.0	4004		120.0	0
104.1	4102		120.0	2
104.2	4188		135.0	0
104.3	4276		120.0	1
104.4	4373		120.0	1
104.5	4459		135.0	2
104.6	4546		120.0	3
104.7	4642		120.0	4
104.8	4729		135.0	5
104.9	4815		120.0	2
105.0	4916		120.0	1
105.1	4969		135.0	4
105.2	4969		120.0	1
105.3	4969		120.0	0
105.4	4969		135.0	0
105.5	4969		120.0	0
105.6	4969		120.0	0
105.7	4969		135.0	0
105.8	4969		120.0	0
105.9	4969		120.0	0
106.0	4981		135.0	0
106.1	4981		120.0	0
106.2	4976		120.4	0
106.3	4976		135.0	0
106.4	4976		120.0	0
106.5	4976		120.0	0
106.6	4968		125.0	0
106.7	4968		135.0	0
106.8	4956		120.0	0
106.9	4956		120.4	0
107.0	4956		135.0	0
107.1	4945		120.4	0
107.2	4945		120.0	0
107.3	4945		135.0	0
107.4	4945		120.0	0
107.5	4945		120.0	0
107.6	4945		135.0	0
107.7	4945		120.0	0
107.8	4945		120.0	0
107.9	4945		135.0	0
108.0	4945		120.0	0
108.1	4933		120.0	0
108.2	4933		135.4	0
108.3	4933		120.0	0
108.4	4933		120.0	0
108.5	4933		135.0	0
108.6	4921		120.4	0
108.7	4921		120.0	0
108.8	4921		135.0	0
108.9	4921		120.0	0
109.0	4921		120.0	0
109.1	4921		135.0	0
109.2	4921		120.0	0
109.3	4921		120.0	0
109.4	4921		135.0	0
109.5	4921		120.0	0
109.6	4910		120.4	0
109.7	4910		135.0	0
109.8	4886		120.4	0
109.9	4886		120.4	0
110.0	4875		120.4	0
110.1	3951		135.0	0
110.2	3627		121.2	0
110.3	3635		120.0	0
110.4	3164		131.5	0
110.5	3188		120.0	0
110.6	3212		135.0	0
110.7	1324		125.2	0
110.8	1372		126.1	0
110.9	1396		120.0	0
111.0	1037		120.0	0
111.1	1013		122.9	0
111.2	841		132.6	0
111.3	586		126.1	0
111.4	613		128.3	0
111.5	639		124.1	0
111.6	579		125.6	0
111.7	556		123.0	0
111.8	509		118.8	0
111.9	550		120.4	0
112.0	577		135.9	0
112.1	510		126.3	0
112.2	474		123.6	0
112.3	523		124.0	0
112.4	467		123.3	0
112.5	514		120.0	0
112.6	468		124.5	0
112.7	449		127.9	0
112.8	461		127.7	0
112.9	449		123.4	0
113.0	470		120.4	0
113.1	391		129.4	0
113.2	330		130.1	0
113.3	340		124.5	0
113.4	351		120.4	0
113.5	359		120.0	0
113.6	364		123.9	0
113.7	361		137.2	0
113.8	374		121.2	0
113.9	386		120.0	0
114.0	395		120.0	0
114.1	395		135.4	0
114.2	405		120.4	0
114.3	418		121.8	0
114.4	432		135.4	0
114.5	432		122.3	0
114.6	432		120.8	0
114.7	444		120.0	0
114.8	443		135.4	0
114.9	455		120.4	0
115.0	466		120.0	0
115.1	480		123.5	0
115.2	492		135.3	0
115.3	504		120.4	0
115.4	506		120.8	0
115.5	518		123.2	0
115.6	518		135.4	0
115.7	542		120.0	0
115.8	528		120.4	0
115.9	552		135.8	0
116.0	600		120.4	0
116.1	602		120.0	0
116.2	623		137.0	0
116.3	625		123.1	0
116.4	649		120.0	0
116.5	661		120.0	0
116.6	648		135.0	0
116.7	648		118.9	0
116.8	636		121.6	0
116.9	621		132.9	0
117.0	619		121.2	0
117.1	619		120.0	0
117.2	643		135.0	0
117.3	655		120.0	0
117.4	645		120.0	0
117.5	671		136.2	0
117.6	683		123.4	0
117.7	672		120.4	0
117.8	680		130.1	0
117.9	680		120.0	0
118.0	680		120.4	0
118.1	692		135.0	0
118.2	704		120.4	0
118.3	729		120.4	0
118.4	750		136.2	0
118.5	762		120.4	0
118.6	762		120.0	0
118.7	766		120.4	0
118.8	766		135.0	0
118.9	814		120.4	0
119.0	826		120.0	0
119.1	850		135.0	0
119.2	850		120.0	0
119.3	897		120.0	0
119.4	885		135.8	0
119.5	897		120.0	0
119.6	897		120.0	0
119.7	909		135.0	0
119.8	909		120.0	0
119.9	945		120.8	0
120.0	958		135.8	0
120.1	970		120.8	0
120.2	980		116.9	0
120.3	980		135.0	0
120.4	862		123.6	0
120.5	874		120.0	0
120.6	874		135.0	0
120.7	886		120.4	0
120.8	888		120.4	0
120.9	948		122.1	0
121.0	997		135.0	0
121.1	1033		122.1	0
121.2	1037		120.0	0
121.3	1042		125.9	0
121.4	1054		122.9	0
121.5	1043		135.8	0
121.6	1091		124.7	0
121.7	1103		120.0	0
121.8	1103		120.0	0
121.9	1108		135.8	0
122.0	1128		111.0	0
122.1	1153		136.6	0
122.2	937		118.8	0
122.3	944		120.4	0
122.4	945		138.0	0
122.5	968		120.0	0
122.6	1026		120.4	0
122.7	989		121.2	0
122.8	1002		135.4	0
122.9	1002		120.0	0
123.0	1006		126.1	0
123.1	1013		120.4	0
123.2	1029		134.5	0
123.3	1070		124.7	0
123.4	1079		121.0	0
123.5	1079		122.1	0
123.6	1089		120.0	0
123.7	1094		136.2	0
123.8	1118		126.8	0
123.9	1097		114.2	0
124.0	1100		130.0	0
124.1	1145		120.4	0
124.2	1145		135.4	0
124.3	1189		120.4	0
124.4	1200		120.0	0
124.5	1201		135.4	0
124.6	1169		112.8	0
124.7	1216		136.2	0
124.8	1225		118.3	0
124.9	1237		120.4	0
125.0	1237		135.8	0
125.1	1274		122.5	0
125.2	1256		128.5	0
125.3	1241		125.9	0
125.4	1224		114.3	0
125.5	1224		135.0	0
125.6	1236		120.0	0
125.7	1237		120.8	0
125.8	1249		120.8	0
125.9	1185		134.6	0
126.0	1151		125.4	0
126.1	1151		120.8	0
126.2	1187		120.4	0
126.3	1187		135.0	0
126.4	1188		120.4	0
126.5	1161		132.4	0
126.6	1161		121.9	0
126.7	1166		120.8	0
126.8	1166		120.0	0
126.9	1146		130.0	0
127.0	1158		131.2	0
127.1	1173		123.4	0
127.2	1142		116.1	0
127.3	1160		128.3	0
127.4	1168		130.7	0
127.5	1160		122.0	0
127.6	1160		123.4	0
127.7	1139		120.0	0
127.8	1138		137.0	0
127.9	1138		120.4	0
128.0	1150		120.4	0
128.1	1150		135.0	0
128.2	1115		112.4	0
128.3	1118		127.5	0
128.4	1110		135.0	0
128.5	1088		113.5	0
128.6	1093		126.7	0
128.7	1091		120.4	0
128.8	1127		135.8	0
128.9	1139		120.0	0
129.0	1138		120.4	0
129.1	1149		135.0	0
129.2	1150		121.8	0
129.3	1162		120.0	0
129.4	1157		135.0	0
129.5	1152		120.4	0
129.6	1163		120.4	0
129.7	1162		135.0	0
129.8	1155		122.1	0
129.9	1183		121.2	0
130.0	1216		124.1	0
130.1	1264		120.0	0
130.2	1241		136.6	0
130.3	1253		120.0	0
130.4	1253		120.0	0
130.5	1250		131.8	0
130.6	1263		120.0	0
130.7	1263		122.6	0
130.8	1263		135.4	0
130.9	1265		121.2	0
131.0	1277		121.6	0
131.1	1278		121.2	0
131.2	1289		135.4	0
131.3	1308		120.4	0
131.4	1344		119.4	0
131.5	1378		132.7	0
131.6	1414		120.0	0
131.7	1402		120.4	0
131.8	1414		135.4	0
131.9	1414		120.0	0
132.0	1411		120.4	0
132.1	1417		128.6	0
132.2	1436		122.2	0
132.3	1471		135.4	0
132.4	1481		120.4	0
132.5	1529		127.0	0
132.6	1555		117.7	0
132.7	1566		132.1	0
132.8	1571		123.8	0
132.9	1584		125.4	0
133.0	1502		120.8	0
133.1	1517		121.2	0
133.2	1481		135.4	0
133.3	1481		121.6	0
133.4	1482		120.4	0
133.5	1494		135.0	0
133.6	1487		120.4	0
133.7	1487		120.4	0
133.8	1499		122.0	0
133.9	1536		136.7	0
134.0	1546		120.0	0
134.1	1597		120.0	0
134.2	1553		123.5	0
134.3	1546		131.1	0
134.4	1544		120.4	0
134.5	1542		136.2	0
134.6	1526		118.7	0
134.7	1550		128.2	0
134.8	1513		119.2	0
134.9	1529		129.3	0
135.0	1532		125.2	0
135.1	1544		124.0	0
135.2	1544		120.4	0
135.3	1591		135.0	0
135.4	1591		120.0	0
135.5	1608		125.0	0
135.6	1527		128.5	0
135.7	1506		122.8	0
135.8	1539		120.4	0
135.9	1532		121.6	0
136.0	1589		136.2	0
136.1	1595		120.0	0
136.2	1594		124.1	0
136.3	1610		122.7	0
136.4	1616		120.8	0
136.5	1681		135.8	0
136.6	1699		120.4	0
136.7	1706		122.0	0
136.8	1715		122.0	0
136.9	1762		135.0	0
137.0	1774		120.0	0
137.1	1773		120.0	0
137.2	1786		135.0	0
137.3	1786		120.8	0
137.4	1804		120.0	0
137.5	1812		136.2	0
137.6	1778		120.4	0
137.7	1769		125.6	0
137.8	1788		120.0	0
137.9	1765		135.0	0
138.0	1762		121.2	0
138.1	1765		120.4	0
138.2	1795		133.1	0
138.3	1740		120.0	0
138.4	1747		122.5	0
138.5	1742		130.8	0
138.6	1746		125.7	0
138.7	1794		121.4	0
138.8	1758		120.0	0
138.9	1770		135.0	0
139.0	1723		121.6	0
139.1	1722		118.8	0
139.2	1746		120.7	0
139.3	1754		129.9	0
139.4	1747		126.8	0
139.5	1726		130.5	0
139.6	1691		121.2	0
139.7	1696		120.0	0
139.8	1696		126.5	0
139.9	1709		122.2	0
140.0	1699		135.4	0
140.1	1649		120.4	0
140.2	1619		123.1	0
140.3	1633		125.9	0
140.4	1580		123.6	0
140.5	1573		119.7	0
140.6	1587		135.0	0
140.7	1580		125.2	0
140.8	1582		127.3	0
140.9	1569		118.0	0
141.0	1585		120.8	0
141.1	1580		135.4	0
141.2	1572		120.4	0
141.3	1571		120.4	0
141.4	1580		135.0	0
141.5	1580		122.3	0
141.6	1591		120.8	0
141.7	1555		120.9	0
141.8	1528		134.2	0
141.9	1511		120.4	0
142.0	1508		127.3	0
142.1	1503		120.8	0
142.2	1515		135.4	0
142.3	1513		121.6	0
142.4	1508		122.0	0
142.5	1504		120.4	0
142.6	1535		121.9	0
142.7	1547		135.0	0
142.8	1547		120.4	0
142.9	1546		120.0	0
143.0	1547		135.4	0
143.1	1557		120.0	0
143.2	1569		120.4	0
143.3	1578		132.0	0
143.4	1566		120.8	0
143.5	1565		120.4	0
143.6	1598		135.0	0
143.7	1626		120.8	0
143.8	1625		125.8	0
143.9	1629		120.0	0
144.0	1685		135.4	0
144.1	1722		119.1	0
144.2	1742		120.4	0
144.3	1819		135.0	0
144.4	1826		120.0	0
144.5	1862		120.0	0
144.6	1873		135.4	0
144.7	1890		120.0	0
144.8	1890		126.7	0
144.9	1894		125.1	0
145.0	1903		120.8	0
145.1	1915		131.0	0
145.2	1916		122.3	0
145.3	1919		120.0	0
145.4	1919		136.2	0
145.5	1919		120.4	0
145.6	1856		122.7	0
145.7	1851		129.2	0
145.8	1851		120.0	0
145.9	1875		120.0	0
146.0	1876		135.4	0
146.1	1835		123.5	0
146.2	1768		125.0	0
146.3	1769		127.6	0
146.4	1805		120.4	0
146.5	1781		120.0	0
146.6	1788		135.0	0
146.7	1788		121.2	0
146.8	1832		120.4	0
146.9	1875		120.0	0
147.0	1904		135.0	0
147.1	1905		117.0	0
147.2	1941		135.0	0
147.3	1939		120.0	0
147.4	1964		122.4	0
147.5	1997		135.0	0
147.6	2012		120.0	0
147.7	2010		120.8	0
147.8	2039		120.8	0
147.9	2040		135.4	0
148.0	2040		120.0	0
148.1	1996		118.6	0
148.2	1998		128.8	0
148.3	1999		128.4	0
148.4	2019		131.7	0
148.5	1939		120.0	0
148.6	1940		120.0	0
148.7	1965		135.8	0
148.8	2002		122.4	0
148.9	1966		120.8	0
149.0	1901		129.8	0
149.1	1895		122.9	0
149.2	1885		120.0	0
149.3	1885		123.0	0
149.4	1895		135.4	0
149.5	1903		114.0	0
149.6	1939		135.0	0
149.7	1950		120.0	0
149.8	1920		120.0	0
149.9	1923		128.8	0
150.0	1923		124.2	0
150.1	0		2521.2	0
150.2	0		2574.1	0
150.3	0		2427.1	0
150.4	0		2482.7	0
150.5	0		2487.9	0
150.6	0		2550.8	0
150.7	0		2584.9	0
150.8	0		2644.8	0
150.9	0		2702.0	0
151.0	0		2760.8	0
151.1	0		2835.0	0
151.2	0		2891.2	0
151.3	0		2925.4	0
151.4	0		2985.0	0
151.5	0		3045.0	0
151.6	0		3105.4	0
151.7	0		3165.4	0
151.8	0		3286.7	0
151.9	0		3405.4	0
152.0	0		3330.0	0
152.1	0		3367.1	0
152.2	0		3420.8	0
152.3	0		3495.0	0
152.4	0		3547.4	0
152.5	0		3600.8	0
152.6	0		3675.4	0
152.7	0		3723.1	0
152.8	0		3750.8	0
152.9	0		3810.0	0
153.0	0		3870.0	0
153.1	0		3915.0	0
153.2	0		3990.4	0
153.3	0		4054.7	0
153.4	0		4110.4	0
153.5	0		4170.4	0
153.6	0		4230.4	0
153.7	0		4301.0	0
153.8	0		4350.4	0
153.9	0		4410.0	0
154.0	0		4470.0	0
154.1	0		4530.0	0
154.2	0		4590.0	0
154.3	0		4650.0	0
154.4	0		4710.0	0
154.5	1		4770.0	0
154.6	1		4815.0	0
154.7	1		4890.0	0
154.8	1		4950.0	0
154.9	2		5010.8	0
155.0	2		5135.5	0
155.1	0		5253.4	0
155.2	0		5190.4	0
155.3	2		5228.2	0
155.4	1		5340.4	0
155.5	1		5374.8	0
155.6	1		5460.8	0
155.7	0		5499.5	0
155.8	0		5550.4	0
155.9	0		5610.0	0
156.0	1		5655.0	0
156.1	1		5700.0	0
156.2	1		5760.0	0
156.3	1		5805.0	0
156.4	1		5880.0	0
156.5	1		5940.4	0
156.6	1		6000.4	0
156.7	1		6085.7	0
156.8	1		6136.2	0
156.9	1		6180.0	0
157.0	1		6244.5	0
157.1	2		6240.4	0
157.2	3		6255.0	0
157.3	4		6255.0	0
157.4	4		6240.0	0
157.5	5		6255.0	0
157.6	6		6255.0	0
157.7	7		6240.4	0
157.8	8		6260.4	0
157.9	10		6240.0	0
158.0	10		6256.2	0
158.1	11		6244.3	0
158.2	11		6249.9	0
158.3	13		6245.8	0
158.4	14		6257.0	0
158.5	14		6256.2	0
158.6	15		6240.4	0
158.7	17		6255.4	0
158.8	18		6249.1	0
158.9	20		6255.4	0
159.0	18		6240.0	0
159.1	19		6252.3	0
159.2	19		6255.8	0
159.3	21		6240.4	0
159.4	21		6255.0	0
159.5	22		6255.0	0
159.6	23		6244.7	0
159.7	23		6255.4	0
159.8	24		6240.0	0
159.9	25		6255.0	0
160.0	25		6255.0	0
160.1	26		6240.0	0
160.2	27		6255.0	0
160.3	28		6255.0	0
160.4	28		6240.4	0
160.5	30		6255.0	0
160.6	31		6255.0	0
160.7	32		6240.4	0
160.8	32		6254.0	0
160.9	32		6255.8	0
161.0	34		6240.0	0
161.1	34		6250.1	0
161.2	34		6252.8	0
161.3	35		6255.4	0
161.4	36		6240.0	0
161.5	36		6255.0	0
161.6	37		6255.0	0
161.7	38		6240.0	0
161.8	38		6255.0	0
161.9	39		6255.0	0
162.0	40		6240.0	0
162.1	41		6255.0	0
162.2	41		6255.0	0
162.3	42		6240.0	0
162.4	43		6255.0	0
162.5	43		6255.0	0
162.6	44		6240.0	0
162.7	44		6255.0	0
162.8	45		6255.0	0
162.9	46		6240.0	0
163.0	47		6255.0	0
163.1	47		6255.0	0
163.2	48		6240.0	0
163.3	48		6255.8	0
163.4	49		6255.0	0
163.5	50		6250.2	0
163.6	50		6240.8	0
163.7	51		6255.0	0
163.8	51		6255.0	0
163.9	52		6240.0	0
164.0	53		6255.4	0
164.1	53		6255.0	0
164.2	54		6240.4	0
164.3	55		6256.9	0
164.4	55		6240.8	0
164.5	56		6255.0	0
164.6	57		6252.7	0
164.7	57		6255.0	0
164.8	57		6240.4	0
164.9	58		6255.4	0
165.0	59		6240.0	0
165.1	59		6256.9	0
165.2	60		6255.0	0
165.3	61		6240.4	0
165.4	61		6256.9	0
165.5	62		6255.0	0
165.6	62		6240.0	0
165.7	63		6255.0	0
165.8	63		6240.8	0
165.9	65		6255.0	0
166.0	66		6256.9	0
166.1	67		6240.0	0
166.2	68		6255.4	0
166.3	70		6256.9	0
166.4	70		6240.0	0
166.5	68		6255.0	0
166.6	68		6255.0	0
166.7	69		6242.3	0
166.8	69		6255.4	0
166.9	70		6240.0	0
167.0	71		6255.0	0
167.1	72		6255.4	0
167.2	73		6240.4	0
167.3	74		6256.9	0
167.4	76		6240.0	0
167.5	76		6255.8	0
167.6	74		6253.1	0
167.7	74		6243.1	0
167.8	75		6256.2	0
167.9	77		6255.8	0
168.0	78		6245.0	0
168.1	77		6245.2	0
168.2	78		6255.2	0
168.3	78		6243.0	0
168.4	79		6256.2	0
168.5	80		6255.8	0
168.6	80		6240.0	0
168.7	80		6248.4	0
168.8	80		6255.4	0
168.9	81		6250.6	0
169.0	81		6241.5	0
169.1	82		6256.6	0
169.2	82		6255.0	0
169.3	83		6249.6	0
169.4	83		6240.0	0
169.5	84		6256.2	0
169.6	84		6255.8	0
169.7	85		6245.1	0
169.8	86		6243.4	0
169.9	87		6255.0	0
170.0	87		6248.8	0
170.1	87		6253.2	0
170.2	87		6255.4	0
170.3	88		6244.8	0
170.4	89		6246.8	0
170.5	89		6250.2	0
170.6	91		6256.2	0
170.7	91		6242.5	0
170.8	93		6245.3	0
170.9	92		6263.3	0
171.0	92		6246.3	0
171.1	92		6240.8	0
171.2	93		6253.6	0
171.3	93		6259.6	0
171.4	93		6240.4	0
171.5	94		6255.4	0
171.6	94		6240.4	0
171.7	95		6255.0	0
171.8	95		6256.2	0
171.9	96		6247.2	0
172.0	97		6255.0	2
172.1	99		6241.2	0
172.2	99		6255.0	6
172.3	100		6255.0	2
172.4	99		6241.4	5
172.5	56		6255.0	0
172.6	0		6240.8	0
172.7	0		6203.3	0
172.8	1		6243.4	0
172.9	2		6255.0	0
173.0	3		6240.4	0
173.1	5		6250.9	0
173.2	5		6246.2	0
173.3	6		6255.0	0
173.4	7		6257.9	0
173.5	7		6240.4	0
173.6	8		6255.0	0
173.7	9		6243.4	0
173.8	10		6260.4	0
173.9	11		6240.8	0
174.0	12		6246.3	0
174.1	12		6249.8	0
174.2	13		6257.8	0
174.3	14		6255.8	0
174.4	15		6240.4	0
174.5	16		6255.8	0
174.6	17		6248.8	0
174.7	17		6243.3	0
174.8	18		6256.2	0
174.9	19		6243.4	0
175.0	20		6256.2	0
175.1	20		6241.8	0
175.2	21		6251.0	0
175.3	22		6255.4	0
175.4	23		6255.0	0
175.5	24		6241.2	0
175.6	25		6256.3	0
175.7	25		6255.8	0
175.8	26		6248.9	0
175.9	27		6241.6	0
176.0	28		6259.5	0
176.1	29		6249.3	0
176.2	29		6237.9	0
176.3	31		6250.5	0
176.4	32		6252.2	0
176.5	31		6260.1	0
176.6	32		6247.9	0
176.7	33		6249.0	0
176.8	34		6240.4	0
176.9	34		6258.0	0
177.0	35		6240.8	0
177.1	38		6255.8	0
177.2	39		6255.0	0
177.3	39		6244.8	0
177.4	41		6255.4	0
177.5	40		6250.9	0
177.6	41		6243.3	0
177.7	41		6252.8	0
177.8	44		6255.8	0
177.9	45		6237.8	0
178.0	43		6260.7	0
178.1	42		6242.4	0
178.2	44		6248.2	0
178.3	44		6255.8	0
178.4	45		6248.1	0
178.5	45		6255.0	0
178.6	45		6252.2	0
178.7	46		6240.4	0
178.8	47		6259.1	0
178.9	47		6247.5	0
179.0	48		6246.5	0
179.1	49		6246.6	0
179.2	49		6258.3	0
179.3	50		6240.0	0
179.4	51		6259.0	0
179.5	51		6240.0	0
179.6	52		6255.4	0
179.7	52		6247.3	0
179.8	53		6255.4	0
179.9	54		6240.0	0
180.0	54		6255.0	0
180.1	55		6257.5	0
180.2	55		6240.0	0
180.3	56		6255.0	0
180.4	57		6255.4	0
180.5	57		6249.1	0
180.6	58		6240.0	0
180.7	58		6255.4	0
180.8	59		6255.0	0
180.9	60		6240.0	0
181.0	60		6255.0	0
181.1	61		6255.0	0
181.2	61		6240.0	0
181.3	62		6255.0	0
181.4	62		6255.4	0
181.5	63		6240.0	0
181.6	64		6256.6	0
181.7	64		6255.0	0
181.8	65		6240.4	0
181.9	65		6255.0	0
182.0	66		6240.0	0
182.1	67		6255.0	0
182.2	67		6255.0	0
182.3	68		6240.0	0
182.4	68		6255.4	0
182.5	69		6255.4	0
182.6	70		6245.3	0
182.7	70		6246.7	0
182.8	72		6255.4	0
182.9	73		6256.2	0
183.0	74		6243.2	0
183.1	75		6255.0	0
183.2	75		6243.4	0
183.3	75		6255.8	0
183.4	75		6242.7	0
183.5	76		6256.5	0
183.6	76		6239.4	0
183.7	77		6255.0	0
183.8	76		6258.8	0
183.9	77		6240.0	0
184.0	77		6260.4	0
184.1	78		6240.0	0
184.2	78		6255.0	0
184.3	79		6255.0	0
184.4	79		6240.0	0
184.5	80		6255.0	0
184.6	80		6255.0	0
184.7	81		6240.0	0
184.8	81		6255.0	0
184.9	82		6255.0	0
185.0	82		6240.0	0
185.1	83		6255.0	0
185.2	84		6255.0	0
185.3	84		6240.0	0
185.4	85		6255.0	0
185.5	85		6255.0	0
185.6	85		6240.4	0
185.7	86		6255.0	0
185.8	86		6240.0	0
185.9	87		6256.6	0
186.0	88		6255.8	0
186.1	89		6240.4	0
186.2	90		6255.0	0
186.3	91		6256.9	0
186.4	91		6240.0	0
186.5	90		6257.1	0
186.6	91		6246.1	0
186.7	91		6255.8	0
186.8	92		6240.0	0
186.9	92		6255.0	0
187.0	93		6255.0	0
187.1	93		6240.0	0
187.2	94		6255.0	0
187.3	94		6255.0	0
187.4	95		6240.0	0
187.5	95		6255.0	0
187.6	96		6255.0	0
187.7	96		6240.4	0
187.8	97		6255.0	0
187.9	98		6255.0	0
188.0	99		6250.7	0
188.1	98		6240.0	0
188.2	99		6255.4	0
188.3	99		6253.6	0
188.4	99		6240.0	2
188.5	99		6255.4	0
188.6	100		6255.0	1
188.7	70		6240.0	0
188.8	70		6255.0	0
188.9	49		6255.0	0
189.0	26		6240.0	0
189.1	27		6255.0	0
189.2	28		6255.0	0
189.3	28		6240.4	0
189.4	30		6255.0	0
189.5	31		6255.0	0
189.6	31		6240.0	0
189.7	31		6246.3	0
189.8	32		6255.4	0
189.9	33		6255.0	0
190.0	33		6240.0	0
190.1	34		6255.0	0
190.2	35		6255.0	0
190.3	36		6240.4	0
190.4	36		6257.6	0
190.5	38		6255.0	0
190.6	38		6240.4	0
190.7	40		6255.0	0
190.8	40		6255.0	0
190.9	40		6240.0	0
191.0	41		6254.4	0
191.1	41		6245.3	0
191.2	42		6255.0	0
191.3	42		6255.4	0
191.4	43		6240.0	0
191.5	44		6255.0	0
191.6	44		6240.4	0
191.7	45		6255.0	0
191.8	46		6248.1	0
191.9	46		6258.9	0
192.0	48		6240.0	0
192.1	49		6255.4	0
192.2	49		6255.4	0
192.3	49		6246.5	0
192.4	50		6240.4	0
192.5	50		6261.4	0
192.6	52		6245.2	0
192.7	52		6255.4	0
192.8	53		6240.8	0
192.9	53		6257.3	0
193.0	53		6242.4	0
193.1	55		6255.4	0
193.2	55		6255.4	0
193.3	56		6240.0	0
193.4	56		6255.0	0
193.5	56		6256.0	0
193.6	57		6240.4	0
193.7	58		6255.4	0
193.8	58		6240.4	0
193.9	59		6255.4	0
194.0	60		6254.8	0
194.1	60		6240.0	0
194.2	61		6256.2	0
194.3	61		6257.3	0
194.4	62		6240.0	0
194.5	63		6251.8	0
194.6	63		6255.8	0
194.7	63		6240.0	0
194.8	64		6258.1	0
194.9	65		6240.0	0
195.0	65		6255.4	0
195.1	66		6255.0	0
195.2	66		6240.8	0
195.3	67		6255.0	0
195.4	69		6258.4	0
195.5	69		6240.0	0
195.6	71		6255.8	0
195.7	72		6240.0	0
195.8	73		6257.8	0
195.9	71		6254.3	0
196.0	71		6241.9	0
196.1	71		6255.4	0
196.2	72		6241.2	0
196.3	73		6255.0	0
196.4	74		6256.3	0
196.5	75		6240.4	0
196.6	76		6255.4	0
196.7	77		6256.6	0
196.8	77		6240.0	0
196.9	76		6255.4	0
197.0	76		6244.3	0
197.1	77		6255.4	0
197.2	78		6243.8	0
197.3	78		6255.4	0
197.4	79		6255.8	0
197.5	79		6244.3	0
197.6	80		6255.0	0
197.7	80		6249.8	0
197.8	81		6240.0	0
197.9	81		6255.8	0
198.0	82		6255.0	0
198.1	83		6240.0	0
198.2	84		6249.6	0
198.3	85		6255.4	0
198.4	84		6244.3	0
198.5	85		6259.9	0
198.6	85		6237.8	0
198.7	86		6256.2	0
198.8	86		6242.2	0
198.9	89		6256.2	0
199.0	89		6255.4	0
199.1	89		6238.7	0
199.2	88		6255.0	0
199.3	89		6251.4	0
199.4	89		6255.0	0
199.5	90		6240.8	0
199.6	90		6255.0	0
199.7	90		6251.0	0
199.8	91		6255.0	0
199.9	91		6240.4	0
200.0	92		6255.4	0
200.1	186		2580.0	330
200.2	280		135.0	56
200.3	374		120.0	3
200.4	480		120.0	2
200.5	574		135.0	0
200.6	668		120.0	3
200.7	774		120.0	0
200.8	868		135.0	4
200.9	962		120.0	0
201.0	1068		120.0	0
201.1	1162		135.0	0
201.2	1256		120.0	0
201.3	1362		120.0	1
201.4	1456		135.0	3
201.5	1550		120.0	1
201.6	1656		120.0	1
201.7	1750		135.0	5
201.8	1844		120.0	1
201.9	1950		120.0	0
202.0	2044		135.0	0
202.1	2138		120.0	0
202.2	2245		120.0	2
202.3	2339		135.4	3
202.4	2433		120.0	4
202.5	2539		120.0	1
202.6	2633		135.0	1
202.7	2727		120.0	3
202.8	2833		120.0	1
202.9	2927		135.0	2
203.0	3021		120.0	1
203.1	3127		120.0	2
203.2	3221		135.0	3
203.3	3315		120.0	2
203.4	3421		120.0	3
203.5	3515		135.0	2
203.6	3609		120.0	1
203.7	3715		120.0	1
203.8	3809		135.0	1
203.9	3903		120.0	2
204.0	4009		120.0	5
204.1	4103		135.0	0
204.2	4197		120.0	0
204.3	4304		120.0	1
204.4	4398		135.4	4
204.5	4492		120.0	1
204.6	4598		120.0	3
204.7	4692		135.0	1
204.8	4786		120.0	1
204.9	4892		120.0	1
205.0	4968		135.0	0
205.1	4964		120.0	1
205.2	4964		120.0	0
205.3	4964		135.0	0
205.4	4964		120.0	0
205.5	4964		120.0	0
205.6	4962		131.9	0
205.7	4962		120.0	0
205.8	4950		135.4	0
205.9	4950		120.0	0
206.0	4950		120.0	0
206.1	4950		135.0	0
206.2	4938		120.0	0
206.3	4938		120.4	0
206.4	4927		135.4	0
206.5	4915		120.4	0
206.6	4915		120.0	0
206.7	4903		120.4	0
206.8	4903		135.0	0
206.9	4903		120.0	0
207.0	4903		120.0	0
207.1	4903		135.0	0
207.2	4903		120.4	0
207.3	4892		120.4	0
207.4	4892		135.0	0
207.5	4892		120.0	0
207.6	4892		120.0	0
207.7	4892		135.0	0
207.8	4892		120.0	0
207.9	4892		120.0	0
208.0	4892		135.0	0
208.1	4880		120.4	0
208.2	4868		120.0	0
208.3	4868		135.4	0
208.4	4868		120.0	0
208.5	4868		120.0	0
208.6	4868		135.0	0
208.7	4857		120.4	0
208.8	4857		120.0	0
208.9	4831		132.3	0
209.0	4843		120.0	0
209.1	4831		135.0	0
209.2	4831		120.8	0
209.3	4819		120.4	0
209.4	4808		120.4	0
209.5	4808		135.0	0
209.6	4808		120.0	0
209.7	4808		120.0	0
209.8	4808		135.0	0
209.9	4808		120.0	0
210.0	4149		120.0	0
210.1	3164		137.8	0
210.2	1900		126.0	0
210.3	521		113.7	0
210.4	569		129.2	0
210.5	617		120.0	0
210.6	617		135.0	0
210.7	569		120.4	0
210.8	617		118.9	0
210.9	660		132.6	0
211.0	702		123.9	0
211.1	767		122.4	0
211.2	815		120.0	0
211.3	649		138.5	0
211.4	637		120.4	0
211.5	654		120.8	0
211.6	618		120.8	0
211.7	634		136.6	0
211.8	668		113.0	0
211.9	709		126.5	0
212.0	633		135.0	0
212.1	658		120.3	0
212.2	672		122.4	0
212.3	665		127.4	0
212.4	663		120.0	0
212.5	456		135.8	0
212.6	423		117.9	0
212.7	433		120.0	0
212.8	429		135.8	0
212.9	417		122.0	0
213.0	343		119.8	0
213.1	357		133.6	0
213.2	357		120.0	0
213.3	402		120.0	0
213.4	414		135.0	0
213.5	445		120.4	0
213.6	465		121.2	0
213.7	477		135.4	0
213.8	478		120.0	0
213.9	526		120.4	0
214.0	395		120.4	0
214.1	431		137.8	0
214.2	431		120.4	0
214.3	443		120.0	0
214.4	503		135.0	0
214.5	527		120.0	0
214.6	575		120.0	0
214.7	561		127.3	0
214.8	554		120.4	0
214.9	564		135.0	0
215.0	576		117.7	0
215.1	552		135.0	0
215.2	540		120.0	0
215.3	549		120.0	0
215.4	540		127.6	0
215.5	540		120.0	0
215.6	542		135.4	0
215.7	523		120.0	0
215.8	523		126.7	0
215.9	523		120.0	0
216.0	476		135.0	0
216.1	476		113.1	0
216.2	476		135.0	0
216.3	489		120.0	0
216.4	505		118.5	0
216.5	505		135.0	0
216.6	465		123.4	0
216.7	477		120.0	0
216.8	477		135.0	0
216.9	479		120.0	0
217.0	491		120.4	0
217.1	491		135.0	0
217.2	503		120.0	0
217.3	493		123.3	0
217.4	494		123.8	0
217.5	506		120.0	0
217.6	517		135.0	0
217.7	517		120.0	0
217.8	517		120.0	0
217.9	527		135.4	0
218.0	525		121.2	0
218.1	537		120.0	0
218.2	537		135.4	0
218.3	549		120.0	0
218.4	574		120.0	0
218.5	574		135.4	0
218.6	586		120.4	0
218.7	595		120.8	0
218.8	590		125.9	0
218.9	602		120.4	0
219.0	614		135.4	0
219.1	626		120.0	0
219.2	628		122.0	0
219.3	642		123.9	0
219.4	654		135.0	0
219.5	691		120.0	0
219.6	695		122.3	0
219.7	696		120.8	0
219.8	696		132.0	0
219.9	708		120.0	0
220.0	723		135.4	0
220.1	720		125.2	0
220.2	732		120.0	0
220.3	695		120.4	0
220.4	696		121.9	0
220.5	744		135.0	0
220.6	747		121.2	0
220.7	759		120.0	0
220.8	771		135.0	0
220.9	785		128.0	0
221.0	785		120.0	0
221.1	785		120.0	0
221.2	783		132.7	0
221.3	788		113.0	0
221.4	755		125.3	0
221.5	755		135.0	0
221.6	767		120.4	0
221.7	767		120.0	0
221.8	773		135.4	0
221.9	773		120.0	0
222.0	784		133.7	0
222.1	768		120.4	0
222.2	773		120.4	0
222.3	785		130.9	0
222.4	797		120.0	0
222.5	808		120.0	0
222.6	820		135.0	0
222.7	832		120.0	0
222.8	832		120.4	0
222.9	822		135.0	0
223.0	821		120.4	0
223.1	821		120.0	0
223.2	813		135.4	0
223.3	838		121.2	0
223.4	836		120.0	0
223.5	836		132.8	0
223.6	849		121.2	0
223.7	862		120.8	0
223.8	909		135.4	0
223.9	910		120.4	0
224.0	910		120.4	0
224.1	910		120.8	0
224.2	911		136.2	0
224.3	937		120.4	0
224.4	951		126.0	0
224.5	941		120.4	0
224.6	944		122.1	0
224.7	945		137.7	0
224.8	974		115.7	0
224.9	1022		132.6	0
225.0	1033		120.0	0
225.1	1036		120.4	0
225.2	1080		124.5	0
225.3	1085		135.0	0
225.4	1091		113.5	0
225.5	1078		135.4	0
225.6	1092		128.1	0
225.7	1092		120.0	0
225.8	1090		120.4	0
225.9	1089		122.1	0
226.0	1108		136.2	0
226.1	1036		120.0	0
226.2	1034		118.1	0
226.3	1042		135.0	0
226.4	1117		128.0	0
226.5	1129		114.4	0
226.6	1124		136.2	0
226.7	1125		123.7	0
226.8	1124		125.8	0
226.9	1136		120.8	0
227.0	1136		120.0	0
227.1	1135		135.4	0
227.2	1147		120.4	0
227.3	1137		123.7	0
227.4	1172		116.6	0
227.5	1172		135.8	0
227.6	1204		120.0	0
227.7	1250		120.4	0
227.8	1187		124.9	0
227.9	1187		136.1	0
228.0	1233		122.2	0
228.1	1229		120.0	0
228.2	1244		124.4	0
228.3	1252		135.8	0
228.4	1262		112.3	0
228.5	1267		135.0	0
228.6	1310		120.4	0
228.7	1319		120.0	0
228.8	1348		123.1	0
228.9	1372		135.0	0
229.0	1383		119.4	0
229.1	1407		120.0	0
229.2	1443		135.4	0
229.3	1368		122.4	0
229.4	1367		120.4	0
229.5	1391		135.8	0
229.6	1391		120.0	0
229.7	1400		120.8	0
229.8	1392		135.0	0
229.9	1383		121.2	0
230.0	1336		120.0	0
230.1	1338		123.2	0
230.2	1361		120.8	0
230.3	1396		136.2	0
230.4	1445		120.8	0
230.5	1457		120.0	0
230.6	1458		135.8	0
230.7	1506		120.0	0
230.8	1554		120.0	0
230.9	1545		135.8	0
231.0	1588		119.8	0
231.1	1589		120.0	0
231.2	1527		125.2	0
231.3	1526		128.5	0
231.4	1538		120.4	0
231.5	1537		135.4	0
231.6	1538		120.4	0
231.7	1537		121.2	0
231.8	1579		124.9	0
231.9	1591		124.6	0
232.0	1673		135.0	0
232.1	1710		120.0	0
232.2	1770		120.0	0
232.3	1817		135.0	0
232.4	1889		120.0	0
232.5	1925		120.0	0
232.6	1925		135.0	0
232.7	1902		121.7	0
232.8	1765		129.1	0
232.9	1740		118.5	0
233.0	1736		120.4	0
233.1	1736		135.4	0
233.2	1758		111.0	0
233.3	1770		135.0	0
233.4	1818		120.8	0
233.5	1823		120.0	0
233.6	1833		125.1	0
233.7	1908		135.4	0
233.8	1916		120.8	0
233.9	1934		119.6	0
234.0	1917		135.0	0
234.1	1941		113.9	0
234.2	1989		135.0	0
234.3	1839		120.4	0
234.4	1815		127.3	0
234.5	1815		120.0	0
234.6	1826		135.4	0
234.7	1816		116.5	0
234.8	1806		120.0	0
234.9	1805		135.4	0
235.0	1805		120.0	0
235.1	1779		123.9	0
235.2	1791		135.0	0
235.3	1755		119.9	0
235.4	1803		120.4	0
235.5	1820		126.6	0
235.6	1852		120.0	0
235.7	1876		135.0	0
235.8	1865		120.8	0
235.9	1877		121.2	0
236.0	1852		135.4	0
236.1	1686		112.7	0
236.2	1750		135.3	0
236.3	1738		120.0	0
236.4	1738		120.0	0
236.5	1742		135.0	0
236.6	1743		122.8	0
236.7	1743		120.4	0
236.8	1743		120.0	0
236.9	1740		135.0	0
237.0	1752		120.4	0
237.1	1765		120.4	0
237.2	1753		136.2	0
237.3	1801		120.0	0
237.4	1770		120.4	0
237.5	1737		136.2	0
237.6	1737		120.0	0
237.7	1741		126.2	0
237.8	1741		120.0	0
237.9	1699		120.4	0
238.0	1556		137.3	0
238.1	1557		120.4	0
238.2	1559		120.0	0
238.3	1556		122.0	0
238.4	1604		135.0	0
238.5	1605		120.8	0
238.6	1605		120.4	0
238.7	1611		128.5	0
238.8	1625		122.5	0
238.9	1671		135.0	0
239.0	1672		120.0	0
239.1	1732		120.0	0
239.2	1756		135.4	0
239.3	1743		120.4	0
239.4	1638		124.1	0
239.5	1634		120.4	0
239.6	1633		135.0	0
239.7	1612		121.4	0
239.8	1668		120.0	0
239.9	1668		135.0	0
240.0	1688		120.8	0
240.1	1769		120.0	0
240.2	1776		135.0	0
240.3	1824		120.0	0
240.4	1883		120.0	0
240.5	1883		120.4	0
240.6	1883		135.4	0
240.7	1875		120.4	0
240.8	1883		130.6	0
240.9	1847		120.0	0
241.0	1710		120.0	0
241.1	1710		129.4	0
241.2	1697		121.6	0
241.3	1697		137.0	0
241.4	1698		120.0	0
241.5	1697		121.2	0
241.6	1714		126.1	0
241.7	1750		120.0	0
241.8	1753		135.0	0
241.9	1789		124.8	0
242.0	1789		120.0	0
242.1	1814		120.4	0
242.2	1755		135.0	0
242.3	1746		121.2	0
242.4	1766		120.0	0
242.5	1775		131.4	0
242.6	1783		120.0	0
242.7	1806		124.3	0
242.8	1800		135.4	0
242.9	1782		112.7	0
243.0	1804		136.2	0
243.1	1804		119.8	0
243.2	1876		120.4	0
243.3	1884		130.8	0
243.4	1890		122.1	0
243.5	1901		125.9	0
243.6	1907		118.5	0
243.7	1891		135.4	0
243.8	1888		115.1	0
243.9	1869		133.8	0
244.0	1825		128.8	0
244.1	1774		125.3	0
244.2	1738		116.6	0
244.3	1730		120.8	0
244.4	1730		136.2	0
244.5	1706		123.8	0
244.6	1754		120.0	0
244.7	1796		120.0	0
244.8	1795		135.4	0
244.9	1796		120.8	0
245.0	1844		120.8	0
245.1	1788		135.8	0
245.2	1769		112.8	0
245.3	1805		136.2	0
245.4	1813		120.8	0
245.5	1734		120.8	0
245.6	1722		119.8	0
245.7	1715		138.6	0
245.8	1679		121.2	0
245.9	1671		118.9	0
246.0	1661		121.9	0
246.1	1668		138.7	0
246.2	1668		114.1	0
246.3	1666		135.4	0
246.4	1656		123.7	0
246.5	1692		120.0	0
246.6	1692		120.0	0
246.7	1740		135.8	0
246.8	1782		120.0	0
246.9	1824		120.4	0
247.0	1873		135.0	0
247.1	1869		120.4	0
247.2	1876		116.7	0
247.3	1879		137.2	0
247.4	1892		121.0	0
247.5	1935		127.1	0
247.6	1929		120.4	0
247.7	1926		120.0	0
247.8	1945		129.4	0
247.9	1934		120.8	0
248.0	1933		135.4	0
248.1	1946		125.0	0
248.2	1940		121.2	0
248.3	1939		120.0	0
248.4	1951		135.4	0
248.5	1985		120.8	0
248.6	2033		120.0	0
248.7	2033		135.0	0
248.8	2081		120.4	0
248.9	2119		122.5	0
249.0	2131		120.0	0
249.1	2129		132.6	0
249.2	2189		120.0	0
249.3	2213		135.0	0
249.4	2232		120.8	0
249.5	2240		120.0	0
249.6	2214		121.2	0
249.7	2210		138.0	0
249.8	2193		112.5	0
249.9	2189		131.1	0
250.0	2189		120.4	0
250.1	0		2524.4	0
250.2	0		3122.9	0
250.3	0		3432.7	0
250.4	0		3746.7	0
250.5	0		3142.6	0
250.6	0		3089.9	0
250.7	0		2494.3	0
250.8	0		2550.6	0
250.9	0		2687.5	0
251.0	0		2683.8	0
251.1	0		2717.7	0
251.2	0		2800.5	0
251.3	0		2860.7	0
251.4	0		2903.7	0
251.5	0		2956.6	0
251.6	0		3191.0	0
251.7	0		3420.0	0
251.8	0		3638.5	0
251.9	0		3421.9	0
252.0	0		3262.3	0
252.1	0		3314.7	0
252.2	0		3367.5	0
252.3	0		3435.4	0
252.4	0		3466.7	0
252.5	0		3525.0	0
252.6	0		3600.4	0
252.7	0		3650.4	0
252.8	0		3705.8	0
252.9	0		3825.4	0
253.0	0		3828.5	0
253.1	0		3946.2	0
253.2	0		4011.0	0
253.3	0		4010.5	0
253.4	0		4125.4	0
253.5	0		4305.0	0
253.6	0		4440.4	0
253.7	0		4578.9	0
253.8	0		4315.4	0
253.9	0		4368.7	0
254.0	0		4486.6	0
254.1	0		4494.4	0
254.2	0		4538.2	0
254.3	0		4599.0	0
254.4	0		4653.1	0
254.5	0		4715.7	0
254.6	0		4770.4	0
254.7	0		4830.0	0
254.8	0		4890.0	0
254.9	0		4950.0	0
255.0	0		5010.0	0
255.1	0		5070.4	0
255.2	0		5072.9	0
255.3	0		5100.8	0
255.4	0		5175.8	0
255.5	0		5355.0	0
255.6	0		5359.4	0
255.7	0		5386.2	0
255.8	0		5430.8	0
255.9	0		5509.1	0
256.0	0		5625.4	0
256.1	0		5640.0	0
256.2	0		5650.7	0
256.3	0		5715.4	0
256.4	0		5775.4	0
256.5	0		5895.0	0
256.6	0		5897.1	0
256.7	0		5971.2	0
256.8	0		6048.1	0
256.9	0		6087.3	0
257.0	0		6135.8	0
257.1	0		6194.6	0
257.2	0		6255.4	0
257.3	0		6315.4	0
257.4	0		6376.2	0
257.5	0		6472.3	0
257.6	0		6496.5	0
257.7	0		6555.4	0
257.8	0		6615.0	0
257.9	0		6660.8	0
258.0	0		6765.4	0
258.1	0		6830.9	0
258.2	0		6862.7	0
258.3	0		6943.6	0
258.4	0		6979.7	0
258.5	0		7035.4	0
258.6	0		7095.4	0
258.7	0		7155.0	0
258.8	0		7202.9	0
258.9	0		7275.4	0
259.0	0		7320.4	0
259.1	0		7380.0	0
259.2	0		7462.4	0
259.3	0		7508.3	0
259.4	0		7560.4	0
259.5	0		7605.0	0
259.6	0		7680.4	0
259.7	0		7800.0	0
259.8	0		7920.0	0
259.9	0		7860.0	0
260.0	0		7933.3	0
260.1	0		7995.4	0
260.2	0		8043.5	0
260.3	0		8100.4	0
260.4	0		8145.0	0
260.5	0		8220.0	0
260.6	0		8280.0	0
260.7	0		8340.0	0
260.8	0		8385.0	0
260.9	0		8460.0	0
261.0	0		8520.0	0
261.1	0		8580.0	0
261.2	0		8625.0	0
261.3	0		8700.0	0
261.4	0		8760.0	0
261.5	0		8820.4	0
261.6	0		8868.1	0
261.7	0		8925.8	0
261.8	1		8988.2	0
261.9	0		9045.4	0
262.0	1		9090.8	0
262.1	1		9168.9	0
262.2	1		9346.8	0
262.3	0		9480.8	0
262.4	0		9366.6	0
262.5	0		9406.2	0
262.6	0		9510.4	0
262.7	0		9536.6	0
262.8	0		9570.8	0
262.9	0		9709.4	0
263.0	1		9718.6	0
263.1	0		9795.4	0
263.2	0		9832.7	0
263.3	0		9870.4	0
263.4	0		9945.0	0
263.5	0		10005.0	0
263.6	1		10065.4	0
263.7	1		10155.0	0
263.8	1		10290.4	0
263.9	0		10413.3	0
264.0	0		10302.4	0
264.1	0		10335.8	0
264.2	0		10410.0	0
264.3	0		10470.0	0
264.4	0		10530.4	0
264.5	0		10592.5	0
264.6	0		10635.4	0
264.7	0		10710.4	0
264.8	0		10770.0	0
264.9	0		10831.8	0
265.0	0		10877.2	0
265.1	0		10953.5	0
265.2	0		11010.8	0
265.3	0		11074.0	0
265.4	0		11115.8	0
265.5	0		11190.0	0
265.6	0		11250.0	0
265.7	0		11310.0	0
265.8	0		11370.0	0
265.9	0		11415.0	0
266.0	0		11490.0	0
266.1	0		11550.0	0
266.2	0		11610.4	0
266.3	1		11670.4	0
266.4	0		11798.9	0
266.5	0		11850.8	0
266.6	0		11861.5	0
266.7	1		11899.0	0
266.8	0		12060.0	0
266.9	0		12099.0	0
267.0	0		12222.5	0
267.1	0		12240.4	0
267.2	0		12207.9	0
267.3	0		12281.8	0
267.4	0		12330.4	0
267.5	0		12390.0	0
267.6	0		12435.4	0
267.7	0		12495.0	0
267.8	1		12499.8	0
267.9	1		12498.6	0
268.0	2		12510.4	0
268.1	2		12495.0	0
268.2	3		12495.4	0
268.3	3		12495.4	0
268.4	4		12501.4	0
268.5	4		12510.4	0
268.6	4		12495.4	0
268.7	5		12499.8	0
268.8	5		12495.8	0
268.9	6		12510.0	0
269.0	7		12495.0	0
269.1	7		12498.3	0
269.2	7		12495.4	0
269.3	8		12510.0	0
269.4	8		12495.0	0
269.5	8		12495.0	0
269.6	9		12510.0	0
269.7	9		12495.0	0
269.8	10		12495.0	0
269.9	10		12510.0	0
270.0	11		12495.0	0
270.1	11		12495.0	0
270.2	11		12510.4	0
270.3	12		12495.4	0
270.4	12		12497.3	0
270.5	13		12495.4	0
270.6	13		12510.0	0
270.7	14		12495.0	0
270.8	14		12495.0	0
270.9	14		12510.0	0
271.0	15		12495.4	0
271.1	15		12499.4	0
271.2	16		12495.4	0
271.3	16		12510.0	0
271.4	17		12495.4	0
271.5	17		12499.2	0
271.6	17		12495.0	0
271.7	18		12510.8	0
271.8	18		12496.9	0
271.9	19		12495.0	0
272.0	19		12511.2	0
272.1	20		12495.4	0
272.2	20		12501.5	0
272.3	20		12496.3	0
272.4	21		12499.6	0
272.5	21		12495.8	0
272.6	22		12510.4	0
272.7	22		12495.0	0
272.8	23		12494.0	0
272.9	23		12507.4	0
273.0	23		12496.2	0
273.1	23		12499.0	0
273.2	24		12502.7	0
273.3	24		12498.6	0
273.4	24		12495.4	0
273.5	25		12510.0	0
273.6	25		12495.0	0
273.7	26		12495.0	0
273.8	26		12510.4	0
273.9	26		12492.2	0
274.0	27		12510.0	0
274.1	27		12495.4	0
274.2	27		12498.5	0
274.3	28		12495.8	0
274.4	28		12510.5	0
274.5	29		12488.0	0
274.6	29		12510.8	0
274.7	30		12497.9	0
274.8	30		12497.0	0
274.9	30		12498.7	0
275.0	31		12504.6	0
275.1	31		12490.6	0
275.2	32		12503.4	0
275.3	33		12504.0	0
275.4	33		12495.4	0
275.5	32		12507.2	0
275.6	33		12499.5	0
275.7	33		12498.8	0
275.8	33		12492.1	0
275.9	34		12505.1	0
276.0	35		12497.3	0
276.1	36		12498.1	0
276.2	35		12497.9	0
276.3	35		12507.1	0
276.4	36		12501.6	0
276.5	36		12497.5	0
276.6	36		12508.3	0
276.7	36		12496.2	0
276.8	37		12495.4	0
276.9	38		12495.0	0
277.0	38		12510.0	0
277.1	39		12495.0	0
277.2	39		12495.0	0
277.3	39		12506.0	0
277.4	39		12495.4	0
277.5	39		12510.0	0
277.6	40		12496.6	0
277.7	40		12497.3	0
277.8	40		12493.5	0
277.9	41		12513.9	0
278.0	41		12500.3	0
278.1	42		12486.8	0
278.2	42		12499.6	0
278.3	42		12511.2	0
278.4	42		12488.7	0
278.5	43		12512.3	0
278.6	43		12495.4	0
278.7	44		12500.4	0
278.8	44		12495.0	0
278.9	44		12510.4	0
279.0	44		12489.2	0
279.1	45		12510.8	0
279.2	46		12495.0	0
279.3	46		12505.4	0
279.4	46		12495.0	0
279.5	46		12495.4	0
279.6	46		12507.2	0
279.7	47		12495.8	0
279.8	47		12497.4	0
279.9	47		12495.4	0
280.0	47		12510.0	0
280.1	48		12495.0	0
280.2	48		12495.0	0
280.3	49		12510.0	0
280.4	49		12495.4	0
280.5	49		12495.0	0
280.6	50		12500.4	0
280.7	50		12510.0	2
280.8	50		12495.0	3
280.9	39		12495.0	0
281.0	0		11805.4	0
281.1	0		9420.4	0
281.2	0		9543.7	0
281.3	0		9585.4	0
281.4	0		9750.4	0
281.5	0		9602.8	0
281.6	1		9671.7	0
281.7	1		9780.4	0
281.8	1		9885.4	0
281.9	0		9979.1	0
282.0	0		9913.3	0
282.1	0		9964.1	0
282.2	1		10005.4	0
282.3	0		10155.4	0
282.4	0		10215.2	0
282.5	0		10207.8	0
282.6	0		10245.8	0
282.7	0		10321.9	0
282.8	0		10380.4	0
282.9	0		10440.0	0
283.0	0		10500.0	0
283.1	0		10545.4	0
283.2	0		10626.6	0
283.3	0		10680.4	0
283.4	0		10740.0	0
283.5	0		10785.0	0
283.6	0		10860.4	0
283.7	0		10935.4	0
283.8	0		11040.0	0
283.9	0		11040.0	0
284.0	0		11110.5	0
284.1	0		11115.4	0
284.2	0		11175.0	0
284.3	0		11235.8	0
284.4	0		11295.4	0
284.5	0		11364.6	0
284.6	0		11427.8	0
284.7	0		11476.2	0
284.8	0		11523.1	0
284.9	0		11685.4	0
285.0	0		11721.1	0
285.1	0		11746.2	0
285.2	0		11781.1	0
285.3	0		11822.0	0
285.4	0		11895.4	0
285.5	0		11955.4	0
285.6	0		12060.0	0
285.7	0		12067.5	0
285.8	0		12135.4	0
285.9	0		12195.4	0
286.0	1		12255.4	0
286.1	0		12315.0	0
286.2	0		12381.3	0
286.3	0		12450.4	0
286.4	1		12503.2	0
286.5	2		12495.4	0
286.6	2		12495.0	0
286.7	2		12510.0	0
286.8	2		12496.2	0
286.9	3		12496.8	0
287.0	3		12510.4	0
287.1	4		12495.0	0
287.2	4		12495.0	0
287.3	5		12510.0	0
287.4	5		12495.0	0
287.5	6		12495.0	0
287.6	6		12510.0	0
287.7	7		12495.0	0
287.8	7		12495.4	0
287.9	7		12501.4	0
288.0	8		12498.9	0
288.1	8		12510.4	0
288.2	9		12495.4	0
288.3	9		12499.2	0
288.4	10		12495.8	0
288.5	10		12495.4	0
288.6	10		12513.8	0
288.7	11		12496.2	0
288.8	11		12502.2	0
288.9	12		12489.1	0
289.0	13		12502.7	0
289.1	13		12503.0	0
289.2	14		12496.6	0
289.3	14		12510.0	0
289.4	14		12492.2	0
289.5	15		12495.8	0
289.6	16		12510.4	0
289.7	15		12495.0	0
289.8	16		12502.5	0
289.9	16		12495.4	0
290.0	17		12508.5	0
290.1	17		12495.4	0
290.2	17		12492.6	0
290.3	18		12510.4	0
290.4	18		12495.4	0
290.5	18		12495.0	0
290.6	19		12510.8	0
290.7	20		12496.7	0
290.8	20		12495.4	0
290.9	22		12495.0	0
291.0	22		12510.4	0
291.1	21		12495.0	0
291.2	21		12500.3	0
291.3	22		12504.1	0
291.4	22		12501.1	0
291.5	22		12495.4	0
291.6	23		12504.0	0
291.7	23		12495.0	0
291.8	23		12499.9	0
291.9	24		12495.0	0
292.0	25		12510.4	0
292.1	25		12495.0	0
292.2	25		12507.9	0
292.3	25		12495.4	0
292.4	26		12495.4	0
292.5	26		12496.9	0
292.6	27		12510.8	0
292.7	27		12498.3	0
292.8	27		12499.2	0
292.9	28		12495.8	0
293.0	28		12495.4	0
293.1	28		12510.0	0
293.2	29		12497.2	0
293.3	29		12499.7	0
293.4	30		12496.9	0
293.5	31		12495.0	0
293.6	31		12510.4	0
293.7	31		12495.0	0
293.8	31		12507.0	0
293.9	31		12495.0	0
294.0	32		12495.4	0
294.1	32		12510.0	0
294.2	32		12495.0	0
294.3	33		12495.0	0
294.4	33		12510.0	0
294.5	33		12495.0	0
294.6	34		12495.0	0
294.7	34		12510.0	0
294.8	35		12495.0	0
294.9	35		12495.0	0
295.0	35		12510.0	0
295.1	36		12495.0	0
295.2	36		12495.0	0
295.3	36		12510.0	0
295.4	37		12495.0	0
295.5	37		12495.0	0
295.6	37		12510.0	0
295.7	38		12495.0	0
295.8	38		12495.0	0
295.9	38		12510.0	0
296.0	39		12495.0	0
296.1	39		12495.4	0
296.2	39		12511.2	0
296.3	40		12495.9	0
296.4	41		12495.8	0
296.5	41		12495.4	0
296.6	43		12510.0	0
296.7	43		12495.0	0
296.8	41		12495.0	0
296.9	42		12498.3	0
297.0	42		12510.4	0
297.1	43		12495.0	0
297.2	43		12495.0	0
297.3	43		12510.0	0
297.4	43		12495.0	0
297.5	44		12495.0	0
297.6	44		12510.0	0
297.7	44		12495.0	0
297.8	45		12495.0	0
297.9	45		12510.0	0
298.0	45		12495.0	0
298.1	46		12495.0	0
298.2	46		12510.0	0
298.3	46		12495.0	0
298.4	47		12495.8	0
298.5	48		12510.4	0
298.6	48		12495.0	0
298.7	48		12498.8	0
298.8	48		12495.4	0
298.9	48		12510.4	0
299.0	49		12495.0	0
299.1	49		12495.0	0
299.2	49		12510.0	0
299.3	50		12495.0	0
299.4	50		12495.0	3
299.5	50		12510.0	1
299.6	23		12495.0	0
299.7	0		11700.0	0
299.8	0		9435.0	0
299.9	0		9480.0	0
-------------------------------------
Max queue length: 4987 ms
Average queue length: 670 ms
Average throughput: 4897.9 KB/s
-------------------------------------
