=====================================
Time    Queue length    Rate    Drops
-------------------------------------
0.1	0		2.0	0
0.2	0		241.2	0
0.3	0		557.6	0
0.4	0		1146.8	0
0.5	0		2190.4	0
0.6	0		4079.3	0
0.7	10		6780.4	0
0.8	47		7658.6	96
0.9	50		12510.8	461
1.0	13		12495.0	99
1.1	0		9771.3	0
1.2	0		6217.2	0
1.3	0		6270.8	0
1.4	0		3436.6	0
1.5	1		449.5	0
1.6	0		495.4	0
1.7	0		701.1	0
1.8	0		1080.4	0
1.9	0		1633.0	0
2.0	3		2465.8	0
2.1	9		3076.2	0
2.2	13		4748.8	0
2.3	16		8680.8	0
2.4	0		12504.8	0
2.5	0		7681.5	0
2.6	0		7999.7	0
2.7	0		8056.2	0
2.8	0		8148.5	0
2.9	0		8170.8	0
3.0	0		8235.8	0
3.1	0		8295.0	0
3.2	0		8355.0	0
3.3	0		8400.0	0
3.4	0		8475.0	0
3.5	0		8535.4	0
3.6	0		8610.0	0
3.7	0		8663.3	0
3.8	0		8760.8	0
3.9	0		8805.8	0
4.0	0		8849.3	0
4.1	0		8960.5	0
4.2	0		9001.2	0
4.3	0		9091.2	0
4.4	0		9141.4	0
4.5	0		9143.1	0
4.6	0		9182.1	0
4.7	0		9255.4	0
4.8	0		9315.4	0
4.9	1		9375.4	0
5.0	1		9555.0	0
5.1	0		9645.0	0
5.2	0		9596.8	0
5.3	0		9624.1	0
5.4	0		9675.8	0
5.5	0		9725.7	0
5.6	0		9799.5	0
5.7	1		9990.8	0
5.8	0		10095.0	0
5.9	0		9983.1	0
6.0	0		10047.6	0
6.1	0		10095.0	0
6.2	0		10290.0	0
6.3	0		10204.5	0
6.4	0		10275.0	0
6.5	0		10395.8	0
6.6	1		10531.2	0
6.7	0		10867.7	0
6.8	1		10784.8	0
6.9	1		11070.4	0
7.0	0		11013.2	0
7.1	0		10727.9	0
7.2	0		10771.2	0
7.3	0		10860.0	0
7.4	0		10893.7	0
7.5	0		10952.5	0
7.6	0		11010.0	0
7.7	0		11072.9	0
7.8	0		11134.2	0
7.9	0		11190.0	0
8.0	0		11250.0	0
8.1	0		11311.5	0
8.2	0		11370.4	0
8.3	0		11430.0	0
8.4	0		11490.4	0
8.5	0		11550.4	0
8.6	0		11626.9	0
8.7	0		11671.6	0
8.8	0		11794.2	0
8.9	0		11865.5	0
9.0	0		11827.1	0
9.1	0		11868.6	0
9.2	0		11981.1	0
9.3	0		11991.6	0
9.4	0		12046.6	0
9.5	0		12108.0	0
9.6	0		12135.4	0
9.7	0		12180.0	0
9.8	0		12255.4	0
9.9	0		12316.2	0
10.0	0		12370.9	0
10.1	0		12501.5	0
10.2	1		12501.8	0
10.3	1		12502.7	0
10.4	2		12495.4	0
10.5	2		12498.6	0
10.6	2		12495.8	0
10.7	3		12505.1	0
10.8	3		12498.4	0
10.9	4		12495.4	0
11.0	4		12510.0	0
11.1	5		12495.4	0
11.2	5		12496.2	0
11.3	5		12500.2	1
11.4	0		12498.5	1
11.5	0		12465.8	0
11.6	0		11776.8	0
11.7	0		11807.2	0
11.8	0		11880.0	0
11.9	0		11942.2	0
12.0	0		11970.0	0
12.1	0		12015.0	0
12.2	0		12091.8	0
12.3	0		12150.4	0
12.4	0		12210.0	0
12.5	0		12255.0	0
12.6	0		12330.4	0
12.7	0		12396.2	0
12.8	0		12450.8	0
12.9	1		12491.5	0
13.0	1		12495.4	0
13.1	2		12497.8	0
13.2	3		12498.2	0
13.3	4		12506.4	0
13.4	5		12496.4	0
13.5	4		12506.9	0
13.6	4		12495.0	0
13.7	4		12501.7	0
13.8	5		12502.9	0
13.9	6		12493.2	0
14.0	6		12500.0	1
14.1	6		12495.0	2
14.2	0		11520.0	0
14.3	0		9705.0	0
14.4	0		9367.8	0
14.5	0		9420.4	0
14.6	0		9465.0	0
14.7	0		9494.2	0
14.8	0		9540.0	0
14.9	0		9645.0	0
15.0	0		9645.9	0
15.1	0		9720.4	0
15.2	0		9780.0	0
15.3	0		9840.0	0
15.4	0		9885.0	0
15.5	0		9960.0	0
15.6	0		10020.4	0
15.7	1		10080.4	0
15.8	0		10230.0	0
15.9	0		10248.4	0
16.0	0		10264.4	0
16.1	0		10339.2	0
16.2	0		10381.9	0
16.3	0		10500.4	0
16.4	0		10515.4	0
16.5	0		10565.1	0
16.6	0		10650.8	0
16.7	0		10676.0	0
16.8	0		10740.4	0
16.9	0		10800.4	0
17.0	0		10862.3	0
17.1	1		10905.0	0
17.2	0		10997.7	0
17.3	0		11040.4	0
17.4	0		11100.4	0
17.5	0		11160.0	0
17.6	1		11265.4	0
17.7	2		11402.8	0
17.8	1		11432.9	0
17.9	1		11551.1	0
18.0	0		11629.3	0
18.1	0		11547.2	0
18.2	0		11597.6	0
18.3	0		11642.2	0
18.4	1		11761.2	0
18.5	0		11883.8	0
18.6	0		11857.1	0
18.7	0		11905.5	0
18.8	0		11955.8	0
18.9	0		12019.6	0
19.0	0		12075.4	0
19.1	0		12120.0	0
19.2	0		12195.0	0
19.3	0		12255.0	0
19.4	0		12315.0	0
19.5	0		12375.0	0
19.6	0		12420.0	0
19.7	0		12495.0	0
19.8	1		12495.0	0
19.9	1		12510.0	0
20.0	2		12495.0	0
20.1	2		12495.0	0
20.2	3		12510.0	0
20.3	3		12495.4	0
20.4	4		12498.1	0
20.5	5		12496.6	0
20.6	5		12503.3	0
20.7	6		12509.1	0
20.8	6		12496.2	1
20.9	6		12495.4	1
21.0	0		12496.1	1
21.1	0		11836.2	0
21.2	0		10578.1	0
21.3	0		10561.2	0
21.4	0		10605.4	0
21.5	0		10694.4	0
21.6	0		10741.2	0
21.7	0		10843.8	0
21.8	0		10877.0	0
21.9	0		10912.7	0
22.0	0		10990.0	0
22.1	0		11116.3	0
22.2	0		11135.4	0
22.3	0		11149.7	0
22.4	0		11267.8	0
22.5	0		11334.5	0
22.6	0		11457.2	0
22.7	0		11523.0	0
22.8	0		11497.2	0
22.9	0		11539.0	0
23.0	0		11573.9	0
23.1	0		11696.9	0
23.2	0		11762.9	0
23.3	0		11785.8	0
23.4	0		11814.0	0
23.5	0		11877.2	0
23.6	0		11955.0	0
23.7	0		12000.8	0
23.8	0		12056.9	0
23.9	0		12107.3	0
24.0	0		12150.8	0
24.1	0		12210.0	0
24.2	0		12330.0	0
24.3	0		12352.3	0
24.4	0		12405.4	0
24.5	0		12450.0	0
24.6	1		12510.0	0
24.7	1		12495.0	0
24.8	2		12495.4	0
24.9	2		12497.7	0
25.0	3		12510.4	0
25.1	3		12495.0	0
25.2	3		12495.4	0
25.3	4		12512.7	0
25.4	4		12495.8	0
25.5	5		12495.4	0
25.6	6		12498.2	0
25.7	6		12500.2	1
25.8	0		12504.7	1
25.9	0		10712.0	0
26.0	0		10735.2	0
26.1	0		10790.8	0
26.2	0		10963.0	0
26.3	0		11043.9	0
26.4	0		11055.0	0
26.5	0		11040.4	0
26.6	0		11086.2	0
26.7	0		11116.7	0
26.8	0		11190.0	0
26.9	0		11250.4	0
27.0	0		11311.7	0
27.1	0		11357.5	0
27.2	0		11437.2	0
27.3	0		11493.3	0
27.4	0		11548.4	0
27.5	0		11641.6	0
27.6	0		11680.5	0
27.7	0		11732.7	0
27.8	0		11779.8	0
27.9	0		11851.1	0
28.0	0		11910.4	0
28.1	0		11970.0	0
28.2	0		12015.0	0
28.3	0		12090.0	0
28.4	0		12150.0	0
28.5	0		12210.0	0
28.6	0		12270.0	0
28.7	0		12315.0	0
28.8	0		12390.4	0
28.9	0		12450.0	0
29.0	1		12498.3	0
29.1	1		12495.4	0
29.2	1		12510.0	0
29.3	2		12495.0	0
29.4	2		12495.4	0
29.5	3		12496.4	0
29.6	3		12510.4	0
29.7	4		12495.0	0
29.8	4		12495.4	0
29.9	5		12510.0	0
30.0	5		12493.4	0
30.1	6		12510.0	1
30.2	0		11505.0	1
30.3	0		10956.4	0
30.4	0		10995.4	0
30.5	0		11055.0	0
30.6	0		11100.0	0
30.7	0		11175.0	0
30.8	0		11235.0	0
30.9	1		11295.4	0
31.0	0		11400.0	0
31.1	0		11423.5	0
31.2	0		11478.6	0
31.3	0		11535.4	0
31.4	0		11582.0	0
31.5	0		11655.4	0
31.6	0		11715.0	0
31.7	0		11775.0	0
31.8	0		11835.0	0
31.9	0		11880.4	0
32.0	0		11961.5	0
32.1	0		12015.4	0
32.2	0		12075.0	0
32.3	0		12150.8	0
32.4	0		12240.0	0
32.5	0		12287.3	0
32.6	0		12330.8	0
32.7	0		12360.0	0
32.8	0		12375.0	0
32.9	0		12435.0	0
33.0	1		12480.0	0
33.1	1		12510.4	0
33.2	1		12495.0	0
33.3	2		12495.4	0
33.4	3		12510.0	0
33.5	3		12491.3	0
33.6	3		12495.4	0
33.7	4		12510.0	0
33.8	4		12495.4	0
33.9	6		12495.0	0
34.0	7		12510.4	1
34.1	0		12289.8	1
34.2	0		11540.7	0
34.3	0		11599.2	0
34.4	0		11655.8	0
34.5	0		11715.4	0
34.6	0		11835.4	0
34.7	0		11845.0	0
34.8	0		11895.8	0
34.9	0		11955.0	0
35.0	0		12000.0	0
35.1	0		12075.4	0
35.2	0		12195.0	0
35.3	0		12225.0	0
35.4	0		12269.4	0
35.5	0		12302.3	0
35.6	0		12375.4	0
35.7	0		12435.8	0
35.8	1		12495.0	0
35.9	1		12497.7	0
36.0	1		12495.8	0
36.1	2		12510.4	0
36.2	2		12495.4	0
36.3	2		12498.0	0
36.4	3		12510.4	0
36.5	3		12495.0	0
36.6	4		12495.8	0
36.7	4		12507.4	0
36.8	5		12496.2	0
36.9	5		12497.1	0
37.0	6		12496.5	1
37.1	0		12510.0	1
37.2	0		11416.5	0
37.3	0		11490.4	0
37.4	0		11535.0	0
37.5	0		11595.0	0
37.6	0		11640.4	0
37.7	0		11717.5	0
37.8	0		11775.8	0
37.9	0		11837.3	0
38.0	0		11882.6	0
38.1	0		11957.3	0
38.2	0		12018.9	0
38.3	0		12075.8	0
38.4	0		12135.0	0
38.5	0		12180.0	0
38.6	0		12255.0	0
38.7	0		12315.0	0
38.8	0		12360.8	0
38.9	1		12375.8	0
39.0	1		12453.0	0
39.1	1		12496.2	0
39.2	1		12497.6	0
39.3	2		12511.2	0
39.4	2		12495.0	0
39.5	3		12495.4	0
39.6	3		12510.0	0
39.7	4		12495.0	0
39.8	6		12495.4	0
39.9	5		12510.0	1
40.0	0		12495.0	0
40.1	0		12277.0	0
40.2	0		11306.3	0
40.3	0		11343.0	0
40.4	0		11420.0	0
40.5	0		11472.3	0
40.6	0		11624.1	0
40.7	0		11653.0	0
40.8	0		11631.2	0
40.9	0		11700.8	0
41.0	0		11776.8	0
41.1	0		11805.8	0
41.2	0		11865.0	0
41.3	0		11910.4	0
41.4	0		11955.4	0
41.5	0		12024.7	0
41.6	0		12124.3	0
41.7	0		12165.8	0
41.8	0		12195.4	0
41.9	0		12270.0	0
42.0	0		12390.0	0
42.1	0		12421.5	0
42.2	0		12465.4	0
42.3	1		12510.0	0
42.4	1		12495.8	0
42.5	2		12496.5	0
42.6	3		12501.5	0
42.7	5		12510.8	0
42.8	4		12499.1	0
42.9	4		12493.0	0
43.0	5		12507.2	0
43.1	5		12499.3	0
43.2	5		12501.3	0
43.3	6		12485.8	1
43.4	0		11988.6	1
43.5	0		12045.4	0
43.6	0		12090.0	0
43.7	0		12150.0	0
43.8	0		12210.4	0
43.9	1		12255.4	0
44.0	0		12347.1	0
44.1	0		12409.6	0
44.2	0		12450.8	0
44.3	1		12495.4	0
44.4	2		12495.4	0
44.5	3		12500.9	0
44.6	3		12495.4	0
44.7	3		12510.0	0
44.8	3		12493.6	0
44.9	3		12500.0	0
45.0	4		12510.8	0
45.1	5		12495.0	0
45.2	6		12497.0	0
45.3	7		12499.1	1
45.4	3		12502.5	1
45.5	0		12496.2	0
45.6	0		9820.3	0
45.7	0		9845.4	0
45.8	0		9900.4	0
45.9	0		9945.4	0
46.0	0		10035.4	0
46.1	0		10083.4	0
46.2	0		10140.4	0
46.3	0		10170.0	0
46.4	0		10245.8	0
46.5	0		10308.8	0
46.6	0		10425.8	0
46.7	0		10500.8	0
46.8	1		10489.0	0
46.9	1		10606.2	0
47.0	0		10725.4	0
47.1	0		10715.5	0
47.2	1		10855.4	0
47.3	0		10994.4	0
47.4	0		10906.3	0
47.5	0		11025.1	0
47.6	0		10992.7	0
47.7	0		11023.2	0
47.8	0		11101.6	0
47.9	0		11151.7	0
48.0	0		11237.2	0
48.1	0		11265.0	0
48.2	1		11359.5	0
48.3	0		11568.7	0
48.4	0		11628.5	0
48.5	0		11590.7	0
48.6	0		11569.8	0
48.7	0		11613.3	0
48.8	0		11684.3	0
48.9	0		11732.5	0
49.0	1		11793.7	0
49.1	1		11862.0	0
49.2	1		11979.9	0
49.3	1		12092.0	0
49.4	0		12280.1	0
49.5	0		12138.9	0
49.6	1		12155.1	0
49.7	1		12279.6	0
49.8	0		12285.4	0
49.9	0		12364.8	0
50.0	0		12353.5	0
50.1	90		5655.8	333
50.2	179		1260.0	3
50.3	269		1245.0	2
50.4	359		1245.0	2
50.5	449		1260.0	2
50.6	488		1245.0	3
50.7	403		1245.0	4
50.8	1		999.0	1
50.9	1		330.4	0
51.0	0		329.3	0
51.1	0		555.8	0
51.2	0		600.0	0
51.3	31		1009.9	0
51.4	48		1245.4	3
51.5	92		1260.0	4
51.6	111		1245.0	4
51.7	2		1155.0	1
51.8	0		690.0	0
51.9	0		645.0	0
52.0	1		690.0	0
52.1	1		750.0	0
52.2	1		810.0	0
52.3	0		885.0	0
52.4	0		915.0	0
52.5	0		975.0	0
52.6	1		1095.0	0
52.7	18		1155.0	0
52.8	33		1260.0	4
52.9	0		1245.0	5
53.0	1		780.0	0
53.1	0		825.0	0
53.2	0		885.8	0
53.3	0		1036.9	0
53.4	5		555.4	0
53.5	5		635.7	0
53.6	1		750.4	0
53.7	0		780.0	0
53.8	0		825.4	0
53.9	0		900.0	0
54.0	0		932.7	0
54.1	0		994.8	0
54.2	0		1050.4	0
54.3	1		1110.0	0
54.4	1		1185.0	0
54.5	1		1230.0	0
54.6	3		1215.0	0
54.7	7		1260.0	0
54.8	10		1245.0	1
54.9	14		1245.0	1
55.0	4		1260.0	1
55.1	0		1245.4	0
55.2	1		1155.8	0
55.3	2		1185.4	0
55.4	4		1245.4	0
55.5	9		1260.4	0
55.6	12		1245.0	2
55.7	0		1170.0	0
55.8	0		1080.0	0
55.9	0		1065.0	0
56.0	0		1125.0	0
56.1	1		1140.0	0
56.2	1		1155.0	0
56.3	3		1215.0	0
56.4	7		1245.0	0
56.5	9		1260.0	1
56.6	10		1245.0	2
56.7	2		1065.0	1
56.8	0		975.0	0
56.9	1		960.0	0
57.0	1		1005.4	0
57.1	1		1080.4	0
57.2	2		1089.6	0
57.3	4		1141.2	0
57.4	1		1225.8	0
57.5	4		1249.0	0
57.6	8		1260.4	0
57.7	8		1248.6	2
57.8	3		1200.4	1
57.9	1		985.0	0
58.0	3		888.8	0
58.1	2		950.9	0
58.2	2		1016.4	0
58.3	2		1096.5	0
58.4	2		1144.8	0
58.5	2		1187.2	0
58.6	0		1217.5	0
58.7	4		1246.2	0
58.8	9		1245.8	0
58.9	15		1245.4	3
59.0	6		1230.0	0
59.1	4		1075.7	0
59.2	4		1058.9	0
59.3	1		1230.0	0
59.4	7		1228.7	0
59.5	4		1076.7	0
59.6	4		1109.6	0
59.7	8		1155.0	0
59.8	2		1245.4	0
59.9	6		1251.3	0
60.0	8		1260.8	1
60.1	11		1245.4	2
60.2	0		1129.0	2
60.3	0		1020.8	0
60.4	0		916.4	0
60.5	5		1005.8	0
60.6	9		1113.7	0
60.7	1		1245.8	0
60.8	0		1103.8	0
60.9	1		1140.9	0
61.0	4		1203.4	0
61.1	4		1237.5	0
61.2	11		1261.2	0
61.3	12		1240.6	2
61.4	0		1247.6	4
61.5	0		947.4	0
61.6	1		910.8	0
61.7	2		976.2	0
61.8	4		1044.0	0
61.9	3		1111.6	0
62.0	2		1184.4	0
62.1	7		1249.7	0
62.2	9		1245.8	2
62.3	0		1260.4	3
62.4	5		786.6	0
62.5	4		840.4	0
62.6	2		960.0	0
62.7	3		1155.0	0
62.8	18		1185.0	0
62.9	54		1245.0	4
63.0	6		1245.8	5
63.1	2		1174.2	0
63.2	0		734.4	0
63.3	1		772.6	0
63.4	0		825.8	0
63.5	0		751.9	0
63.6	4		875.7	0
63.7	0		862.9	0
63.8	0		882.4	0
63.9	2		932.1	0
64.0	3		990.8	0
64.1	1		1065.3	0
64.2	2		1097.0	0
64.3	3		1140.0	0
64.4	4		1179.0	0
64.5	6		1225.4	0
64.6	7		1250.4	0
64.7	19		1249.6	1
64.8	4		1246.2	1
64.9	1		1250.9	0
65.0	0		1185.9	0
65.1	3		1216.5	0
65.2	4		1246.8	0
65.3	7		1245.8	0
65.4	14		1260.4	1
65.5	16		1241.0	1
65.6	2		1259.6	1
65.7	1		998.9	0
65.8	2		1005.8	0
65.9	2		1090.3	0
66.0	2		1148.1	0
66.1	2		1226.1	0
66.2	6		1245.8	0
66.3	7		1243.5	1
66.4	2		1245.4	1
66.5	1		1220.4	0
66.6	2		1050.4	0
66.7	1		1035.0	0
66.8	1		1085.3	0
66.9	1		1159.3	0
67.0	2		1202.1	0
67.1	8		1249.0	0
67.2	8		1262.4	2
67.3	1		1170.4	0
67.4	2		1065.0	0
67.5	4		1125.0	0
67.6	2		1186.2	0
67.7	2		1247.4	0
67.8	7		1261.2	0
67.9	11		1236.5	1
68.0	2		1263.1	1
68.1	3		1246.2	0
68.2	1		1247.0	0
68.3	5		1241.7	0
68.4	8		1245.8	1
68.5	8		1260.0	1
68.6	0		1245.0	2
68.7	1		795.4	0
68.8	1		840.0	0
68.9	1		885.4	0
69.0	1		964.8	0
69.1	1		1020.4	0
69.2	0		1095.0	0
69.3	1		1138.7	0
69.4	2		1185.8	0
69.5	5		1245.0	0
69.6	10		1245.4	0
69.7	13		1251.2	1
69.8	19		1245.8	2
69.9	0		1245.0	0
70.0	1		1059.0	0
70.1	3		1065.4	0
70.2	4		1003.4	0
70.3	4		1050.8	0
70.4	2		1110.0	0
70.5	2		1155.0	0
70.6	2		1215.0	0
70.7	4		1245.0	0
70.8	9		1260.0	0
70.9	12		1245.4	2
71.0	3		1245.0	1
71.1	0		879.9	0
71.2	1		855.4	0
71.3	2		915.4	0
71.4	2		977.3	0
71.5	2		1037.3	0
71.6	2		1107.2	0
71.7	2		1170.4	0
71.8	2		1230.0	0
71.9	3		1215.4	0
72.0	13		1246.2	0
72.1	19		1249.6	2
72.2	21		1245.8	3
72.3	1		1110.0	1
72.4	0		743.4	0
72.5	1		810.8	0
72.6	0		845.2	0
72.7	0		833.6	0
72.8	0		931.9	0
72.9	0		973.6	0
73.0	0		1005.8	0
73.1	1		1050.0	0
73.2	1		1080.0	0
73.3	1		1140.0	0
73.4	1		1200.0	0
73.5	8		1247.3	0
73.6	7		1260.0	1
73.7	3		1251.8	3
73.8	0		1245.4	0
73.9	2		756.3	0
74.0	6		764.5	0
74.1	4		930.4	0
74.2	2		1035.4	0
74.3	1		1101.0	0
74.4	2		971.2	0
74.5	1		1007.5	0
74.6	1		1080.4	0
74.7	1		1140.0	0
74.8	0		1200.0	0
74.9	1		1200.4	0
75.0	10		1245.0	0
75.1	8		1245.0	3
75.2	1		1137.0	2
75.3	0		823.6	0
75.4	0		766.2	0
75.5	0		771.1	0
75.6	0		805.4	0
75.7	0		860.2	0
75.8	1		919.7	0
75.9	1		980.0	0
76.0	5		1095.8	0
76.1	7		1217.2	0
76.2	1		1245.8	0
76.3	1		1168.0	0
76.4	3		1216.6	0
76.5	13		1244.4	0
76.6	16		1249.1	4
76.7	0		1190.3	1
76.8	0		927.1	0
76.9	1		926.0	0
77.0	0		1005.0	0
77.1	0		1019.5	0
77.2	0		1066.6	0
77.3	7		1185.8	0
77.4	20		1247.5	1
77.5	13		1250.4	5
77.6	0		1245.0	4
77.7	2		1020.8	0
77.8	1		781.6	0
77.9	4		795.4	0
78.0	2		904.0	0
78.1	2		797.8	0
78.2	1		881.0	0
78.3	2		960.3	0
78.4	0		1056.2	0
78.5	0		1067.7	0
78.6	0		1084.2	0
78.7	0		1125.8	0
78.8	0		1184.5	0
78.9	1		1200.8	0
79.0	9		1245.4	0
79.1	8		1258.1	1
79.2	4		1215.0	0
79.3	2		1245.4	0
79.4	10		1250.1	0
79.5	6		1248.1	5
79.6	1		1249.6	0
79.7	1		886.6	0
79.8	4		710.6	0
79.9	1		885.4	0
80.0	1		975.0	0
80.1	1		907.4	0
80.2	3		961.2	0
80.3	0		1035.4	0
80.4	2		1130.2	0
80.5	8		1187.1	0
80.6	3		1156.1	1
80.7	4		1048.7	0
80.8	3		1051.6	0
80.9	2		1122.1	0
81.0	2		1170.8	0
81.1	2		1230.0	0
81.2	4		1245.4	0
81.3	10		1251.6	0
81.4	7		1245.4	6
81.5	1		1005.0	0
81.6	1		675.0	0
81.7	2		735.0	0
81.8	2		795.0	0
81.9	1		855.0	0
82.0	2		900.0	0
82.1	2		930.4	0
82.2	2		1005.0	0
82.3	2		1052.0	0
82.4	3		1112.2	0
82.5	2		1171.2	0
82.6	6		1247.5	0
82.7	4		1245.0	0
82.8	9		1253.9	0
82.9	5		1244.0	6
83.0	0		1035.8	1
83.1	0		675.0	0
83.2	0		707.0	0
83.3	0		767.0	0
83.4	0		825.4	0
83.5	0		870.0	0
83.6	0		930.4	0
83.7	0		990.8	0
83.8	1		1036.9	0
83.9	2		1110.4	0
84.0	1		1150.1	0
84.1	8		1168.6	0
84.2	3		1260.8	0
84.3	7		1244.5	0
84.4	7		1250.4	3
84.5	0		1245.8	3
84.6	0		780.4	0
84.7	0		714.6	0
84.8	1		768.1	0
84.9	1		825.4	0
85.0	0		885.0	0
85.1	0		945.0	0
85.2	1		975.0	0
85.3	1		1020.0	0
85.4	1		1065.0	0
85.5	1		1110.0	0
85.6	1		1155.0	0
85.7	1		1200.0	0
85.8	6		1245.0	0
85.9	9		1260.8	1
86.0	2		1246.4	5
86.1	2		902.7	0
86.2	3		932.1	0
86.3	1		995.2	0
86.4	1		1050.8	0
86.5	1		1045.2	0
86.6	1		1082.3	0
86.7	1		1125.8	0
86.8	1		1185.0	0
86.9	1		1202.0	0
87.0	6		1245.4	0
87.1	8		1245.0	2
87.2	0		1260.0	4
87.3	0		810.0	0
87.4	0		870.0	0
87.5	3		885.0	0
87.6	4		945.0	0
87.7	2		1005.4	0
87.8	4		1065.0	0
87.9	1		1140.0	0
88.0	1		1192.1	0
88.1	1		1232.0	0
88.2	6		1245.8	0
88.3	8		1245.0	1
88.4	6		1255.9	7
88.5	0		976.6	0
88.6	0		750.4	0
88.7	0		690.0	0
88.8	1		795.0	0
88.9	0		795.0	0
89.0	1		705.4	0
89.1	1		765.0	0
89.2	1		827.4	0
89.3	1		887.4	0
89.4	1		945.4	0
89.5	0		1005.0	0
89.6	0		1080.0	0
89.7	0		1125.0	0
89.8	0		1155.0	0
89.9	2		1215.0	0
90.0	4		1246.6	0
90.1	15		1260.4	0
90.2	17		1239.7	1
90.3	1		1261.2	2
90.4	0		1219.3	0
90.5	0		1035.8	0
90.6	0		975.4	0
90.7	1		1026.2	0
90.8	10		1066.2	0
90.9	9		1174.7	0
91.0	24		1250.1	0
91.1	26		1250.5	2
91.2	17		1260.8	1
91.3	2		944.2	1
91.4	2		981.8	0
91.5	2		855.0	0
91.6	2		915.8	0
91.7	1		946.9	0
91.8	1		990.4	0
91.9	2		1050.0	0
92.0	2		1110.0	0
92.1	2		1170.0	0
92.2	2		1230.0	0
92.3	6		1260.0	0
92.4	8		1245.4	0
92.5	10		1245.4	3
92.6	2		1140.0	0
92.7	1		952.7	0
92.8	1		975.8	0
92.9	1		1035.0	0
93.0	1		1092.6	0
93.1	2		1140.4	0
93.2	2		1200.0	0
93.3	1		1245.4	0
93.4	6		1248.2	0
93.5	9		1245.0	1
93.6	1		1246.2	2
93.7	0		1155.0	0
93.8	1		917.3	0
93.9	4		946.2	0
94.0	2		975.9	0
94.1	1		1020.9	0
94.2	3		1065.8	0
94.3	2		1126.7	0
94.4	2		1185.4	0
94.5	0		1245.4	0
94.6	4		1246.6	0
94.7	8		1260.4	0
94.8	9		1245.4	3
94.9	1		1189.8	0
95.0	0		870.4	0
95.1	1		870.0	0
95.2	1		930.4	0
95.3	1		976.3	0
95.4	1		1035.4	0
95.5	3		1095.0	0
95.6	4		1155.0	0
95.7	4		1215.4	0
95.8	8		1245.0	0
95.9	7		1251.7	2
96.0	0		1200.4	2
96.1	0		1185.0	0
96.2	0		885.0	0
96.3	0		915.4	0
96.4	1		975.0	0
96.5	0		1035.4	0
96.6	2		1081.4	0
96.7	4		1140.4	0
96.8	4		1200.0	0
96.9	5		1245.0	0
97.0	8		1245.0	0
97.1	8		1260.0	3
97.2	0		1230.0	1
97.3	0		750.0	0
97.4	1		705.0	0
97.5	1		780.0	0
97.6	0		825.0	0
97.7	0		885.0	0
97.8	0		945.0	0
97.9	0		1005.0	0
98.0	0		1065.0	0
98.1	1		1125.0	0
98.2	1		1170.0	0
98.3	1		1230.4	0
98.4	10		1260.0	0
98.5	10		1245.0	4
98.6	1		1191.1	0
98.7	0		870.8	0
98.8	1		795.0	0
98.9	6		900.0	0
99.0	0		1065.0	0
99.1	0		912.6	0
99.2	0		960.4	0
99.3	1		960.0	0
99.4	1		1020.0	0
99.5	3		1080.0	0
99.6	5		1140.4	0
99.7	4		1200.0	0
99.8	5		1245.8	0
99.9	9		1253.0	0
100.0	9		1245.8	3
100.1	91		570.0	4
100.2	174		135.0	4
100.3	254		120.0	5
100.4	336		120.0	6
100.5	406		135.0	6
100.6	416		120.0	6
100.7	104		120.4	7
100.8	21		136.6	6
100.9	20		120.0	0
101.0	24		105.4	0
101.1	24		75.0	0
101.2	0		105.0	0
101.3	2		105.0	0
101.4	20		120.0	0
101.5	20		120.0	0
101.6	44		135.0	1
101.7	20		120.0	6
101.8	28		120.4	0
101.9	31		134.4	3
102.0	0		106.7	0
102.1	0		105.0	0
102.2	36		105.8	0
102.3	0		128.5	0
102.4	12		105.4	0
102.5	0		105.0	0
102.6	8		120.0	0
102.7	32		120.0	0
102.8	20		135.0	3
102.9	44		120.0	0
103.0	32		120.0	2
103.1	20		135.0	0
103.2	0		120.0	0
103.3	12		105.4	0
103.4	22		120.0	0
103.5	58		122.6	0
103.6	20		120.4	3
103.7	32		135.4	1
103.8	0		122.1	4
103.9	9		75.4	0
104.0	12		120.0	0
104.1	20		105.0	0
104.2	56		135.4	0
104.3	21		120.4	6
104.4	12		121.6	0
104.5	21		120.8	0
104.6	12		123.1	0
104.7	29		123.1	0
104.8	35		124.2	2
104.9	20		135.0	3
105.0	44		120.0	0
105.1	44		120.0	3
105.2	32		135.0	0
105.3	0		120.4	0
105.4	24		120.0	0
105.5	44		120.8	0
105.6	12		123.2	4
105.7	21		136.7	0
105.8	10		120.8	0
105.9	0		120.0	0
106.0	35		120.0	0
106.1	8		120.4	1
106.2	56		120.0	0
106.3	19		134.0	7
106.4	8		120.0	0
106.5	12		135.4	0
106.6	0		105.0	0
106.7	20		93.3	0
106.8	24		120.4	0
106.9	34		120.0	0
107.0	20		120.0	5
107.1	8		135.0	2
107.2	0		120.0	0
107.3	0		105.0	0
107.4	23		120.0	0
107.5	47		120.0	0
107.6	8		120.0	2
107.7	20		135.0	0
107.8	32		120.0	0
107.9	20		120.0	3
108.0	32		135.4	0
108.1	15		127.9	5
108.2	0		76.2	0
108.3	12		126.4	0
108.4	26		120.4	0
108.5	47		123.2	0
108.6	8		120.4	3
108.7	44		120.4	0
108.8	32		135.4	9
108.9	12		120.0	0
109.0	8		120.0	0
109.1	0		120.8	0
109.2	29		126.5	0
109.3	34		122.9	3
109.4	16		130.2	2
109.5	45		121.2	0
109.6	26		120.0	10
109.7	6		128.0	2
109.8	12		120.4	0
109.9	36		120.4	0
110.0	32		120.4	2
110.1	13		126.3	3
110.2	2		128.5	0
110.3	0		75.8	0
110.4	0		112.7	0
110.5	44		119.5	0
110.6	32		120.0	6
110.7	0		90.0	0
110.8	0		92.9	0
110.9	16		105.4	0
111.0	24		105.0	0
111.1	8		120.8	0
111.2	47		120.0	0
111.3	32		120.4	7
111.4	8		135.0	1
111.5	5		120.0	0
111.6	12		101.3	0
111.7	24		76.2	0
111.8	44		120.0	2
111.9	2		135.4	3
112.0	12		113.1	0
112.1	36		120.4	0
112.2	10		138.0	1
112.3	32		120.0	0
112.4	33		120.8	2
112.5	36		135.4	0
112.6	43		124.9	2
112.7	32		114.8	4
112.8	20		120.8	0
112.9	21		135.0	0
113.0	33		121.8	1
113.1	32		120.0	3
113.2	20		135.4	1
113.3	32		120.0	1
113.4	12		120.4	1
113.5	21		120.4	0
113.6	23		121.8	0
113.7	46		137.7	0
113.8	33		122.1	4
113.9	0		120.4	0
114.0	8		120.0	0
114.1	20		120.4	0
114.2	32		135.8	1
114.3	12		124.6	7
114.4	0		118.7	0
114.5	0		120.8	0
114.6	20		120.0	0
114.7	32		135.0	1
114.8	32		120.0	4
114.9	20		120.4	3
115.0	33		135.8	0
115.1	8		120.4	5
115.2	46		123.1	0
115.3	21		121.3	1
115.4	0		120.8	0
115.5	19		107.8	0
115.6	33		137.0	0
115.7	44		120.4	3
115.8	22		120.0	2
115.9	46		123.5	0
116.0	32		135.4	0
116.1	20		120.8	2
116.2	43		120.0	2
116.3	20		135.0	6
116.4	20		120.4	0
116.5	51		120.0	0
116.6	16		130.1	5
116.7	20		120.4	0
116.8	0		105.0	0
116.9	3		105.4	0
117.0	30		121.2	0
117.1	32		120.0	3
117.2	32		120.0	3
117.3	8		135.8	1
117.4	42		120.4	0
117.5	32		120.4	7
117.6	20		120.0	5
117.7	20		135.0	0
117.8	0		120.4	0
117.9	24		105.4	0
118.0	44		120.0	2
118.1	23		135.0	3
118.2	33		121.3	1
118.3	46		120.4	1
118.4	20		135.4	2
118.5	20		120.4	0
118.6	34		120.0	0
118.7	20		135.0	5
118.8	46		122.8	0
118.9	20		120.4	2
119.0	0		91.2	0
119.1	64		107.1	0
119.2	20		122.9	7
119.3	16		122.5	0
119.4	26		128.3	0
119.5	21		120.4	3
119.6	48		125.1	0
119.7	11		137.3	1
119.8	58		122.3	0
119.9	25		126.4	5
120.0	19		119.2	3
120.1	42		131.8	0
120.2	8		120.8	3
120.3	1		120.3	0
120.4	6		126.1	0
120.5	31		108.6	0
120.6	57		120.4	4
120.7	32		135.8	5
120.8	17		116.9	0
120.9	12		120.4	0
121.0	31		112.2	0
121.1	23		124.2	6
121.2	106		124.7	1
121.3	0		120.0	8
121.4	28		120.0	0
121.5	0		120.4	0
121.6	23		121.2	0
121.7	12		125.5	3
121.8	28		121.2	0
121.9	25		126.3	0
122.0	21		121.2	6
122.1	69		135.8	0
122.2	32		120.0	4
122.3	20		120.4	1
122.4	40		130.8	0
122.5	78		120.4	0
122.6	26		130.1	8
122.7	0		111.4	0
122.8	56		96.9	0
122.9	11		117.8	1
123.0	0		60.4	0
123.1	6		57.3	0
123.2	12		75.8	0
123.3	0		83.6	0
123.4	12		120.4	0
123.5	36		120.0	0
123.6	20		120.4	2
123.7	32		135.4	0
123.8	56		120.0	0
123.9	8		120.0	6
124.0	12		122.4	0
124.1	0		137.3	0
124.2	32		75.8	0
124.3	28		115.9	0
124.4	8		135.2	4
124.5	33		121.6	0
124.6	36		120.4	6
124.7	17		130.8	2
124.8	27		128.3	0
124.9	15		113.9	5
125.0	39		131.1	0
125.1	6		126.9	2
125.2	0		82.7	0
125.3	0		93.4	0
125.4	12		105.4	0
125.5	13		120.0	0
125.6	20		120.4	0
125.7	32		135.0	0
125.8	20		120.8	8
125.9	44		120.0	0
126.0	32		135.0	1
126.1	12		120.0	0
126.2	12		120.4	0
126.3	35		120.4	1
126.4	34		123.5	5
126.5	17		120.8	3
126.6	33		122.3	0
126.7	24		135.4	6
126.8	21		122.2	0
126.9	21		120.4	0
127.0	21		121.8	0
127.1	45		135.0	0
127.2	21		121.8	1
127.3	56		120.4	1
127.4	33		122.0	3
127.5	8		135.0	6
127.6	0		121.2	0
127.7	44		125.5	0
127.8	21		121.2	6
127.9	32		135.0	2
128.0	20		120.0	0
128.1	12		120.0	0
128.2	32		135.0	0
128.3	20		120.0	3
128.4	12		120.0	0
128.5	0		120.0	0
128.6	30		120.0	0
128.7	32		135.0	2
128.8	32		120.4	2
128.9	31		119.4	2
129.0	6		135.0	2
129.1	42		117.7	0
129.2	25		126.8	0
129.3	24		96.0	0
129.4	15		129.0	1
129.5	39		120.4	2
129.6	0		120.8	6
129.7	5		121.6	0
129.8	35		107.0	0
129.9	14		128.2	3
130.0	24		128.9	0
130.1	9		132.4	4
130.2	5		121.6	0
130.3	0		109.6	0
130.4	0		91.4	0
130.5	21		77.6	0
130.6	10		122.9	0
130.7	44		120.0	0
130.8	29		131.8	2
130.9	8		120.4	3
131.0	33		121.2	0
131.1	69		136.6	4
131.2	13		122.8	8
131.3	25		124.2	0
131.4	8		122.9	0
131.5	17		110.3	0
131.6	64		120.0	2
131.7	14		129.9	17
131.8	12		121.6	1
131.9	12		123.5	0
132.0	20		112.1	0
132.1	34		122.6	0
132.2	37		120.0	12
132.3	45		120.0	0
132.4	24		136.6	0
132.5	22		115.8	6
132.6	73		125.0	1
132.7	13		136.2	12
132.8	64		114.5	0
132.9	0		127.4	3
133.0	12		104.4	0
133.1	51		96.7	0
133.2	15		121.2	4
133.3	43		105.0	0
133.4	37		120.4	6
133.5	11		130.0	2
133.6	30		132.8	0
133.7	3		115.5	3
133.8	0		118.9	0
133.9	0		105.4	0
134.0	31		75.0	0
134.1	24		120.0	0
134.2	46		120.0	0
134.3	20		120.0	5
134.4	20		135.4	1
134.5	68		120.0	1
134.6	20		120.0	10
134.7	25		120.4	0
134.8	60		120.8	0
134.9	23		137.2	1
135.0	25		121.4	0
135.1	51		112.5	0
135.2	0		127.2	3
135.3	60		95.7	0
135.4	0		120.8	5
135.5	6		114.2	0
135.6	31		105.4	0
135.7	37		121.2	0
135.8	45		135.7	0
135.9	33		121.6	3
136.0	20		120.0	0
136.1	44		135.0	0
136.2	32		120.4	2
136.3	20		120.4	2
136.4	33		122.2	0
136.5	21		136.9	3
136.6	32		120.0	1
136.7	33		121.2	0
136.8	20		120.0	9
136.9	44		135.4	0
137.0	18		117.6	1
137.1	0		120.8	0
137.2	22		134.8	0
137.3	37		123.1	0
137.4	25		126.9	5
137.5	12		124.2	3
137.6	21		121.2	0
137.7	20		120.0	0
137.8	35		122.1	0
137.9	8		136.9	1
138.0	44		120.8	0
138.1	20		120.0	1
138.2	8		135.0	0
138.3	32		120.4	0
138.4	20		120.0	5
138.5	32		135.0	0
138.6	32		120.0	2
138.7	20		120.0	0
138.8	46		120.4	1
138.9	36		125.9	4
139.0	12		124.7	4
139.1	12		90.4	0
139.2	42		120.0	0
139.3	20		120.0	5
139.4	12		108.9	0
139.5	52		120.4	0
139.6	20		135.0	7
139.7	32		120.0	1
139.8	9		120.0	0
139.9	22		120.8	0
140.0	13		111.3	2
140.1	12		122.6	0
140.2	54		135.4	0
140.3	18		117.4	5
140.4	21		120.8	0
140.5	20		135.8	2
140.6	80		120.4	0
140.7	1		120.0	7
140.8	12		109.2	0
140.9	66		121.2	0
141.0	20		120.4	16
141.1	89		120.8	0
141.2	32		135.0	2
141.3	31		119.5	0
141.4	33		121.3	2
141.5	9		120.4	3
141.6	20		110.2	0
141.7	28		133.8	1
141.8	21		118.0	1
141.9	20		135.4	1
142.0	32		120.0	0
142.1	8		120.4	3
142.2	44		135.0	0
142.3	6		125.9	6
142.4	2		112.6	0
142.5	46		121.2	0
142.6	23		123.8	7
142.7	32		120.0	1
142.8	6		135.4	1
142.9	12		119.7	0
143.0	20		120.8	0
143.1	33		121.2	3
143.2	20		135.0	12
143.3	20		120.4	0
143.4	32		120.4	0
143.5	24		125.5	5
143.6	31		134.3	3
143.7	20		120.4	2
143.8	16		129.8	2
143.9	36		107.8	0
144.0	0		135.4	0
144.1	36		115.0	0
144.2	45		120.8	0
144.3	16		130.1	9
144.4	1		124.4	0
144.5	10		122.0	0
144.6	4		113.3	0
144.7	39		106.7	0
144.8	0		129.2	3
144.9	24		108.2	0
145.0	45		120.8	1
145.1	44		119.9	4
145.2	13		135.8	3
145.3	22		126.1	1
145.4	28		115.4	0
145.5	20		135.4	5
145.6	44		120.0	0
145.7	20		120.4	6
145.8	32		135.4	0
145.9	6		120.0	3
146.0	24		110.3	0
146.1	12		105.4	0
146.2	61		120.4	0
146.3	14		120.4	3
146.4	27		129.2	1
146.5	21		120.8	2
146.6	44		135.8	0
146.7	15		120.8	9
146.8	70		128.1	1
146.9	27		128.8	5
147.0	20		120.0	6
147.1	0		128.9	0
147.2	0		60.0	0
147.3	17		105.8	0
147.4	38		120.4	0
147.5	22		123.2	4
147.6	32		120.0	0
147.7	20		135.0	5
147.8	32		120.0	1
147.9	8		120.0	1
148.0	32		135.0	0
148.1	20		120.8	4
148.2	23		123.7	0
148.3	32		120.4	2
148.4	7		123.3	0
148.5	21		119.7	0
148.6	36		136.6	0
148.7	7		124.0	6
148.8	26		126.1	0
148.9	24		124.4	3
149.0	1		126.1	6
149.1	30		109.6	0
149.2	17		105.4	0
149.3	32		135.8	0
149.4	14		120.4	4
149.5	38		127.7	0
149.6	32		120.0	3
149.7	20		120.4	2
149.8	45		135.4	0
149.9	0		122.1	4
150.0	9		110.3	0
150.1	0		143.2	0
150.2	0		257.8	0
150.3	0		248.4	0
150.4	0		300.8	0
150.5	0		316.8	0
150.6	0		360.0	0
150.7	0		435.4	0
150.8	0		489.0	0
150.9	0		527.4	0
151.0	0		570.8	0
151.1	0		630.0	0
151.2	0		686.2	0
151.3	0		735.4	0
151.4	0		795.0	0
151.5	0		855.0	0
151.6	0		915.4	0
151.7	0		962.9	0
151.8	0		1090.5	0
151.9	0		1200.8	0
152.0	0		1185.0	0
152.1	0		1222.1	0
152.2	0		1260.8	0
152.3	0		1380.0	0
152.4	0		1387.8	0
152.5	0		1485.8	0
152.6	0		1494.8	0
152.7	0		1532.2	0
152.8	0		1590.4	0
152.9	0		1650.0	0
153.0	0		1710.0	0
153.1	0		1770.0	0
153.2	0		1815.4	0
153.3	0		1875.0	0
153.4	0		1940.1	0
153.5	0		1995.8	0
153.6	0		2070.0	0
153.7	0		2126.0	0
153.8	0		2175.4	0
153.9	0		2235.0	0
154.0	0		2295.0	0
154.1	0		2355.0	0
154.2	0		2415.0	0
154.3	0		2475.0	0
154.4	0		2535.0	0
154.5	0		2595.0	0
154.6	0		2655.0	0
154.7	0		2715.0	0
154.8	0		2760.0	0
154.9	0		2820.8	0
155.0	0		2945.9	0
155.1	0		3060.0	0
155.2	0		3018.8	0
155.3	0		3128.2	0
155.4	0		3165.4	0
155.5	0		3259.4	0
155.6	0		3330.8	0
155.7	0		3324.5	0
155.8	0		3375.4	0
155.9	0		3435.4	0
156.0	0		3495.8	0
156.1	0		3556.5	0
156.2	0		3617.3	0
156.3	0		3675.4	0
156.4	0		3736.9	0
156.5	0		3795.4	0
156.6	0		3885.8	0
156.7	0		3867.6	0
156.8	0		3916.6	0
156.9	0		3976.9	0
157.0	0		4039.5	0
157.1	0		4080.4	0
157.2	0		4110.4	0
157.3	0		4171.9	0
157.4	0		4245.0	0
157.5	0		4305.4	0
157.6	0		4351.9	0
157.7	0		4410.8	0
157.8	0		4472.3	0
157.9	0		4581.2	0
158.0	0		4620.8	0
158.1	0		4677.7	0
158.2	0		4717.2	0
158.3	0		4803.5	0
158.4	0		4847.0	0
158.5	0		4891.2	0
158.6	0		4950.4	0
158.7	0		5064.9	0
158.8	0		5190.4	0
158.9	0		5295.0	0
159.0	0		5202.3	0
159.1	0		5250.8	0
159.2	0		5310.0	0
159.3	1		5415.0	0
159.4	1		5449.7	0
159.5	1		5505.4	0
159.6	0		5550.0	0
159.7	1		5610.0	0
159.8	0		5670.0	0
159.9	0		5730.0	0
160.0	0		5790.0	0
160.1	0		5850.0	0
160.2	0		5910.0	0
160.3	0		5970.0	0
160.4	1		6015.4	0
160.5	1		6150.0	0
160.6	0		6225.0	0
160.7	1		6224.0	0
160.8	1		6240.4	0
160.9	3		6255.4	0
161.0	3		6250.1	0
161.1	4		6252.8	0
161.2	5		6255.4	0
161.3	5		6240.0	0
161.4	6		6255.0	1
161.5	0		6015.0	1
161.6	0		5505.0	0
161.7	0		5070.0	0
161.8	0		5145.0	0
161.9	0		5205.0	0
162.0	0		5265.0	0
162.1	0		5325.0	0
162.2	0		5400.0	0
162.3	0		5460.0	0
162.4	0		5520.0	0
162.5	0		5580.0	0
162.6	0		5640.0	0
162.7	0		5700.0	0
162.8	0		5745.0	0
162.9	0		5805.0	0
163.0	0		5865.0	0
163.1	0		5925.0	0
163.2	0		5985.4	0
163.3	0		6045.4	0
163.4	0		6040.2	0
163.5	0		6105.8	0
163.6	0		6150.0	0
163.7	1		6210.0	0
163.8	1		6255.0	0
163.9	2		6240.0	0
164.0	3		6255.0	0
164.1	4		6255.0	0
164.2	5		6240.0	0
164.3	6		6255.0	1
164.4	6		6255.4	1
164.5	0		6235.8	0
164.6	0		6090.4	0
164.7	0		6135.0	0
164.8	0		6180.0	0
164.9	1		6240.0	0
165.0	2		6240.0	0
165.1	3		6255.0	0
165.2	4		6255.0	0
165.3	5		6240.0	0
165.4	6		6255.0	0
165.5	6		6255.0	1
165.6	0		5925.0	1
165.7	0		5565.4	0
165.8	0		5595.0	0
165.9	0		5730.4	0
166.0	0		5850.0	0
166.1	0		6000.0	0
166.2	0		5864.6	0
166.3	0		5910.4	0
166.4	0		5970.0	0
166.5	0		6030.0	0
166.6	0		6075.0	0
166.7	0		6150.4	0
166.8	1		6255.0	0
166.9	2		6255.0	0
167.0	5		6240.0	0
167.1	2		6255.0	0
167.2	3		6253.1	0
167.3	4		6240.0	0
167.4	5		6255.0	0
167.5	6		6255.4	1
167.6	0		6243.1	1
167.7	0		5956.6	0
167.8	0		5328.8	0
167.9	0		5282.3	0
168.0	0		5329.7	0
168.1	1		5358.8	0
168.2	0		5490.8	0
168.3	0		5550.0	0
168.4	0		5558.8	0
168.5	0		5610.4	0
168.6	0		5685.0	0
168.7	0		5740.6	0
168.8	0		5791.9	0
168.9	0		5835.4	0
169.0	0		5835.8	0
169.1	0		5917.3	0
169.2	0		5972.2	0
169.3	0		6030.4	0
169.4	0		6090.4	0
169.5	0		6150.8	0
169.6	2		6218.5	0
169.7	2		6248.8	0
169.8	2		6238.2	0
169.9	3		6252.0	0
170.0	4		6259.4	0
170.1	5		6240.4	0
170.2	6		6256.8	1
170.3	0		6251.8	1
170.4	0		5955.4	0
170.5	0		5985.8	0
170.6	0		6090.4	0
170.7	1		6163.8	0
170.8	1		6194.0	0
170.9	0		6240.4	0
171.0	1		6255.4	0
171.1	2		6244.6	0
171.2	3		6255.4	0
171.3	4		6240.0	0
171.4	5		6255.0	0
171.5	6		6255.4	0
171.6	6		6240.4	1
171.7	0		5962.6	1
171.8	1		5850.4	0
171.9	2		5685.8	0
172.0	1		5836.8	0
172.1	0		5957.9	0
172.2	0		5798.4	0
172.3	1		5835.8	0
172.4	1		5880.0	0
172.5	1		5957.9	0
172.6	1		6015.4	0
172.7	1		6085.9	0
172.8	1		6137.9	0
172.9	1		6195.0	0
173.0	1		6240.8	0
173.1	3		6257.5	0
173.2	3		6243.7	0
173.3	4		6255.4	0
173.4	5		6240.0	0
173.5	6		6255.0	0
173.6	6		6255.0	1
173.7	0		6240.4	1
173.8	0		6170.0	0
173.9	0		5956.2	0
174.0	0		5983.6	0
174.1	0		6019.5	0
174.2	0		6060.8	0
174.3	0		6135.4	0
174.4	0		6180.8	0
174.5	1		6257.2	0
174.6	1		6249.9	0
174.7	2		6241.2	0
174.8	3		6257.2	0
174.9	4		6242.0	0
175.0	5		6255.8	0
175.1	6		6252.4	1
175.2	2		6240.8	1
175.3	1		6255.0	0
175.4	0		6255.0	0
175.5	0		6106.2	0
175.6	0		6136.7	0
175.7	1		6249.7	0
175.8	2		6241.2	0
175.9	3		6259.1	0
176.0	3		6249.7	0
176.1	5		6248.8	0
176.2	6		6240.0	0
176.3	7		6253.3	1
176.4	7		6254.3	1
176.5	6		6247.5	2
176.6	0		5019.0	0
176.7	0		3675.8	0
176.8	0		3655.9	0
176.9	1		3717.2	0
177.0	2		3826.2	0
177.1	1		4035.0	0
177.2	2		4024.8	0
177.3	0		4195.1	0
177.4	0		4036.2	0
177.5	0		4175.1	0
177.6	0		4256.3	0
177.7	0		4426.2	0
177.8	0		4317.4	0
177.9	0		4288.5	0
178.0	0		4337.4	0
178.1	1		4395.8	0
178.2	0		4515.4	0
178.3	0		4553.9	0
178.4	0		4602.2	0
178.5	0		4624.5	0
178.6	0		4710.4	0
178.7	0		4768.6	0
178.8	0		4815.4	0
178.9	0		4884.1	0
179.0	0		4939.8	0
179.1	0		4995.0	0
179.2	0		5047.7	0
179.3	0		5115.0	0
179.4	0		5175.0	0
179.5	0		5235.0	0
179.6	0		5297.5	0
179.7	0		5325.0	0
179.8	0		5415.0	0
179.9	0		5469.1	0
180.0	0		5520.4	0
180.1	0		5580.0	0
180.2	0		5625.0	0
180.3	1		5685.0	0
180.4	1		5745.0	0
180.5	1		5805.0	0
180.6	1		5865.0	0
180.7	1		5925.0	0
180.8	1		5985.0	0
180.9	1		6030.0	0
181.0	1		6105.0	0
181.1	1		6165.0	0
181.2	1		6225.0	0
181.3	1		6255.0	0
181.4	2		6240.4	0
181.5	3		6256.6	0
181.6	4		6255.4	0
181.7	5		6240.0	0
181.8	6		6255.0	0
181.9	7		6255.0	1
182.0	1		5925.0	1
182.1	1		5835.0	0
182.2	1		5880.0	0
182.3	1		5940.0	0
182.4	1		6000.8	0
182.5	1		6056.2	0
182.6	0		6136.6	0
182.7	2		6180.0	0
182.8	2		6243.6	0
182.9	2		6255.4	0
183.0	4		6242.6	0
183.1	4		6255.8	0
183.2	4		6242.7	0
183.3	6		6255.2	0
183.4	7		6241.2	1
183.5	3		6258.0	1
183.6	1		5940.4	0
183.7	1		6000.4	0
183.8	1		6035.0	0
183.9	1		6120.0	0
184.0	1		6150.0	0
184.1	1		6225.0	0
184.2	1		6255.0	0
184.3	2		6255.0	0
184.4	3		6240.0	0
184.5	4		6255.0	0
184.6	5		6255.0	0
184.7	6		6240.0	1
184.8	0		6255.0	1
184.9	0		6015.0	0
185.0	0		5385.0	0
185.1	0		5445.0	0
185.2	0		5505.0	0
185.3	0		5565.0	0
185.4	0		5625.0	0
185.5	0		5685.0	0
185.6	0		5745.4	0
185.7	0		5806.6	0
185.8	0		5865.4	0
185.9	0		5925.4	0
186.0	0		5910.4	0
186.1	0		6045.4	0
186.2	0		6067.6	0
186.3	0		6121.2	0
186.4	1		6181.7	0
186.5	1		6240.4	0
186.6	2		6240.0	0
186.7	3		6255.0	0
186.8	3		6255.0	0
186.9	4		6240.0	0
187.0	5		6255.0	0
187.1	6		6255.0	1
187.2	0		6240.0	1
187.3	0		6045.0	0
187.4	0		4395.0	0
187.5	0		4440.0	0
187.6	0		4500.4	0
187.7	0		4620.0	0
187.8	0		4645.7	0
187.9	0		4694.0	0
188.0	0		4725.4	0
188.1	0		4800.0	0
188.2	0		4860.0	0
188.3	0		4920.0	0
188.4	0		4980.0	0
188.5	0		5040.0	0
188.6	0		5085.0	0
188.7	0		5145.0	0
188.8	0		5190.0	0
188.9	0		5265.0	0
189.0	0		5325.0	0
189.1	0		5385.0	0
189.2	0		5445.0	0
189.3	0		5505.4	0
189.4	0		5625.0	0
189.5	0		5670.0	0
189.6	0		5691.3	0
189.7	0		5745.4	0
189.8	0		5805.0	0
189.9	0		5865.0	0
190.0	0		5925.0	0
190.1	0		5985.0	0
190.2	0		6045.0	0
190.3	0		6090.4	0
190.4	0		6167.2	0
190.5	1		6195.4	0
190.6	2		6240.0	0
190.7	2		6255.0	0
190.8	3		6254.0	0
190.9	3		6255.4	0
191.0	4		6240.4	0
191.1	5		6259.9	0
191.2	6		6240.4	1
191.3	0		6255.0	1
191.4	0		5880.0	0
191.5	0		5160.0	0
191.6	0		5190.4	0
191.7	0		5273.1	0
191.8	0		5328.9	0
191.9	0		5445.4	0
192.0	0		5520.0	0
192.1	0		5511.5	0
192.2	0		5565.8	0
192.3	0		5625.4	0
192.4	0		5660.6	0
192.5	0		5796.1	0
192.6	0		5850.4	0
192.7	0		5852.3	0
192.8	0		5910.8	0
192.9	0		5942.8	0
193.0	0		5985.4	0
193.1	0		6090.0	0
193.2	0		6165.0	0
193.3	0		6166.0	0
193.4	1		6225.4	0
193.5	2		6255.0	0
193.6	3		6240.4	0
193.7	4		6255.4	0
193.8	5		6255.0	0
193.9	5		6239.8	0
194.0	6		6255.8	1
194.1	0		5850.4	1
194.2	0		5342.3	0
194.3	0		5396.4	0
194.4	0		5430.4	0
194.5	0		5505.0	0
194.6	0		5565.4	0
194.7	0		5628.1	0
194.8	0		5700.4	0
194.9	0		5760.0	0
195.0	0		5820.0	0
195.1	0		5880.0	0
195.2	0		5940.8	0
195.3	0		6063.4	0
195.4	0		6150.4	0
195.5	1		6165.0	0
195.6	1		6134.7	0
195.7	1		6182.8	0
195.8	1		6225.8	0
195.9	2		6256.5	0
196.0	2		6255.4	0
196.1	3		6240.0	0
196.2	5		6255.8	0
196.3	6		6256.3	1
196.4	8		6240.8	1
196.5	1		5761.6	0
196.6	1		5704.3	0
196.7	1		5760.4	0
196.8	1		5820.0	0
196.9	1		5865.0	0
197.0	1		5910.4	0
197.1	1		5988.8	0
197.2	1		6045.8	0
197.3	1		6109.3	0
197.4	1		6180.4	0
197.5	1		6234.4	0
197.6	2		6250.0	0
197.7	2		6240.4	0
197.8	3		6255.4	0
197.9	5		6255.0	0
198.0	6		6240.0	0
198.1	6		6255.0	1
198.2	1		5645.3	1
198.3	0		5704.3	0
198.4	1		5742.0	0
198.5	1		5791.6	0
198.6	2		5866.8	0
198.7	1		6000.4	0
198.8	1		6045.8	0
198.9	1		6044.3	0
199.0	1		6096.8	0
199.1	1		6164.6	0
199.2	1		6225.8	0
199.3	1		6240.0	0
199.4	2		6255.0	0
199.5	3		6255.0	0
199.6	4		6240.0	0
199.7	5		6255.0	0
199.8	6		6255.0	0
199.9	7		6240.4	1
200.0	1		5700.4	1
200.1	95		2580.4	0
200.2	189		135.0	1
200.3	282		120.0	1
200.4	380		131.9	2
200.5	465		120.0	3
200.6	570		120.0	3
200.7	663		135.0	3
200.8	757		120.0	4
200.9	861		120.0	4
201.0	954		135.0	5
201.1	1047		120.0	5
201.2	1152		120.0	6
201.3	1244		135.0	7
201.4	1332		120.0	6
201.5	1434		120.0	8
201.6	1525		135.0	8
201.7	1616		120.0	8
201.8	1719		120.0	9
201.9	1809		135.0	9
202.0	1899		120.0	10
202.1	1986		120.0	11
202.2	2073		135.0	10
202.3	2129		120.0	11
202.4	1912		130.2	12
202.5	836		117.5	13
202.6	23		124.6	11
202.7	58		125.7	0
202.8	12		106.6	4
202.9	0		113.2	0
203.0	24		115.7	0
203.1	21		120.8	0
203.2	25		120.8	0
203.3	56		135.4	4
203.4	21		121.1	9
203.5	68		120.0	0
203.6	20		135.0	5
203.7	0		120.4	0
203.8	14		105.0	0
203.9	24		82.7	0
204.0	46		111.3	0
204.1	34		122.8	4
204.2	36		120.0	1
204.3	10		125.6	4
204.4	35		135.4	0
204.5	62		112.4	4
204.6	0		120.8	4
204.7	0		122.2	0
204.8	23		61.2	0
204.9	27		75.8	0
205.0	13		124.9	0
205.1	28		120.4	0
205.2	13		121.9	4
205.3	32		135.4	0
205.4	34		122.0	2
205.5	14		113.8	4
205.6	7		135.4	0
205.7	27		105.0	0
205.8	20		135.0	0
205.9	32		120.4	0
206.0	9		121.4	6
206.1	32		120.0	0
206.2	0		135.4	1
206.3	0		75.4	0
206.4	0		90.8	0
206.5	43		75.8	0
206.6	8		126.5	2
206.7	20		135.4	0
206.8	0		126.1	0
206.9	0		78.2	0
207.0	24		63.8	0
207.1	12		93.7	0
207.2	0		120.4	0
207.3	21		121.9	0
207.4	32		120.0	0
207.5	32		135.4	4
207.6	20		120.0	2
207.7	8		120.4	0
207.8	44		135.4	0
207.9	29		109.5	0
208.0	60		120.0	2
208.1	32		120.0	10
208.2	20		135.0	0
208.3	0		120.4	0
208.4	24		105.0	0
208.5	20		120.0	0
208.6	44		135.0	0
208.7	20		120.4	4
208.8	64		120.0	0
208.9	50		135.0	9
209.0	32		120.4	8
209.1	20		120.0	2
209.2	32		135.4	1
209.3	12		120.4	2
209.4	12		99.8	0
209.5	16		120.4	0
209.6	40		115.2	1
209.7	20		135.4	3
209.8	46		120.4	0
209.9	13		123.5	2
210.0	8		123.5	0
210.1	12		119.3	0
210.2	13		125.8	0
210.3	27		135.4	1
210.4	21		121.2	5
210.5	57		120.8	1
210.6	0		120.4	3
210.7	0		106.7	0
210.8	3		56.2	0
210.9	12		76.2	0
211.0	24		120.0	0
211.1	15		135.4	0
211.2	40		115.7	0
211.3	20		120.8	2
211.4	44		135.4	0
211.5	36		120.0	2
211.6	24		124.8	2
211.7	10		90.4	0
211.8	12		102.8	0
211.9	0		120.8	0
212.0	50		120.0	0
212.1	20		120.4	6
212.2	12		120.0	0
212.3	0		118.5	0
212.4	12		75.4	0
212.5	0		105.0	0
212.6	12		90.4	0
212.7	24		120.4	0
212.8	32		120.0	4
212.9	56		135.0	2
213.0	12		120.0	6
213.1	0		75.0	0
213.2	0		45.0	0
213.3	0		75.0	0
213.4	20		90.4	0
213.5	32		135.4	0
213.6	2		120.0	9
213.7	0		112.6	0
213.8	0		90.8	0
213.9	5		87.3	0
214.0	24		90.4	0
214.1	32		135.0	0
214.2	32		120.0	0
214.3	13		120.0	3
214.4	25		126.3	1
214.5	20		135.0	0
214.6	14		112.7	0
214.7	20		135.0	0
214.8	30		120.4	0
214.9	32		120.0	4
215.0	22		123.4	1
215.1	20		135.4	0
215.2	12		120.4	0
215.3	36		120.0	0
215.4	30		133.5	3
215.5	20		120.0	4
215.6	44		120.0	0
215.7	32		135.0	4
215.8	20		120.0	4
215.9	0		120.4	0
216.0	8		105.0	0
216.1	12		120.0	0
216.2	23		120.0	0
216.3	32		120.0	0
216.4	32		135.0	1
216.5	20		120.0	1
216.6	32		120.0	0
216.7	20		135.0	0
216.8	44		120.0	0
216.9	8		120.0	3
217.0	20		135.0	0
217.1	0		120.0	0
217.2	12		120.0	0
217.3	36		120.0	0
217.4	20		120.0	2
217.5	32		135.0	0
217.6	32		120.0	2
217.7	20		120.4	1
217.8	0		135.0	0
217.9	37		120.8	0
218.0	36		122.0	0
218.1	16		125.7	6
218.2	9		124.7	0
218.3	0		122.7	0
218.4	21		107.2	0
218.5	14		123.1	0
218.6	42		117.5	0
218.7	33		136.2	3
218.8	32		120.0	2
218.9	8		120.0	0
219.0	20		125.6	0
219.1	59		120.0	0
219.2	8		120.4	4
219.3	24		124.9	0
219.4	32		135.4	0
219.5	0		120.0	0
219.6	24		120.0	0
219.7	20		120.4	3
219.8	49		127.2	0
219.9	20		120.4	4
220.0	0		135.0	0
220.1	12		90.0	0
220.2	12		120.0	0
220.3	36		120.0	0
220.4	20		120.4	2
220.5	43		135.0	0
220.6	31		118.7	4
220.7	12		105.8	0
220.8	12		131.3	0
220.9	20		105.0	0
221.0	32		135.4	0
221.1	18		117.8	1
221.2	22		120.4	3
221.3	44		135.4	4
221.4	20		120.0	1
221.5	44		120.0	0
221.6	32		135.0	0
221.7	20		120.0	2
221.8	44		120.0	0
221.9	12		135.0	3
222.0	16		90.4	0
222.1	45		120.0	0
222.2	20		120.0	5
222.3	32		120.0	4
222.4	20		135.0	0
222.5	0		91.2	0
222.6	0		92.7	0
222.7	20		109.1	0
222.8	23		119.8	0
222.9	14		125.2	4
223.0	22		138.8	0
223.1	12		112.3	5
223.2	0		124.5	0
223.3	45		121.2	0
223.4	34		123.0	8
223.5	11		124.1	0
223.6	13		108.2	0
223.7	1		114.4	0
223.8	0		124.5	0
223.9	36		122.5	0
224.0	32		120.4	3
224.1	39		128.6	2
224.2	24		124.9	3
224.3	13		126.4	1
224.4	9		120.4	0
224.5	12		124.1	0
224.6	19		105.0	0
224.7	33		137.2	0
224.8	12		105.8	2
224.9	17		117.3	0
225.0	20		120.0	0
225.1	44		135.4	0
225.2	32		120.4	2
225.3	32		120.0	6
225.4	44		135.0	0
225.5	8		120.4	9
225.6	68		120.4	0
225.7	43		135.0	4
225.8	44		120.8	0
225.9	15		120.0	5
226.0	0		115.0	0
226.1	28		47.3	0
226.2	12		90.8	0
226.3	9		47.0	0
226.4	0		122.7	0
226.5	35		93.4	0
226.6	20		120.2	0
226.7	32		135.4	1
226.8	32		120.0	1
226.9	24		120.0	3
227.0	44		135.0	1
227.1	32		120.0	2
227.2	20		120.8	1
227.3	32		135.0	0
227.4	20		120.8	10
227.5	32		120.0	0
227.6	20		135.0	0
227.7	21		120.0	0
227.8	20		75.4	0
227.9	45		121.2	0
228.0	13		135.0	5
228.1	44		120.4	1
228.2	12		115.6	2
228.3	25		107.0	0
228.4	13		126.3	5
228.5	21		120.8	3
228.6	0		120.4	0
228.7	13		92.6	0
228.8	37		126.4	0
228.9	19		117.1	7
229.0	37		125.7	2
229.1	29		133.7	5
229.2	35		123.5	3
229.3	25		126.9	8
229.4	13		122.5	1
229.5	36		125.2	0
229.6	22		122.9	2
229.7	45		119.6	0
229.8	32		120.4	5
229.9	0		135.4	0
230.0	0		112.4	0
230.1	51		120.9	0
230.2	28		124.9	5
230.3	18		119.0	0
230.4	92		135.8	1
230.5	33		121.4	6
230.6	24		120.0	4
230.7	0		110.9	5
230.8	3		45.4	0
230.9	0		71.1	0
231.0	0		60.8	0
231.1	12		90.4	0
231.2	40		105.4	0
231.3	36		125.5	0
231.4	13		127.2	8
231.5	20		120.0	0
231.6	44		120.4	1
231.7	20		135.4	6
231.8	68		120.0	1
231.9	12		120.8	6
232.0	48		120.0	0
232.1	8		120.0	6
232.2	24		105.0	0
232.3	3		127.6	0
232.4	26		135.0	0
232.5	20		120.4	6
232.6	20		120.0	0
232.7	17		135.4	0
232.8	29		116.6	0
232.9	33		120.4	1
233.0	32		135.8	2
233.1	18		117.6	0
233.2	12		120.8	0
233.3	17		120.0	0
233.4	44		120.4	0
233.5	20		120.4	5
233.6	14		120.0	3
233.7	0		128.1	0
233.8	2		105.4	0
233.9	0		99.1	0
234.0	46		75.8	0
234.1	0		135.0	3
234.2	0		101.8	0
234.3	12		75.8	0
234.4	9		90.0	0
234.5	15		105.0	0
234.6	20		120.0	0
234.7	20		120.4	3
234.8	36		107.4	0
234.9	21		121.2	3
235.0	32		135.4	0
235.1	56		120.0	3
235.2	0		120.0	9
235.3	0		84.3	0
235.4	0		52.7	0
235.5	24		91.2	0
235.6	64		130.6	0
235.7	12		120.0	3
235.8	12		124.3	0
235.9	36		106.4	0
236.0	32		120.0	1
236.1	12		123.3	2
236.2	8		135.0	0
236.3	20		120.4	0
236.4	56		120.0	0
236.5	19		135.8	4
236.6	11		121.6	4
236.7	68		120.4	0
236.8	21		135.4	12
236.9	0		105.8	0
237.0	26		90.8	0
237.1	12		106.2	0
237.2	12		103.7	0
237.3	26		120.4	0
237.4	20		120.4	0
237.5	32		120.4	1
237.6	34		135.0	1
237.7	46		123.2	0
237.8	20		120.0	5
237.9	44		120.4	0
238.0	33		136.2	3
238.1	14		112.5	5
238.2	0		135.4	0
238.3	5		72.3	0
238.4	0		75.4	0
238.5	41		79.2	0
238.6	12		104.2	0
238.7	16		120.8	0
238.8	20		105.0	3
238.9	12		105.8	1
239.0	0		135.7	0
239.1	0		105.4	0
239.2	0		109.2	0
239.3	0		120.4	0
239.4	9		120.0	0
239.5	33		121.2	0
239.6	33		122.0	8
239.7	44		120.0	5
239.8	59		138.7	0
239.9	0		120.5	0
240.0	75		77.0	0
240.1	33		121.4	4
240.2	32		120.8	3
240.3	12		120.4	0
240.4	33		131.3	0
240.5	25		126.1	1
240.6	42		130.9	0
240.7	0		121.4	4
240.8	0		105.8	0
240.9	0		120.0	0
241.0	12		105.4	0
241.1	19		120.0	0
241.2	72		125.5	3
241.3	20		120.0	10
241.4	20		135.4	0
241.5	12		120.0	0
241.6	13		90.4	0
241.7	26		127.7	0
241.8	23		123.7	2
241.9	46		120.0	0
242.0	32		135.4	2
242.1	20		120.0	2
242.2	32		120.0	0
242.3	0		120.4	3
242.4	8		106.8	0
242.5	4		105.8	0
242.6	43		97.3	0
242.7	21		120.8	11
242.8	24		136.2	0
242.9	24		126.0	1
243.0	10		122.5	0
243.1	23		124.3	0
243.2	12		120.4	6
243.3	64		120.8	1
243.4	30		132.6	6
243.5	9		120.0	0
243.6	33		136.2	0
243.7	22		120.8	6
243.8	41		117.3	3
243.9	10		127.1	1
244.0	20		131.1	0
244.1	35		91.2	0
244.2	3		114.0	8
244.3	0		135.0	0
244.4	0		123.0	0
244.5	24		106.2	0
244.6	6		124.2	0
244.7	1		126.6	0
244.8	21		115.3	0
244.9	20		120.4	3
245.0	23		138.8	0
245.1	63		120.0	0
245.2	8		120.4	9
245.3	56		120.4	1
245.4	16		127.5	14
245.5	10		122.9	2
245.6	0		75.4	0
245.7	0		110.8	0
245.8	50		75.8	0
245.9	9		121.6	8
246.0	0		120.4	0
246.1	0		109.0	0
246.2	12		75.4	0
246.3	24		121.2	0
246.4	44		120.0	0
246.5	46		122.6	1
246.6	20		120.4	1
246.7	48		120.4	0
246.8	7		132.0	4
246.9	9		122.4	0
247.0	11		107.2	0
247.1	24		105.4	0
247.2	32		120.8	0
247.3	32		135.4	6
247.4	32		120.0	1
247.5	0		121.7	1
247.6	12		90.4	0
247.7	9		121.8	0
247.8	33		135.4	0
247.9	20		120.4	4
248.0	47		123.9	0
248.1	26		125.0	1
248.2	9		126.0	0
248.3	74		120.4	0
248.4	35		123.6	10
248.5	30		135.4	0
248.6	16		116.9	3
248.7	0		118.8	0
248.8	0		60.4	0
248.9	12		90.0	0
249.0	6		105.0	0
249.1	34		136.2	0
249.2	23		120.9	5
249.3	35		130.8	1
249.4	18		122.0	2
249.5	36		111.0	3
249.6	60		135.0	3
249.7	22		123.3	11
249.8	55		120.0	1
249.9	36		106.2	2
250.0	8		121.6	3
250.1	0		116.4	1
250.2	0		241.0	0
250.3	0		257.4	0
250.4	0		335.9	0
250.5	0		370.5	0
250.6	0		419.8	0
250.7	0		434.2	0
250.8	0		509.6	0
250.9	0		574.2	0
251.0	0		503.3	0
251.1	0		537.3	0
251.2	0		615.8	0
251.3	0		677.8	0
251.4	0		720.8	0
251.5	0		831.2	0
251.6	0		727.5	0
251.7	0		788.1	0
251.8	0		871.4	0
251.9	1		1058.6	0
252.0	0		823.9	0
252.1	0		699.2	0
252.2	0		742.5	0
252.3	0		795.4	0
252.4	0		826.7	0
252.5	0		840.0	0
252.6	0		915.0	0
252.7	0		950.4	0
252.8	0		1006.6	0
252.9	0		1060.7	0
253.0	0		1275.4	0
253.1	0		1294.3	0
253.2	0		1281.3	0
253.3	0		1321.6	0
253.4	0		1470.4	0
253.5	0		1463.8	0
253.6	0		1602.3	0
253.7	0		1720.8	0
253.8	0		1450.0	0
253.9	0		1488.7	0
254.0	0		1606.6	0
254.1	0		1599.4	0
254.2	0		1628.2	0
254.3	0		1674.0	0
254.4	0		1713.1	0
254.5	0		1745.7	0
254.6	0		1785.4	0
254.7	0		1830.0	0
254.8	0		1875.0	0
254.9	0		1920.0	0
255.0	0		1965.0	0
255.1	0		2010.4	0
255.2	0		2057.9	0
255.3	0		2100.8	0
255.4	0		2280.8	0
255.5	0		2370.0	0
255.6	0		2314.4	0
255.7	0		2326.2	0
255.8	0		2385.8	0
255.9	0		2449.1	0
256.0	0		2565.4	0
256.1	0		2610.0	0
256.2	0		2620.6	0
256.3	0		2670.4	0
256.4	0		2790.4	0
256.5	0		2850.0	0
256.6	0		2852.1	0
256.7	0		2911.2	0
256.8	0		3003.1	0
256.9	0		3042.3	0
257.0	0		3090.8	0
257.1	0		3149.6	0
257.2	0		3195.4	0
257.3	0		3255.4	0
257.4	0		3316.2	0
257.5	0		3427.3	0
257.6	0		3436.5	0
257.7	0		3495.4	0
257.8	0		3540.0	0
257.9	0		3600.8	0
258.0	0		3720.4	0
258.1	0		3755.9	0
258.2	0		3802.7	0
258.3	0		3838.7	0
258.4	0		3889.7	0
258.5	0		3945.4	0
258.6	0		4005.4	0
258.7	0		4065.0	0
258.8	0		4127.9	0
258.9	0		4185.4	0
259.0	0		4245.4	0
259.1	0		4320.0	0
259.2	0		4372.4	0
259.3	0		4433.3	0
259.4	0		4485.4	0
259.5	0		4545.0	0
259.6	0		4605.4	0
259.7	0		4725.0	0
259.8	0		4845.0	0
259.9	0		4800.0	0
260.0	0		4858.3	0
260.1	0		4920.4	0
260.2	0		4968.5	0
260.3	0		5025.4	0
260.4	0		5085.0	0
260.5	0		5145.0	0
260.6	0		5205.0	0
260.7	0		5265.0	0
260.8	0		5325.0	0
260.9	0		5385.0	0
261.0	0		5445.0	0
261.1	0		5505.0	0
261.2	0		5565.0	0
261.3	0		5625.0	0
261.4	0		5685.0	0
261.5	0		5745.4	0
261.6	0		5808.1	0
261.7	0		5865.8	0
261.8	0		5928.2	0
261.9	0		5985.4	0
262.0	0		6045.8	0
262.1	1		6108.9	0
262.2	0		6286.8	0
262.3	0		6420.8	0
262.4	0		6306.6	0
262.5	0		6331.2	0
262.6	0		6435.4	0
262.7	0		6461.6	0
262.8	0		6510.8	0
262.9	0		6634.4	0
263.0	0		6658.6	0
263.1	0		6690.4	0
263.2	0		6727.7	0
263.3	0		6765.4	0
263.4	0		6810.0	0
263.5	0		6885.0	0
263.6	1		6945.4	0
263.7	1		7065.0	0
263.8	1		7170.4	0
263.9	0		7308.3	0
264.0	0		7197.4	0
264.1	0		7245.8	0
264.2	0		7305.0	0
264.3	0		7350.0	0
264.4	0		7425.4	0
264.5	0		7487.5	0
264.6	0		7545.4	0
264.7	0		7590.4	0
264.8	0		7665.0	0
264.9	0		7726.8	0
265.0	0		7787.2	0
265.1	0		7833.5	0
265.2	0		7906.2	0
265.3	0		7968.6	0
265.4	0		8025.8	0
265.5	0		8070.0	0
265.6	0		8145.0	0
265.7	0		8205.0	0
265.8	0		8265.0	0
265.9	0		8325.0	0
266.0	0		8370.0	0
266.1	0		8445.0	0
266.2	0		8505.4	0
266.3	0		8580.4	0
266.4	0		8678.9	0
266.5	0		8745.8	0
266.6	0		8756.5	0
266.7	0		8884.0	0
266.8	0		8970.0	0
266.9	0		8994.0	0
267.0	0		9117.5	0
267.1	0		9135.4	0
267.2	0		9117.9	0
267.3	0		9161.8	0
267.4	0		9225.4	0
267.5	0		9285.0	0
267.6	0		9345.4	0
267.7	0		9390.0	0
267.8	0		9469.8	0
267.9	0		9528.6	0
268.0	0		9585.4	0
268.1	0		9630.0	0
268.2	0		9705.4	0
268.3	0		9780.4	0
268.4	0		9831.4	0
268.5	0		9885.4	0
268.6	0		9930.4	0
268.7	0		10009.9	0
268.8	1		10080.8	0
268.9	0		10200.0	0
269.0	0		10245.0	0
269.1	0		10263.3	0
269.2	0		10320.4	0
269.3	0		10380.0	0
269.4	0		10440.0	0
269.5	0		10500.0	0
269.6	0		10560.0	0
269.7	0		10620.0	0
269.8	0		10680.0	0
269.9	0		10740.0	0
270.0	0		10800.0	0
270.1	0		10860.0	0
270.2	0		10920.4	0
270.3	0		10980.4	0
270.4	0		11042.3	0
270.5	0		11100.4	0
270.6	0		11160.0	0
270.7	0		11205.0	0
270.8	0		11265.0	0
270.9	0		11325.0	0
271.0	0		11355.4	0
271.1	0		11374.8	0
271.2	0		11445.4	0
271.3	0		11505.0	0
271.4	0		11550.4	0
271.5	0		11629.2	0
271.6	0		11685.4	0
271.7	0		11730.4	0
271.8	0		11806.9	0
271.9	0		11865.4	0
272.0	0		11895.8	0
272.1	0		12015.8	0
272.2	0		12081.8	0
272.3	0		12109.4	0
272.4	0		12151.6	0
272.5	0		12210.4	0
272.6	0		12315.4	0
272.7	0		12418.6	0
272.8	0		12415.0	0
272.9	0		12483.5	0
273.0	1		12495.8	0
273.1	1		12504.0	0
273.2	2		12500.5	0
273.3	2		12495.8	0
273.4	2		12510.0	0
273.5	3		12495.0	0
273.6	3		12495.0	0
273.7	4		12510.0	0
273.8	4		12495.4	0
273.9	5		12507.2	0
274.0	6		12495.4	0
274.1	6		12498.1	1
274.2	0		11536.2	1
274.3	0		11610.5	0
274.4	0		11632.6	0
274.5	0		11701.2	0
274.6	0		11823.3	0
274.7	0		11880.0	0
274.8	0		11877.7	0
274.9	1		11942.0	0
275.0	1		12127.0	0
275.1	1		12195.7	0
275.2	0		12324.4	0
275.3	0		12206.4	0
275.4	0		12253.8	0
275.5	0		12316.6	0
275.6	0		12385.8	0
275.7	0		12422.0	0
275.8	0		12438.5	0
275.9	1		12484.8	0
276.0	2		12498.1	0
276.1	2		12509.2	0
276.2	2		12499.1	0
276.3	2		12498.4	0
276.4	3		12495.8	0
276.5	3		12507.9	0
276.6	4		12495.8	0
276.7	4		12495.4	0
276.8	5		12495.0	0
276.9	6		12510.0	0
277.0	6		12495.0	1
277.1	0		11531.0	1
277.2	0		11160.4	0
277.3	0		10230.0	0
277.4	0		10305.0	0
277.5	0		10365.0	0
277.6	0		10427.0	0
277.7	0		10484.6	0
277.8	0		10548.5	0
277.9	0		10592.9	0
278.0	0		10719.2	0
278.1	0		10776.1	0
278.2	0		10785.1	0
278.3	0		10841.0	0
278.4	0		10890.4	0
278.5	0		10935.4	0
278.6	0		11015.0	0
278.7	0		11144.5	0
278.8	0		11145.0	0
278.9	0		11215.5	0
279.0	0		11260.8	0
279.1	0		11310.8	0
279.2	1		11370.4	0
279.3	1		11490.0	0
279.4	0		11595.0	0
279.5	0		11562.2	0
279.6	0		11610.4	0
279.7	0		11655.0	0
279.8	0		11700.0	0
279.9	0		11775.0	0
280.0	0		11835.0	0
280.1	0		11895.0	0
280.2	0		11940.0	0
280.3	0		12015.0	0
280.4	0		12075.4	0
280.5	0		12125.8	0
280.6	0		12210.4	0
280.7	0		12240.0	0
280.8	0		12315.0	0
280.9	0		12375.0	0
281.0	0		12435.4	0
281.1	0		12480.8	0
281.2	1		12512.9	0
281.3	2		12495.4	0
281.4	3		12495.0	0
281.5	2		12498.2	0
281.6	3		12506.7	0
281.7	4		12495.4	0
281.8	4		12495.4	0
281.9	5		12499.5	0
282.0	5		12508.3	0
282.1	5		12499.1	0
282.2	6		12495.4	0
282.3	6		12510.4	1
282.4	0		12495.2	1
282.5	0		11887.8	0
282.6	0		11955.8	0
282.7	0		11986.9	0
282.8	0		12030.4	0
282.9	0		12090.0	0
283.0	0		12135.0	0
283.1	0		12210.4	0
283.2	0		12276.6	0
283.3	0		12330.4	0
283.4	0		12375.0	0
283.5	0		12450.0	0
283.6	1		12510.4	0
283.7	1		12495.4	0
283.8	2		12495.0	0
283.9	2		12510.0	0
284.0	3		12490.5	0
284.1	3		12495.4	0
284.2	3		12510.0	0
284.3	4		12495.4	0
284.4	5		12495.8	0
284.5	5		12504.6	0
284.6	5		12507.8	0
284.7	6		12495.8	1
284.8	1		10653.5	1
284.9	0		10815.4	0
285.0	0		10857.3	0
285.1	0		10839.7	0
285.2	0		10881.5	0
285.3	0		10952.0	0
285.4	0		11010.4	0
285.5	1		11070.4	0
285.6	0		11175.0	0
285.7	0		11182.5	0
285.8	0		11250.4	0
285.9	0		11310.4	0
286.0	1		11370.4	0
286.1	0		11475.0	0
286.2	0		11496.3	0
286.3	0		11550.4	0
286.4	1		11618.2	0
286.5	1		11715.4	0
286.6	0		11850.0	0
286.7	0		11850.0	0
286.8	0		11851.2	0
286.9	0		11911.8	0
287.0	0		11955.4	0
287.1	0		12030.0	0
287.2	0		12090.0	0
287.3	0		12150.0	0
287.4	0		12195.0	0
287.5	0		12270.0	0
287.6	0		12330.0	0
287.7	0		12390.0	0
287.8	0		12420.4	0
287.9	0		12441.4	0
288.0	1		12498.9	0
288.1	1		12510.4	0
288.2	2		12495.4	0
288.3	2		12499.2	0
288.4	3		12495.8	0
288.5	3		12510.4	0
288.6	4		12498.8	0
288.7	4		12496.2	0
288.8	4		12502.2	0
288.9	6		12504.1	0
289.0	6		12488.1	1
289.1	0		12503.0	1
289.2	0		12121.2	0
289.3	0		11778.0	0
289.4	0		11769.6	0
289.5	0		11835.4	0
289.6	0		11955.4	0
289.7	0		11939.9	0
289.8	0		11978.0	0
289.9	0		12045.4	0
290.0	0		12103.1	0
290.1	0		12178.0	0
290.2	0		12225.4	0
290.3	0		12270.0	0
290.4	0		12330.4	0
290.5	0		12390.0	0
290.6	1		12435.8	0
290.7	1		12496.7	0
290.8	3		12495.4	0
290.9	3		12510.0	0
291.0	2		12500.7	0
291.1	2		12495.0	0
291.2	3		12504.1	0
291.3	3		12501.1	0
291.4	4		12489.4	0
291.5	4		12510.0	0
291.6	5		12499.5	0
291.7	5		12495.4	0
291.8	6		12495.4	0
291.9	6		12510.0	1
292.0	0		12030.0	1
292.1	0		11697.9	0
292.2	0		11730.4	0
292.3	0		11790.4	0
292.4	0		11835.0	0
292.5	0		11912.3	0
292.6	1		11970.4	0
292.7	0		12037.1	0
292.8	0		12075.8	0
292.9	0		12150.0	0
293.0	0		12210.4	0
293.1	0		12272.2	0
293.2	0		12330.8	0
293.3	1		12379.3	0
293.4	1		12496.9	0
293.5	1		12510.4	0
293.6	2		12495.0	0
293.7	1		12507.0	0
293.8	2		12495.4	0
293.9	2		12495.0	0
294.0	3		12510.0	0
294.1	3		12495.0	0
294.2	4		12495.0	0
294.3	4		12510.0	0
294.4	4		12495.0	0
294.5	5		12495.0	0
294.6	5		12510.0	0
294.7	6		12495.0	1
294.8	0		10890.0	1
294.9	0		10395.0	0
295.0	0		10425.0	0
295.1	0		10500.0	0
295.2	0		10560.0	0
295.3	0		10620.0	0
295.4	0		10665.0	0
295.5	0		10740.0	0
295.6	0		10800.0	0
295.7	0		10860.0	0
295.8	0		10905.0	0
295.9	0		10980.0	0
296.0	0		11040.0	0
296.1	1		11101.6	0
296.2	1		11152.4	0
296.3	1		11289.3	0
296.4	1		11400.4	0
296.5	1		11580.0	0
296.6	0		11418.3	0
296.7	0		11460.4	0
296.8	0		11535.0	0
296.9	0		11595.0	0
297.0	0		11655.0	0
297.1	0		11700.0	0
297.2	0		11775.0	0
297.3	0		11835.0	0
297.4	0		11895.0	0
297.5	0		11940.0	0
297.6	0		12015.0	0
297.7	0		12075.0	0
297.8	0		12135.0	0
297.9	0		12195.0	0
298.0	0		12240.0	0
298.1	0		12315.0	0
298.2	0		12375.0	0
298.3	0		12435.4	0
298.4	1		12465.4	0
298.5	1		12510.0	0
298.6	1		12498.8	0
298.7	1		12495.8	0
298.8	2		12495.0	0
298.9	2		12510.0	0
299.0	3		12495.0	0
299.1	3		12495.0	0
299.2	4		12510.0	0
299.3	4		12495.0	0
299.4	5		12495.0	0
299.5	5		12510.0	0
299.6	6		12495.0	1
299.7	0		11430.0	1
299.8	0		11265.0	0
299.9	0		9960.0	0
-------------------------------------
Max queue length: 2141 ms
Average queue length: 20 ms
Average throughput: 4495.5 KB/s
-------------------------------------
