=====================================
Time    Queue length    Rate    Drops
-------------------------------------
0.1	0		2.0	0
0.2	0		241.2	0
0.3	0		557.6	0
0.4	0		1146.8	0
0.5	0		2190.4	0
0.6	0		4079.3	0
0.7	10		6780.4	0
0.8	47		7658.6	0
0.9	50		12511.2	139
1.0	13		12495.0	518
1.1	0		9786.3	0
1.2	0		6171.8	0
1.3	0		6165.8	0
1.4	0		3376.6	0
1.5	1		449.5	0
1.6	0		480.4	0
1.7	0		716.1	0
1.8	0		1080.4	0
1.9	0		1618.0	0
2.0	3		2465.8	0
2.1	9		3091.2	0
2.2	13		4748.8	0
2.3	15		8695.8	0
2.4	0		12504.8	0
2.5	0		7741.5	0
2.6	0		7999.7	0
2.7	0		8056.2	0
2.8	0		8148.5	0
2.9	0		8170.8	0
3.0	0		8235.8	0
3.1	0		8295.0	0
3.2	0		8355.0	0
3.3	0		8400.0	0
3.4	0		8475.0	0
3.5	0		8535.4	0
3.6	0		8610.0	0
3.7	0		8663.3	0
3.8	0		8760.8	0
3.9	0		8805.8	0
4.0	0		8849.3	0
4.1	0		8960.5	0
4.2	0		9001.2	0
4.3	0		9091.2	0
4.4	0		9141.4	0
4.5	0		9143.1	0
4.6	0		9182.1	0
4.7	0		9255.4	0
4.8	0		9315.4	0
4.9	1		9375.4	0
5.0	1		9540.0	0
5.1	0		9660.0	0
5.2	0		9596.8	0
5.3	0		9624.1	0
5.4	0		9675.8	0
5.5	0		9725.7	0
5.6	0		9799.5	0
5.7	1		9990.8	0
5.8	0		10110.0	0
5.9	0		10013.1	0
6.0	0		10062.6	0
6.1	0		10110.0	0
6.2	0		10305.0	0
6.3	0		10234.5	0
6.4	0		10290.0	0
6.5	0		10410.8	0
6.6	1		10546.2	0
6.7	0		10867.7	0
6.8	1		10784.8	0
6.9	1		11070.4	0
7.0	0		11013.2	0
7.1	0		10727.9	0
7.2	0		10771.2	0
7.3	0		10860.0	0
7.4	0		10893.7	0
7.5	0		10952.5	0
7.6	0		11010.0	0
7.7	0		11072.9	0
7.8	0		11134.2	0
7.9	0		11190.0	0
8.0	0		11250.0	0
8.1	0		11311.5	0
8.2	0		11370.4	0
8.3	0		11430.0	0
8.4	0		11490.4	0
8.5	0		11550.4	0
8.6	0		11626.9	0
8.7	0		11671.6	0
8.8	0		11704.2	0
8.9	0		11790.5	0
9.0	0		11827.1	0
9.1	0		11868.6	0
9.2	0		11966.1	0
9.3	0		12006.6	0
9.4	0		12046.6	0
9.5	0		12108.0	0
9.6	0		12135.4	0
9.7	0		12180.0	0
9.8	0		12255.4	0
9.9	0		12316.2	0
10.0	0		12370.9	0
10.1	0		12501.5	0
10.2	1		12501.8	0
10.3	1		12502.7	0
10.4	2		12495.4	0
10.5	2		12498.6	0
10.6	2		12495.8	0
10.7	3		12505.1	0
10.8	3		12498.4	0
10.9	4		12495.4	0
11.0	4		12510.0	0
11.1	5		12495.4	0
11.2	5		12496.2	0
11.3	5		12500.2	1
11.4	0		12498.5	1
11.5	0		12465.8	0
11.6	0		11776.8	0
11.7	0		11807.2	0
11.8	0		11880.0	0
11.9	0		11942.2	0
12.0	0		11970.0	0
12.1	0		12015.0	0
12.2	0		12091.8	0
12.3	0		12150.4	0
12.4	0		12210.0	0
12.5	0		12240.0	0
12.6	0		12315.4	0
12.7	0		12366.2	0
12.8	0		12450.8	0
12.9	1		12491.5	0
13.0	1		12495.4	0
13.1	2		12497.8	0
13.2	3		12498.2	0
13.3	4		12506.4	0
13.4	5		12496.4	0
13.5	4		12506.9	0
13.6	4		12495.0	0
13.7	4		12501.7	0
13.8	5		12502.9	0
13.9	6		12493.2	0
14.0	6		12500.0	1
14.1	6		12495.0	2
14.2	0		11520.0	0
14.3	0		9870.0	0
14.4	0		9307.8	0
14.5	0		9345.4	0
14.6	0		9435.0	0
14.7	0		9494.2	0
14.8	0		9540.0	0
14.9	0		9645.0	0
15.0	0		9645.9	0
15.1	0		9720.4	0
15.2	0		9780.0	0
15.3	0		9840.0	0
15.4	0		9885.0	0
15.5	0		9960.0	0
15.6	0		10020.4	0
15.7	1		10080.4	0
15.8	0		10230.0	0
15.9	0		10248.4	0
16.0	0		10264.4	0
16.1	0		10324.2	0
16.2	0		10396.9	0
16.3	0		10500.4	0
16.4	0		10515.4	0
16.5	0		10565.1	0
16.6	0		10650.8	0
16.7	0		10676.0	0
16.8	0		10740.4	0
16.9	0		10800.4	0
17.0	0		10860.4	0
17.1	1		10906.9	0
17.2	0		10997.7	0
17.3	0		11040.4	0
17.4	0		11100.4	0
17.5	1		11145.0	0
17.6	1		11280.4	0
17.7	2		11402.8	0
17.8	1		11432.9	0
17.9	1		11551.1	0
18.0	0		11629.3	0
18.1	0		11547.2	0
18.2	0		11582.6	0
18.3	0		11657.2	0
18.4	1		11761.2	0
18.5	0		11883.8	0
18.6	0		11857.1	0
18.7	0		11905.5	0
18.8	0		11955.8	0
18.9	0		12019.6	0
19.0	0		12075.4	0
19.1	0		12120.0	0
19.2	0		12195.0	0
19.3	0		12255.0	0
19.4	0		12315.0	0
19.5	0		12360.0	0
19.6	0		12435.0	0
19.7	0		12495.0	0
19.8	1		12495.0	0
19.9	1		12510.0	0
20.0	2		12495.0	0
20.1	2		12495.0	0
20.2	3		12510.0	0
20.3	3		12495.4	0
20.4	4		12498.1	0
20.5	5		12496.6	0
20.6	5		12503.3	0
20.7	6		12494.1	0
20.8	6		12511.2	1
20.9	4		12495.4	1
21.0	0		12496.1	0
21.1	0		11896.2	0
21.2	0		11898.1	0
21.3	0		11926.2	0
21.4	0		11970.4	0
21.5	0		12059.4	0
21.6	0		12106.2	0
21.7	0		12208.8	0
21.8	0		12227.0	0
21.9	0		12292.7	0
22.0	0		12355.0	0
22.1	0		12481.3	0
22.2	0		12500.4	0
22.3	1		12499.7	0
22.4	2		12497.4	0
22.5	3		12504.9	0
22.6	3		12507.2	0
22.7	3		12489.3	0
22.8	3		12502.2	0
22.9	4		12499.0	0
23.0	4		12497.0	0
23.1	5		12498.4	0
23.2	5		12510.0	0
23.3	5		12493.7	1
23.4	1		12504.4	0
23.5	0		11697.2	0
23.6	0		11760.0	0
23.7	1		11805.8	0
23.8	0		11861.9	0
23.9	0		11912.3	0
24.0	0		11970.8	0
24.1	1		12030.0	0
24.2	0		12135.0	0
24.3	0		12142.3	0
24.4	0		12210.4	0
24.5	0		12270.0	0
24.6	0		12330.0	0
24.7	0		12375.0	0
24.8	0		12450.4	0
24.9	0		12497.7	0
25.0	1		12510.4	0
25.1	1		12495.0	0
25.2	2		12495.4	0
25.3	2		12497.7	0
25.4	3		12510.8	0
25.5	3		12495.4	0
25.6	4		12498.2	0
25.7	4		12503.6	0
25.8	5		12501.3	0
25.9	5		12497.0	0
26.0	6		12504.8	1
26.1	1		11241.2	1
26.2	1		11353.0	0
26.3	0		11418.9	0
26.4	0		11475.0	0
26.5	0		11430.4	0
26.6	0		11476.2	0
26.7	0		11536.7	0
26.8	0		11580.0	0
26.9	0		11655.4	0
27.0	0		11716.7	0
27.1	0		11777.5	0
27.2	0		11857.2	0
27.3	0		11883.3	0
27.4	0		11968.4	0
27.5	0		12031.6	0
27.6	0		12085.5	0
27.7	0		12122.7	0
27.8	0		12199.8	0
27.9	0		12256.1	0
28.0	0		12315.4	0
28.1	0		12360.0	0
28.2	0		12435.0	0
28.3	0		12495.0	0
28.4	1		12495.0	0
28.5	1		12510.0	0
28.6	2		12495.0	0
28.7	2		12495.0	0
28.8	3		12510.4	0
28.9	3		12495.0	0
29.0	4		12498.3	0
29.1	4		12495.4	0
29.2	4		12510.0	0
29.3	5		12495.0	0
29.4	5		12495.4	0
29.5	6		12511.4	1
29.6	0		11895.4	1
29.7	0		10455.0	0
29.8	0		10500.4	0
29.9	0		10560.0	0
30.0	0		10633.4	0
30.1	0		10695.0	0
30.2	0		10770.0	0
30.3	0		10806.4	0
30.4	0		10860.4	0
30.5	0		10920.0	0
30.6	0		10980.0	0
30.7	0		11040.0	0
30.8	0		11040.0	0
30.9	0		11085.4	0
31.0	0		11205.0	0
31.1	0		11198.5	0
31.2	0		11268.2	0
31.3	0		11325.8	0
31.4	0		11387.0	0
31.5	0		11445.4	0
31.6	0		11490.0	0
31.7	0		11565.0	0
31.8	0		11625.0	0
31.9	0		11685.4	0
32.0	0		11736.1	0
32.1	0		11805.4	0
32.2	0		11865.0	0
32.3	0		11925.8	0
32.4	0		11970.0	0
32.5	0		12077.3	0
32.6	0		12105.8	0
32.7	0		12165.0	0
32.8	0		12225.0	0
32.9	0		12285.0	0
33.0	0		12345.0	0
33.1	0		12390.4	0
33.2	0		12465.0	0
33.3	1		12495.4	0
33.4	2		12510.0	0
33.5	2		12491.3	0
33.6	2		12510.4	0
33.7	3		12495.0	0
33.8	3		12495.4	0
33.9	4		12510.0	0
34.0	5		12495.4	0
34.1	5		12499.8	0
34.2	5		12500.7	0
34.3	5		12499.2	0
34.4	6		12495.8	1
34.5	0		12225.4	1
34.6	0		11760.4	0
34.7	0		11725.0	0
34.8	0		11790.8	0
34.9	0		11850.0	0
35.0	0		11910.0	0
35.1	0		11970.4	0
35.2	0		12060.0	0
35.3	0		12105.0	0
35.4	0		12149.4	0
35.5	0		12197.3	0
35.6	0		12240.4	0
35.7	0		12315.8	0
35.8	1		12405.0	0
35.9	0		12497.7	0
36.0	0		12480.8	0
36.1	1		12510.4	0
36.2	1		12495.4	0
36.3	2		12498.0	0
36.4	2		12510.4	0
36.5	2		12495.0	0
36.6	3		12495.8	0
36.7	4		12507.4	0
36.8	4		12496.2	0
36.9	4		12497.1	0
37.0	5		12496.5	0
37.1	5		12510.0	0
37.2	6		12495.4	1
37.3	0		11266.1	1
37.4	0		11325.4	0
37.5	0		11355.0	0
37.6	0		11430.4	0
37.7	0		11492.5	0
37.8	0		11550.8	0
37.9	0		11597.3	0
38.0	0		11672.6	0
38.1	0		11732.3	0
38.2	0		11793.9	0
38.3	0		11865.8	0
38.4	0		11925.0	0
38.5	0		11985.0	0
38.6	0		12045.0	0
38.7	0		12105.0	0
38.8	0		12165.8	0
38.9	1		12225.8	0
39.0	0		12363.0	0
39.1	0		12376.2	0
39.2	0		12377.6	0
39.3	0		12391.2	0
39.4	0		12450.0	0
39.5	1		12510.4	0
39.6	2		12495.0	0
39.7	3		12495.0	0
39.8	4		12510.4	0
39.9	3		12495.0	0
40.0	4		12495.0	0
40.1	4		12502.0	0
40.2	4		12506.3	0
40.3	4		12498.0	0
40.4	5		12500.0	0
40.5	6		12490.3	1
40.6	6		12510.7	1
40.7	0		12073.4	0
40.8	0		11406.2	0
40.9	0		9930.8	0
41.0	0		10006.8	0
41.1	0		10035.8	0
41.2	0		10110.0	0
41.3	0		10170.4	0
41.4	0		10215.4	0
41.5	0		10284.7	0
41.6	0		10354.3	0
41.7	0		10395.8	0
41.8	0		10455.4	0
41.9	0		10515.0	0
42.0	0		10620.0	0
42.1	0		10651.5	0
42.2	0		10710.4	0
42.3	0		10770.0	0
42.4	0		10815.8	0
42.5	0		10891.5	0
42.6	0		11016.5	0
42.7	0		11130.8	0
42.8	0		11149.1	0
42.9	0		11218.8	0
43.0	0		11278.7	0
43.1	1		11269.7	0
43.2	0		11389.3	0
43.3	0		11450.4	0
43.4	0		11448.6	0
43.5	0		11505.4	0
43.6	0		11550.0	0
43.7	0		11595.0	0
43.8	0		11640.4	0
43.9	0		11700.4	0
44.0	0		11777.1	0
44.1	0		11824.6	0
44.2	0		11880.8	0
44.3	1		11940.4	0
44.4	1		12060.4	0
44.5	1		12170.9	0
44.6	0		12360.4	0
44.7	0		12360.0	0
44.8	0		12288.2	0
44.9	0		12315.8	0
45.0	0		12390.4	0
45.1	1		12420.0	0
45.2	1		12497.0	0
45.3	3		12498.7	0
45.4	3		12502.5	0
45.5	2		12501.7	0
45.6	2		12504.4	0
45.7	3		12496.2	0
45.8	3		12495.0	0
45.9	4		12510.4	0
46.0	4		12495.4	0
46.1	5		12498.4	0
46.2	5		12495.4	0
46.3	5		12510.0	0
46.4	6		12495.8	1
46.5	0		11747.1	1
46.6	0		11732.1	0
46.7	0		9481.2	0
46.8	1		9454.0	0
46.9	1		9571.2	0
47.0	0		9675.4	0
47.1	0		9695.5	0
47.2	0		9820.4	0
47.3	0		9944.4	0
47.4	0		9886.3	0
47.5	0		9990.1	0
47.6	0		9942.7	0
47.7	0		10003.2	0
47.8	0		10066.6	0
47.9	0		10131.7	0
48.0	0		10217.2	0
48.1	0		10230.0	0
48.2	1		10354.5	0
48.3	0		10548.7	0
48.4	0		10608.5	0
48.5	0		10570.7	0
48.6	0		10534.8	0
48.7	0		10608.3	0
48.8	0		10664.3	0
48.9	0		10712.5	0
49.0	0		10758.7	0
49.1	1		10857.0	0
49.2	1		10959.9	0
49.3	1		11057.0	0
49.4	0		11215.1	0
49.5	0		11088.9	0
49.6	1		11120.1	0
49.7	1		11229.6	0
49.8	0		11325.4	0
49.9	0		11359.8	0
50.0	0		11348.5	0
50.1	50		5460.8	278
50.2	50		1260.0	363
50.3	15		855.0	1
50.4	0		60.0	0
50.5	0		83.6	0
50.6	0		180.4	0
50.7	5		255.8	0
50.8	12		495.0	0
50.9	30		583.9	0
51.0	40		855.4	0
51.1	50		1245.4	11
51.2	49		1260.0	37
51.3	0		1245.0	1
51.4	0		304.9	0
51.5	0		0.4	0
51.6	0		15.0	0
51.7	0		60.0	0
51.8	1		135.0	0
51.9	0		285.0	0
52.0	7		390.0	0
52.1	12		585.0	0
52.2	5		705.0	0
52.3	38		735.0	0
52.4	23		1050.0	0
52.5	9		1245.0	2
52.6	0		1155.0	1
52.7	0		1155.0	0
52.8	1		825.0	0
52.9	2		840.0	0
53.0	4		885.0	0
53.1	0		930.0	0
53.2	0		975.8	0
53.3	8		1022.3	0
53.4	2		1095.4	0
53.5	1		1145.7	0
53.6	2		1185.4	0
53.7	3		1245.0	0
53.8	9		1245.4	0
53.9	14		1260.0	2
54.0	0		1245.4	2
54.1	0		1056.7	0
54.2	0		870.8	0
54.3	0		915.0	0
54.4	0		975.0	0
54.5	0		1005.0	0
54.6	4		1065.0	0
54.7	5		1110.0	0
54.8	5		1170.0	0
54.9	4		1230.0	0
55.0	7		1245.0	0
55.1	9		1245.4	2
55.2	1		1260.8	1
55.3	0		1051.6	0
55.4	0		929.2	0
55.5	0		960.4	0
55.6	0		1020.0	0
55.7	1		1080.0	0
55.8	1		1155.0	0
55.9	0		1185.0	0
56.0	5		1215.0	0
56.1	6		1245.0	0
56.2	8		1260.0	1
56.3	10		1245.0	2
56.4	1		1230.0	1
56.5	1		885.0	0
56.6	1		915.0	0
56.7	1		975.0	0
56.8	1		1035.0	0
56.9	1		1110.0	0
57.0	1		1170.4	0
57.1	1		1215.4	0
57.2	4		1224.6	0
57.3	7		1261.2	0
57.4	9		1248.1	3
57.5	1		1151.4	1
57.6	1		840.8	0
57.7	1		870.4	0
57.8	1		933.6	0
57.9	1		985.0	0
58.0	2		1023.8	0
58.1	2		1115.9	0
58.2	3		1151.3	0
58.3	7		1186.5	0
58.4	5		1249.8	0
58.5	7		1260.4	0
58.6	7		1249.3	4
58.7	0		1126.2	0
58.8	0		855.8	0
58.9	0		885.4	0
59.0	11		1020.0	0
59.1	4		1195.7	0
59.2	4		1193.9	0
59.3	11		1245.0	0
59.4	14		1258.7	4
59.5	4		1035.0	1
59.6	2		775.9	0
59.7	4		825.4	0
59.8	1		904.7	0
59.9	1		932.4	0
60.0	1		975.4	0
60.1	6		1009.0	0
60.2	2		1110.8	0
60.3	1		1200.4	0
60.4	5		1246.4	0
60.5	9		1260.8	0
60.6	19		1248.3	3
60.7	0		1245.8	3
60.8	1		773.4	0
60.9	1		805.3	0
61.0	0		858.0	0
61.1	0		922.5	0
61.2	0		1001.5	0
61.3	2		1012.5	0
61.4	9		1067.6	0
61.5	6		1202.4	0
61.6	14		1240.8	0
61.7	19		1245.4	1
61.8	35		1245.4	5
61.9	0		1225.2	2
62.0	1		929.8	0
62.1	1		874.7	0
62.2	3		1005.8	0
62.3	12		1140.4	0
62.4	8		801.6	0
62.5	6		912.7	0
62.6	5		1020.4	0
62.7	4		1200.0	0
62.8	21		1245.0	0
62.9	50		1260.0	10
63.0	5		1245.4	5
63.1	0		930.4	0
63.2	0		629.0	0
63.3	1		622.6	0
63.4	0		720.8	0
63.5	0		826.9	0
63.6	2		870.4	0
63.7	0		922.9	0
63.8	0		874.6	0
63.9	2		917.5	0
64.0	3		975.8	0
64.1	2		1050.3	0
64.2	3		1067.0	0
64.3	4		1110.8	0
64.4	3		1178.6	0
64.5	5		1231.2	0
64.6	7		1243.8	0
64.7	17		1249.6	1
64.8	18		1246.6	2
64.9	2		1260.4	0
65.0	1		1168.4	0
65.1	0		1134.4	0
65.2	3		1186.4	0
65.3	4		1230.8	0
65.4	12		1245.4	0
65.5	11		1245.4	1
65.6	8		1247.9	2
65.7	1		1141.2	1
65.8	0		1035.4	0
65.9	0		1015.7	0
66.0	0		1058.9	0
66.1	1		1070.0	0
66.2	0		1136.5	0
66.3	1		1198.5	0
66.4	4		1245.4	0
66.5	8		1250.4	0
66.6	10		1245.0	1
66.7	1		1245.4	2
66.8	0		1010.3	0
66.9	0		1009.3	0
67.0	0		1052.1	0
67.1	1		1129.0	0
67.2	2		1172.4	0
67.3	2		1200.4	0
67.4	3		1245.0	0
67.5	8		1260.0	0
67.6	9		1246.2	2
67.7	1		1247.4	1
67.8	1		885.4	0
67.9	2		937.3	0
68.0	2		993.1	0
68.1	2		1036.2	0
68.2	2		1112.4	0
68.3	1		1166.7	0
68.4	2		1200.8	0
68.5	3		1245.0	0
68.6	8		1260.0	0
68.7	9		1245.4	2
68.8	8		1245.0	3
68.9	0		1095.4	0
69.0	0		735.4	0
69.1	0		754.4	0
69.2	0		840.4	0
69.3	0		883.7	0
69.4	0		930.8	0
69.5	1		990.0	0
69.6	4		1071.6	0
69.7	6		1185.0	0
69.8	7		1215.8	0
69.9	13		1245.4	0
70.0	12		1254.0	1
70.1	6		1245.4	2
70.2	0		1168.4	0
70.3	0		900.8	0
70.4	1		930.0	0
70.5	1		990.0	0
70.6	1		1050.0	0
70.7	1		1080.0	0
70.8	2		1140.0	0
70.9	5		1200.4	0
71.0	5		1260.0	0
71.1	8		1239.9	1
71.2	0		1260.4	3
71.3	0		990.0	0
71.4	1		870.4	0
71.5	2		885.4	0
71.6	1		942.2	0
71.7	1		1005.4	0
71.8	1		1065.0	0
71.9	1		1126.2	0
72.0	3		1245.4	0
72.1	12		1249.6	0
72.2	19		1260.8	3
72.3	2		1215.0	2
72.4	1		713.4	0
72.5	1		735.8	0
72.6	1		755.2	0
72.7	1		818.6	0
72.8	0		841.9	0
72.9	0		898.6	0
73.0	0		915.8	0
73.1	0		975.0	0
73.2	0		1020.0	0
73.3	0		1095.0	0
73.4	2		1155.0	0
73.5	6		1230.4	0
73.6	4		1215.0	0
73.7	7		1251.4	0
73.8	9		1245.4	3
73.9	2		1200.8	2
74.0	7		899.1	0
74.1	6		1006.2	0
74.2	5		1115.5	0
74.3	1		1221.8	0
74.4	0		1227.1	0
74.5	0		1160.4	0
74.6	4		1185.8	0
74.7	5		1245.0	0
74.8	8		1260.0	0
74.9	8		1245.4	4
75.0	1		1095.0	1
75.1	0		780.0	0
75.2	0		732.0	0
75.3	0		813.0	0
75.4	0		852.8	0
75.5	0		882.2	0
75.6	0		933.3	0
75.7	0		993.4	0
75.8	1		1039.7	0
75.9	3		1145.0	0
76.0	7		1202.6	0
76.1	12		1245.4	2
76.2	0		1247.2	4
76.3	0		915.8	0
76.4	1		643.8	0
76.5	2		698.4	0
76.6	1		811.9	0
76.7	1		818.5	0
76.8	1		871.9	0
76.9	0		898.8	0
77.0	0		1005.4	0
77.1	0		1019.1	0
77.2	0		1066.6	0
77.3	10		1155.8	0
77.4	16		1262.5	1
77.5	6		1250.4	5
77.6	1		1245.0	0
77.7	0		840.8	0
77.8	0		841.6	0
77.9	0		930.4	0
78.0	0		773.2	0
78.1	0		798.2	0
78.2	3		866.0	0
78.3	2		930.8	0
78.4	2		1011.2	0
78.5	3		1082.7	0
78.6	4		1095.0	0
78.7	4		1140.4	0
78.8	1		1214.9	0
78.9	1		1245.8	0
79.0	12		1245.4	0
79.1	5		1258.1	4
79.2	3		1155.0	0
79.3	0		855.4	0
79.4	2		950.1	0
79.5	0		963.1	0
79.6	1		1009.6	0
79.7	1		1066.6	0
79.8	4		1115.6	0
79.9	11		1230.4	0
80.0	4		1245.0	3
80.1	1		1175.3	0
80.2	5		1185.8	0
80.3	4		1230.4	0
80.4	14		1245.8	0
80.5	22		1251.9	6
80.6	0		1249.4	3
80.7	1		627.0	0
80.8	0		662.0	0
80.9	0		717.1	0
81.0	0		840.8	0
81.1	0		735.0	0
81.2	0		765.4	0
81.3	0		831.6	0
81.4	0		870.4	0
81.5	0		930.0	0
81.6	2		990.0	0
81.7	2		1050.0	0
81.8	1		1110.0	0
81.9	1		1170.0	0
82.0	1		1230.0	0
82.1	4		1245.4	0
82.2	10		1245.0	0
82.3	12		1262.0	1
82.4	3		1155.4	1
82.5	2		1172.6	0
82.6	3		1127.9	0
82.7	3		1140.4	0
82.8	2		1178.5	0
82.9	3		1229.0	0
83.0	6		1245.8	0
83.1	8		1245.0	1
83.2	12		1247.0	1
83.3	0		1262.0	0
83.4	4		1245.4	0
83.5	7		1245.0	0
83.6	9		1245.4	1
83.7	3		1260.0	1
83.8	4		1245.8	0
83.9	8		1246.9	0
84.0	9		1255.5	1
84.1	5		1198.6	1
84.2	6		1245.4	0
84.3	4		1244.5	0
84.4	8		1250.4	0
84.5	9		1260.8	1
84.6	3		1245.4	1
84.7	1		1239.6	0
84.8	1		1233.1	0
84.9	4		1245.4	0
85.0	9		1260.0	0
85.1	10		1245.0	1
85.2	1		1170.0	1
85.3	2		1080.0	0
85.4	4		960.0	0
85.5	2		1020.0	0
85.6	2		1080.0	0
85.7	2		1095.0	0
85.8	1		1125.0	0
85.9	1		1185.8	0
86.0	7		1246.4	0
86.1	8		1247.7	1
86.2	14		1247.1	1
86.3	6		1250.2	1
86.4	9		1260.4	1
86.5	0		925.6	0
86.6	2		947.3	0
86.7	2		1005.8	0
86.8	2		1065.0	0
86.9	2		1127.0	0
87.0	1		1200.4	0
87.1	1		1245.0	0
87.2	6		1245.0	0
87.3	9		1245.0	1
87.4	2		1245.0	2
87.5	0		1260.0	0
87.6	0		1080.0	0
87.7	1		1140.4	0
87.8	2		1185.0	0
87.9	5		1260.0	0
88.0	8		1252.1	0
88.1	10		1247.0	2
88.2	1		1245.8	2
88.3	0		900.0	0
88.4	0		880.9	0
88.5	0		901.6	0
88.6	0		960.4	0
88.7	0		1020.0	0
88.8	0		1050.0	0
88.9	3		1110.0	0
89.0	4		1170.4	0
89.1	5		1215.0	0
89.2	6		1247.4	0
89.3	9		1247.4	1
89.4	2		1245.4	2
89.5	0		1260.0	0
89.6	1		870.0	0
89.7	1		915.0	0
89.8	1		960.0	0
89.9	1		1020.0	0
90.0	2		1081.6	0
90.1	9		1148.0	0
90.2	6		1247.4	0
90.3	4		1245.8	0
90.4	7		1249.3	0
90.5	9		1260.8	2
90.6	2		1245.4	2
90.7	0		1026.2	0
90.8	0		799.7	0
90.9	0		841.2	0
91.0	7		1025.1	0
91.1	7		1190.5	0
91.2	0		1218.0	0
91.3	0		1002.4	0
91.4	1		1026.4	0
91.5	1		1095.4	0
91.6	1		1125.0	0
91.7	0		1171.9	0
91.8	3		1230.4	0
91.9	8		1245.0	0
92.0	9		1245.0	2
92.1	2		1260.0	2
92.2	2		870.0	0
92.3	1		900.4	0
92.4	2		945.0	0
92.5	2		1005.4	0
92.6	1		1080.0	0
92.7	1		1132.7	0
92.8	1		1140.8	0
92.9	1		1170.0	0
93.0	5		1242.6	0
93.1	7		1245.4	1
93.2	7		1260.0	3
93.3	0		915.4	0
93.4	2		753.2	0
93.5	1		735.4	0
93.6	1		765.8	0
93.7	0		885.0	0
93.8	0		1007.3	0
93.9	0		1006.2	0
94.0	0		1035.9	0
94.1	1		1080.9	0
94.2	1		1125.8	0
94.3	1		1186.7	0
94.4	1		1200.4	0
94.5	6		1260.4	0
94.6	9		1246.6	1
94.7	8		1245.4	4
94.8	0		1020.4	0
94.9	0		724.8	0
95.0	0		750.4	0
95.1	0		810.0	0
95.2	0		870.4	0
95.3	0		931.3	0
95.4	0		960.4	0
95.5	0		1020.0	0
95.6	1		1050.0	0
95.7	2		1110.4	0
95.8	6		1170.0	0
95.9	1		1251.7	0
96.0	6		1245.4	0
96.1	6		1260.0	2
96.2	8		1245.0	1
96.3	0		1155.4	0
96.4	0		1065.0	0
96.5	0		1111.8	0
96.6	2		1170.0	0
96.7	2		1230.4	0
96.8	6		1245.0	0
96.9	9		1245.0	1
97.0	8		1260.0	4
97.1	1		1020.0	0
97.2	0		750.0	0
97.3	0		765.0	0
97.4	0		810.0	0
97.5	1		840.0	0
97.6	1		900.0	0
97.7	1		960.0	0
97.8	0		1020.0	0
97.9	1		1065.0	0
98.0	2		1125.0	0
98.1	2		1185.0	0
98.2	1		1245.0	0
98.3	6		1245.4	0
98.4	13		1260.0	1
98.5	12		1245.0	5
98.6	0		981.1	0
98.7	1		690.8	0
98.8	0		765.0	0
98.9	8		885.0	0
99.0	0		1035.0	0
99.1	0		882.6	0
99.2	0		930.4	0
99.3	0		945.0	0
99.4	3		1005.0	0
99.5	5		1065.0	0
99.6	5		1125.4	0
99.7	5		1185.0	0
99.8	6		1245.8	0
99.9	7		1253.0	0
100.0	8		1245.8	3
100.1	49		570.0	40
100.2	8		135.0	22
100.3	2		105.8	0
100.4	2		93.8	0
100.5	11		120.4	0
100.6	46		120.4	3
100.7	20		120.0	8
100.8	20		135.0	1
100.9	0		105.0	0
101.0	0		15.0	0
101.1	0		0.0	0
101.2	0		45.0	0
101.3	12		90.0	0
101.4	36		105.0	0
101.5	32		120.0	2
101.6	44		135.0	6
101.7	30		120.0	3
101.8	0		60.4	0
101.9	0		59.4	0
102.0	12		46.7	0
102.1	12		60.4	0
102.2	19		75.4	0
102.3	0		128.5	0
102.4	36		105.4	0
102.5	20		120.0	3
102.6	44		120.0	0
102.7	0		135.0	2
102.8	20		90.0	0
102.9	0		120.0	0
103.0	24		120.0	0
103.1	20		120.0	1
103.2	44		135.0	0
103.3	20		120.0	3
103.4	32		120.0	0
103.5	32		135.0	1
103.6	8		120.0	0
103.7	44		120.4	0
103.8	21		137.1	4
103.9	44		120.0	0
104.0	0		120.4	3
104.1	24		90.4	0
104.2	0		105.0	0
104.3	0		105.4	0
104.4	0		106.6	0
104.5	12		120.8	0
104.6	46		122.7	0
104.7	20		135.0	6
104.8	32		120.4	1
104.9	8		120.0	1
105.0	14		90.0	0
105.1	12		77.7	0
105.2	12		135.4	0
105.3	36		120.0	0
105.4	20		120.0	2
105.5	32		120.8	0
105.6	39		122.8	1
105.7	20		135.0	5
105.8	44		120.4	0
105.9	8		120.0	3
106.0	0		137.1	0
106.1	36		105.4	0
106.2	43		119.4	1
106.3	20		120.0	3
106.4	44		135.0	0
106.5	10		120.0	2
106.6	22		123.3	0
106.7	20		135.4	0
106.8	20		120.0	0
106.9	32		120.0	1
107.0	32		135.0	1
107.1	32		120.4	1
107.2	32		120.0	1
107.3	44		120.4	0
107.4	8		135.0	4
107.5	6		119.1	0
107.6	0		120.4	0
107.7	36		105.0	0
107.8	32		120.0	0
107.9	32		135.4	3
108.0	20		120.0	0
108.1	38		127.9	2
108.2	20		120.0	6
108.3	32		120.4	1
108.4	20		135.0	0
108.5	24		105.0	0
108.6	32		120.0	1
108.7	32		120.8	3
108.8	32		135.0	5
108.9	20		120.0	0
109.0	0		120.0	0
109.1	25		105.4	0
109.2	39		135.8	0
109.3	29		123.6	4
109.4	10		121.7	1
109.5	45		122.0	0
109.6	32		120.4	9
109.7	32		135.4	2
109.8	0		120.4	0
109.9	12		90.8	0
110.0	6		114.0	0
110.1	25		139.1	0
110.2	20		122.6	3
110.3	38		127.7	0
110.4	30		120.4	3
110.5	14		127.3	5
110.6	33		120.4	0
110.7	21		121.2	1
110.8	5		122.9	0
110.9	32		108.4	0
111.0	20		120.4	2
111.1	20		120.4	0
111.2	32		120.8	2
111.3	25		127.2	8
111.4	0		135.0	4
111.5	2		106.2	0
111.6	0		93.6	0
111.7	22		90.4	0
111.8	7		108.0	2
111.9	9		129.0	0
112.0	34		120.8	0
112.1	20		120.0	1
112.2	44		120.0	0
112.3	20		135.0	3
112.4	14		128.5	0
112.5	12		124.9	0
112.6	20		120.0	0
112.7	32		120.8	1
112.8	20		120.0	6
112.9	20		135.0	0
113.0	20		120.0	0
113.1	20		120.0	1
113.2	34		135.0	2
113.3	0		123.5	2
113.4	13		90.8	0
113.5	1		105.4	0
113.6	11		123.7	0
113.7	44		120.8	0
113.8	32		135.0	3
113.9	8		120.0	0
114.0	32		120.0	0
114.1	44		135.4	1
114.2	20		120.0	6
114.3	11		120.4	0
114.4	24		123.5	0
114.5	33		122.8	0
114.6	20		135.0	4
114.7	44		120.0	0
114.8	0		120.0	5
114.9	16		132.1	0
115.0	36		121.2	4
115.1	20		120.8	4
115.2	33		120.4	2
115.3	0		106.6	1
115.4	0		90.8	0
115.5	43		75.0	0
115.6	22		125.1	2
115.7	45		132.9	2
115.8	11		120.8	3
115.9	27		123.4	0
116.0	22		122.2	2
116.1	45		136.2	1
116.2	20		120.4	5
116.3	20		120.0	0
116.4	20		135.4	0
116.5	40		120.0	4
116.6	28		130.1	3
116.7	20		120.4	0
116.8	12		120.0	0
116.9	36		105.4	0
117.0	21		121.2	2
117.1	20		135.4	5
117.2	44		120.4	0
117.3	45		121.1	3
117.4	21		135.4	0
117.5	20		120.8	6
117.6	44		120.0	1
117.7	8		135.0	3
117.8	20		120.4	0
117.9	44		120.8	1
118.0	32		135.0	1
118.1	0		105.0	0
118.2	12		62.8	0
118.3	24		120.4	0
118.4	44		135.0	0
118.5	20		120.0	4
118.6	44		120.0	0
118.7	44		135.0	3
118.8	20		120.0	2
118.9	8		120.0	0
119.0	9		136.2	0
119.1	31		122.1	0
119.2	23		122.1	10
119.3	9		122.1	2
119.4	7		107.5	0
119.5	10		123.3	0
119.6	41		92.7	0
119.7	10		123.8	8
119.8	13		106.2	0
119.9	5		77.1	0
120.0	0		127.2	0
120.1	36		121.2	0
120.2	17		131.7	6
120.3	32		119.9	0
120.4	12		120.0	0
120.5	19		122.5	0
120.6	20		135.4	6
120.7	44		120.4	1
120.8	0		120.4	6
120.9	9		105.0	0
121.0	17		113.8	0
121.1	48		118.9	1
121.2	24		120.0	11
121.3	36		125.3	0
121.4	0		106.2	0
121.5	8		95.9	0
121.6	20		120.4	0
121.7	34		134.7	0
121.8	7		124.0	0
121.9	34		122.0	1
122.0	20		120.4	6
122.1	15		128.6	2
122.2	21		120.8	3
122.3	20		120.8	8
122.4	0		135.4	0
122.5	12		118.3	0
122.6	0		97.4	0
122.7	46		91.6	0
122.8	20		120.0	3
122.9	31		120.8	0
123.0	12		127.2	0
123.1	0		108.1	0
123.2	2		70.0	0
123.3	10		75.4	0
123.4	12		105.0	0
123.5	0		120.0	0
123.6	45		120.0	2
123.7	29		116.5	6
123.8	8		135.0	0
123.9	0		105.0	0
124.0	20		105.4	0
124.1	24		121.5	0
124.2	32		120.4	1
124.3	12		120.0	2
124.4	20		135.0	0
124.5	45		120.8	0
124.6	32		120.4	8
124.7	44		135.0	0
124.8	26		120.4	2
124.9	0		106.8	0
125.0	32		105.3	3
125.1	4		114.6	0
125.2	0		121.4	0
125.3	24		94.2	0
125.4	23		137.0	0
125.5	44		120.4	10
125.6	32		120.0	3
125.7	24		135.0	2
125.8	0		120.0	0
125.9	20		120.0	0
126.0	32		120.0	0
126.1	32		135.0	0
126.2	20		120.4	5
126.3	34		120.0	0
126.4	22		123.5	0
126.5	8		135.8	0
126.6	21		120.0	0
126.7	22		123.1	5
126.8	21		120.8	1
126.9	44		135.8	1
127.0	0		109.2	2
127.1	4		116.4	0
127.2	6		77.2	0
127.3	21		122.2	0
127.4	33		121.6	0
127.5	9		121.2	3
127.6	10		138.3	0
127.7	48		125.0	0
127.8	21		124.1	9
127.9	32		120.0	3
128.0	32		120.0	0
128.1	1		120.0	0
128.2	0		136.2	0
128.3	24		94.5	0
128.4	44		135.0	1
128.5	22		122.6	8
128.6	44		120.0	0
128.7	20		120.0	1
128.8	33		135.8	0
128.9	20		120.4	4
129.0	29		132.3	1
129.1	18		118.0	0
129.2	21		120.4	0
129.3	20		135.2	4
129.4	29		115.6	2
129.5	12		135.4	2
129.6	48		120.8	2
129.7	13		121.6	9
129.8	33		120.4	0
129.9	24		125.9	0
130.0	3		128.5	0
130.1	48		105.8	0
130.2	20		120.4	6
130.3	7		133.3	0
130.4	1		96.0	0
130.5	11		122.7	0
130.6	11		120.8	0
130.7	34		123.5	0
130.8	31		135.0	3
130.9	20		120.4	2
131.0	30		121.2	2
131.1	0		121.2	0
131.2	47		114.6	2
131.3	12		127.0	4
131.4	0		106.2	0
131.5	9		120.8	0
131.6	45		120.9	2
131.7	20		120.8	9
131.8	41		131.5	0
131.9	18		117.0	5
132.0	21		109.5	0
132.1	14		128.9	0
132.2	47		124.0	4
132.3	20		120.0	11
132.4	1		123.2	0
132.5	0		105.0	0
132.6	24		92.0	0
132.7	44		121.2	2
132.8	0		117.7	10
132.9	15		122.4	0
133.0	0		120.0	2
133.1	21		124.5	0
133.2	40		130.9	2
133.3	0		103.9	1
133.4	21		105.2	0
133.5	0		121.2	0
133.6	1		120.0	0
133.7	0		123.5	0
133.8	19		90.8	0
133.9	12		122.9	0
134.0	32		135.0	0
134.1	20		120.4	3
134.2	32		120.0	1
134.3	32		135.0	1
134.4	0		120.4	1
134.5	48		120.0	0
134.6	9		120.0	1
134.7	33		121.6	0
134.8	48		120.8	0
134.9	20		135.4	9
135.0	44		120.4	2
135.1	0		106.2	1
135.2	9		96.0	0
135.3	0		120.8	0
135.4	13		72.0	0
135.5	12		111.2	0
135.6	35		120.4	0
135.7	17		120.7	2
135.8	41		116.9	0
135.9	32		135.0	3
136.0	20		120.0	4
136.1	8		120.0	0
136.2	21		135.8	0
136.3	20		120.8	1
136.4	21		120.4	0
136.5	0		121.9	2
136.6	25		105.4	0
136.7	20		135.8	0
136.8	45		122.3	2
136.9	32		120.0	6
137.0	13		135.0	2
137.1	8		120.0	0
137.2	42		120.4	2
137.3	20		132.0	8
137.4	11		127.7	0
137.5	12		60.8	0
137.6	0		77.6	0
137.7	14		109.7	0
137.8	10		122.3	0
137.9	35		122.6	0
138.0	32		135.0	5
138.1	8		120.0	2
138.2	0		108.5	0
138.3	0		91.2	0
138.4	24		77.0	0
138.5	12		120.0	0
138.6	24		120.4	0
138.7	44		120.0	0
138.8	20		135.8	3
138.9	35		120.8	0
139.0	0		123.9	2
139.1	12		91.0	0
139.2	12		105.4	0
139.3	8		105.0	0
139.4	8		135.4	0
139.5	44		120.0	0
139.6	20		120.0	7
139.7	32		135.0	0
139.8	32		120.0	2
139.9	33		121.2	0
140.0	20		135.4	8
140.1	21		121.8	0
140.2	20		120.0	0
140.3	12		121.2	0
140.4	15		126.4	0
140.5	45		121.2	0
140.6	14		120.4	6
140.7	19		128.1	4
140.8	9		121.2	1
140.9	31		121.2	0
141.0	28		130.5	9
141.1	47		121.2	0
141.2	20		120.0	2
141.3	23		90.0	0
141.4	37		117.6	0
141.5	20		120.8	4
141.6	17		135.0	0
141.7	45		116.4	0
141.8	24		120.4	2
141.9	44		135.4	0
142.0	7		120.0	5
142.1	25		127.0	0
142.2	17		126.2	2
142.3	18		120.0	0
142.4	26		127.9	2
142.5	24		120.8	3
142.6	0		132.9	0
142.7	1		89.6	0
142.8	24		91.2	0
142.9	20		120.0	0
143.0	37		126.3	2
143.1	8		135.8	4
143.2	44		120.0	2
143.3	0		130.8	6
143.4	0		90.4	0
143.5	7		75.8	0
143.6	11		123.2	0
143.7	32		114.5	0
143.8	9		136.2	6
143.9	49		120.8	4
144.0	0		126.3	6
144.1	12		106.2	0
144.2	0		95.3	0
144.3	43		119.7	0
144.4	20		120.0	2
144.5	35		124.4	2
144.6	19		121.2	4
144.7	45		121.6	0
144.8	1		126.1	2
144.9	4		61.6	0
145.0	36		63.7	0
145.1	12		123.2	1
145.2	34		105.4	0
145.3	0		87.2	0
145.4	12		90.8	0
145.5	12		120.0	0
145.6	36		120.0	0
145.7	20		120.4	3
145.8	32		135.0	0
145.9	6		120.0	2
146.0	2		88.5	0
146.1	20		120.4	0
146.2	26		135.4	2
146.3	7		113.3	0
146.4	38		128.0	1
146.5	33		122.1	2
146.6	11		123.5	0
146.7	27		136.2	0
146.8	8		113.5	8
146.9	36		121.6	0
147.0	9		135.0	1
147.1	35		100.6	0
147.2	21		120.8	3
147.3	20		121.5	0
147.4	0		135.8	0
147.5	36		120.4	0
147.6	26		112.5	3
147.7	20		135.0	4
147.8	20		120.8	0
147.9	12		90.0	0
148.0	1		90.4	0
148.1	13		91.7	0
148.2	21		122.1	0
148.3	44		120.1	0
148.4	22		137.9	4
148.5	32		120.0	0
148.6	0		121.2	4
148.7	2		121.2	0
148.8	0		128.9	0
148.9	38		92.0	0
149.0	0		127.7	1
149.1	21		106.2	0
149.2	19		136.2	0
149.3	17		117.0	3
149.4	32		120.8	0
149.5	32		135.0	0
149.6	32		120.0	3
149.7	14		128.1	1
149.8	0		121.2	0
149.9	0		92.2	0
150.0	24		94.6	0
150.1	0		182.8	0
150.2	0		262.4	0
150.3	0		218.4	0
150.4	0		300.4	0
150.5	0		301.8	0
150.6	0		345.0	0
150.7	0		379.9	0
150.8	0		424.8	0
150.9	0		482.0	0
151.0	0		498.2	0
151.1	0		555.4	0
151.2	0		596.2	0
151.3	0		630.4	0
151.4	0		675.4	0
151.5	0		720.8	0
151.6	0		766.2	0
151.7	0		797.3	0
151.8	0		902.1	0
151.9	0		1005.4	0
152.0	0		960.0	0
152.1	0		982.1	0
152.2	0		1005.8	0
152.3	0		1110.0	0
152.4	0		1072.4	0
152.5	0		1170.8	0
152.6	0		1170.4	0
152.7	0		1218.1	0
152.8	0		1260.8	0
152.9	0		1305.0	0
153.0	0		1350.0	0
153.1	0		1395.0	0
153.2	0		1440.4	0
153.3	0		1489.7	0
153.4	0		1530.4	0
153.5	0		1575.4	0
153.6	0		1635.4	0
153.7	0		1676.0	0
153.8	0		1710.4	0
153.9	0		1755.0	0
154.0	0		1800.0	0
154.1	0		1845.0	0
154.2	0		1890.0	0
154.3	0		1935.0	0
154.4	0		1980.0	0
154.5	0		2025.0	0
154.6	0		2070.0	0
154.7	0		2115.0	0
154.8	0		2160.0	0
154.9	0		2205.8	0
155.0	0		2315.5	0
155.1	0		2418.4	0
155.2	0		2355.4	0
155.3	0		2453.2	0
155.4	0		2475.4	0
155.5	0		2555.2	0
155.6	0		2612.7	0
155.7	0		2559.5	0
155.8	0		2595.8	0
155.9	0		2641.9	0
156.0	0		2655.0	0
156.1	0		2685.4	0
156.2	0		2746.9	0
156.3	0		2790.4	0
156.4	0		2836.9	0
156.5	0		2880.4	0
156.6	0		2955.4	0
156.7	0		2981.1	0
156.8	0		3003.1	0
156.9	0		3060.0	0
157.0	0		3094.9	0
157.1	0		3137.3	0
157.2	0		3180.4	0
157.3	0		3226.9	0
157.4	0		3255.0	0
157.5	0		3285.0	0
157.6	0		3345.0	0
157.7	0		3390.8	0
157.8	0		3440.8	0
157.9	0		3483.1	0
158.0	0		3555.8	0
158.1	0		3612.3	0
158.2	0		3632.3	0
158.3	0		3710.4	0
158.4	0		3722.0	0
158.5	0		3751.2	0
158.6	0		3795.4	0
158.7	0		3909.9	0
158.8	0		3990.4	0
158.9	0		4095.0	0
159.0	0		3987.3	0
159.1	0		4020.8	0
159.2	0		4065.0	0
159.3	0		4140.0	0
159.4	0		4159.7	0
159.5	0		4200.4	0
159.6	0		4230.0	0
159.7	0		4290.0	0
159.8	0		4335.0	0
159.9	0		4395.0	0
160.0	0		4440.0	0
160.1	0		4485.0	0
160.2	0		4530.0	0
160.3	0		4545.0	0
160.4	0		4605.4	0
160.5	0		4725.0	0
160.6	0		4755.0	0
160.7	0		4754.0	0
160.8	0		4845.4	0
160.9	0		4845.4	0
161.0	0		4930.1	0
161.1	0		4932.8	0
161.2	0		4965.4	0
161.3	0		5010.0	0
161.4	0		5040.0	0
161.5	0		5100.0	0
161.6	0		5160.0	0
161.7	0		5205.0	0
161.8	0		5250.0	0
161.9	0		5295.0	0
162.0	0		5340.0	0
162.1	0		5385.0	0
162.2	0		5430.0	0
162.3	0		5475.0	0
162.4	0		5520.0	0
162.5	0		5565.0	0
162.6	0		5610.0	0
162.7	0		5655.0	0
162.8	0		5670.0	0
162.9	0		5715.0	0
163.0	0		5760.0	0
163.1	0		5805.0	0
163.2	0		5850.4	0
163.3	0		5895.4	0
163.4	0		5965.2	0
163.5	0		5970.8	0
163.6	0		6030.0	0
163.7	0		6075.0	0
163.8	0		6120.0	0
163.9	0		6135.0	0
164.0	0		6180.0	0
164.1	1		6225.0	0
164.2	1		6240.0	0
164.3	2		6255.0	0
164.4	2		6255.4	0
164.5	3		6250.8	0
164.6	4		6240.4	0
164.7	5		6255.0	0
164.8	5		6255.0	0
164.9	6		6240.0	1
165.0	0		6060.0	1
165.1	0		5595.0	0
165.2	0		5625.0	0
165.3	0		5670.0	0
165.4	0		5715.0	0
165.5	0		5760.0	0
165.6	0		5805.0	0
165.7	0		5835.4	0
165.8	0		5865.0	0
165.9	0		5910.4	0
166.0	0		6015.0	0
166.1	0		6105.0	0
166.2	0		6059.6	0
166.3	0		6090.4	0
166.4	0		6135.0	0
166.5	0		6180.0	0
166.6	0		6225.0	0
166.7	1		6240.4	0
166.8	2		6255.0	0
166.9	4		6255.0	0
167.0	6		6240.0	0
167.1	3		6255.0	1
167.2	0		6253.1	0
167.3	0		5805.0	0
167.4	0		5835.4	0
167.5	0		5880.0	0
167.6	0		5913.1	0
167.7	0		5956.6	0
167.8	0		6003.8	0
167.9	0		6092.3	0
168.0	0		6124.7	0
168.1	1		6153.8	0
168.2	1		6240.8	0
168.3	1		6255.0	0
168.4	1		6248.8	0
168.5	2		6255.4	0
168.6	3		6240.0	0
168.7	3		6250.6	0
168.8	4		6256.9	0
168.9	4		6240.4	0
169.0	5		6255.8	0
169.1	5		6247.3	1
169.2	6		6257.2	1
169.3	0		6180.4	0
169.4	0		5235.4	0
169.5	0		5280.8	0
169.6	1		5333.5	0
169.7	0		5423.8	0
169.8	0		5443.2	0
169.9	0		5457.0	0
170.0	0		5494.4	0
170.1	0		5535.4	0
170.2	0		5596.8	0
170.3	0		5636.8	0
170.4	0		5685.4	0
170.5	0		5715.8	0
170.6	0		5820.4	0
170.7	0		5863.8	0
170.8	0		5879.0	0
170.9	0		5910.4	0
171.0	0		5955.4	0
171.1	0		6004.6	0
171.2	0		6045.4	0
171.3	0		6090.0	0
171.4	0		6135.0	0
171.5	0		6165.4	0
171.6	0		6225.4	0
171.7	1		6247.6	0
171.8	2		6255.4	0
171.9	4		6255.8	0
172.0	6		6241.8	0
172.1	7		6257.9	1
172.2	3		6248.4	1
172.3	1		5595.8	0
172.4	0		5640.0	0
172.5	1		5672.5	0
172.6	1		5715.4	0
172.7	1		5770.9	0
172.8	1		5807.9	0
172.9	1		5850.0	0
173.0	1		5895.8	0
173.1	2		5927.5	0
173.2	0		6003.7	0
173.3	0		6045.4	0
173.4	0		6090.0	0
173.5	0		6135.0	0
173.6	1		6165.0	0
173.7	1		6210.4	0
173.8	1		6245.0	0
173.9	2		6256.2	0
174.0	2		6238.6	0
174.1	3		6259.5	0
174.2	3		6240.8	0
174.3	4		6255.4	0
174.4	5		6255.8	0
174.5	6		6242.2	0
174.6	6		6249.9	1
174.7	0		4801.6	1
174.8	1		4832.6	0
174.9	0		4891.2	0
175.0	0		4935.8	0
175.1	0		4962.4	0
175.2	0		5010.8	0
175.3	1		5040.0	0
175.4	1		5085.0	0
175.5	1		5131.2	0
175.6	1		5191.7	0
175.7	1		5229.7	0
175.8	2		5266.2	0
175.9	1		5329.1	0
176.0	1		5387.3	0
176.1	1		5476.6	0
176.2	2		5489.6	0
176.3	1		5608.3	0
176.4	1		5568.6	0
176.5	1		5602.9	0
176.6	0		5664.0	0
176.7	0		5760.8	0
176.8	0		5751.6	0
176.9	1		5831.8	0
177.0	2		5941.2	0
177.1	1		6135.0	0
177.2	2		6034.8	0
177.3	1		6130.1	0
177.4	0		6106.2	0
177.5	3		6125.1	0
177.6	2		6251.3	0
177.7	5		6256.2	0
177.8	3		6252.4	0
177.9	3		6238.5	0
178.0	3		6257.4	0
178.1	4		6240.8	0
178.2	6		6255.4	0
178.3	7		6248.5	1
178.4	0		6251.2	2
178.5	0		5491.4	0
178.6	0		4429.1	0
178.7	0		4468.2	0
178.8	0		4515.4	0
178.9	0		4584.1	0
179.0	0		4624.8	0
179.1	0		4680.0	0
179.2	0		4725.4	0
179.3	0		4807.3	0
179.4	0		4860.0	0
179.5	0		4920.0	0
179.6	0		4982.9	0
179.7	0		5055.0	0
179.8	0		5130.0	0
179.9	0		5184.1	0
180.0	0		5235.4	0
180.1	0		5295.0	0
180.2	0		5355.0	0
180.3	0		5415.0	0
180.4	0		5475.0	0
180.5	0		5535.0	0
180.6	0		5595.0	0
180.7	0		5655.0	0
180.8	0		5655.0	0
180.9	0		5730.0	0
181.0	0		5790.0	0
181.1	0		5850.0	0
181.2	0		5910.0	0
181.3	0		5970.4	0
181.4	1		6030.0	0
181.5	1		6076.6	0
181.6	1		6150.4	0
181.7	1		6210.0	0
181.8	1		6255.0	0
181.9	2		6255.0	0
182.0	3		6240.0	0
182.1	4		6255.0	0
182.2	5		6255.0	0
182.3	6		6240.0	0
182.4	6		6255.4	1
182.5	0		6245.7	1
182.6	0		5782.1	0
182.7	2		5445.4	0
182.8	1		5583.6	0
182.9	0		5673.0	0
183.0	1		5700.0	0
183.1	0		5715.8	0
183.2	1		5761.3	0
183.3	0		5867.3	0
183.4	0		5925.4	0
183.5	0		5928.0	0
183.6	0		5985.4	0
183.7	0		6045.4	0
183.8	1		6110.0	0
183.9	0		6150.0	0
184.0	0		6225.0	0
184.1	1		6255.0	0
184.2	2		6255.0	0
184.3	3		6240.0	0
184.4	4		6255.0	0
184.5	5		6255.0	0
184.6	6		6240.0	0
184.7	6		6255.0	1
184.8	7		6255.0	1
184.9	1		5325.0	0
185.0	1		5355.0	0
185.1	1		5415.0	0
185.2	1		5475.0	0
185.3	1		5535.0	0
185.4	1		5595.0	0
185.5	1		5655.0	0
185.6	1		5715.4	0
185.7	1		5761.6	0
185.8	1		5835.4	0
185.9	1		5895.4	0
186.0	1		6015.0	0
186.1	1		6105.4	0
186.2	1		6082.6	0
186.3	1		6136.2	0
186.4	1		6196.7	0
186.5	1		6240.4	0
186.6	2		6255.0	0
186.7	3		6255.0	0
186.8	4		6240.0	0
186.9	5		6255.0	0
187.0	6		6255.0	0
187.1	6		6240.0	1
187.2	0		5820.0	1
187.3	0		5670.0	0
187.4	0		4710.0	0
187.5	0		4770.0	0
187.6	0		4830.4	0
187.7	0		4950.0	0
187.8	0		4975.7	0
187.9	0		5024.0	0
188.0	0		5070.4	0
188.1	0		5130.0	0
188.2	0		5190.0	0
188.3	0		5250.0	0
188.4	0		5310.0	0
188.5	0		5370.0	0
188.6	0		5430.0	0
188.7	0		5490.0	0
188.8	0		5550.0	0
188.9	0		5610.0	0
189.0	0		5670.0	0
189.1	0		5730.0	0
189.2	0		5775.0	0
189.3	1		5820.4	0
189.4	0		5940.0	0
189.5	0		5970.0	0
189.6	0		5961.3	0
189.7	0		6015.4	0
189.8	0		6075.0	0
189.9	0		6120.0	0
190.0	0		6195.0	0
190.1	1		6255.0	0
190.2	2		6255.0	0
190.3	3		6240.4	0
190.4	4		6257.2	0
190.5	6		6240.4	0
190.6	7		6255.0	1
190.7	0		5640.0	1
190.8	0		5669.0	0
190.9	0		5700.4	0
191.0	1		5760.4	0
191.1	0		5809.9	0
191.2	0		5880.4	0
191.3	0		5940.0	0
191.4	0		6000.0	0
191.5	0		6060.0	0
191.6	0		6120.4	0
191.7	0		6188.1	0
191.8	1		6225.8	0
191.9	2		6258.1	0
192.0	3		6255.4	0
192.1	3		6246.5	0
192.2	4		6240.4	0
192.3	5		6255.8	0
192.4	6		6245.6	0
192.5	8		6261.1	1
192.6	1		5730.4	1
192.7	0		5717.3	0
192.8	0		5775.8	0
192.9	0		5837.8	0
193.0	1		5895.4	0
193.1	0		6015.0	0
193.2	0		6031.0	0
193.3	0		6090.4	0
193.4	0		6135.0	0
193.5	0		6210.0	0
193.6	1		6255.4	0
193.7	2		6255.4	0
193.8	3		6251.3	0
193.9	3		6243.5	0
194.0	4		6255.8	0
194.1	5		6240.4	0
194.2	6		6257.3	1
194.3	1		6240.4	1
194.4	0		6251.0	0
194.5	0		5775.4	0
194.6	1		5835.4	0
194.7	0		5883.1	0
194.8	0		5925.4	0
194.9	0		5985.0	0
195.0	0		6045.0	0
195.1	0		6090.0	0
195.2	0		6165.8	0
195.3	2		6228.4	0
195.4	4		6255.4	0
195.5	5		6240.0	0
195.6	4		6254.7	0
195.7	4		6242.8	0
195.8	5		6255.8	0
195.9	6		6256.5	1
196.0	5		6240.4	1
196.1	1		5820.0	0
196.2	1		5880.8	0
196.3	1		5986.3	0
196.4	0		6105.8	0
196.5	0		6151.6	0
196.6	0		6109.3	0
196.7	0		6165.4	0
196.8	0		6225.0	0
196.9	1		6255.0	0
197.0	2		6240.4	0
197.1	3		6258.8	0
197.2	4		6240.8	0
197.3	5		6259.3	0
197.4	6		6240.0	0
197.5	7		6249.8	1
197.6	1		5815.0	1
197.7	1		5880.4	0
197.8	1		5940.4	0
197.9	2		5985.0	0
198.0	1		6105.0	0
198.1	1		6124.9	0
198.2	1		6195.8	0
198.3	1		6228.9	0
198.4	2		6237.0	0
198.5	2		6256.6	0
198.6	4		6240.4	0
198.7	6		6256.4	0
198.8	5		6241.2	1
198.9	0		5504.3	1
199.0	0		5241.8	0
199.1	0		5279.6	0
199.2	0		5325.8	0
199.3	0		5385.0	0
199.4	0		5445.0	0
199.5	0		5505.0	0
199.6	0		5550.0	0
199.7	0		5625.0	0
199.8	0		5685.0	0
199.9	1		5745.4	0
200.0	0		5850.4	0
200.1	48		2562.3	169
200.2	41		135.0	216
200.3	29		117.1	2
200.4	2		120.4	0
200.5	12		70.6	0
200.6	25		126.3	0
200.7	40		130.5	1
200.8	37		120.0	8
200.9	13		126.9	4
201.0	2		90.0	0
201.1	0		47.4	0
201.2	8		15.4	0
201.3	0		61.2	0
201.4	15		90.4	0
201.5	48		135.0	6
201.6	12		96.3	1
201.7	22		120.4	0
201.8	46		122.6	4
201.9	43		120.8	3
202.0	0		124.5	0
202.1	0		90.4	0
202.2	0		36.9	0
202.3	0		15.4	0
202.4	12		92.7	0
202.5	12		105.2	0
202.6	0		120.4	0
202.7	0		60.0	0
202.8	12		93.8	0
202.9	31		134.0	0
203.0	32		120.0	4
203.1	9		120.8	1
203.2	16		120.4	0
203.3	17		136.2	2
203.4	0		106.9	0
203.5	0		54.7	0
203.6	0		90.8	0
203.7	12		60.0	0
203.8	0		66.5	0
203.9	12		75.8	0
204.0	0		90.4	0
204.1	0		90.4	0
204.2	0		10.6	0
204.3	0		5.6	0
204.4	0		0.4	0
204.5	0		0.4	0
204.6	0		0.8	0
204.7	0		23.0	0
204.8	12		45.8	0
204.9	0		120.4	0
205.0	12		105.0	0
205.1	32		120.0	0
205.2	40		130.0	2
205.3	45		120.8	1
205.4	32		120.4	1
205.5	33		136.6	3
205.6	39		113.8	1
205.7	0		61.8	0
205.8	0		75.4	0
205.9	0		0.0	0
206.0	0		0.0	0
206.1	0		0.4	0
206.2	0		0.0	0
206.3	0		0.0	0
206.4	0		1.5	0
206.5	0		0.0	0
206.6	0		0.0	0
206.7	0		0.4	0
206.8	0		0.0	0
206.9	0		0.0	0
207.0	0		0.0	0
207.1	0		0.0	0
207.2	0		0.4	0
207.3	0		0.4	0
207.4	0		0.0	0
207.5	0		0.0	0
207.6	0		16.9	0
207.7	12		3.9	0
207.8	0		30.8	0
207.9	0		49.5	0
208.0	36		45.4	0
208.1	12		105.4	0
208.2	0		32.0	0
208.3	0		2.8	0
208.4	0		0.4	0
208.5	0		0.0	0
208.6	22		15.0	0
208.7	12		60.4	0
208.8	49		90.0	0
208.9	44		120.4	0
209.0	44		135.0	7
209.1	20		120.0	5
209.2	20		120.0	0
209.3	44		135.0	0
209.4	8		120.0	0
209.5	20		120.0	0
209.6	32		135.0	1
209.7	44		120.0	1
209.8	8		120.8	1
209.9	12		107.7	0
210.0	0		46.2	0
210.1	0		5.4	0
210.2	0		0.8	0
210.3	35		15.0	0
210.4	0		45.4	0
210.5	0		8.7	0
210.6	48		60.4	0
210.7	0		15.0	0
210.8	0		5.8	0
210.9	0		0.4	0
211.0	0		0.0	0
211.1	0		0.0	0
211.2	0		0.4	0
211.3	0		0.0	0
211.4	0		0.0	0
211.5	0		4.8	0
211.6	0		12.8	0
211.7	0		0.4	0
211.8	0		0.0	0
211.9	0		0.0	0
212.0	0		0.4	0
212.1	0		1.2	0
212.2	0		54.8	0
212.3	0		45.4	0
212.4	0		0.0	0
212.5	0		13.5	0
212.6	0		0.8	0
212.7	24		0.4	0
212.8	12		60.0	0
212.9	0		90.0	0
213.0	24		90.0	0
213.1	0		7.6	0
213.2	0		0.4	0
213.3	0		0.0	0
213.4	0		0.4	0
213.5	24		0.8	0
213.6	12		105.0	1
213.7	0		60.0	0
213.8	0		21.7	0
213.9	0		27.3	0
214.0	0		8.1	0
214.1	0		0.4	0
214.2	0		0.0	0
214.3	0		15.0	0
214.4	0		3.4	0
214.5	0		0.4	0
214.6	0		0.0	0
214.7	0		0.0	0
214.8	0		0.4	0
214.9	0		0.0	0
215.0	0		0.0	0
215.1	0		13.5	0
215.2	0		0.0	0
215.3	0		0.0	0
215.4	0		0.4	0
215.5	0		0.0	0
215.6	12		30.0	0
215.7	0		60.0	0
215.8	0		45.0	0
215.9	12		75.0	0
216.0	0		105.0	0
216.1	8		90.0	0
216.2	32		135.0	0
216.3	32		120.0	2
216.4	44		120.0	2
216.5	20		135.0	1
216.6	0		90.0	0
216.7	0		75.0	0
216.8	12		75.0	0
216.9	12		90.4	0
217.0	12		105.8	0
217.1	20		120.0	0
217.2	36		125.9	0
217.3	20		120.0	2
217.4	0		135.4	0
217.5	0		90.0	0
217.6	0		105.0	0
217.7	0		105.4	0
217.8	24		120.0	0
217.9	32		120.4	1
218.0	23		126.1	0
218.1	44		122.0	2
218.2	12		120.8	0
218.3	48		120.4	1
218.4	20		120.8	3
218.5	28		130.7	0
218.6	0		91.6	0
218.7	2		80.6	0
218.8	3		128.0	0
218.9	6		120.4	0
219.0	30		117.7	0
219.1	44		120.4	3
219.2	44		135.0	1
219.3	20		120.0	2
219.4	0		120.0	0
219.5	12		105.0	0
219.6	2		90.4	0
219.7	29		105.0	0
219.8	37		127.2	0
219.9	12		125.3	1
220.0	8		120.0	0
220.1	12		135.4	0
220.2	20		120.0	0
220.3	32		120.0	0
220.4	32		120.4	1
220.5	43		135.0	1
220.6	31		118.7	2
220.7	0		105.8	0
220.8	12		90.4	0
220.9	23		115.9	0
221.0	12		105.4	0
221.1	18		117.8	0
221.2	20		120.4	0
221.3	21		137.7	1
221.4	32		120.0	1
221.5	21		121.9	1
221.6	0		105.4	0
221.7	8		75.0	0
221.8	24		90.0	0
221.9	12		120.0	0
222.0	20		135.4	0
222.1	44		120.0	3
222.2	20		120.0	3
222.3	8		135.0	0
222.4	0		90.0	0
222.5	0		91.2	0
222.6	45		75.0	0
222.7	2		126.8	1
222.8	37		125.1	0
222.9	36		125.2	1
223.0	23		122.6	1
223.1	26		127.7	2
223.2	46		122.0	0
223.3	0		124.5	1
223.4	46		100.4	0
223.5	25		124.3	5
223.6	22		122.6	2
223.7	2		122.0	0
223.8	0		86.1	0
223.9	0		75.0	0
224.0	0		84.3	0
224.1	12		75.4	0
224.2	12		121.2	0
224.3	44		120.6	2
224.4	44		135.4	2
224.5	34		120.4	5
224.6	5		107.1	1
224.7	0		63.1	0
224.8	12		91.2	0
224.9	16		102.3	0
225.0	20		120.4	0
225.1	20		135.0	1
225.2	32		120.4	0
225.3	14		120.0	4
225.4	14		128.0	1
225.5	9		120.8	4
225.6	33		136.9	0
225.7	0		107.6	0
225.8	47		105.8	2
225.9	27		121.6	0
226.0	0		118.2	1
226.1	12		79.6	0
226.2	46		121.2	0
226.3	0		107.4	2
226.4	9		92.7	0
226.5	0		89.8	0
226.6	0		90.4	0
226.7	35		105.0	0
226.8	32		135.0	0
226.9	32		120.0	1
227.0	3		128.7	0
227.1	0		120.0	0
227.2	24		120.4	0
227.3	32		120.0	0
227.4	44		135.0	1
227.5	32		120.0	2
227.6	8		120.0	1
227.7	12		120.0	0
227.8	24		120.8	0
227.9	29		105.4	3
228.0	26		110.9	0
228.1	17		131.5	0
228.2	12		75.3	0
228.3	3		91.2	0
228.4	29		98.5	0
228.5	25		120.0	0
228.6	44		120.0	1
228.7	23		123.1	0
228.8	33		136.2	2
228.9	33		121.2	1
229.0	36		124.6	3
229.1	14		120.8	8
229.2	26		127.4	4
229.3	39		127.3	0
229.4	44		120.8	1
229.5	44		120.4	4
229.6	32		135.0	3
229.7	28		120.4	2
229.8	8		119.3	1
229.9	15		135.0	0
230.0	27		114.3	0
230.1	24		136.2	2
230.2	39		124.5	7
230.3	24		125.5	0
230.4	25		126.6	2
230.5	20		120.4	1
230.6	8		120.0	0
230.7	20		135.0	0
230.8	0		120.0	0
230.9	14		119.3	0
231.0	32		120.8	0
231.1	44		120.4	1
231.2	32		135.4	4
231.3	20		120.0	0
231.4	0		112.6	0
231.5	0		98.1	0
231.6	0		90.4	0
231.7	20		105.8	0
231.8	41		122.4	5
231.9	31		120.0	3
232.0	11		125.7	2
232.1	24		104.1	0
232.2	1		90.8	0
232.3	0		75.8	0
232.4	48		97.7	2
232.5	21		121.2	0
232.6	47		105.0	0
232.7	32		120.0	1
232.8	12		117.0	0
232.9	3		137.6	0
233.0	13		126.0	0
233.1	37		111.5	1
233.2	31		135.4	3
233.3	0		118.9	1
233.4	44		117.7	0
233.5	8		135.4	1
233.6	44		120.4	0
233.7	45		121.2	3
233.8	20		135.4	3
233.9	7		112.3	0
234.0	38		75.8	0
234.1	0		118.1	0
234.2	24		72.2	0
234.3	12		90.8	0
234.4	3		135.0	0
234.5	20		105.4	0
234.6	14		128.1	1
234.7	20		120.0	2
234.8	20		135.4	0
234.9	31		75.0	0
235.0	20		120.8	0
235.1	48		116.5	0
235.2	44		120.0	2
235.3	32		135.4	5
235.4	9		121.7	2
235.5	0		90.4	0
235.6	12		60.0	0
235.7	12		75.0	0
235.8	21		90.0	0
235.9	20		120.0	0
236.0	24		120.0	0
236.1	44		135.0	0
236.2	20		120.0	2
236.3	14		127.5	0
236.4	0		120.4	0
236.5	14		108.9	0
236.6	23		120.8	0
236.7	44		135.4	5
236.8	25		126.1	4
236.9	0		106.2	4
237.0	48		90.0	1
237.1	0		90.4	0
237.2	29		101.0	0
237.3	12		105.4	0
237.4	8		120.0	0
237.5	32		120.4	0
237.6	19		132.0	1
237.7	22		122.3	0
237.8	33		121.2	1
237.9	20		120.0	0
238.0	0		135.0	0
238.1	24		74.4	0
238.2	12		90.4	0
238.3	0		120.8	0
238.4	36		120.4	0
238.5	36		125.2	3
238.6	16		115.2	2
238.7	27		120.4	0
238.8	12		124.7	0
238.9	20		105.8	0
239.0	7		120.7	2
239.1	21		118.4	1
239.2	33		136.2	0
239.3	49		124.2	0
239.4	20		120.4	3
239.5	2		120.4	0
239.6	0		107.8	0
239.7	36		118.9	0
239.8	4		126.2	5
239.9	24		113.2	0
240.0	11		106.2	2
240.1	18		117.5	0
240.2	9		121.6	0
240.3	12		116.7	0
240.4	1		77.3	0
240.5	13		90.8	0
240.6	0		121.4	0
240.7	24		120.4	0
240.8	32		120.0	0
240.9	20		120.0	2
241.0	32		135.0	0
241.1	8		120.4	0
241.2	44		120.0	2
241.3	44		135.0	5
241.4	0		120.0	2
241.5	14		90.0	0
241.6	12		45.4	0
241.7	23		105.0	0
241.8	0		108.3	0
241.9	19		90.0	0
242.0	0		120.8	0
242.1	23		135.0	0
242.2	35		123.6	0
242.3	20		120.4	4
242.4	32		120.0	2
242.5	8		135.8	1
242.6	0		105.1	0
242.7	14		49.8	0
242.8	12		73.3	0
242.9	12		97.1	0
243.0	0		120.0	0
243.1	10		106.2	0
243.2	48		120.0	1
243.3	32		120.4	7
243.4	32		120.0	4
243.5	12		120.8	0
243.6	0		117.7	0
243.7	46		90.8	0
243.8	12		135.8	3
243.9	8		108.8	0
244.0	9		120.8	0
244.1	44		120.4	0
244.2	24		124.5	4
244.3	32		135.4	0
244.4	0		124.2	1
244.5	39		90.0	0
244.6	9		134.0	2
244.7	0		122.5	0
244.8	0		90.0	0
244.9	17		120.4	0
245.0	23		124.4	1
245.1	44		120.4	2
245.2	32		135.0	6
245.3	12		120.4	2
245.4	36		120.0	0
245.5	44		120.0	1
245.6	22		135.8	7
245.7	0		99.6	0
245.8	25		77.9	0
245.9	12		90.4	0
246.0	0		120.4	0
246.1	22		91.9	0
246.2	12		99.1	0
246.3	24		121.6	0
246.4	34		120.4	5
246.5	25		127.2	0
246.6	33		121.2	1
246.7	21		105.0	0
246.8	0		107.8	0
246.9	35		90.4	0
247.0	33		121.8	0
247.1	32		135.4	2
247.2	20		120.8	2
247.3	5		120.0	0
247.4	18		118.0	0
247.5	20		120.0	3
247.6	12		120.4	0
247.7	12		120.0	0
247.8	37		120.4	0
247.9	20		120.4	4
248.0	32		120.0	1
248.1	32		135.0	2
248.2	1		121.2	0
248.3	48		94.3	5
248.4	47		123.2	2
248.5	21		120.4	7
248.6	12		121.6	1
248.7	1		96.6	0
248.8	0		105.2	0
248.9	8		105.8	0
249.0	24		120.0	0
249.1	45		135.4	0
249.2	11		122.4	3
249.3	7		121.3	0
249.4	25		123.9	0
249.5	33		121.6	7
249.6	20		135.4	5
249.7	0		120.4	2
249.8	12		90.4	0
249.9	32		96.0	0
250.0	20		120.8	11
250.1	0		182.9	0
250.2	0		186.3	0
250.3	0		242.4	0
250.4	0		265.5	0
250.5	0		265.1	0
250.6	0		311.5	0
250.7	0		388.0	0
250.8	0		452.0	0
250.9	0		629.0	0
251.0	0		540.9	0
251.1	0		526.8	0
251.2	0		601.6	0
251.3	0		648.6	0
251.4	0		595.8	0
251.5	0		609.3	0
251.6	0		703.5	0
251.7	0		906.8	0
251.8	0		980.0	0
251.9	0		971.7	0
252.0	0		591.9	0
252.1	0		587.0	0
252.2	0		615.0	0
252.3	0		667.5	0
252.4	0		677.1	0
252.5	0		705.0	0
252.6	0		750.0	0
252.7	0		755.4	0
252.8	0		780.8	0
252.9	0		870.4	0
253.0	0		844.3	0
253.1	0		942.9	0
253.2	0		1026.3	0
253.3	0		995.5	0
253.4	0		1026.5	0
253.5	0		1170.4	0
253.6	0		1275.4	0
253.7	0		1383.9	0
253.8	0		1090.4	0
253.9	0		1113.7	0
254.0	0		1216.6	0
254.1	0		1194.4	0
254.2	0		1208.2	0
254.3	0		1239.0	0
254.4	0		1263.1	0
254.5	0		1295.7	0
254.6	0		1320.4	0
254.7	0		1335.0	0
254.8	0		1350.0	0
254.9	0		1380.0	0
255.0	0		1410.0	0
255.1	0		1440.4	0
255.2	0		1457.9	0
255.3	0		1515.8	0
255.4	0		1695.8	0
255.5	0		1785.0	0
255.6	0		1684.4	0
255.7	0		1726.2	0
255.8	0		1770.8	0
255.9	0		1834.1	0
256.0	0		1920.4	0
256.1	0		1980.0	0
256.2	0		2005.6	0
256.3	0		2055.4	0
256.4	0		2175.4	0
256.5	0		2220.0	0
256.6	0		2237.1	0
256.7	0		2296.2	0
256.8	0		2388.1	0
256.9	0		2427.3	0
257.0	0		2475.8	0
257.1	0		2549.6	0
257.2	0		2580.4	0
257.3	0		2625.4	0
257.4	0		2686.2	0
257.5	0		2797.3	0
257.6	0		2806.5	0
257.7	0		2865.4	0
257.8	0		2925.0	0
257.9	0		2985.8	0
258.0	0		3105.4	0
258.1	0		3140.9	0
258.2	0		3202.7	0
258.3	0		3238.7	0
258.4	0		3289.7	0
258.5	0		3345.4	0
258.6	0		3405.4	0
258.7	0		3465.0	0
258.8	0		3527.9	0
258.9	0		3585.4	0
259.0	0		3645.4	0
259.1	0		3720.0	0
259.2	0		3772.4	0
259.3	0		3833.3	0
259.4	0		3885.4	0
259.5	0		3945.0	0
259.6	0		4005.4	0
259.7	0		4125.0	0
259.8	0		4245.0	0
259.9	0		4185.0	0
260.0	0		4243.3	0
260.1	0		4305.4	0
260.2	0		4353.5	0
260.3	0		4410.4	0
260.4	0		4455.0	0
260.5	0		4515.0	0
260.6	0		4560.0	0
260.7	0		4620.0	0
260.8	0		4680.0	0
260.9	0		4740.0	0
261.0	0		4800.0	0
261.1	0		4860.0	0
261.2	0		4920.0	0
261.3	0		4980.0	0
261.4	0		5040.0	0
261.5	0		5100.4	0
261.6	0		5163.1	0
261.7	0		5220.8	0
261.8	0		5283.2	0
261.9	0		5340.4	0
262.0	0		5400.8	0
262.1	1		5463.9	0
262.2	1		5641.8	0
262.3	0		5775.8	0
262.4	0		5676.6	0
262.5	0		5701.2	0
262.6	0		5805.4	0
262.7	0		5831.6	0
262.8	0		5880.8	0
262.9	0		6004.4	0
263.0	0		6073.6	0
263.1	0		6090.4	0
263.2	0		6112.7	0
263.3	0		6165.4	0
263.4	0		6225.0	0
263.5	0		6270.0	0
263.6	1		6360.4	0
263.7	1		6450.0	0
263.8	1		6570.4	0
263.9	0		6693.3	0
264.0	0		6567.4	0
264.1	0		6630.8	0
264.2	0		6690.0	0
264.3	0		6750.0	0
264.4	0		6795.4	0
264.5	0		6872.5	0
264.6	0		6930.4	0
264.7	0		6990.4	0
264.8	0		7035.0	0
264.9	0		7111.8	0
265.0	0		7172.2	0
265.1	0		7233.5	0
265.2	0		7276.2	0
265.3	0		7353.6	0
265.4	0		7410.8	0
265.5	0		7470.0	0
265.6	0		7530.0	0
265.7	0		7575.0	0
265.8	0		7650.0	0
265.9	0		7710.0	0
266.0	0		7770.0	0
266.1	0		7815.0	0
266.2	0		7905.4	0
266.3	0		7980.4	0
266.4	0		8093.9	0
266.5	0		8145.8	0
266.6	0		8156.5	0
266.7	0		8284.0	0
266.8	0		8385.0	0
266.9	0		8394.0	0
267.0	0		8517.5	0
267.1	0		8535.4	0
267.2	0		8517.9	0
267.3	0		8576.8	0
267.4	0		8625.4	0
267.5	0		8685.0	0
267.6	0		8745.4	0
267.7	0		8805.0	0
267.8	0		8869.8	0
267.9	0		8928.6	0
268.0	0		8985.4	0
268.1	0		9045.0	0
268.2	0		9105.4	0
268.3	0		9180.4	0
268.4	0		9231.4	0
268.5	0		9285.4	0
268.6	0		9345.4	0
268.7	0		9394.9	0
268.8	0		9450.8	0
268.9	0		9570.0	0
269.0	0		9615.0	0
269.1	0		9633.3	0
269.2	0		9690.4	0
269.3	0		9750.0	0
269.4	0		9810.0	0
269.5	0		9870.0	0
269.6	0		9930.0	0
269.7	0		9990.0	0
269.8	0		10050.0	0
269.9	0		10110.0	0
270.0	0		10170.0	0
270.1	0		10230.0	0
270.2	0		10290.4	0
270.3	0		10350.4	0
270.4	0		10412.3	0
270.5	0		10470.4	0
270.6	0		10515.0	0
270.7	0		10575.0	0
270.8	0		10635.0	0
270.9	0		10695.0	0
271.0	0		10755.4	0
271.1	0		10819.8	0
271.2	0		10875.4	0
271.3	0		10935.0	0
271.4	0		10995.4	0
271.5	0		11059.2	0
271.6	0		11115.4	0
271.7	0		11175.4	0
271.8	0		11236.9	0
271.9	0		11295.4	0
272.0	0		11280.8	0
272.1	0		11325.8	0
272.2	0		11451.8	0
272.3	0		11494.4	0
272.4	0		11521.6	0
272.5	0		11580.4	0
272.6	0		11670.4	0
272.7	0		11788.6	0
272.8	0		11815.0	0
272.9	0		11853.5	0
273.0	0		11880.8	0
273.1	0		11949.0	0
273.2	0		12005.5	0
273.3	0		12045.8	0
273.4	0		12120.0	0
273.5	0		12180.0	0
273.6	0		12240.0	0
273.7	0		12300.0	0
273.8	0		12345.4	0
273.9	0		12417.2	0
274.0	1		12480.4	0
274.1	1		12498.1	0
274.2	1		12511.2	0
274.3	2		12495.5	0
274.4	2		12502.6	0
274.5	3		12498.6	0
274.6	4		12498.3	0
274.7	4		12495.4	0
274.8	4		12500.3	0
274.9	5		12505.8	0
275.0	6		12498.7	0
275.1	6		12502.3	1
275.2	1		11461.1	1
275.3	0		11126.8	0
275.4	0		9973.8	0
275.5	0		10021.6	0
275.6	0		10076.2	0
275.7	0		10112.0	0
275.8	0		10188.5	0
275.9	0		10249.8	0
276.0	0		10389.6	0
276.1	0		10448.1	0
276.2	0		10471.6	0
276.3	0		10505.4	0
276.4	0		10546.2	0
276.5	0		10602.9	0
276.6	0		10635.8	0
276.7	0		10710.4	0
276.8	0		10830.0	0
276.9	0		10950.0	0
277.0	0		10995.0	0
277.1	0		10961.0	0
277.2	0		11010.4	0
277.3	0		11070.0	0
277.4	0		11115.0	0
277.5	0		11190.0	0
277.6	0		11252.0	0
277.7	0		11324.6	0
277.8	0		11358.5	0
277.9	0		11432.9	0
278.0	0		11559.2	0
278.1	0		11631.1	0
278.2	0		11610.1	0
278.3	0		11681.0	0
278.4	0		11730.4	0
278.5	0		11790.4	0
278.6	0		11840.0	0
278.7	0		11984.5	0
278.8	0		11985.0	0
278.9	0		12070.1	0
279.0	0		12085.8	0
279.1	0		12150.8	0
279.2	1		12210.4	0
279.3	1		12330.0	0
279.4	0		12435.0	0
279.5	0		12402.2	0
279.6	0		12450.4	0
279.7	0		12495.0	0
279.8	1		12510.0	0
279.9	1		12495.0	0
280.0	2		12495.0	0
280.1	2		12510.0	0
280.2	3		12495.0	0
280.3	3		12495.0	0
280.4	4		12510.4	0
280.5	4		12500.8	0
280.6	4		12495.0	0
280.7	5		12495.4	0
280.8	5		12510.0	0
280.9	6		12495.0	1
281.0	0		11880.4	1
281.1	0		11010.4	0
281.2	0		11133.3	0
281.3	0		11250.4	0
281.4	0		11385.4	0
281.5	0		11252.8	0
281.6	1		11306.7	0
281.7	1		11430.4	0
281.8	1		11550.4	0
281.9	0		11629.1	0
282.0	0		11548.3	0
282.1	0		11614.1	0
282.2	1		11670.4	0
282.3	0		11805.4	0
282.4	0		11850.2	0
282.5	0		11857.8	0
282.6	0		11910.8	0
282.7	0		11956.9	0
282.8	0		12030.4	0
282.9	0		12090.0	0
283.0	0		12150.0	0
283.1	0		12195.4	0
283.2	0		12276.6	0
283.3	0		12300.4	0
283.4	0		12360.0	0
283.5	0		12405.0	0
283.6	0		12480.4	0
283.7	1		12495.4	0
283.8	2		12510.0	0
283.9	2		12495.0	0
284.0	2		12505.5	0
284.1	3		12495.4	0
284.2	3		12495.0	0
284.3	4		12510.4	0
284.4	4		12495.8	0
284.5	5		12504.6	0
284.6	5		12492.8	0
284.7	5		12495.8	1
284.8	0		12510.4	1
284.9	0		11673.1	0
285.0	0		11691.5	0
285.1	0		11716.2	0
285.2	0		11781.1	0
285.3	0		11837.0	0
285.4	0		11880.4	0
285.5	0		11940.4	0
285.6	0		12045.0	0
285.7	0		12067.5	0
285.8	0		12105.4	0
285.9	0		12180.4	0
286.0	0		12240.4	0
286.1	0		12360.0	0
286.2	0		12351.3	0
286.3	0		12420.4	0
286.4	1		12473.2	0
286.5	2		12510.4	0
286.6	2		12495.0	0
286.7	2		12495.0	0
286.8	2		12511.2	0
286.9	3		12496.8	0
287.0	3		12495.4	0
287.1	3		12510.0	0
287.2	4		12495.0	0
287.3	4		12495.0	0
287.4	5		12510.0	0
287.5	5		12495.0	0
287.6	6		12495.0	1
287.7	0		12435.0	1
287.8	0		11655.4	0
287.9	0		11691.4	0
288.0	0		11763.9	0
288.1	0		11820.4	0
288.2	0		11880.4	0
288.3	0		11929.2	0
288.4	0		11985.8	0
288.5	0		12045.4	0
288.6	0		12093.8	0
288.7	0		12166.2	0
288.8	0		12232.2	0
288.9	1		12294.1	0
289.0	0		12458.1	0
289.1	0		12398.0	0
289.2	1		12481.2	0
289.3	0		12498.0	0
289.4	1		12489.6	0
289.5	2		12510.4	0
289.6	3		12495.4	0
289.7	2		12494.9	0
289.8	3		12503.0	0
289.9	3		12495.4	0
290.0	4		12508.1	0
290.1	4		12493.0	0
290.2	5		12510.4	0
290.3	5		12495.0	0
290.4	5		12495.4	1
290.5	0		12510.0	1
290.6	0		12210.8	0
290.7	1		12346.7	0
290.8	1		12450.4	0
290.9	1		12495.0	0
291.0	1		12455.7	0
291.1	1		12495.0	0
291.2	1		12504.1	0
291.3	1		12501.1	0
291.4	2		12504.4	0
291.5	2		12495.0	0
291.6	3		12499.5	0
291.7	3		12495.4	0
291.8	4		12510.4	0
291.9	4		12495.0	0
292.0	5		12495.0	0
292.1	5		12507.9	0
292.2	5		12495.4	0
292.3	6		12495.0	1
292.4	0		11280.4	1
292.5	0		10682.3	0
292.6	0		8640.4	0
292.7	0		8707.1	0
292.8	0		8745.8	0
292.9	0		8820.0	0
293.0	0		8880.4	0
293.1	0		8942.2	0
293.2	0		8985.8	0
293.3	1		9064.3	0
293.4	1		9181.9	0
293.5	1		9300.4	0
293.6	0		9345.0	0
293.7	0		9312.0	0
293.8	0		9360.4	0
293.9	0		9420.0	0
294.0	0		9465.0	0
294.1	0		9540.0	0
294.2	0		9600.0	0
294.3	0		9660.0	0
294.4	0		9720.0	0
294.5	0		9765.0	0
294.6	0		9840.0	0
294.7	0		9900.0	0
294.8	0		9960.0	0
294.9	0		10005.0	0
295.0	0		10080.0	0
295.1	0		10140.0	0
295.2	0		10200.0	0
295.3	0		10245.0	0
295.4	0		10320.0	0
295.5	0		10380.0	0
295.6	0		10440.0	0
295.7	0		10500.0	0
295.8	0		10545.0	0
295.9	0		10620.0	0
296.0	0		10680.0	0
296.1	0		10741.6	0
296.2	0		10792.4	0
296.3	0		10929.3	0
296.4	0		11040.4	0
296.5	1		11220.0	0
296.6	0		11028.3	0
296.7	0		11100.4	0
296.8	0		11160.0	0
296.9	0		11220.0	0
297.0	0		11280.0	0
297.1	0		11325.0	0
297.2	0		11400.0	0
297.3	0		11460.0	0
297.4	0		11520.0	0
297.5	0		11565.0	0
297.6	0		11640.0	0
297.7	0		11685.0	0
297.8	0		11745.0	0
297.9	0		11790.0	0
298.0	0		11865.0	0
298.1	0		11925.0	0
298.2	0		11985.0	0
298.3	0		12030.4	0
298.4	1		12105.4	0
298.5	0		12240.0	0
298.6	0		12243.8	0
298.7	0		12285.8	0
298.8	0		12330.0	0
298.9	0		12405.0	0
299.0	0		12465.0	0
299.1	0		12495.0	0
299.2	1		12510.0	0
299.3	1		12495.0	0
299.4	2		12495.0	0
299.5	2		12510.0	0
299.6	3		12495.0	0
299.7	3		12495.0	0
299.8	4		12510.0	0
299.9	4		12495.0	0
-------------------------------------
Max queue length: 50 ms
Average queue length: 7 ms
Average throughput: 4386.5 KB/s
-------------------------------------
