bw	ftp	rftp	web	qlen	maxd	avgd	rate
--------------------------------------------------------------------
18	40	0	26	1000	622	18	2069 (0.92)
21	34	1	1	1000	544	15	2058 (0.78)
51	10	2	72	1000	210	9	4157 (0.65)
16	50	3	35	1000	648	30	1774 (0.89)
54	4	1	45	1000	149	1	4041 (0.60)
53	25	1	57	1000	224	11	5236 (0.79)
75	61	1	17	1000	159	11	7244 (0.77)
31	27	2	12	1000	376	13	2804 (0.72)
82	20	3	15	1000	146	12	7483 (0.73)
6	15	1	28	1000	441	17	634 (0.85)
74	15	4	61	1000	160	17	6776 (0.73)
15	49	3	71	1000	716	29	1667 (0.89)
64	13	0	63	1000	184	3	6731 (0.84)
58	56	0	65	1000	204	9	6695 (0.92)
85	50	3	0	1000	141	11	7536 (0.71)
78	8	3	73	1000	152	2	6048 (0.62)
91	46	2	55	1000	131	12	8520 (0.75)
26	17	2	16	1000	395	28	2609 (0.80)
5	20	2	46	1000	541	27	559 (0.89)
46	43	4	53	1000	256	12	4421 (0.77)
3	10	1	38	1000	388	27	342 (0.91)
29	14	2	78	1000	395	18	2873 (0.79)
63	39	2	2	1000	190	9	5951 (0.76)
60	64	4	21	1000	199	12	5627 (0.75)
30	14	3	76	1000	349	12	2722 (0.73)
39	11	4	4	1000	303	12	3298 (0.68)
15	33	2	55	1000	652	27	1624 (0.87)
96	59	4	40	1000	124	8	8517 (0.71)
90	38	2	25	1000	133	13	8197 (0.73)
85	9	1	42	1000	140	1	7999 (0.75)
98	58	0	20	1000	122	5	11539 (0.94)
96	28	4	13	1000	125	12	8731 (0.73)
42	55	2	69	1000	280	12	4087 (0.78)
14	59	4	15	1000	790	31	1566 (0.90)
74	21	0	10	1000	162	3	8378 (0.91)
44	35	3	73	1000	266	13	4198 (0.76)
16	4	4	3	1000	328	4	953 (0.48)
52	8	1	53	1000	226	5	4525 (0.70)
18	4	1	63	1000	196	5	1413 (0.63)
68	4	2	15	1000	176	2	4823 (0.57)
31	3	0	49	1000	135	1	2329 (0.60)
59	46	1	5	1000	202	9	5432 (0.74)
10	22	4	39	1000	617	28	1033 (0.83)
57	61	0	59	1000	208	9	6632 (0.93)
90	1	1	14	1000	110	0	3109 (0.28)
28	21	3	25	1000	414	17	2707 (0.77)
18	13	2	8	1000	464	13	1651 (0.73)
94	51	3	1	1000	128	9	8147 (0.69)
68	5	1	73	1000	129	2	5009 (0.59)
34	36	2	37	1000	345	13	3592 (0.85)
37	25	0	33	1000	319	7	4261 (0.92)
23	1	0	62	1000	113	1	998 (0.35)
41	20	4	80	1000	285	15	4169 (0.81)
7	18	4	30	1000	469	19	723 (0.83)
14	51	3	27	1000	699	29	1557 (0.89)
90	1	1	24	1000	109	0	3197 (0.28)
49	28	3	7	1000	243	17	4657 (0.76)
98	6	4	69	1000	122	2	6697 (0.55)
23	32	4	18	1000	504	23	2366 (0.82)
40	42	3	21	1000	297	12	3587 (0.72)
68	11	4	48	1000	176	13	6151 (0.72)
82	50	0	16	1000	146	5	9599 (0.94)
100	51	2	33	1000	120	10	9380 (0.75)
1	27	0	39	1000	960	57	124 (0.99)
19	9	2	77	1000	362	13	1721 (0.72)
11	59	0	67	1000	910	37	1335 (0.97)
36	41	0	27	1000	329	9	4173 (0.93)
51	56	0	60	1000	232	9	5932 (0.93)
57	39	4	46	1000	208	12	5353 (0.75)
59	53	4	69	1000	202	14	5854 (0.79)
42	26	4	33	1000	281	12	3761 (0.72)
98	27	2	15	1000	122	12	8942 (0.73)
21	17	2	72	1000	450	16	1989 (0.76)
45	26	1	7	1000	264	14	4370 (0.78)
86	59	3	53	1000	139	8	7964 (0.74)
20	63	3	42	1000	568	22	2224 (0.89)
20	26	0	80	1000	552	17	2227 (0.89)
5	55	4	3	1000	787	40	569 (0.91)
41	35	1	67	1000	287	11	4137 (0.81)
48	58	0	64	1000	245	10	5577 (0.93)
90	27	2	77	1000	132	10	8590 (0.76)
57	33	4	2	1000	209	10	4649 (0.65)
13	51	2	18	1000	803	33	1470 (0.90)
77	62	3	6	1000	155	11	7057 (0.73)
97	51	0	66	1000	123	5	11275 (0.93)
41	3	2	78	1000	280	3	2562 (0.50)
77	59	4	10	1000	155	10	7172 (0.75)
28	35	1	42	1000	415	14	2890 (0.83)
13	37	3	5	1000	732	25	1436 (0.88)
87	16	4	64	1000	137	5	7403 (0.68)
27	3	1	72	1000	136	3	1786 (0.53)
100	6	0	11	1000	120	2	8999 (0.72)
8	39	2	23	1000	750	33	902 (0.90)
46	1	3	73	1000	177	2	1682 (0.29)
11	52	0	56	1000	817	31	1310 (0.95)
16	45	0	39	1000	695	21	1867 (0.93)
90	19	3	51	1000	132	5	7766 (0.69)
3	1	0	40	1000	199	20	292 (0.78)
70	21	3	17	1000	171	8	6194 (0.71)
38	22	0	25	1000	309	6	4321 (0.91)
99	9	2	4	1000	121	5	8104 (0.65)
61	28	4	15	1000	195	15	5523 (0.72)
1	39	4	56	1000	1305	87	124 (0.99)
23	53	2	5	1000	508	20	2553 (0.89)
73	47	1	78	1000	163	9	7358 (0.81)
46	42	0	75	1000	255	9	5198 (0.90)
26	1	3	70	1000	167	3	1086 (0.33)
30	4	0	56	1000	296	5	2506 (0.67)
58	26	3	59	1000	204	11	5362 (0.74)
43	12	1	59	1000	273	8	3960 (0.74)
42	6	1	75	1000	249	7	3282 (0.63)
12	20	4	13	1000	412	24	1245 (0.83)
4	59	3	53	1000	1150	55	481 (0.96)
67	36	2	4	1000	179	13	6133 (0.73)
48	63	1	63	1000	246	11	5050 (0.84)
31	43	0	24	1000	379	9	3585 (0.93)
13	50	2	18	1000	749	32	1449 (0.89)
63	9	1	12	1000	189	4	5474 (0.70)
35	51	2	46	1000	335	17	3624 (0.83)
26	25	4	65	1000	422	21	2687 (0.83)
