bw	num	pct	qlen	maxq	avgq	maxd	avgd	rate
---------------------------------------------------------------------------
0.5	1	0.68	6	5.5	0.0	85	0	36.8 (0.57)
0.5	2	0.68	6	5.5	0.1	85	1	37.8 (0.59)
0.5	3	0.68	6	5.5	0.1	85	1	39.4 (0.62)
0.5	4	0.68	6	7.5	0.1	117	1	40.3 (0.63)
0.5	5	0.68	6	9.5	0.1	148	1	40.6 (0.63)
0.5	6	0.68	6	11.5	0.2	179	2	41.0 (0.64)
0.5	8	0.68	6	15.0	0.2	234	3	41.8 (0.65)
0.5	10	0.68	6	19.0	0.3	296	4	42.2 (0.66)
0.5	12	0.68	6	23.0	0.4	359	6	42.2 (0.66)
0.5	14	0.68	6	27.0	0.5	421	7	42.3 (0.66)
0.5	16	0.68	6	31.0	0.8	484	12	42.3 (0.66)
0.5	20	0.68	6	31.5	0.7	492	10	42.3 (0.66)
0.5	24	0.68	6	31.5	0.9	492	14	42.4 (0.66)
0.5	30	0.68	6	31.5	0.8	492	12	42.4 (0.66)
0.5	40	0.68	6	31.5	0.9	492	13	42.4 (0.66)
1	1	0.75	9	14.0	0.0	109	0	79.0 (0.62)
1	2	0.75	9	14.0	0.0	109	0	80.4 (0.63)
1	3	0.75	9	13.0	0.0	101	0	81.4 (0.64)
1	4	0.75	9	14.5	0.1	113	0	83.1 (0.65)
1	5	0.75	9	19.0	0.2	148	1	83.5 (0.65)
1	6	0.75	9	20.5	0.2	160	1	85.2 (0.67)
1	8	0.75	9	16.5	0.3	128	1	86.0 (0.67)
1	10	0.75	9	20.5	0.3	160	2	86.8 (0.68)
1	12	0.75	9	24.0	0.3	187	2	88.5 (0.69)
1	14	0.75	9	27.0	0.3	210	2	90.4 (0.71)
1	16	0.75	9	31.0	0.3	242	2	91.3 (0.71)
1	20	0.75	9	38.5	0.5	300	3	93.2 (0.73)
1	24	0.75	9	46.5	0.6	363	4	93.4 (0.73)
1	30	0.75	9	58.0	0.8	453	6	93.4 (0.73)
1	40	0.75	9	62.5	1.2	488	9	93.4 (0.73)
2	1	0.81	9	17.0	0.0	66	0	153.2 (0.60)
2	2	0.81	9	17.0	0.0	66	0	159.3 (0.62)
2	3	0.81	9	18.5	0.0	72	0	162.8 (0.64)
2	4	0.81	9	18.5	0.1	72	0	166.2 (0.65)
2	5	0.81	9	19.5	0.0	76	0	166.4 (0.65)
2	6	0.81	9	18.5	0.1	72	0	169.1 (0.66)
2	8	0.81	9	20.5	0.1	80	0	173.4 (0.68)
2	10	0.81	9	22.5	0.2	87	0	176.6 (0.69)
2	12	0.81	9	31.0	0.3	121	1	179.7 (0.70)
2	14	0.81	9	31.0	0.3	121	1	182.5 (0.71)
2	16	0.81	9	31.0	0.4	121	1	184.6 (0.72)
2	20	0.81	9	38.5	0.6	150	2	191.5 (0.75)
2	24	0.81	9	49.0	0.7	191	2	194.6 (0.76)
2	30	0.81	9	58.0	0.9	226	3	200.0 (0.78)
2	40	0.81	9	94.0	1.5	367	5	201.7 (0.79)
3	1	0.84	9	21.0	0.0	54	0	222.6 (0.58)
3	2	0.84	9	21.0	0.0	54	0	237.1 (0.62)
3	3	0.84	9	21.0	0.1	54	0	240.5 (0.63)
3	4	0.84	9	23.5	0.1	61	0	252.5 (0.66)
3	5	0.84	9	23.5	0.1	61	0	254.6 (0.66)
3	6	0.84	9	25.0	0.1	65	0	259.9 (0.68)
3	8	0.84	9	24.5	0.1	63	0	269.8 (0.70)
3	10	0.84	9	26.0	0.1	67	0	279.2 (0.73)
3	12	0.84	9	28.5	0.1	74	0	284.0 (0.74)
3	14	0.84	9	30.0	0.2	78	0	287.3 (0.75)
3	16	0.84	9	31.0	0.2	80	0	289.6 (0.75)
3	20	0.84	9	38.5	0.3	100	0	293.5 (0.76)
3	24	0.84	9	46.5	0.4	121	1	296.6 (0.77)
3	30	0.84	9	58.0	0.6	151	1	300.0 (0.78)
3	40	0.84	9	77.5	1.0	201	2	309.0 (0.80)
4	1	0.85	9	22.5	0.1	43	0	284.5 (0.56)
4	2	0.85	9	24.0	0.1	46	0	306.8 (0.60)
4	3	0.85	9	25.0	0.1	48	0	316.1 (0.62)
4	4	0.85	9	24.0	0.1	46	0	323.5 (0.63)
4	5	0.85	9	26.5	0.1	51	0	330.0 (0.64)
4	6	0.85	9	27.5	0.1	53	0	331.1 (0.65)
4	8	0.85	9	27.5	0.1	53	0	341.8 (0.67)
4	10	0.85	9	28.0	0.1	54	0	355.0 (0.69)
4	12	0.85	9	29.0	0.1	56	0	364.6 (0.71)
4	14	0.85	9	29.0	0.1	56	0	370.4 (0.72)
4	16	0.85	9	31.0	0.1	60	0	381.4 (0.74)
4	20	0.85	9	38.5	0.2	75	0	384.5 (0.75)
4	24	0.85	9	46.5	0.1	90	0	390.9 (0.76)
4	30	0.85	9	58.0	0.4	113	0	394.6 (0.77)
4	40	0.85	9	78.0	0.8	152	1	404.1 (0.79)
5	1	0.86	9	24.5	0.1	38	0	339.4 (0.53)
5	2	0.86	9	24.5	0.1	38	0	382.3 (0.60)
5	3	0.86	9	24.5	0.1	38	0	399.6 (0.62)
5	4	0.86	9	26.0	0.1	40	0	407.4 (0.64)
5	5	0.86	9	26.5	0.1	41	0	414.5 (0.65)
5	6	0.86	9	28.5	0.1	44	0	421.2 (0.66)
5	8	0.86	9	29.0	0.1	45	0	439.1 (0.69)
5	10	0.86	9	31.0	0.1	48	0	456.8 (0.71)
5	12	0.86	9	34.0	0.2	53	0	468.6 (0.73)
5	14	0.86	9	33.5	0.1	52	0	473.6 (0.74)
5	16	0.86	9	33.5	0.2	52	0	473.5 (0.74)
5	20	0.86	9	38.5	0.2	60	0	486.5 (0.76)
5	24	0.86	9	46.5	0.2	72	0	491.0 (0.77)
5	30	0.86	9	58.5	0.3	91	0	499.7 (0.78)
5	40	0.86	9	78.0	0.6	121	0	504.0 (0.79)
6	1	0.87	12	36.5	0.1	47	0	417.4 (0.54)
6	2	0.87	12	36.5	0.1	47	0	457.7 (0.60)
6	3	0.87	12	38.5	0.1	50	0	483.6 (0.63)
6	4	0.87	12	40.0	0.1	52	0	493.4 (0.64)
6	5	0.87	12	41.5	0.1	54	0	496.5 (0.65)
6	6	0.87	12	41.5	0.1	54	0	501.9 (0.65)
6	8	0.87	12	42.0	0.1	54	0	509.8 (0.66)
6	10	0.87	12	41.5	0.1	54	0	522.0 (0.68)
6	12	0.87	12	41.5	0.2	54	0	542.1 (0.71)
6	14	0.87	12	41.5	0.2	54	0	556.2 (0.72)
6	16	0.87	12	41.5	0.2	54	0	564.4 (0.73)
6	20	0.87	12	41.5	0.2	54	0	577.8 (0.75)
6	24	0.87	12	46.5	0.2	60	0	594.7 (0.77)
6	30	0.87	12	58.5	0.2	76	0	605.3 (0.79)
6	40	0.87	12	78.0	0.5	101	0	609.3 (0.79)
8	1	0.89	12	44.0	0.0	42	0	501.6 (0.49)
8	2	0.89	12	44.0	0.1	42	0	595.4 (0.58)
8	3	0.89	12	44.0	0.1	42	0	622.2 (0.61)
8	4	0.89	12	49.5	0.2	48	0	661.6 (0.65)
8	5	0.89	12	53.0	0.2	51	0	679.7 (0.66)
8	6	0.89	12	53.0	0.1	51	0	679.9 (0.66)
8	8	0.89	12	49.5	0.2	48	0	700.7 (0.68)
8	10	0.89	12	56.0	0.2	54	0	711.2 (0.69)
8	12	0.89	12	57.0	0.2	55	0	754.4 (0.74)
8	14	0.89	12	57.0	0.2	55	0	770.1 (0.75)
8	16	0.89	12	58.5	0.2	57	0	780.5 (0.76)
8	20	0.89	12	60.0	0.2	58	0	792.4 (0.77)
8	24	0.89	12	67.5	0.2	65	0	804.2 (0.79)
8	30	0.89	12	73.5	0.2	71	0	809.2 (0.79)
8	40	0.89	12	79.5	0.5	77	0	820.5 (0.80)
10	1	0.90	12	49.0	0.0	38	0	584.5 (0.46)
10	2	0.90	12	52.5	0.1	41	0	703.6 (0.55)
10	3	0.90	12	52.5	0.2	41	0	779.1 (0.61)
10	4	0.90	12	52.5	0.2	41	0	800.7 (0.63)
10	5	0.90	12	52.5	0.2	41	0	830.6 (0.65)
10	6	0.90	12	54.0	0.2	42	0	838.3 (0.65)
10	8	0.90	12	54.0	0.2	42	0	854.4 (0.67)
10	10	0.90	12	57.5	0.2	44	0	865.4 (0.68)
10	12	0.90	12	62.5	0.2	48	0	900.6 (0.70)
10	14	0.90	12	64.5	0.2	50	0	947.9 (0.74)
10	16	0.90	12	64.5	0.2	50	0	963.9 (0.75)
10	20	0.90	12	73.5	0.2	57	0	981.3 (0.77)
10	24	0.90	12	75.5	0.3	58	0	1003.0 (0.78)
10	30	0.90	12	88.5	0.3	69	0	1012.9 (0.79)
10	40	0.90	12	98.5	0.4	76	0	1018.1 (0.80)
12	1	0.90	12	49.0	0.0	31	0	585.8 (0.38)
12	2	0.90	12	52.5	0.1	34	0	827.3 (0.54)
12	3	0.90	12	52.5	0.2	34	0	877.6 (0.57)
12	4	0.90	12	52.5	0.2	34	0	941.2 (0.61)
12	5	0.90	12	52.5	0.2	34	0	968.9 (0.63)
12	6	0.90	12	54.0	0.2	35	0	968.5 (0.63)
12	8	0.90	12	54.0	0.2	35	0	1001.6 (0.65)
12	10	0.90	12	57.5	0.2	37	0	1019.5 (0.66)
12	12	0.90	12	62.5	0.3	40	0	1041.7 (0.68)
12	14	0.90	12	64.5	0.3	41	0	1125.9 (0.73)
12	16	0.90	12	64.5	0.3	41	0	1152.0 (0.75)
12	20	0.90	12	73.5	0.3	47	0	1164.3 (0.76)
12	24	0.90	12	75.5	0.3	49	0	1170.5 (0.76)
12	30	0.90	12	87.0	0.3	56	0	1187.3 (0.77)
12	40	0.90	12	99.5	0.4	64	0	1202.9 (0.78)
14	1	0.91	12	55.5	0.0	30	0	592.8 (0.33)
14	2	0.91	12	55.5	0.0	30	0	907.9 (0.51)
14	3	0.91	12	57.5	0.2	32	0	1031.4 (0.58)
14	4	0.91	12	55.5	0.3	30	0	1074.0 (0.60)
14	5	0.91	12	61.0	0.3	34	0	1085.3 (0.61)
14	6	0.91	12	61.5	0.3	34	0	1151.9 (0.64)
14	8	0.91	12	61.0	0.3	34	0	1170.7 (0.65)
14	10	0.91	12	61.5	0.3	34	0	1206.8 (0.67)
14	12	0.91	12	65.0	0.3	36	0	1289.2 (0.72)
14	14	0.91	12	65.5	0.3	36	0	1284.2 (0.72)
14	16	0.91	12	65.5	0.3	36	0	1343.3 (0.75)
14	20	0.91	12	67.5	0.3	37	0	1328.7 (0.74)
14	24	0.91	12	76.0	0.3	42	0	1357.1 (0.76)
14	30	0.91	12	85.5	0.4	47	0	1360.2 (0.76)
14	40	0.91	12	91.0	0.4	50	0	1410.3 (0.79)
16	1	0.91	18	85.5	0.0	41	0	684.2 (0.33)
16	2	0.91	18	89.5	0.0	43	0	1016.9 (0.50)
16	3	0.91	18	85.5	0.1	41	0	1163.0 (0.57)
16	4	0.91	18	89.5	0.3	43	0	1217.8 (0.59)
16	5	0.91	18	90.0	0.3	43	0	1311.4 (0.64)
16	6	0.91	18	89.5	0.3	43	0	1321.6 (0.65)
16	8	0.91	18	89.5	0.3	43	0	1367.9 (0.67)
16	10	0.91	18	92.5	0.3	45	0	1384.6 (0.68)
16	12	0.91	18	92.5	0.3	45	0	1411.6 (0.69)
16	14	0.91	18	92.5	0.3	45	0	1434.8 (0.70)
16	16	0.91	18	92.5	0.4	45	0	1448.8 (0.71)
16	20	0.91	18	92.5	0.3	45	0	1524.0 (0.74)
16	24	0.91	18	92.5	0.4	45	0	1559.6 (0.76)
16	30	0.91	18	95.5	0.4	46	0	1601.5 (0.78)
16	40	0.91	18	115.5	0.4	56	0	1631.3 (0.80)
20	1	0.92	18	97.5	0.0	38	0	697.5 (0.27)
20	2	0.92	18	97.5	0.0	38	0	1175.0 (0.46)
20	3	0.92	18	97.5	0.0	38	0	1363.1 (0.53)
20	4	0.92	18	97.5	0.2	38	0	1448.8 (0.57)
20	5	0.92	18	97.5	0.3	38	0	1557.4 (0.61)
20	6	0.92	18	97.5	0.4	38	0	1576.9 (0.62)
20	8	0.92	18	102.0	0.4	39	0	1643.5 (0.64)
20	10	0.92	18	107.0	0.4	41	0	1681.0 (0.66)
20	12	0.92	18	108.0	0.4	42	0	1712.1 (0.67)
20	14	0.92	18	108.0	0.4	42	0	1719.3 (0.67)
20	16	0.92	18	108.0	0.4	42	0	1747.5 (0.68)
20	20	0.92	18	112.5	0.4	43	0	1866.8 (0.73)
20	24	0.92	18	114.0	0.4	44	0	1924.5 (0.75)
20	30	0.92	18	117.5	0.5	45	0	1972.4 (0.77)
20	40	0.92	18	124.5	0.5	48	0	1985.0 (0.78)
24	1	0.92	18	97.5	0.0	31	0	701.6 (0.23)
24	2	0.92	18	97.5	0.0	31	0	1176.5 (0.38)
24	3	0.92	18	97.5	0.0	31	0	1575.3 (0.51)
24	4	0.92	18	97.5	0.1	31	0	1705.3 (0.56)
24	5	0.92	18	97.5	0.3	31	0	1770.1 (0.58)
24	6	0.92	18	97.5	0.4	31	0	1834.8 (0.60)
24	8	0.92	18	101.5	0.5	33	0	1939.9 (0.63)
24	10	0.92	18	106.0	0.5	34	0	1997.2 (0.65)
24	12	0.92	18	106.0	0.5	34	0	2031.2 (0.66)
24	14	0.92	18	106.0	0.5	34	0	2080.7 (0.68)
24	16	0.92	18	107.5	0.5	34	0	2082.9 (0.68)
24	20	0.92	18	112.5	0.5	36	0	2217.5 (0.72)
24	24	0.92	18	114.0	0.6	37	0	2263.7 (0.74)
24	30	0.92	18	117.5	0.6	38	0	2336.7 (0.76)
24	40	0.92	18	124.5	0.6	40	0	2342.4 (0.76)
30	1	0.93	24	152.5	0.0	39	0	879.1 (0.23)
30	2	0.93	24	152.5	0.0	39	0	1349.5 (0.35)
30	3	0.93	24	152.5	0.0	39	0	1854.7 (0.48)
30	4	0.93	24	152.5	0.0	39	0	2007.0 (0.52)
30	5	0.93	24	152.5	0.1	39	0	2209.4 (0.58)
30	6	0.93	24	154.0	0.3	40	0	2283.0 (0.59)
30	8	0.93	24	154.0	0.6	40	0	2395.4 (0.62)
30	10	0.93	24	154.0	0.6	40	0	2481.5 (0.65)
30	12	0.93	24	160.5	0.6	41	0	2528.5 (0.66)
30	14	0.93	24	166.0	0.7	43	0	2612.5 (0.68)
30	16	0.93	24	166.0	0.6	43	0	2630.7 (0.69)
30	20	0.93	24	166.0	0.6	43	0	2664.7 (0.69)
30	24	0.93	24	166.0	0.7	43	0	2766.5 (0.72)
30	30	0.93	24	177.5	0.7	46	0	2953.0 (0.77)
30	40	0.93	24	181.5	0.7	47	0	3044.0 (0.79)
40	1	0.94	24	180.0	0.0	35	0	908.3 (0.18)
40	2	0.94	24	180.0	0.0	35	0	1388.0 (0.27)
40	3	0.94	24	180.0	0.0	35	0	1978.6 (0.39)
40	4	0.94	24	180.0	0.0	35	0	2464.2 (0.48)
40	5	0.94	24	180.0	0.0	35	0	2636.0 (0.51)
40	6	0.94	24	180.0	0.0	35	0	2820.7 (0.55)
40	8	0.94	24	180.0	0.3	35	0	2985.4 (0.58)
40	10	0.94	24	180.0	0.7	35	0	3162.1 (0.62)
40	12	0.94	24	180.0	0.9	35	0	3221.8 (0.63)
40	14	0.94	24	184.0	0.9	35	0	3329.1 (0.65)
40	16	0.94	24	184.5	0.9	36	0	3366.7 (0.66)
40	20	0.94	24	184.5	0.9	36	0	3469.3 (0.68)
40	24	0.94	24	184.5	0.9	36	0	3568.9 (0.70)
40	30	0.94	24	200.5	0.9	39	0	3841.8 (0.75)
40	40	0.94	24	247.5	0.9	48	0	3835.7 (0.75)
50	1	0.94	30	227.0	0.0	35	0	961.6 (0.15)
50	2	0.94	30	227.0	0.0	35	0	1581.0 (0.25)
50	3	0.94	30	227.0	0.0	35	0	2038.0 (0.32)
50	4	0.94	30	227.0	0.0	35	0	2585.5 (0.40)
50	5	0.94	30	227.0	0.0	35	0	3094.2 (0.48)
50	6	0.94	30	227.0	0.0	35	0	3263.6 (0.51)
50	8	0.94	30	227.0	0.1	35	0	3645.8 (0.57)
50	10	0.94	30	227.0	0.4	35	0	3759.5 (0.59)
50	12	0.94	30	227.0	0.7	35	0	3913.0 (0.61)
50	14	0.94	30	227.0	1.1	35	0	4056.8 (0.63)
50	16	0.94	30	236.0	1.1	36	0	4086.1 (0.64)
50	20	0.94	30	238.5	1.1	37	0	4217.3 (0.66)
50	24	0.94	30	238.5	1.1	37	0	4270.8 (0.67)
50	30	0.94	30	238.5	1.1	37	0	4510.9 (0.70)
50	40	0.94	30	273.0	1.1	42	0	4961.3 (0.78)
60	1	0.95	36	332.0	0.0	43	0	535.7 (0.07)
60	2	0.95	36	332.0	0.0	43	0	1791.2 (0.23)
60	3	0.95	36	339.5	0.2	44	0	2344.3 (0.31)
60	4	0.95	36	339.5	0.2	44	0	2939.0 (0.38)
60	5	0.95	36	339.5	0.2	44	0	3539.7 (0.46)
60	6	0.95	36	339.5	0.2	44	0	4077.3 (0.53)
60	8	0.95	36	339.5	0.2	44	0	4228.9 (0.55)
60	10	0.95	36	339.5	0.3	44	0	4587.5 (0.60)
60	12	0.95	36	339.5	0.7	44	0	4667.1 (0.61)
60	14	0.95	36	339.5	1.0	44	0	4824.6 (0.63)
60	16	0.95	36	339.5	1.3	44	0	5025.2 (0.65)
60	20	0.95	36	339.5	1.9	44	0	5112.3 (0.67)
60	24	0.95	36	339.5	1.9	44	0	5189.8 (0.68)
60	30	0.95	36	369.0	2.0	48	0	5308.3 (0.69)
60	40	0.95	36	429.0	2.1	55	0	5753.1 (0.75)
80	1	0.95	42	388.5	0.0	37	0	537.5 (0.05)
80	2	0.95	42	389.0	0.0	37	0	1856.8 (0.18)
80	3	0.95	42	389.0	0.0	37	0	2574.7 (0.25)
80	4	0.95	42	389.5	0.0	38	0	3043.5 (0.30)
80	5	0.95	42	389.5	0.0	38	0	3642.2 (0.36)
80	6	0.95	42	389.5	0.0	38	0	4231.0 (0.41)
80	8	0.95	42	389.5	0.0	38	0	5299.8 (0.52)
80	10	0.95	42	389.5	0.0	38	0	5486.9 (0.54)
80	12	0.95	42	389.5	0.0	38	0	5880.2 (0.57)
80	14	0.95	42	394.0	0.3	38	0	6086.3 (0.59)
80	16	0.95	42	402.0	0.6	39	0	6274.8 (0.61)
80	20	0.95	42	402.0	1.3	39	0	6455.7 (0.63)
80	24	0.95	42	402.0	1.8	39	0	6602.3 (0.64)
80	30	0.95	42	406.5	1.8	39	0	6843.3 (0.67)
80	40	0.95	42	466.5	2.3	45	0	7041.5 (0.69)
100	1	0.96	48	563.5	0.0	44	0	477.6 (0.04)
100	2	0.96	48	563.5	0.0	44	0	2512.6 (0.20)
100	3	0.96	48	563.5	0.0	44	0	3057.4 (0.24)
100	4	0.96	48	563.5	0.0	44	0	3497.9 (0.27)
100	5	0.96	48	563.5	0.0	44	0	4083.1 (0.32)
100	6	0.96	48	563.5	0.0	44	0	4683.7 (0.37)
100	8	0.96	48	563.5	0.0	44	0	5859.0 (0.46)
100	10	0.96	48	568.5	0.0	44	0	6973.1 (0.54)
100	12	0.96	48	568.5	0.0	44	0	7008.0 (0.55)
100	14	0.96	48	568.5	0.0	44	0	7329.0 (0.57)
100	16	0.96	48	568.5	0.1	44	0	7797.6 (0.61)
100	20	0.96	48	572.5	0.8	44	0	8047.9 (0.63)
100	24	0.96	48	573.5	1.8	44	0	8092.4 (0.63)
100	30	0.96	48	573.5	4.0	44	0	8460.0 (0.66)
100	40	0.96	48	575.0	4.0	44	0	8670.3 (0.68)
