bw	num	pct	qlen	maxq	avgq	maxd	avgd	rate
---------------------------------------------------------------------------
0.5	1	0.68	2	1.5	0.0	23	0	18.4 (0.29)
0.5	2	0.68	2	3.5	0.1	54	0	23.4 (0.37)
0.5	3	0.68	2	5.5	0.0	85	0	28.1 (0.44)
0.5	4	0.68	2	7.5	0.0	117	0	31.7 (0.50)
0.5	5	0.68	2	7.5	0.1	117	1	33.6 (0.53)
0.5	6	0.68	2	9.5	0.1	148	1	35.1 (0.55)
0.5	8	0.68	2	11.5	0.1	179	2	36.9 (0.58)
0.5	10	0.68	2	15.0	0.2	234	3	38.3 (0.60)
0.5	12	0.68	2	17.0	0.2	265	3	38.8 (0.61)
0.5	14	0.68	2	19.0	0.3	296	4	39.4 (0.62)
0.5	16	0.68	2	23.0	0.4	359	6	39.7 (0.62)
0.5	20	0.68	2	27.0	0.4	421	6	39.8 (0.62)
0.5	24	0.68	2	31.5	0.7	492	11	40.3 (0.63)
0.5	30	0.68	2	31.5	0.7	492	11	40.2 (0.63)
0.5	40	0.68	2	31.5	1.0	492	15	41.0 (0.64)
1	1	0.75	3	3.5	0.0	27	0	70.2 (0.55)
1	2	0.75	3	4.0	0.0	31	0	68.5 (0.54)
1	3	0.75	3	5.5	0.0	42	0	73.6 (0.58)
1	4	0.75	3	7.5	0.0	58	0	75.4 (0.59)
1	5	0.75	3	9.5	0.1	74	0	76.5 (0.60)
1	6	0.75	3	11.5	0.0	89	0	79.4 (0.62)
1	8	0.75	3	15.0	0.1	117	0	83.0 (0.65)
1	10	0.75	3	17.0	0.1	132	0	85.2 (0.67)
1	12	0.75	3	21.0	0.1	164	0	86.6 (0.68)
1	14	0.75	3	23.0	0.1	179	0	88.6 (0.69)
1	16	0.75	3	27.0	0.2	210	1	89.5 (0.70)
1	20	0.75	3	32.5	0.3	253	2	90.9 (0.71)
1	24	0.75	3	38.5	0.5	300	3	91.4 (0.71)
1	30	0.75	3	46.5	0.6	363	4	92.1 (0.72)
1	40	0.75	3	62.0	1.1	484	8	92.8 (0.72)
2	1	0.81	3	4.5	0.0	17	0	142.5 (0.56)
2	2	0.81	3	5.5	0.0	21	0	132.4 (0.52)
2	3	0.81	3	5.5	0.0	21	0	124.0 (0.48)
2	4	0.81	3	7.5	0.0	29	0	135.7 (0.53)
2	5	0.81	3	9.5	0.0	37	0	151.2 (0.59)
2	6	0.81	3	11.5	0.1	44	0	150.8 (0.59)
2	8	0.81	3	15.5	0.0	60	0	157.6 (0.62)
2	10	0.81	3	19.0	0.1	74	0	166.5 (0.65)
2	12	0.81	3	21.0	0.1	82	0	172.2 (0.67)
2	14	0.81	3	25.0	0.1	97	0	176.7 (0.69)
2	16	0.81	3	29.0	0.1	113	0	177.7 (0.69)
2	20	0.81	3	35.0	0.2	136	0	184.9 (0.72)
2	24	0.81	3	40.5	0.4	158	1	188.4 (0.74)
2	30	0.81	3	50.5	0.6	197	2	192.8 (0.75)
2	40	0.81	3	66.0	1.2	257	4	197.8 (0.77)
3	1	0.84	3	5.5	0.0	14	0	208.7 (0.54)
3	2	0.84	3	6.5	0.0	16	0	135.1 (0.35)
3	3	0.84	3	8.0	0.0	20	0	193.5 (0.50)
3	4	0.84	3	8.5	0.0	22	0	194.8 (0.51)
3	5	0.84	3	9.5	0.0	24	0	210.7 (0.55)
3	6	0.84	3	11.5	0.0	29	0	214.8 (0.56)
3	8	0.84	3	15.5	0.1	40	0	231.0 (0.60)
3	10	0.84	3	19.0	0.1	49	0	241.5 (0.63)
3	12	0.84	3	23.0	0.1	59	0	248.1 (0.65)
3	14	0.84	3	25.0	0.1	65	0	252.5 (0.66)
3	16	0.84	3	29.0	0.1	75	0	258.5 (0.67)
3	20	0.84	3	35.0	0.1	91	0	270.9 (0.71)
3	24	0.84	3	42.5	0.2	110	0	279.4 (0.73)
3	30	0.84	3	52.5	0.3	136	0	288.3 (0.75)
3	40	0.84	3	68.0	0.5	177	1	298.8 (0.78)
4	1	0.85	3	6.0	0.1	11	0	266.8 (0.52)
4	2	0.85	3	6.0	0.0	11	0	259.8 (0.51)
4	3	0.85	3	8.5	0.0	16	0	211.3 (0.41)
4	4	0.85	3	7.5	0.1	14	0	225.3 (0.44)
4	5	0.85	3	9.5	0.1	18	0	239.3 (0.47)
4	6	0.85	3	11.5	0.1	22	0	282.7 (0.55)
4	8	0.85	3	15.5	0.0	30	0	292.4 (0.57)
4	10	0.85	3	19.0	0.1	37	0	289.9 (0.57)
4	12	0.85	3	23.0	0.1	44	0	311.2 (0.61)
4	14	0.85	3	27.0	0.1	52	0	320.9 (0.63)
4	16	0.85	3	29.0	0.1	56	0	331.4 (0.65)
4	20	0.85	3	37.0	0.1	72	0	346.6 (0.68)
4	24	0.85	3	42.5	0.2	83	0	356.9 (0.70)
4	30	0.85	3	52.5	0.2	102	0	372.8 (0.73)
4	40	0.85	3	70.0	0.3	136	0	391.1 (0.76)
5	1	0.86	3	6.5	0.1	10	0	318.4 (0.50)
5	2	0.86	3	6.5	0.0	10	0	125.1 (0.20)
5	3	0.86	3	8.0	0.0	12	0	287.1 (0.45)
5	4	0.86	3	7.5	0.1	11	0	307.0 (0.48)
5	5	0.86	3	9.5	0.1	14	0	306.7 (0.48)
5	6	0.86	3	11.5	0.1	17	0	330.6 (0.52)
5	8	0.86	3	15.5	0.1	24	0	347.8 (0.54)
5	10	0.86	3	19.0	0.1	29	0	369.0 (0.58)
5	12	0.86	3	23.0	0.1	35	0	371.7 (0.58)
5	14	0.86	3	27.0	0.1	42	0	388.2 (0.61)
5	16	0.86	3	29.0	0.1	45	0	393.7 (0.62)
5	20	0.86	3	37.0	0.1	57	0	425.3 (0.66)
5	24	0.86	3	42.5	0.1	66	0	436.1 (0.68)
5	30	0.86	3	52.5	0.2	82	0	455.1 (0.71)
5	40	0.86	3	70.0	0.2	109	0	479.3 (0.75)
6	1	0.87	4	10.5	0.0	13	0	385.7 (0.50)
6	2	0.87	4	11.5	0.1	14	0	439.4 (0.57)
6	3	0.87	4	13.0	0.1	16	0	414.1 (0.54)
6	4	0.87	4	12.5	0.0	16	0	392.2 (0.51)
6	5	0.87	4	13.5	0.1	17	0	429.9 (0.56)
6	6	0.87	4	16.0	0.1	20	0	466.2 (0.61)
6	8	0.87	4	15.5	0.1	20	0	471.6 (0.61)
6	10	0.87	4	19.0	0.1	24	0	478.8 (0.62)
6	12	0.87	4	23.0	0.1	29	0	493.3 (0.64)
6	14	0.87	4	27.0	0.1	35	0	507.4 (0.66)
6	16	0.87	4	31.0	0.1	40	0	521.3 (0.68)
6	20	0.87	4	38.5	0.1	50	0	538.1 (0.70)
6	24	0.87	4	46.5	0.1	60	0	544.7 (0.71)
6	30	0.87	4	56.5	0.2	73	0	567.2 (0.74)
6	40	0.87	4	72.0	0.3	93	0	587.8 (0.77)
8	1	0.89	4	12.5	0.0	12	0	455.9 (0.45)
8	2	0.89	4	12.5	0.1	12	0	558.4 (0.55)
8	3	0.89	4	14.5	0.1	14	0	612.3 (0.60)
8	4	0.89	4	14.0	0.1	13	0	574.6 (0.56)
8	5	0.89	4	14.5	0.1	14	0	591.6 (0.58)
8	6	0.89	4	17.0	0.1	16	0	601.3 (0.59)
8	8	0.89	4	19.5	0.1	19	0	611.3 (0.60)
8	10	0.89	4	19.0	0.2	18	0	612.1 (0.60)
8	12	0.89	4	24.0	0.2	23	0	665.1 (0.65)
8	14	0.89	4	27.0	0.2	26	0	674.9 (0.66)
8	16	0.89	4	31.0	0.2	30	0	672.1 (0.66)
8	20	0.89	4	38.5	0.2	37	0	705.1 (0.69)
8	24	0.89	4	46.5	0.2	45	0	707.3 (0.69)
8	30	0.89	4	56.5	0.3	55	0	731.6 (0.71)
8	40	0.89	4	74.0	0.3	72	0	775.3 (0.76)
10	1	0.90	4	13.5	0.0	10	0	504.9 (0.39)
10	2	0.90	4	13.5	0.1	10	0	667.1 (0.52)
10	3	0.90	4	18.0	0.2	14	0	734.0 (0.57)
10	4	0.90	4	14.0	0.2	10	0	621.8 (0.49)
10	5	0.90	4	16.0	0.2	12	0	754.8 (0.59)
10	6	0.90	4	17.0	0.2	13	0	674.2 (0.53)
10	8	0.90	4	24.5	0.2	19	0	714.2 (0.56)
10	10	0.90	4	26.0	0.2	20	0	777.0 (0.61)
10	12	0.90	4	30.0	0.2	23	0	764.8 (0.60)
10	14	0.90	4	31.0	0.2	24	0	796.4 (0.62)
10	16	0.90	4	31.0	0.2	24	0	800.4 (0.63)
10	20	0.90	4	39.0	0.2	30	0	864.8 (0.68)
10	24	0.90	4	46.5	0.3	36	0	880.9 (0.69)
10	30	0.90	4	58.5	0.3	45	0	878.4 (0.69)
10	40	0.90	4	76.0	0.4	59	0	928.9 (0.73)
12	1	0.90	4	13.5	0.0	8	0	505.7 (0.33)
12	2	0.90	4	13.5	0.1	8	0	779.2 (0.51)
12	3	0.90	4	18.0	0.2	11	0	821.6 (0.53)
12	4	0.90	4	14.0	0.1	9	0	595.6 (0.39)
12	5	0.90	4	16.0	0.1	10	0	807.0 (0.53)
12	6	0.90	4	17.0	0.1	11	0	785.9 (0.51)
12	8	0.90	4	22.0	0.2	14	0	878.9 (0.57)
12	10	0.90	4	24.5	0.2	15	0	800.8 (0.52)
12	12	0.90	4	28.5	0.2	18	0	883.8 (0.58)
12	14	0.90	4	33.0	0.2	21	0	987.8 (0.64)
12	16	0.90	4	32.0	0.2	20	0	925.2 (0.60)
12	20	0.90	4	39.0	0.3	25	0	956.4 (0.62)
12	24	0.90	4	46.5	0.3	30	0	1016.2 (0.66)
12	30	0.90	4	58.5	0.2	38	0	1044.7 (0.68)
12	40	0.90	4	76.0	0.3	49	0	1107.7 (0.72)
14	1	0.91	4	15.5	0.0	8	0	521.8 (0.29)
14	2	0.91	4	16.5	0.0	9	0	842.4 (0.47)
14	3	0.91	4	19.5	0.1	10	0	905.8 (0.51)
14	4	0.91	4	20.5	0.2	11	0	766.1 (0.43)
14	5	0.91	4	17.5	0.2	9	0	737.0 (0.41)
14	6	0.91	4	20.5	0.1	11	0	836.4 (0.47)
14	8	0.91	4	23.5	0.1	13	0	904.8 (0.50)
14	10	0.91	4	24.5	0.1	13	0	921.4 (0.51)
14	12	0.91	4	27.0	0.1	15	0	948.4 (0.53)
14	14	0.91	4	31.5	0.2	17	0	955.9 (0.53)
14	16	0.91	4	31.0	0.1	17	0	970.6 (0.54)
14	20	0.91	4	39.0	0.2	21	0	1018.4 (0.57)
14	24	0.91	4	46.5	0.2	25	0	1047.2 (0.58)
14	30	0.91	4	58.5	0.2	32	0	1118.5 (0.62)
14	40	0.91	4	76.0	0.3	42	0	1192.5 (0.67)
16	1	0.91	6	25.5	0.0	12	0	535.4 (0.26)
16	2	0.91	6	25.5	0.0	12	0	940.7 (0.46)
16	3	0.91	6	26.5	0.1	12	0	1096.6 (0.54)
16	4	0.91	6	27.0	0.3	13	0	1162.5 (0.57)
16	5	0.91	6	28.5	0.3	13	0	1188.1 (0.58)
16	6	0.91	6	30.5	0.3	14	0	1170.2 (0.57)
16	8	0.91	6	33.0	0.3	16	0	1211.2 (0.59)
16	10	0.91	6	33.5	0.3	16	0	1253.9 (0.61)
16	12	0.91	6	37.5	0.3	18	0	1166.0 (0.57)
16	14	0.91	6	42.5	0.3	20	0	1212.0 (0.59)
16	16	0.91	6	41.5	0.3	20	0	1252.2 (0.61)
16	20	0.91	6	42.0	0.4	20	0	1275.1 (0.62)
16	24	0.91	6	46.5	0.4	22	0	1341.2 (0.65)
16	30	0.91	6	58.5	0.4	28	0	1397.6 (0.68)
16	40	0.91	6	78.0	0.4	38	0	1423.2 (0.69)
20	1	0.92	6	29.0	0.0	11	0	539.2 (0.21)
20	2	0.92	6	29.0	0.0	11	0	1042.0 (0.41)
20	3	0.92	6	34.0	0.0	13	0	1259.0 (0.49)
20	4	0.92	6	29.0	0.2	11	0	1381.3 (0.54)
20	5	0.92	6	34.5	0.3	13	0	1585.0 (0.62)
20	6	0.92	6	35.0	0.4	13	0	1419.5 (0.55)
20	8	0.92	6	38.0	0.4	14	0	1449.6 (0.57)
20	10	0.92	6	38.0	0.4	14	0	1436.1 (0.56)
20	12	0.92	6	39.5	0.4	15	0	1535.0 (0.60)
20	14	0.92	6	43.0	0.4	16	0	1546.0 (0.60)
20	16	0.92	6	44.5	0.4	17	0	1585.9 (0.62)
20	20	0.92	6	46.0	0.4	17	0	1581.4 (0.62)
20	24	0.92	6	55.0	0.4	21	0	1613.8 (0.63)
20	30	0.92	6	58.5	0.4	22	0	1765.0 (0.69)
20	40	0.92	6	78.0	0.5	30	0	1816.8 (0.71)
24	1	0.92	6	29.0	0.0	9	0	537.3 (0.17)
24	2	0.92	6	29.0	0.0	9	0	1044.2 (0.34)
24	3	0.92	6	34.0	0.0	11	0	1450.2 (0.47)
24	4	0.92	6	29.0	0.1	9	0	1645.5 (0.54)
24	5	0.92	6	34.5	0.2	11	0	1743.9 (0.57)
24	6	0.92	6	35.0	0.3	11	0	1863.8 (0.61)
24	8	0.92	6	38.0	0.4	12	0	1752.6 (0.57)
24	10	0.92	6	38.0	0.4	12	0	1794.7 (0.58)
24	12	0.92	6	39.5	0.4	12	0	1731.9 (0.56)
24	14	0.92	6	43.0	0.4	13	0	1638.4 (0.53)
24	16	0.92	6	44.5	0.4	14	0	1761.7 (0.57)
24	20	0.92	6	46.0	0.4	14	0	1756.0 (0.57)
24	24	0.92	6	55.0	0.4	17	0	1961.7 (0.64)
24	30	0.92	6	58.5	0.4	19	0	2050.4 (0.67)
24	40	0.92	6	78.0	0.5	25	0	2062.3 (0.67)
30	1	0.93	8	47.0	0.0	12	0	588.3 (0.15)
30	2	0.93	8	47.0	0.0	12	0	1075.3 (0.28)
30	3	0.93	8	47.0	0.0	12	0	1582.2 (0.41)
30	4	0.93	8	54.5	0.0	14	0	1868.7 (0.49)
30	5	0.93	8	54.5	0.1	14	0	2019.8 (0.53)
30	6	0.93	8	55.0	0.2	14	0	2075.2 (0.54)
30	8	0.93	8	57.0	0.6	14	0	2312.0 (0.60)
30	10	0.93	8	60.5	0.6	15	0	2410.0 (0.63)
30	12	0.93	8	66.0	0.6	17	0	2375.3 (0.62)
30	14	0.93	8	66.0	0.6	17	0	2435.6 (0.63)
30	16	0.93	8	64.0	0.6	16	0	2475.0 (0.64)
30	20	0.93	8	64.0	0.6	16	0	2417.8 (0.63)
30	24	0.93	8	70.5	0.6	18	0	2505.3 (0.65)
30	30	0.93	8	78.0	0.6	20	0	2475.1 (0.64)
30	40	0.93	8	97.5	0.7	25	0	2545.3 (0.66)
40	1	0.94	8	55.0	0.0	10	0	599.2 (0.12)
40	2	0.94	8	55.0	0.0	10	0	1120.8 (0.22)
40	3	0.94	8	55.0	0.0	10	0	1598.7 (0.31)
40	4	0.94	8	58.5	0.0	11	0	2096.8 (0.41)
40	5	0.94	8	61.5	0.0	12	0	2408.0 (0.47)
40	6	0.94	8	65.5	0.0	12	0	2553.4 (0.50)
40	8	0.94	8	68.0	0.3	13	0	2746.2 (0.54)
40	10	0.94	8	70.0	0.6	13	0	2847.1 (0.56)
40	12	0.94	8	84.5	0.8	16	0	2635.6 (0.51)
40	14	0.94	8	90.0	0.8	17	0	2570.8 (0.50)
40	16	0.94	8	89.5	0.8	17	0	2752.4 (0.54)
40	20	0.94	8	90.0	0.9	17	0	2920.6 (0.57)
40	24	0.94	8	97.0	0.9	18	0	2877.5 (0.56)
40	30	0.94	8	91.5	0.9	17	0	2995.4 (0.59)
40	40	0.94	8	109.0	1.0	21	0	3090.9 (0.60)
50	1	0.94	10	71.0	0.0	11	0	666.8 (0.10)
50	2	0.94	10	71.5	0.0	11	0	1154.4 (0.18)
50	3	0.94	10	71.5	0.0	11	0	1651.4 (0.26)
50	4	0.94	10	74.5	0.0	11	0	2132.4 (0.33)
50	5	0.94	10	74.0	0.0	11	0	2632.3 (0.41)
50	6	0.94	10	78.0	0.0	12	0	3006.5 (0.47)
50	8	0.94	10	88.5	0.1	13	0	3311.0 (0.52)
50	10	0.94	10	88.0	0.4	13	0	3269.1 (0.51)
50	12	0.94	10	86.5	0.7	13	0	3838.7 (0.60)
50	14	0.94	10	92.5	0.9	14	0	3543.0 (0.55)
50	16	0.94	10	92.5	0.9	14	0	3639.2 (0.57)
50	20	0.94	10	92.5	1.0	14	0	3448.6 (0.54)
50	24	0.94	10	92.5	1.0	14	0	3632.6 (0.57)
50	30	0.94	10	98.5	1.0	15	0	3565.0 (0.56)
50	40	0.94	10	122.5	1.0	19	0	4025.8 (0.63)
60	1	0.95	12	104.5	0.0	13	0	713.3 (0.09)
60	2	0.95	12	112.0	0.0	14	0	1207.6 (0.16)
60	3	0.95	12	112.0	0.0	14	0	1747.0 (0.23)
60	4	0.95	12	112.0	0.0	14	0	2271.5 (0.30)
60	5	0.95	12	112.0	0.0	14	0	2897.2 (0.38)
60	6	0.95	12	112.0	0.0	14	0	3413.4 (0.44)
60	8	0.95	12	113.0	0.0	14	0	3858.1 (0.50)
60	10	0.95	12	118.0	0.1	15	0	4253.2 (0.55)
60	12	0.95	12	130.5	0.5	16	0	4756.1 (0.62)
60	14	0.95	12	134.5	0.8	17	0	4976.3 (0.65)
60	16	0.95	12	134.5	1.0	17	0	4813.6 (0.63)
60	20	0.95	12	154.5	1.3	20	0	4773.1 (0.62)
60	24	0.95	12	166.5	1.3	21	0	4802.9 (0.63)
60	30	0.95	12	187.5	1.3	24	0	4793.9 (0.62)
60	40	0.95	12	209.5	1.3	27	0	5113.8 (0.67)
80	1	0.95	14	124.0	0.0	12	0	847.2 (0.08)
80	2	0.95	14	124.0	0.0	12	0	1334.6 (0.13)
80	3	0.95	14	124.0	0.0	12	0	1768.9 (0.17)
80	4	0.95	14	124.0	0.0	12	0	2310.5 (0.23)
80	5	0.95	14	129.0	0.0	12	0	2798.0 (0.27)
80	6	0.95	14	136.5	0.0	13	0	3316.2 (0.32)
80	8	0.95	14	137.0	0.0	13	0	4348.3 (0.42)
80	10	0.95	14	137.0	0.0	13	0	4948.2 (0.48)
80	12	0.95	14	142.0	0.1	13	0	5271.0 (0.51)
80	14	0.95	14	150.0	0.3	14	0	5391.4 (0.53)
80	16	0.95	14	161.5	0.6	15	0	5969.0 (0.58)
80	20	0.95	14	174.5	1.1	17	0	5670.5 (0.55)
80	24	0.95	14	180.0	1.7	17	0	5667.4 (0.55)
80	30	0.95	14	189.5	1.7	18	0	5662.8 (0.55)
80	40	0.95	14	231.5	1.7	22	0	6020.6 (0.59)
100	1	0.96	16	180.0	0.0	14	0	912.4 (0.07)
100	2	0.96	16	185.0	0.0	14	0	1413.4 (0.11)
100	3	0.96	16	180.0	0.0	14	0	1974.7 (0.15)
100	4	0.96	16	185.0	0.0	14	0	2487.9 (0.19)
100	5	0.96	16	185.0	0.0	14	0	3031.0 (0.24)
100	6	0.96	16	185.0	0.0	14	0	3571.6 (0.28)
100	8	0.96	16	185.0	0.0	14	0	4584.1 (0.36)
100	10	0.96	16	193.5	0.0	15	0	5627.9 (0.44)
100	12	0.96	16	193.5	0.0	15	0	6317.5 (0.49)
100	14	0.96	16	197.0	0.0	15	0	6601.7 (0.52)
100	16	0.96	16	195.0	0.1	15	0	6972.0 (0.54)
100	20	0.96	16	195.5	0.7	15	0	7552.6 (0.59)
100	24	0.96	16	195.5	1.4	15	0	7286.9 (0.57)
100	30	0.96	16	208.5	2.1	16	0	7868.2 (0.61)
100	40	0.96	16	243.5	2.2	19	0	7781.6 (0.61)
